[1.305s] DEBUG:colcon:Command line arguments: ['/usr/bin/colcon', 'build']
[1.306s] DEBUG:colcon:Parsed command line arguments: Namespace(log_base=None, log_level=None, verb_name='build', build_base='build', install_base='install', merge_install=False, symlink_install=False, test_result_base=None, continue_on_error=False, executor='parallel', parallel_workers=4, event_handlers=None, ignore_user_meta=False, metas=['./colcon.meta'], base_paths=['.'], packages_ignore=None, packages_ignore_regex=None, paths=None, packages_up_to=None, packages_up_to_regex=None, packages_above=None, packages_above_and_dependencies=None, packages_above_depth=None, packages_select_by_dep=None, packages_skip_by_dep=None, packages_skip_up_to=None, packages_select_build_failed=False, packages_skip_build_finished=False, packages_select_test_failures=False, packages_skip_test_passed=False, packages_select=None, packages_skip=None, packages_select_regex=None, packages_skip_regex=None, packages_start=None, packages_end=None, allow_overriding=[], cmake_args=None, cmake_target=None, cmake_target_skip_unavailable=False, cmake_clean_cache=False, cmake_clean_first=False, cmake_force_configure=False, ament_cmake_args=None, catkin_cmake_args=None, catkin_skip_building_tests=False, verb_parser=<colcon_defaults.argument_parser.defaults.DefaultArgumentsDecorator object at 0xffff91499000>, verb_extension=<colcon_core.verb.build.BuildVerb object at 0xffff916364d0>, main=<bound method BuildVerb.main of <colcon_core.verb.build.BuildVerb object at 0xffff916364d0>>)
[2.672s] Level 1:colcon.colcon_core.package_discovery:discover_packages(colcon_meta) check parameters
[2.672s] Level 1:colcon.colcon_core.package_discovery:discover_packages(recursive) check parameters
[2.672s] Level 1:colcon.colcon_core.package_discovery:discover_packages(ignore) check parameters
[2.673s] Level 1:colcon.colcon_core.package_discovery:discover_packages(path) check parameters
[2.673s] Level 1:colcon.colcon_core.package_discovery:discover_packages(colcon_meta) discover
[2.673s] Level 1:colcon.colcon_core.package_discovery:discover_packages(recursive) discover
[2.673s] INFO:colcon.colcon_core.package_discovery:Crawling recursively for packages in '/home/fatrat/ros2_ws'
[2.674s] Level 1:colcon.colcon_core.package_identification:_identify(.) by extensions ['ignore', 'ignore_ament_install']
[2.674s] Level 1:colcon.colcon_core.package_identification:_identify(.) by extension 'ignore'
[2.674s] Level 1:colcon.colcon_core.package_identification:_identify(.) by extension 'ignore_ament_install'
[2.675s] Level 1:colcon.colcon_core.package_identification:_identify(.) by extensions ['colcon_pkg']
[2.675s] Level 1:colcon.colcon_core.package_identification:_identify(.) by extension 'colcon_pkg'
[2.675s] Level 1:colcon.colcon_core.package_identification:_identify(.) by extensions ['colcon_meta']
[2.675s] Level 1:colcon.colcon_core.package_identification:_identify(.) by extension 'colcon_meta'
[2.675s] Level 1:colcon.colcon_core.package_identification:_identify(.) by extensions ['ros']
[2.675s] Level 1:colcon.colcon_core.package_identification:_identify(.) by extension 'ros'
[2.750s] Level 1:colcon.colcon_core.package_identification:_identify(.) by extensions ['cmake', 'python']
[2.751s] Level 1:colcon.colcon_core.package_identification:_identify(.) by extension 'cmake'
[2.751s] Level 1:colcon.colcon_core.package_identification:_identify(.) by extension 'python'
[2.751s] Level 1:colcon.colcon_core.package_identification:_identify(.) by extensions ['python_setup_py']
[2.751s] Level 1:colcon.colcon_core.package_identification:_identify(.) by extension 'python_setup_py'
[2.752s] Level 1:colcon.colcon_core.package_identification:_identify(build) by extensions ['ignore', 'ignore_ament_install']
[2.752s] Level 1:colcon.colcon_core.package_identification:_identify(build) by extension 'ignore'
[2.753s] Level 1:colcon.colcon_core.package_identification:_identify(build) ignored
[2.754s] Level 1:colcon.colcon_core.package_identification:_identify(install) by extensions ['ignore', 'ignore_ament_install']
[2.754s] Level 1:colcon.colcon_core.package_identification:_identify(install) by extension 'ignore'
[2.754s] Level 1:colcon.colcon_core.package_identification:_identify(install) ignored
[2.755s] Level 1:colcon.colcon_core.package_identification:_identify(log) by extensions ['ignore', 'ignore_ament_install']
[2.755s] Level 1:colcon.colcon_core.package_identification:_identify(log) by extension 'ignore'
[2.755s] Level 1:colcon.colcon_core.package_identification:_identify(log) ignored
[2.756s] Level 1:colcon.colcon_core.package_identification:_identify(src) by extensions ['ignore', 'ignore_ament_install']
[2.756s] Level 1:colcon.colcon_core.package_identification:_identify(src) by extension 'ignore'
[2.756s] Level 1:colcon.colcon_core.package_identification:_identify(src) by extension 'ignore_ament_install'
[2.756s] Level 1:colcon.colcon_core.package_identification:_identify(src) by extensions ['colcon_pkg']
[2.757s] Level 1:colcon.colcon_core.package_identification:_identify(src) by extension 'colcon_pkg'
[2.757s] Level 1:colcon.colcon_core.package_identification:_identify(src) by extensions ['colcon_meta']
[2.757s] Level 1:colcon.colcon_core.package_identification:_identify(src) by extension 'colcon_meta'
[2.757s] Level 1:colcon.colcon_core.package_identification:_identify(src) by extensions ['ros']
[2.757s] Level 1:colcon.colcon_core.package_identification:_identify(src) by extension 'ros'
[2.758s] Level 1:colcon.colcon_core.package_identification:_identify(src) by extensions ['cmake', 'python']
[2.758s] Level 1:colcon.colcon_core.package_identification:_identify(src) by extension 'cmake'
[2.758s] Level 1:colcon.colcon_core.package_identification:_identify(src) by extension 'python'
[2.758s] Level 1:colcon.colcon_core.package_identification:_identify(src) by extensions ['python_setup_py']
[2.758s] Level 1:colcon.colcon_core.package_identification:_identify(src) by extension 'python_setup_py'
[2.760s] Level 1:colcon.colcon_core.package_identification:_identify(src/rover_arm) by extensions ['ignore', 'ignore_ament_install']
[2.760s] Level 1:colcon.colcon_core.package_identification:_identify(src/rover_arm) by extension 'ignore'
[2.760s] Level 1:colcon.colcon_core.package_identification:_identify(src/rover_arm) by extension 'ignore_ament_install'
[2.760s] Level 1:colcon.colcon_core.package_identification:_identify(src/rover_arm) by extensions ['colcon_pkg']
[2.761s] Level 1:colcon.colcon_core.package_identification:_identify(src/rover_arm) by extension 'colcon_pkg'
[2.761s] Level 1:colcon.colcon_core.package_identification:_identify(src/rover_arm) by extensions ['colcon_meta']
[2.761s] Level 1:colcon.colcon_core.package_identification:_identify(src/rover_arm) by extension 'colcon_meta'
[2.761s] Level 1:colcon.colcon_core.package_identification:_identify(src/rover_arm) by extensions ['ros']
[2.761s] Level 1:colcon.colcon_core.package_identification:_identify(src/rover_arm) by extension 'ros'
[2.774s] DEBUG:colcon.colcon_core.package_identification:Package 'src/rover_arm' with type 'ros.ament_python' and name 'rover_arm'
[2.775s] Level 1:colcon.colcon_core.package_identification:_identify(src/rover_control1) by extensions ['ignore', 'ignore_ament_install']
[2.776s] Level 1:colcon.colcon_core.package_identification:_identify(src/rover_control1) by extension 'ignore'
[2.776s] Level 1:colcon.colcon_core.package_identification:_identify(src/rover_control1) by extension 'ignore_ament_install'
[2.776s] Level 1:colcon.colcon_core.package_identification:_identify(src/rover_control1) by extensions ['colcon_pkg']
[2.776s] Level 1:colcon.colcon_core.package_identification:_identify(src/rover_control1) by extension 'colcon_pkg'
[2.777s] Level 1:colcon.colcon_core.package_identification:_identify(src/rover_control1) by extensions ['colcon_meta']
[2.777s] Level 1:colcon.colcon_core.package_identification:_identify(src/rover_control1) by extension 'colcon_meta'
[2.777s] Level 1:colcon.colcon_core.package_identification:_identify(src/rover_control1) by extensions ['ros']
[2.777s] Level 1:colcon.colcon_core.package_identification:_identify(src/rover_control1) by extension 'ros'
[2.781s] DEBUG:colcon.colcon_core.package_identification:Package 'src/rover_control1' with type 'ros.ament_python' and name 'rover_control1'
[2.782s] Level 1:colcon.colcon_core.package_identification:_identify(src/rover_mapping) by extensions ['ignore', 'ignore_ament_install']
[2.782s] Level 1:colcon.colcon_core.package_identification:_identify(src/rover_mapping) by extension 'ignore'
[2.782s] Level 1:colcon.colcon_core.package_identification:_identify(src/rover_mapping) by extension 'ignore_ament_install'
[2.782s] Level 1:colcon.colcon_core.package_identification:_identify(src/rover_mapping) by extensions ['colcon_pkg']
[2.783s] Level 1:colcon.colcon_core.package_identification:_identify(src/rover_mapping) by extension 'colcon_pkg'
[2.783s] Level 1:colcon.colcon_core.package_identification:_identify(src/rover_mapping) by extensions ['colcon_meta']
[2.783s] Level 1:colcon.colcon_core.package_identification:_identify(src/rover_mapping) by extension 'colcon_meta'
[2.783s] Level 1:colcon.colcon_core.package_identification:_identify(src/rover_mapping) by extensions ['ros']
[2.783s] Level 1:colcon.colcon_core.package_identification:_identify(src/rover_mapping) by extension 'ros'
[2.787s] DEBUG:colcon.colcon_core.package_identification:Package 'src/rover_mapping' with type 'ros.ament_python' and name 'rover_mapping'
[2.789s] Level 1:colcon.colcon_core.package_identification:_identify(src/rover_mission) by extensions ['ignore', 'ignore_ament_install']
[2.789s] Level 1:colcon.colcon_core.package_identification:_identify(src/rover_mission) by extension 'ignore'
[2.790s] Level 1:colcon.colcon_core.package_identification:_identify(src/rover_mission) by extension 'ignore_ament_install'
[2.790s] Level 1:colcon.colcon_core.package_identification:_identify(src/rover_mission) by extensions ['colcon_pkg']
[2.790s] Level 1:colcon.colcon_core.package_identification:_identify(src/rover_mission) by extension 'colcon_pkg'
[2.790s] Level 1:colcon.colcon_core.package_identification:_identify(src/rover_mission) by extensions ['colcon_meta']
[2.790s] Level 1:colcon.colcon_core.package_identification:_identify(src/rover_mission) by extension 'colcon_meta'
[2.791s] Level 1:colcon.colcon_core.package_identification:_identify(src/rover_mission) by extensions ['ros']
[2.791s] Level 1:colcon.colcon_core.package_identification:_identify(src/rover_mission) by extension 'ros'
[2.795s] DEBUG:colcon.colcon_core.package_identification:Package 'src/rover_mission' with type 'ros.ament_python' and name 'rover_mission'
[2.796s] Level 1:colcon.colcon_core.package_identification:_identify(src/rover_vision) by extensions ['ignore', 'ignore_ament_install']
[2.796s] Level 1:colcon.colcon_core.package_identification:_identify(src/rover_vision) by extension 'ignore'
[2.796s] Level 1:colcon.colcon_core.package_identification:_identify(src/rover_vision) by extension 'ignore_ament_install'
[2.797s] Level 1:colcon.colcon_core.package_identification:_identify(src/rover_vision) by extensions ['colcon_pkg']
[2.797s] Level 1:colcon.colcon_core.package_identification:_identify(src/rover_vision) by extension 'colcon_pkg'
[2.797s] Level 1:colcon.colcon_core.package_identification:_identify(src/rover_vision) by extensions ['colcon_meta']
[2.797s] Level 1:colcon.colcon_core.package_identification:_identify(src/rover_vision) by extension 'colcon_meta'
[2.798s] Level 1:colcon.colcon_core.package_identification:_identify(src/rover_vision) by extensions ['ros']
[2.798s] Level 1:colcon.colcon_core.package_identification:_identify(src/rover_vision) by extension 'ros'
[2.801s] DEBUG:colcon.colcon_core.package_identification:Package 'src/rover_vision' with type 'ros.ament_python' and name 'rover_vision'
[2.802s] Level 1:colcon.colcon_core.package_discovery:discover_packages(recursive) using defaults
[2.802s] Level 1:colcon.colcon_core.package_discovery:discover_packages(ignore) discover
[2.802s] Level 1:colcon.colcon_core.package_discovery:discover_packages(ignore) using defaults
[2.802s] Level 1:colcon.colcon_core.package_discovery:discover_packages(path) discover
[2.802s] Level 1:colcon.colcon_core.package_discovery:discover_packages(path) using defaults
[2.959s] Level 1:colcon.colcon_core.package_discovery:discover_packages(prefix_path) check parameters
[2.960s] Level 1:colcon.colcon_core.package_discovery:discover_packages(prefix_path) discover
[2.977s] DEBUG:colcon.colcon_installed_package_information.package_discovery:Found 6 installed packages in /home/fatrat/ros2_ws/install
[2.990s] DEBUG:colcon.colcon_installed_package_information.package_discovery:Found 325 installed packages in /opt/ros/humble
[3.035s] Level 1:colcon.colcon_core.package_discovery:discover_packages(prefix_path) using defaults
[3.250s] Level 5:colcon.colcon_core.verb:set package 'rover_arm' build argument 'cmake_args' from command line to 'None'
[3.250s] Level 5:colcon.colcon_core.verb:set package 'rover_arm' build argument 'cmake_target' from command line to 'None'
[3.250s] Level 5:colcon.colcon_core.verb:set package 'rover_arm' build argument 'cmake_target_skip_unavailable' from command line to 'False'
[3.251s] Level 5:colcon.colcon_core.verb:set package 'rover_arm' build argument 'cmake_clean_cache' from command line to 'False'
[3.251s] Level 5:colcon.colcon_core.verb:set package 'rover_arm' build argument 'cmake_clean_first' from command line to 'False'
[3.251s] Level 5:colcon.colcon_core.verb:set package 'rover_arm' build argument 'cmake_force_configure' from command line to 'False'
[3.251s] Level 5:colcon.colcon_core.verb:set package 'rover_arm' build argument 'ament_cmake_args' from command line to 'None'
[3.251s] Level 5:colcon.colcon_core.verb:set package 'rover_arm' build argument 'catkin_cmake_args' from command line to 'None'
[3.251s] Level 5:colcon.colcon_core.verb:set package 'rover_arm' build argument 'catkin_skip_building_tests' from command line to 'False'
[3.251s] DEBUG:colcon.colcon_core.verb:Building package 'rover_arm' with the following arguments: {'ament_cmake_args': None, 'build_base': '/home/fatrat/ros2_ws/build/rover_arm', 'catkin_cmake_args': None, 'catkin_skip_building_tests': False, 'cmake_args': None, 'cmake_clean_cache': False, 'cmake_clean_first': False, 'cmake_force_configure': False, 'cmake_target': None, 'cmake_target_skip_unavailable': False, 'install_base': '/home/fatrat/ros2_ws/install/rover_arm', 'merge_install': False, 'path': '/home/fatrat/ros2_ws/src/rover_arm', 'symlink_install': False, 'test_result_base': None}
[3.253s] Level 5:colcon.colcon_core.verb:set package 'rover_control1' build argument 'cmake_args' from command line to 'None'
[3.253s] Level 5:colcon.colcon_core.verb:set package 'rover_control1' build argument 'cmake_target' from command line to 'None'
[3.253s] Level 5:colcon.colcon_core.verb:set package 'rover_control1' build argument 'cmake_target_skip_unavailable' from command line to 'False'
[3.253s] Level 5:colcon.colcon_core.verb:set package 'rover_control1' build argument 'cmake_clean_cache' from command line to 'False'
[3.253s] Level 5:colcon.colcon_core.verb:set package 'rover_control1' build argument 'cmake_clean_first' from command line to 'False'
[3.253s] Level 5:colcon.colcon_core.verb:set package 'rover_control1' build argument 'cmake_force_configure' from command line to 'False'
[3.253s] Level 5:colcon.colcon_core.verb:set package 'rover_control1' build argument 'ament_cmake_args' from command line to 'None'
[3.253s] Level 5:colcon.colcon_core.verb:set package 'rover_control1' build argument 'catkin_cmake_args' from command line to 'None'
[3.254s] Level 5:colcon.colcon_core.verb:set package 'rover_control1' build argument 'catkin_skip_building_tests' from command line to 'False'
[3.254s] DEBUG:colcon.colcon_core.verb:Building package 'rover_control1' with the following arguments: {'ament_cmake_args': None, 'build_base': '/home/fatrat/ros2_ws/build/rover_control1', 'catkin_cmake_args': None, 'catkin_skip_building_tests': False, 'cmake_args': None, 'cmake_clean_cache': False, 'cmake_clean_first': False, 'cmake_force_configure': False, 'cmake_target': None, 'cmake_target_skip_unavailable': False, 'install_base': '/home/fatrat/ros2_ws/install/rover_control1', 'merge_install': False, 'path': '/home/fatrat/ros2_ws/src/rover_control1', 'symlink_install': False, 'test_result_base': None}
[3.255s] Level 5:colcon.colcon_core.verb:set package 'rover_mapping' build argument 'cmake_args' from command line to 'None'
[3.255s] Level 5:colcon.colcon_core.verb:set package 'rover_mapping' build argument 'cmake_target' from command line to 'None'
[3.255s] Level 5:colcon.colcon_core.verb:set package 'rover_mapping' build argument 'cmake_target_skip_unavailable' from command line to 'False'
[3.255s] Level 5:colcon.colcon_core.verb:set package 'rover_mapping' build argument 'cmake_clean_cache' from command line to 'False'
[3.256s] Level 5:colcon.colcon_core.verb:set package 'rover_mapping' build argument 'cmake_clean_first' from command line to 'False'
[3.256s] Level 5:colcon.colcon_core.verb:set package 'rover_mapping' build argument 'cmake_force_configure' from command line to 'False'
[3.256s] Level 5:colcon.colcon_core.verb:set package 'rover_mapping' build argument 'ament_cmake_args' from command line to 'None'
[3.256s] Level 5:colcon.colcon_core.verb:set package 'rover_mapping' build argument 'catkin_cmake_args' from command line to 'None'
[3.256s] Level 5:colcon.colcon_core.verb:set package 'rover_mapping' build argument 'catkin_skip_building_tests' from command line to 'False'
[3.256s] DEBUG:colcon.colcon_core.verb:Building package 'rover_mapping' with the following arguments: {'ament_cmake_args': None, 'build_base': '/home/fatrat/ros2_ws/build/rover_mapping', 'catkin_cmake_args': None, 'catkin_skip_building_tests': False, 'cmake_args': None, 'cmake_clean_cache': False, 'cmake_clean_first': False, 'cmake_force_configure': False, 'cmake_target': None, 'cmake_target_skip_unavailable': False, 'install_base': '/home/fatrat/ros2_ws/install/rover_mapping', 'merge_install': False, 'path': '/home/fatrat/ros2_ws/src/rover_mapping', 'symlink_install': False, 'test_result_base': None}
[3.257s] Level 5:colcon.colcon_core.verb:set package 'rover_mission' build argument 'cmake_args' from command line to 'None'
[3.258s] Level 5:colcon.colcon_core.verb:set package 'rover_mission' build argument 'cmake_target' from command line to 'None'
[3.258s] Level 5:colcon.colcon_core.verb:set package 'rover_mission' build argument 'cmake_target_skip_unavailable' from command line to 'False'
[3.258s] Level 5:colcon.colcon_core.verb:set package 'rover_mission' build argument 'cmake_clean_cache' from command line to 'False'
[3.258s] Level 5:colcon.colcon_core.verb:set package 'rover_mission' build argument 'cmake_clean_first' from command line to 'False'
[3.258s] Level 5:colcon.colcon_core.verb:set package 'rover_mission' build argument 'cmake_force_configure' from command line to 'False'
[3.258s] Level 5:colcon.colcon_core.verb:set package 'rover_mission' build argument 'ament_cmake_args' from command line to 'None'
[3.258s] Level 5:colcon.colcon_core.verb:set package 'rover_mission' build argument 'catkin_cmake_args' from command line to 'None'
[3.258s] Level 5:colcon.colcon_core.verb:set package 'rover_mission' build argument 'catkin_skip_building_tests' from command line to 'False'
[3.258s] DEBUG:colcon.colcon_core.verb:Building package 'rover_mission' with the following arguments: {'ament_cmake_args': None, 'build_base': '/home/fatrat/ros2_ws/build/rover_mission', 'catkin_cmake_args': None, 'catkin_skip_building_tests': False, 'cmake_args': None, 'cmake_clean_cache': False, 'cmake_clean_first': False, 'cmake_force_configure': False, 'cmake_target': None, 'cmake_target_skip_unavailable': False, 'install_base': '/home/fatrat/ros2_ws/install/rover_mission', 'merge_install': False, 'path': '/home/fatrat/ros2_ws/src/rover_mission', 'symlink_install': False, 'test_result_base': None}
[3.260s] Level 5:colcon.colcon_core.verb:set package 'rover_vision' build argument 'cmake_args' from command line to 'None'
[3.260s] Level 5:colcon.colcon_core.verb:set package 'rover_vision' build argument 'cmake_target' from command line to 'None'
[3.260s] Level 5:colcon.colcon_core.verb:set package 'rover_vision' build argument 'cmake_target_skip_unavailable' from command line to 'False'
[3.260s] Level 5:colcon.colcon_core.verb:set package 'rover_vision' build argument 'cmake_clean_cache' from command line to 'False'
[3.260s] Level 5:colcon.colcon_core.verb:set package 'rover_vision' build argument 'cmake_clean_first' from command line to 'False'
[3.260s] Level 5:colcon.colcon_core.verb:set package 'rover_vision' build argument 'cmake_force_configure' from command line to 'False'
[3.260s] Level 5:colcon.colcon_core.verb:set package 'rover_vision' build argument 'ament_cmake_args' from command line to 'None'
[3.260s] Level 5:colcon.colcon_core.verb:set package 'rover_vision' build argument 'catkin_cmake_args' from command line to 'None'
[3.261s] Level 5:colcon.colcon_core.verb:set package 'rover_vision' build argument 'catkin_skip_building_tests' from command line to 'False'
[3.261s] DEBUG:colcon.colcon_core.verb:Building package 'rover_vision' with the following arguments: {'ament_cmake_args': None, 'build_base': '/home/fatrat/ros2_ws/build/rover_vision', 'catkin_cmake_args': None, 'catkin_skip_building_tests': False, 'cmake_args': None, 'cmake_clean_cache': False, 'cmake_clean_first': False, 'cmake_force_configure': False, 'cmake_target': None, 'cmake_target_skip_unavailable': False, 'install_base': '/home/fatrat/ros2_ws/install/rover_vision', 'merge_install': False, 'path': '/home/fatrat/ros2_ws/src/rover_vision', 'symlink_install': False, 'test_result_base': None}
[3.261s] INFO:colcon.colcon_core.executor:Executing jobs using 'parallel' executor
[3.264s] DEBUG:colcon.colcon_parallel_executor.executor.parallel:run_until_complete
[3.265s] INFO:colcon.colcon_ros.task.ament_python.build:Building ROS package in '/home/fatrat/ros2_ws/src/rover_arm' with build type 'ament_python'
[3.266s] Level 1:colcon.colcon_core.shell:create_environment_hook('rover_arm', 'ament_prefix_path')
[3.290s] INFO:colcon.colcon_core.plugin_system:Skipping extension 'colcon_core.shell.bat': Not used on non-Windows systems
[3.291s] INFO:colcon.colcon_core.shell:Creating environment hook '/home/fatrat/ros2_ws/install/rover_arm/share/rover_arm/hook/ament_prefix_path.ps1'
[3.299s] INFO:colcon.colcon_core.shell:Creating environment descriptor '/home/fatrat/ros2_ws/install/rover_arm/share/rover_arm/hook/ament_prefix_path.dsv'
[3.305s] INFO:colcon.colcon_core.shell:Creating environment hook '/home/fatrat/ros2_ws/install/rover_arm/share/rover_arm/hook/ament_prefix_path.sh'
[3.311s] INFO:colcon.colcon_core.shell:Skip shell extension 'powershell' for command environment: Not usable outside of PowerShell
[3.312s] DEBUG:colcon.colcon_core.shell:Skip shell extension 'dsv' for command environment
[3.336s] INFO:colcon.colcon_ros.task.ament_python.build:Building ROS package in '/home/fatrat/ros2_ws/src/rover_control1' with build type 'ament_python'
[3.337s] Level 1:colcon.colcon_core.shell:create_environment_hook('rover_control1', 'ament_prefix_path')
[3.338s] INFO:colcon.colcon_core.shell:Creating environment hook '/home/fatrat/ros2_ws/install/rover_control1/share/rover_control1/hook/ament_prefix_path.ps1'
[3.341s] INFO:colcon.colcon_core.shell:Creating environment descriptor '/home/fatrat/ros2_ws/install/rover_control1/share/rover_control1/hook/ament_prefix_path.dsv'
[3.344s] INFO:colcon.colcon_core.shell:Creating environment hook '/home/fatrat/ros2_ws/install/rover_control1/share/rover_control1/hook/ament_prefix_path.sh'
[3.347s] INFO:colcon.colcon_core.shell:Skip shell extension 'powershell' for command environment: Not usable outside of PowerShell
[3.348s] DEBUG:colcon.colcon_core.shell:Skip shell extension 'dsv' for command environment
[3.374s] INFO:colcon.colcon_ros.task.ament_python.build:Building ROS package in '/home/fatrat/ros2_ws/src/rover_mapping' with build type 'ament_python'
[3.375s] Level 1:colcon.colcon_core.shell:create_environment_hook('rover_mapping', 'ament_prefix_path')
[3.377s] INFO:colcon.colcon_core.shell:Creating environment hook '/home/fatrat/ros2_ws/install/rover_mapping/share/rover_mapping/hook/ament_prefix_path.ps1'
[3.381s] INFO:colcon.colcon_core.shell:Creating environment descriptor '/home/fatrat/ros2_ws/install/rover_mapping/share/rover_mapping/hook/ament_prefix_path.dsv'
[3.384s] INFO:colcon.colcon_core.shell:Creating environment hook '/home/fatrat/ros2_ws/install/rover_mapping/share/rover_mapping/hook/ament_prefix_path.sh'
[3.387s] INFO:colcon.colcon_core.shell:Skip shell extension 'powershell' for command environment: Not usable outside of PowerShell
[3.387s] DEBUG:colcon.colcon_core.shell:Skip shell extension 'dsv' for command environment
[3.412s] INFO:colcon.colcon_ros.task.ament_python.build:Building ROS package in '/home/fatrat/ros2_ws/src/rover_mission' with build type 'ament_python'
[3.413s] Level 1:colcon.colcon_core.shell:create_environment_hook('rover_mission', 'ament_prefix_path')
[3.414s] INFO:colcon.colcon_core.shell:Creating environment hook '/home/fatrat/ros2_ws/install/rover_mission/share/rover_mission/hook/ament_prefix_path.ps1'
[3.417s] INFO:colcon.colcon_core.shell:Creating environment descriptor '/home/fatrat/ros2_ws/install/rover_mission/share/rover_mission/hook/ament_prefix_path.dsv'
[3.420s] INFO:colcon.colcon_core.shell:Creating environment hook '/home/fatrat/ros2_ws/install/rover_mission/share/rover_mission/hook/ament_prefix_path.sh'
[3.423s] INFO:colcon.colcon_core.shell:Skip shell extension 'powershell' for command environment: Not usable outside of PowerShell
[3.424s] DEBUG:colcon.colcon_core.shell:Skip shell extension 'dsv' for command environment
[4.760s] INFO:colcon.colcon_core.task.python.build:Building Python package in '/home/fatrat/ros2_ws/src/rover_arm'
[4.761s] INFO:colcon.colcon_core.shell:Skip shell extension 'powershell' for command environment: Not usable outside of PowerShell
[4.761s] DEBUG:colcon.colcon_core.shell:Skip shell extension 'dsv' for command environment
[6.053s] INFO:colcon.colcon_core.task.python.build:Building Python package in '/home/fatrat/ros2_ws/src/rover_control1'
[6.054s] INFO:colcon.colcon_core.shell:Skip shell extension 'powershell' for command environment: Not usable outside of PowerShell
[6.054s] DEBUG:colcon.colcon_core.shell:Skip shell extension 'dsv' for command environment
[7.346s] INFO:colcon.colcon_core.task.python.build:Building Python package in '/home/fatrat/ros2_ws/src/rover_mapping'
[7.347s] INFO:colcon.colcon_core.shell:Skip shell extension 'powershell' for command environment: Not usable outside of PowerShell
[7.348s] DEBUG:colcon.colcon_core.shell:Skip shell extension 'dsv' for command environment
[8.650s] INFO:colcon.colcon_core.task.python.build:Building Python package in '/home/fatrat/ros2_ws/src/rover_mission'
[8.651s] INFO:colcon.colcon_core.shell:Skip shell extension 'powershell' for command environment: Not usable outside of PowerShell
[8.651s] DEBUG:colcon.colcon_core.shell:Skip shell extension 'dsv' for command environment
[11.546s] DEBUG:colcon.colcon_core.event_handler.log_command:Invoking command in '/home/fatrat/ros2_ws/src/rover_arm': PYTHONPATH=/home/fatrat/ros2_ws/build/rover_arm/prefix_override:/usr/lib/python3/dist-packages/colcon_core/task/python/colcon_distutils_commands:/home/fatrat/ros2_ws/install/rover_arm/lib/python3.10/site-packages:${PYTHONPATH} /usr/bin/python3 -W ignore:setup.py install is deprecated -W ignore:easy_install command is deprecated setup.py egg_info --egg-base ../../build/rover_arm build --build-base /home/fatrat/ros2_ws/build/rover_arm/build install --record /home/fatrat/ros2_ws/build/rover_arm/install.log --single-version-externally-managed install_data
[11.591s] DEBUG:colcon.colcon_core.event_handler.log_command:Invoking command in '/home/fatrat/ros2_ws/src/rover_control1': PYTHONPATH=/home/fatrat/ros2_ws/build/rover_control1/prefix_override:/usr/lib/python3/dist-packages/colcon_core/task/python/colcon_distutils_commands:/home/fatrat/ros2_ws/install/rover_control1/lib/python3.10/site-packages:${PYTHONPATH} /usr/bin/python3 -W ignore:setup.py install is deprecated -W ignore:easy_install command is deprecated setup.py egg_info --egg-base ../../build/rover_control1 build --build-base /home/fatrat/ros2_ws/build/rover_control1/build install --record /home/fatrat/ros2_ws/build/rover_control1/install.log --single-version-externally-managed install_data
[11.608s] DEBUG:colcon.colcon_core.event_handler.log_command:Invoking command in '/home/fatrat/ros2_ws/src/rover_mission': PYTHONPATH=/home/fatrat/ros2_ws/build/rover_mission/prefix_override:/usr/lib/python3/dist-packages/colcon_core/task/python/colcon_distutils_commands:/home/fatrat/ros2_ws/install/rover_mission/lib/python3.10/site-packages:${PYTHONPATH} /usr/bin/python3 -W ignore:setup.py install is deprecated -W ignore:easy_install command is deprecated setup.py egg_info --egg-base ../../build/rover_mission build --build-base /home/fatrat/ros2_ws/build/rover_mission/build install --record /home/fatrat/ros2_ws/build/rover_mission/install.log --single-version-externally-managed install_data
[11.616s] DEBUG:colcon.colcon_core.event_handler.log_command:Invoking command in '/home/fatrat/ros2_ws/src/rover_mapping': PYTHONPATH=/home/fatrat/ros2_ws/build/rover_mapping/prefix_override:/usr/lib/python3/dist-packages/colcon_core/task/python/colcon_distutils_commands:/home/fatrat/ros2_ws/install/rover_mapping/lib/python3.10/site-packages:${PYTHONPATH} /usr/bin/python3 -W ignore:setup.py install is deprecated -W ignore:easy_install command is deprecated setup.py egg_info --egg-base ../../build/rover_mapping build --build-base /home/fatrat/ros2_ws/build/rover_mapping/build install --record /home/fatrat/ros2_ws/build/rover_mapping/install.log --single-version-externally-managed install_data
[13.801s] DEBUG:colcon.colcon_core.event_handler.log_command:Invoked command in '/home/fatrat/ros2_ws/src/rover_arm' returned '0': PYTHONPATH=/home/fatrat/ros2_ws/build/rover_arm/prefix_override:/usr/lib/python3/dist-packages/colcon_core/task/python/colcon_distutils_commands:/home/fatrat/ros2_ws/install/rover_arm/lib/python3.10/site-packages:${PYTHONPATH} /usr/bin/python3 -W ignore:setup.py install is deprecated -W ignore:easy_install command is deprecated setup.py egg_info --egg-base ../../build/rover_arm build --build-base /home/fatrat/ros2_ws/build/rover_arm/build install --record /home/fatrat/ros2_ws/build/rover_arm/install.log --single-version-externally-managed install_data
[13.863s] Level 1:colcon.colcon_core.environment:checking '/home/fatrat/ros2_ws/install/rover_arm' for CMake module files
[13.868s] Level 1:colcon.colcon_core.environment:checking '/home/fatrat/ros2_ws/install/rover_arm' for CMake config files
[13.879s] Level 1:colcon.colcon_core.environment:checking '/home/fatrat/ros2_ws/install/rover_arm/lib'
[13.881s] Level 1:colcon.colcon_core.environment:checking '/home/fatrat/ros2_ws/install/rover_arm/bin'
[13.882s] Level 1:colcon.colcon_core.environment:checking '/home/fatrat/ros2_ws/install/rover_arm/lib/pkgconfig/rover_arm.pc'
[13.884s] Level 1:colcon.colcon_core.environment:checking '/home/fatrat/ros2_ws/install/rover_arm/lib/python3.10/site-packages'
[13.885s] Level 1:colcon.colcon_core.shell:create_environment_hook('rover_arm', 'pythonpath')
[13.888s] INFO:colcon.colcon_core.shell:Creating environment hook '/home/fatrat/ros2_ws/install/rover_arm/share/rover_arm/hook/pythonpath.ps1'
[13.893s] INFO:colcon.colcon_core.shell:Creating environment descriptor '/home/fatrat/ros2_ws/install/rover_arm/share/rover_arm/hook/pythonpath.dsv'
[13.897s] INFO:colcon.colcon_core.shell:Creating environment hook '/home/fatrat/ros2_ws/install/rover_arm/share/rover_arm/hook/pythonpath.sh'
[13.913s] Level 1:colcon.colcon_core.environment:checking '/home/fatrat/ros2_ws/install/rover_arm/bin'
[13.914s] Level 1:colcon.colcon_core.environment:create_environment_scripts_only(rover_arm)
[13.916s] INFO:colcon.colcon_core.shell:Creating package script '/home/fatrat/ros2_ws/install/rover_arm/share/rover_arm/package.ps1'
[13.933s] INFO:colcon.colcon_core.shell:Creating package descriptor '/home/fatrat/ros2_ws/install/rover_arm/share/rover_arm/package.dsv'
[13.951s] INFO:colcon.colcon_core.shell:Creating package script '/home/fatrat/ros2_ws/install/rover_arm/share/rover_arm/package.sh'
[13.960s] INFO:colcon.colcon_core.shell:Creating package script '/home/fatrat/ros2_ws/install/rover_arm/share/rover_arm/package.bash'
[13.974s] INFO:colcon.colcon_core.shell:Creating package script '/home/fatrat/ros2_ws/install/rover_arm/share/rover_arm/package.zsh'
[13.987s] Level 1:colcon.colcon_core.environment:create_file_with_runtime_dependencies(/home/fatrat/ros2_ws/install/rover_arm/share/colcon-core/packages/rover_arm)
[13.996s] INFO:colcon.colcon_ros.task.ament_python.build:Building ROS package in '/home/fatrat/ros2_ws/src/rover_vision' with build type 'ament_python'
[13.998s] Level 1:colcon.colcon_core.shell:create_environment_hook('rover_vision', 'ament_prefix_path')
[14.002s] INFO:colcon.colcon_core.shell:Creating environment hook '/home/fatrat/ros2_ws/install/rover_vision/share/rover_vision/hook/ament_prefix_path.ps1'
[14.010s] INFO:colcon.colcon_core.shell:Creating environment descriptor '/home/fatrat/ros2_ws/install/rover_vision/share/rover_vision/hook/ament_prefix_path.dsv'
[14.019s] INFO:colcon.colcon_core.shell:Creating environment hook '/home/fatrat/ros2_ws/install/rover_vision/share/rover_vision/hook/ament_prefix_path.sh'
[14.043s] INFO:colcon.colcon_core.shell:Skip shell extension 'powershell' for command environment: Not usable outside of PowerShell
[14.045s] DEBUG:colcon.colcon_core.shell:Skip shell extension 'dsv' for command environment
[14.122s] Level 1:colcon.colcon_core.environment:checking '/home/fatrat/ros2_ws/install/rover_mission' for CMake module files
[14.125s] DEBUG:colcon.colcon_core.event_handler.log_command:Invoked command in '/home/fatrat/ros2_ws/src/rover_mission' returned '0': PYTHONPATH=/home/fatrat/ros2_ws/build/rover_mission/prefix_override:/usr/lib/python3/dist-packages/colcon_core/task/python/colcon_distutils_commands:/home/fatrat/ros2_ws/install/rover_mission/lib/python3.10/site-packages:${PYTHONPATH} /usr/bin/python3 -W ignore:setup.py install is deprecated -W ignore:easy_install command is deprecated setup.py egg_info --egg-base ../../build/rover_mission build --build-base /home/fatrat/ros2_ws/build/rover_mission/build install --record /home/fatrat/ros2_ws/build/rover_mission/install.log --single-version-externally-managed install_data
[14.134s] Level 1:colcon.colcon_core.environment:checking '/home/fatrat/ros2_ws/install/rover_mission' for CMake config files
[14.146s] Level 1:colcon.colcon_core.environment:checking '/home/fatrat/ros2_ws/install/rover_mission/lib'
[14.147s] Level 1:colcon.colcon_core.environment:checking '/home/fatrat/ros2_ws/install/rover_mission/bin'
[14.149s] Level 1:colcon.colcon_core.environment:checking '/home/fatrat/ros2_ws/install/rover_mission/lib/pkgconfig/rover_mission.pc'
[14.152s] Level 1:colcon.colcon_core.environment:checking '/home/fatrat/ros2_ws/install/rover_mission/lib/python3.10/site-packages'
[14.153s] Level 1:colcon.colcon_core.shell:create_environment_hook('rover_mission', 'pythonpath')
[14.156s] INFO:colcon.colcon_core.shell:Creating environment hook '/home/fatrat/ros2_ws/install/rover_mission/share/rover_mission/hook/pythonpath.ps1'
[14.161s] INFO:colcon.colcon_core.shell:Creating environment descriptor '/home/fatrat/ros2_ws/install/rover_mission/share/rover_mission/hook/pythonpath.dsv'
[14.165s] INFO:colcon.colcon_core.shell:Creating environment hook '/home/fatrat/ros2_ws/install/rover_mission/share/rover_mission/hook/pythonpath.sh'
[14.171s] Level 1:colcon.colcon_core.environment:checking '/home/fatrat/ros2_ws/install/rover_mission/bin'
[14.172s] Level 1:colcon.colcon_core.environment:create_environment_scripts_only(rover_mission)
[14.174s] INFO:colcon.colcon_core.shell:Creating package script '/home/fatrat/ros2_ws/install/rover_mission/share/rover_mission/package.ps1'
[14.180s] INFO:colcon.colcon_core.shell:Creating package descriptor '/home/fatrat/ros2_ws/install/rover_mission/share/rover_mission/package.dsv'
[14.184s] INFO:colcon.colcon_core.shell:Creating package script '/home/fatrat/ros2_ws/install/rover_mission/share/rover_mission/package.sh'
[14.188s] INFO:colcon.colcon_core.shell:Creating package script '/home/fatrat/ros2_ws/install/rover_mission/share/rover_mission/package.bash'
[14.191s] INFO:colcon.colcon_core.shell:Creating package script '/home/fatrat/ros2_ws/install/rover_mission/share/rover_mission/package.zsh'
[14.193s] Level 1:colcon.colcon_core.environment:create_file_with_runtime_dependencies(/home/fatrat/ros2_ws/install/rover_mission/share/colcon-core/packages/rover_mission)
[14.199s] Level 1:colcon.colcon_core.environment:checking '/home/fatrat/ros2_ws/install/rover_control1' for CMake module files
[14.202s] DEBUG:colcon.colcon_core.event_handler.log_command:Invoked command in '/home/fatrat/ros2_ws/src/rover_control1' returned '0': PYTHONPATH=/home/fatrat/ros2_ws/build/rover_control1/prefix_override:/usr/lib/python3/dist-packages/colcon_core/task/python/colcon_distutils_commands:/home/fatrat/ros2_ws/install/rover_control1/lib/python3.10/site-packages:${PYTHONPATH} /usr/bin/python3 -W ignore:setup.py install is deprecated -W ignore:easy_install command is deprecated setup.py egg_info --egg-base ../../build/rover_control1 build --build-base /home/fatrat/ros2_ws/build/rover_control1/build install --record /home/fatrat/ros2_ws/build/rover_control1/install.log --single-version-externally-managed install_data
[14.204s] Level 1:colcon.colcon_core.environment:checking '/home/fatrat/ros2_ws/install/rover_control1' for CMake config files
[14.208s] Level 1:colcon.colcon_core.environment:checking '/home/fatrat/ros2_ws/install/rover_control1/lib'
[14.210s] Level 1:colcon.colcon_core.environment:checking '/home/fatrat/ros2_ws/install/rover_control1/bin'
[14.210s] Level 1:colcon.colcon_core.environment:checking '/home/fatrat/ros2_ws/install/rover_control1/lib/pkgconfig/rover_control1.pc'
[14.212s] Level 1:colcon.colcon_core.environment:checking '/home/fatrat/ros2_ws/install/rover_control1/lib/python3.10/site-packages'
[14.212s] Level 1:colcon.colcon_core.shell:create_environment_hook('rover_control1', 'pythonpath')
[14.214s] INFO:colcon.colcon_core.shell:Creating environment hook '/home/fatrat/ros2_ws/install/rover_control1/share/rover_control1/hook/pythonpath.ps1'
[14.216s] INFO:colcon.colcon_core.shell:Creating environment descriptor '/home/fatrat/ros2_ws/install/rover_control1/share/rover_control1/hook/pythonpath.dsv'
[14.218s] INFO:colcon.colcon_core.shell:Creating environment hook '/home/fatrat/ros2_ws/install/rover_control1/share/rover_control1/hook/pythonpath.sh'
[14.222s] Level 1:colcon.colcon_core.environment:checking '/home/fatrat/ros2_ws/install/rover_control1/bin'
[14.223s] Level 1:colcon.colcon_core.environment:create_environment_scripts_only(rover_control1)
[14.224s] INFO:colcon.colcon_core.shell:Creating package script '/home/fatrat/ros2_ws/install/rover_control1/share/rover_control1/package.ps1'
[14.226s] INFO:colcon.colcon_core.shell:Creating package descriptor '/home/fatrat/ros2_ws/install/rover_control1/share/rover_control1/package.dsv'
[14.229s] INFO:colcon.colcon_core.shell:Creating package script '/home/fatrat/ros2_ws/install/rover_control1/share/rover_control1/package.sh'
[14.231s] INFO:colcon.colcon_core.shell:Creating package script '/home/fatrat/ros2_ws/install/rover_control1/share/rover_control1/package.bash'
[14.233s] INFO:colcon.colcon_core.shell:Creating package script '/home/fatrat/ros2_ws/install/rover_control1/share/rover_control1/package.zsh'
[14.235s] Level 1:colcon.colcon_core.environment:create_file_with_runtime_dependencies(/home/fatrat/ros2_ws/install/rover_control1/share/colcon-core/packages/rover_control1)
[15.550s] INFO:colcon.colcon_core.task.python.build:Building Python package in '/home/fatrat/ros2_ws/src/rover_vision'
[15.551s] INFO:colcon.colcon_core.shell:Skip shell extension 'powershell' for command environment: Not usable outside of PowerShell
[15.551s] DEBUG:colcon.colcon_core.shell:Skip shell extension 'dsv' for command environment
[15.575s] Level 1:colcon.colcon_core.environment:checking '/home/fatrat/ros2_ws/install/rover_mapping' for CMake module files
[15.577s] DEBUG:colcon.colcon_core.event_handler.log_command:Invoked command in '/home/fatrat/ros2_ws/src/rover_mapping' returned '0': PYTHONPATH=/home/fatrat/ros2_ws/build/rover_mapping/prefix_override:/usr/lib/python3/dist-packages/colcon_core/task/python/colcon_distutils_commands:/home/fatrat/ros2_ws/install/rover_mapping/lib/python3.10/site-packages:${PYTHONPATH} /usr/bin/python3 -W ignore:setup.py install is deprecated -W ignore:easy_install command is deprecated setup.py egg_info --egg-base ../../build/rover_mapping build --build-base /home/fatrat/ros2_ws/build/rover_mapping/build install --record /home/fatrat/ros2_ws/build/rover_mapping/install.log --single-version-externally-managed install_data
[15.580s] Level 1:colcon.colcon_core.environment:checking '/home/fatrat/ros2_ws/install/rover_mapping' for CMake config files
[15.586s] Level 1:colcon.colcon_core.environment:checking '/home/fatrat/ros2_ws/install/rover_mapping/lib'
[15.586s] Level 1:colcon.colcon_core.environment:checking '/home/fatrat/ros2_ws/install/rover_mapping/bin'
[15.587s] Level 1:colcon.colcon_core.environment:checking '/home/fatrat/ros2_ws/install/rover_mapping/lib/pkgconfig/rover_mapping.pc'
[15.588s] Level 1:colcon.colcon_core.environment:checking '/home/fatrat/ros2_ws/install/rover_mapping/lib/python3.10/site-packages'
[15.588s] Level 1:colcon.colcon_core.shell:create_environment_hook('rover_mapping', 'pythonpath')
[15.589s] INFO:colcon.colcon_core.shell:Creating environment hook '/home/fatrat/ros2_ws/install/rover_mapping/share/rover_mapping/hook/pythonpath.ps1'
[15.592s] INFO:colcon.colcon_core.shell:Creating environment descriptor '/home/fatrat/ros2_ws/install/rover_mapping/share/rover_mapping/hook/pythonpath.dsv'
[15.594s] INFO:colcon.colcon_core.shell:Creating environment hook '/home/fatrat/ros2_ws/install/rover_mapping/share/rover_mapping/hook/pythonpath.sh'
[15.598s] Level 1:colcon.colcon_core.environment:checking '/home/fatrat/ros2_ws/install/rover_mapping/bin'
[15.598s] Level 1:colcon.colcon_core.environment:create_environment_scripts_only(rover_mapping)
[15.600s] INFO:colcon.colcon_core.shell:Creating package script '/home/fatrat/ros2_ws/install/rover_mapping/share/rover_mapping/package.ps1'
[15.602s] INFO:colcon.colcon_core.shell:Creating package descriptor '/home/fatrat/ros2_ws/install/rover_mapping/share/rover_mapping/package.dsv'
[15.604s] INFO:colcon.colcon_core.shell:Creating package script '/home/fatrat/ros2_ws/install/rover_mapping/share/rover_mapping/package.sh'
[15.607s] INFO:colcon.colcon_core.shell:Creating package script '/home/fatrat/ros2_ws/install/rover_mapping/share/rover_mapping/package.bash'
[15.609s] INFO:colcon.colcon_core.shell:Creating package script '/home/fatrat/ros2_ws/install/rover_mapping/share/rover_mapping/package.zsh'
[15.612s] Level 1:colcon.colcon_core.environment:create_file_with_runtime_dependencies(/home/fatrat/ros2_ws/install/rover_mapping/share/colcon-core/packages/rover_mapping)
[17.277s] DEBUG:colcon.colcon_core.event_handler.log_command:Invoking command in '/home/fatrat/ros2_ws/src/rover_vision': PYTHONPATH=/home/fatrat/ros2_ws/build/rover_vision/prefix_override:/usr/lib/python3/dist-packages/colcon_core/task/python/colcon_distutils_commands:/home/fatrat/ros2_ws/install/rover_vision/lib/python3.10/site-packages:${PYTHONPATH} /usr/bin/python3 -W ignore:setup.py install is deprecated -W ignore:easy_install command is deprecated setup.py egg_info --egg-base ../../build/rover_vision build --build-base /home/fatrat/ros2_ws/build/rover_vision/build install --record /home/fatrat/ros2_ws/build/rover_vision/install.log --single-version-externally-managed install_data
[18.749s] Level 1:colcon.colcon_core.environment:checking '/home/fatrat/ros2_ws/install/rover_vision' for CMake module files
[18.750s] DEBUG:colcon.colcon_core.event_handler.log_command:Invoked command in '/home/fatrat/ros2_ws/src/rover_vision' returned '0': PYTHONPATH=/home/fatrat/ros2_ws/build/rover_vision/prefix_override:/usr/lib/python3/dist-packages/colcon_core/task/python/colcon_distutils_commands:/home/fatrat/ros2_ws/install/rover_vision/lib/python3.10/site-packages:${PYTHONPATH} /usr/bin/python3 -W ignore:setup.py install is deprecated -W ignore:easy_install command is deprecated setup.py egg_info --egg-base ../../build/rover_vision build --build-base /home/fatrat/ros2_ws/build/rover_vision/build install --record /home/fatrat/ros2_ws/build/rover_vision/install.log --single-version-externally-managed install_data
[18.752s] Level 1:colcon.colcon_core.environment:checking '/home/fatrat/ros2_ws/install/rover_vision' for CMake config files
[18.755s] Level 1:colcon.colcon_core.environment:checking '/home/fatrat/ros2_ws/install/rover_vision/lib'
[18.756s] Level 1:colcon.colcon_core.environment:checking '/home/fatrat/ros2_ws/install/rover_vision/bin'
[18.756s] Level 1:colcon.colcon_core.environment:checking '/home/fatrat/ros2_ws/install/rover_vision/lib/pkgconfig/rover_vision.pc'
[18.757s] Level 1:colcon.colcon_core.environment:checking '/home/fatrat/ros2_ws/install/rover_vision/lib/python3.10/site-packages'
[18.758s] Level 1:colcon.colcon_core.shell:create_environment_hook('rover_vision', 'pythonpath')
[18.758s] INFO:colcon.colcon_core.shell:Creating environment hook '/home/fatrat/ros2_ws/install/rover_vision/share/rover_vision/hook/pythonpath.ps1'
[18.761s] INFO:colcon.colcon_core.shell:Creating environment descriptor '/home/fatrat/ros2_ws/install/rover_vision/share/rover_vision/hook/pythonpath.dsv'
[18.764s] INFO:colcon.colcon_core.shell:Creating environment hook '/home/fatrat/ros2_ws/install/rover_vision/share/rover_vision/hook/pythonpath.sh'
[18.768s] Level 1:colcon.colcon_core.environment:checking '/home/fatrat/ros2_ws/install/rover_vision/bin'
[18.769s] Level 1:colcon.colcon_core.environment:create_environment_scripts_only(rover_vision)
[18.770s] INFO:colcon.colcon_core.shell:Creating package script '/home/fatrat/ros2_ws/install/rover_vision/share/rover_vision/package.ps1'
[18.773s] INFO:colcon.colcon_core.shell:Creating package descriptor '/home/fatrat/ros2_ws/install/rover_vision/share/rover_vision/package.dsv'
[18.775s] INFO:colcon.colcon_core.shell:Creating package script '/home/fatrat/ros2_ws/install/rover_vision/share/rover_vision/package.sh'
[18.777s] INFO:colcon.colcon_core.shell:Creating package script '/home/fatrat/ros2_ws/install/rover_vision/share/rover_vision/package.bash'
[18.779s] INFO:colcon.colcon_core.shell:Creating package script '/home/fatrat/ros2_ws/install/rover_vision/share/rover_vision/package.zsh'
[18.781s] Level 1:colcon.colcon_core.environment:create_file_with_runtime_dependencies(/home/fatrat/ros2_ws/install/rover_vision/share/colcon-core/packages/rover_vision)
[18.782s] DEBUG:colcon.colcon_parallel_executor.executor.parallel:closing loop
[18.783s] DEBUG:colcon.colcon_parallel_executor.executor.parallel:loop closed
[18.784s] DEBUG:colcon.colcon_parallel_executor.executor.parallel:run_until_complete finished with '0'
[18.784s] DEBUG:colcon.colcon_core.event_reactor:joining thread
[18.816s] INFO:colcon.colcon_core.plugin_system:Skipping extension 'colcon_notification.desktop_notification.terminal_notifier': Not used on non-Darwin systems
[18.817s] INFO:colcon.colcon_core.plugin_system:Skipping extension 'colcon_notification.desktop_notification.win32': Not used on non-Windows systems
[18.817s] INFO:colcon.colcon_notification.desktop_notification:Sending desktop notification using 'notify2'
[18.938s] DEBUG:colcon.colcon_core.event_reactor:joined thread
[18.940s] INFO:colcon.colcon_core.shell:Creating prefix script '/home/fatrat/ros2_ws/install/local_setup.ps1'
[18.948s] INFO:colcon.colcon_core.shell:Creating prefix util module '/home/fatrat/ros2_ws/install/_local_setup_util_ps1.py'
[18.959s] INFO:colcon.colcon_core.shell:Creating prefix chain script '/home/fatrat/ros2_ws/install/setup.ps1'
[18.968s] INFO:colcon.colcon_core.shell:Creating prefix script '/home/fatrat/ros2_ws/install/local_setup.sh'
[18.975s] INFO:colcon.colcon_core.shell:Creating prefix util module '/home/fatrat/ros2_ws/install/_local_setup_util_sh.py'
[18.978s] INFO:colcon.colcon_core.shell:Creating prefix chain script '/home/fatrat/ros2_ws/install/setup.sh'
[18.988s] INFO:colcon.colcon_core.shell:Creating prefix script '/home/fatrat/ros2_ws/install/local_setup.bash'
[18.994s] INFO:colcon.colcon_core.shell:Creating prefix chain script '/home/fatrat/ros2_ws/install/setup.bash'
[19.005s] INFO:colcon.colcon_core.shell:Creating prefix script '/home/fatrat/ros2_ws/install/local_setup.zsh'
[19.010s] INFO:colcon.colcon_core.shell:Creating prefix chain script '/home/fatrat/ros2_ws/install/setup.zsh'
