[5.789s] Invoking command in '/home/fatrat/ros2_ws/src/rover_monitor': PYTHONPATH=/home/fatrat/ros2_ws/build/rover_monitor/prefix_override:/usr/lib/python3/dist-packages/colcon_core/task/python/colcon_distutils_commands:/home/fatrat/ros2_ws/install/rover_monitor/lib/python3.10/site-packages:${PYTHONPATH} /usr/bin/python3 -W ignore:setup.py install is deprecated -W ignore:easy_install command is deprecated setup.py egg_info --egg-base ../../build/rover_monitor build --build-base /home/fatrat/ros2_ws/build/rover_monitor/build install --record /home/fatrat/ros2_ws/build/rover_monitor/install.log --single-version-externally-managed install_data
[7.684s] running egg_info
[7.687s] writing ../../build/rover_monitor/rover_monitor.egg-info/PKG-INFO
[7.688s] writing dependency_links to ../../build/rover_monitor/rover_monitor.egg-info/dependency_links.txt
[7.689s] writing entry points to ../../build/rover_monitor/rover_monitor.egg-info/entry_points.txt
[7.691s] writing requirements to ../../build/rover_monitor/rover_monitor.egg-info/requires.txt
[7.692s] writing top-level names to ../../build/rover_monitor/rover_monitor.egg-info/top_level.txt
[7.701s] reading manifest file '../../build/rover_monitor/rover_monitor.egg-info/SOURCES.txt'
[7.706s] writing manifest file '../../build/rover_monitor/rover_monitor.egg-info/SOURCES.txt'
[7.707s] running build
[7.708s] running build_py
[7.709s] running install
[7.711s] running install_lib
[7.720s] running install_data
[7.721s] running install_egg_info
[7.736s] removing '/home/fatrat/ros2_ws/install/rover_monitor/lib/python3.10/site-packages/rover_monitor-0.0.0-py3.10.egg-info' (and everything under it)
[7.738s] Copying ../../build/rover_monitor/rover_monitor.egg-info to /home/fatrat/ros2_ws/install/rover_monitor/lib/python3.10/site-packages/rover_monitor-0.0.0-py3.10.egg-info
[7.748s] running install_scripts
[7.841s] Installing monitor_node script to /home/fatrat/ros2_ws/install/rover_monitor/lib/rover_monitor
[7.843s] writing list of installed files to '/home/fatrat/ros2_ws/build/rover_monitor/install.log'
[7.995s] Invoked command in '/home/fatrat/ros2_ws/src/rover_monitor' returned '0': PYTHONPATH=/home/fatrat/ros2_ws/build/rover_monitor/prefix_override:/usr/lib/python3/dist-packages/colcon_core/task/python/colcon_distutils_commands:/home/fatrat/ros2_ws/install/rover_monitor/lib/python3.10/site-packages:${PYTHONPATH} /usr/bin/python3 -W ignore:setup.py install is deprecated -W ignore:easy_install command is deprecated setup.py egg_info --egg-base ../../build/rover_monitor build --build-base /home/fatrat/ros2_ws/build/rover_monitor/build install --record /home/fatrat/ros2_ws/build/rover_monitor/install.log --single-version-externally-managed install_data
