[3.978s] Invoking command in '/home/fatrat/ros2_ws/src/rover_navigation': PYTHONPATH=/home/fatrat/ros2_ws/build/rover_navigation/prefix_override:/usr/lib/python3/dist-packages/colcon_core/task/python/colcon_distutils_commands:/home/fatrat/ros2_ws/install/rover_navigation/lib/python3.10/site-packages:${PYTHONPATH} /usr/bin/python3 -W ignore:setup.py install is deprecated -W ignore:easy_install command is deprecated setup.py egg_info --egg-base ../../build/rover_navigation build --build-base /home/fatrat/ros2_ws/build/rover_navigation/build install --record /home/fatrat/ros2_ws/build/rover_navigation/install.log --single-version-externally-managed install_data
[5.520s] running egg_info
[5.526s] writing ../../build/rover_navigation/rover_navigation.egg-info/PKG-INFO
[5.527s] writing dependency_links to ../../build/rover_navigation/rover_navigation.egg-info/dependency_links.txt
[5.529s] writing entry points to ../../build/rover_navigation/rover_navigation.egg-info/entry_points.txt
[5.530s] writing requirements to ../../build/rover_navigation/rover_navigation.egg-info/requires.txt
[5.533s] writing top-level names to ../../build/rover_navigation/rover_navigation.egg-info/top_level.txt
[5.549s] reading manifest file '../../build/rover_navigation/rover_navigation.egg-info/SOURCES.txt'
[5.558s] writing manifest file '../../build/rover_navigation/rover_navigation.egg-info/SOURCES.txt'
[5.559s] running build
[5.560s] running build_py
[5.561s] copying rover_navigation/navigation_node.py -> /home/fatrat/ros2_ws/build/rover_navigation/build/lib/rover_navigation
[5.563s] running install
[5.569s] running install_lib
[5.575s] copying /home/fatrat/ros2_ws/build/rover_navigation/build/lib/rover_navigation/navigation_node.py -> /home/fatrat/ros2_ws/install/rover_navigation/lib/python3.10/site-packages/rover_navigation
[5.583s] byte-compiling /home/fatrat/ros2_ws/install/rover_navigation/lib/python3.10/site-packages/rover_navigation/navigation_node.py to navigation_node.cpython-310.pyc
[5.585s] running install_data
[5.586s] running install_egg_info
[5.610s] removing '/home/fatrat/ros2_ws/install/rover_navigation/lib/python3.10/site-packages/rover_navigation-0.0.0-py3.10.egg-info' (and everything under it)
[5.611s] Copying ../../build/rover_navigation/rover_navigation.egg-info to /home/fatrat/ros2_ws/install/rover_navigation/lib/python3.10/site-packages/rover_navigation-0.0.0-py3.10.egg-info
[5.623s] running install_scripts
[5.742s] Installing navigation_node script to /home/fatrat/ros2_ws/install/rover_navigation/lib/rover_navigation
[5.744s] writing list of installed files to '/home/fatrat/ros2_ws/build/rover_navigation/install.log'
[5.914s] Invoked command in '/home/fatrat/ros2_ws/src/rover_navigation' returned '0': PYTHONPATH=/home/fatrat/ros2_ws/build/rover_navigation/prefix_override:/usr/lib/python3/dist-packages/colcon_core/task/python/colcon_distutils_commands:/home/fatrat/ros2_ws/install/rover_navigation/lib/python3.10/site-packages:${PYTHONPATH} /usr/bin/python3 -W ignore:setup.py install is deprecated -W ignore:easy_install command is deprecated setup.py egg_info --egg-base ../../build/rover_navigation build --build-base /home/fatrat/ros2_ws/build/rover_navigation/build install --record /home/fatrat/ros2_ws/build/rover_navigation/install.log --single-version-externally-managed install_data
