[8.221s] Invoking command in '/home/fatrat/ros2_ws/src/rover_control1': PYTHONPATH=/home/fatrat/ros2_ws/src/build/rover_control1/prefix_override:/usr/lib/python3/dist-packages/colcon_core/task/python/colcon_distutils_commands:/home/fatrat/ros2_ws/src/install/rover_control1/lib/python3.10/site-packages:${PYTHONPATH} /usr/bin/python3 -W ignore:setup.py install is deprecated -W ignore:easy_install command is deprecated setup.py egg_info --egg-base ../build/rover_control1 build --build-base /home/fatrat/ros2_ws/src/build/rover_control1/build install --record /home/fatrat/ros2_ws/src/build/rover_control1/install.log --single-version-externally-managed install_data
[10.065s] running egg_info
[10.072s] writing ../build/rover_control1/rover_control1.egg-info/PKG-INFO
[10.075s] writing dependency_links to ../build/rover_control1/rover_control1.egg-info/dependency_links.txt
[10.077s] writing entry points to ../build/rover_control1/rover_control1.egg-info/entry_points.txt
[10.080s] writing requirements to ../build/rover_control1/rover_control1.egg-info/requires.txt
[10.083s] writing top-level names to ../build/rover_control1/rover_control1.egg-info/top_level.txt
[10.098s] reading manifest file '../build/rover_control1/rover_control1.egg-info/SOURCES.txt'
[10.104s] writing manifest file '../build/rover_control1/rover_control1.egg-info/SOURCES.txt'
[10.105s] running build
[10.106s] running build_py
[10.107s] copying rover_control1/rover_driver.py -> /home/fatrat/ros2_ws/src/build/rover_control1/build/lib/rover_control1
[10.108s] running install
[10.111s] running install_lib
[10.116s] copying /home/fatrat/ros2_ws/src/build/rover_control1/build/lib/rover_control1/rover_driver.py -> /home/fatrat/ros2_ws/src/install/rover_control1/lib/python3.10/site-packages/rover_control1
[10.120s] byte-compiling /home/fatrat/ros2_ws/src/install/rover_control1/lib/python3.10/site-packages/rover_control1/rover_driver.py to rover_driver.cpython-310.pyc
[10.124s] running install_data
[10.125s] running install_egg_info
[10.146s] removing '/home/fatrat/ros2_ws/src/install/rover_control1/lib/python3.10/site-packages/rover_control1-0.0.0-py3.10.egg-info' (and everything under it)
[10.148s] Copying ../build/rover_control1/rover_control1.egg-info to /home/fatrat/ros2_ws/src/install/rover_control1/lib/python3.10/site-packages/rover_control1-0.0.0-py3.10.egg-info
[10.158s] running install_scripts
[10.287s] Installing rover_driver script to /home/fatrat/ros2_ws/src/install/rover_control1/lib/rover_control1
[10.293s] writing list of installed files to '/home/fatrat/ros2_ws/src/build/rover_control1/install.log'
[10.599s] Invoked command in '/home/fatrat/ros2_ws/src/rover_control1' returned '0': PYTHONPATH=/home/fatrat/ros2_ws/src/build/rover_control1/prefix_override:/usr/lib/python3/dist-packages/colcon_core/task/python/colcon_distutils_commands:/home/fatrat/ros2_ws/src/install/rover_control1/lib/python3.10/site-packages:${PYTHONPATH} /usr/bin/python3 -W ignore:setup.py install is deprecated -W ignore:easy_install command is deprecated setup.py egg_info --egg-base ../build/rover_control1 build --build-base /home/fatrat/ros2_ws/src/build/rover_control1/build install --record /home/fatrat/ros2_ws/src/build/rover_control1/install.log --single-version-externally-managed install_data
