[8.775s] Invoking command in '/home/fatrat/ros2_ws/src/rover_control1': PYTHONPATH=/home/fatrat/ros2_ws/src/build/rover_control1/prefix_override:/usr/lib/python3/dist-packages/colcon_core/task/python/colcon_distutils_commands:/home/fatrat/ros2_ws/src/install/rover_control1/lib/python3.10/site-packages:${PYTHONPATH} /usr/bin/python3 -W ignore:setup.py install is deprecated -W ignore:easy_install command is deprecated setup.py egg_info --egg-base ../build/rover_control1 build --build-base /home/fatrat/ros2_ws/src/build/rover_control1/build install --record /home/fatrat/ros2_ws/src/build/rover_control1/install.log --single-version-externally-managed install_data
[10.653s] running egg_info
[10.656s] creating ../build/rover_control1/rover_control1.egg-info
[10.657s] writing ../build/rover_control1/rover_control1.egg-info/PKG-INFO
[10.659s] writing dependency_links to ../build/rover_control1/rover_control1.egg-info/dependency_links.txt
[10.660s] writing entry points to ../build/rover_control1/rover_control1.egg-info/entry_points.txt
[10.662s] writing requirements to ../build/rover_control1/rover_control1.egg-info/requires.txt
[10.662s] writing top-level names to ../build/rover_control1/rover_control1.egg-info/top_level.txt
[10.664s] writing manifest file '../build/rover_control1/rover_control1.egg-info/SOURCES.txt'
[10.674s] reading manifest file '../build/rover_control1/rover_control1.egg-info/SOURCES.txt'
[10.680s] writing manifest file '../build/rover_control1/rover_control1.egg-info/SOURCES.txt'
[10.681s] running build
[10.683s] running build_py
[10.683s] creating /home/fatrat/ros2_ws/src/build/rover_control1/build
[10.684s] creating /home/fatrat/ros2_ws/src/build/rover_control1/build/lib
[10.684s] creating /home/fatrat/ros2_ws/src/build/rover_control1/build/lib/rover_control1
[10.685s] copying rover_control1/__init__.py -> /home/fatrat/ros2_ws/src/build/rover_control1/build/lib/rover_control1
[10.686s] copying rover_control1/rover_driver.py -> /home/fatrat/ros2_ws/src/build/rover_control1/build/lib/rover_control1
[10.687s] running install
[10.688s] running install_lib
[10.692s] creating /home/fatrat/ros2_ws/src/install/rover_control1/lib/python3.10/site-packages/rover_control1
[10.697s] copying /home/fatrat/ros2_ws/src/build/rover_control1/build/lib/rover_control1/__init__.py -> /home/fatrat/ros2_ws/src/install/rover_control1/lib/python3.10/site-packages/rover_control1
[10.698s] copying /home/fatrat/ros2_ws/src/build/rover_control1/build/lib/rover_control1/rover_driver.py -> /home/fatrat/ros2_ws/src/install/rover_control1/lib/python3.10/site-packages/rover_control1
[10.702s] byte-compiling /home/fatrat/ros2_ws/src/install/rover_control1/lib/python3.10/site-packages/rover_control1/__init__.py to __init__.cpython-310.pyc
[10.703s] byte-compiling /home/fatrat/ros2_ws/src/install/rover_control1/lib/python3.10/site-packages/rover_control1/rover_driver.py to rover_driver.cpython-310.pyc
[10.706s] running install_data
[10.707s] creating /home/fatrat/ros2_ws/src/install/rover_control1/share/ament_index
[10.709s] creating /home/fatrat/ros2_ws/src/install/rover_control1/share/ament_index/resource_index
[10.711s] creating /home/fatrat/ros2_ws/src/install/rover_control1/share/ament_index/resource_index/packages
[10.712s] copying resource/rover_control1 -> /home/fatrat/ros2_ws/src/install/rover_control1/share/ament_index/resource_index/packages
[10.713s] copying package.xml -> /home/fatrat/ros2_ws/src/install/rover_control1/share/rover_control1
[10.713s] running install_egg_info
[10.729s] Copying ../build/rover_control1/rover_control1.egg-info to /home/fatrat/ros2_ws/src/install/rover_control1/lib/python3.10/site-packages/rover_control1-0.0.0-py3.10.egg-info
[10.739s] running install_scripts
[10.893s] Installing rover_driver script to /home/fatrat/ros2_ws/src/install/rover_control1/lib/rover_control1
[10.894s] writing list of installed files to '/home/fatrat/ros2_ws/src/build/rover_control1/install.log'
[11.171s] Invoked command in '/home/fatrat/ros2_ws/src/rover_control1' returned '0': PYTHONPATH=/home/fatrat/ros2_ws/src/build/rover_control1/prefix_override:/usr/lib/python3/dist-packages/colcon_core/task/python/colcon_distutils_commands:/home/fatrat/ros2_ws/src/install/rover_control1/lib/python3.10/site-packages:${PYTHONPATH} /usr/bin/python3 -W ignore:setup.py install is deprecated -W ignore:easy_install command is deprecated setup.py egg_info --egg-base ../build/rover_control1 build --build-base /home/fatrat/ros2_ws/src/build/rover_control1/build install --record /home/fatrat/ros2_ws/src/build/rover_control1/install.log --single-version-externally-managed install_data
