[7.857s] Invoking command in '/home/fatrat/ros2_ws/src/rover_arm': PYTHONPATH=/home/fatrat/ros2_ws/build/rover_arm/prefix_override:/usr/lib/python3/dist-packages/colcon_core/task/python/colcon_distutils_commands:/home/fatrat/ros2_ws/install/rover_arm/lib/python3.10/site-packages:${PYTHONPATH} /usr/bin/python3 -W ignore:setup.py install is deprecated -W ignore:easy_install command is deprecated setup.py egg_info --egg-base ../../build/rover_arm build --build-base /home/fatrat/ros2_ws/build/rover_arm/build install --record /home/fatrat/ros2_ws/build/rover_arm/install.log --single-version-externally-managed install_data
[9.893s] running egg_info
[9.897s] writing ../../build/rover_arm/rover_arm.egg-info/PKG-INFO
[9.899s] writing dependency_links to ../../build/rover_arm/rover_arm.egg-info/dependency_links.txt
[9.900s] writing entry points to ../../build/rover_arm/rover_arm.egg-info/entry_points.txt
[9.902s] writing requirements to ../../build/rover_arm/rover_arm.egg-info/requires.txt
[9.903s] writing top-level names to ../../build/rover_arm/rover_arm.egg-info/top_level.txt
[9.915s] reading manifest file '../../build/rover_arm/rover_arm.egg-info/SOURCES.txt'
[9.921s] writing manifest file '../../build/rover_arm/rover_arm.egg-info/SOURCES.txt'
[9.922s] running build
[9.922s] running build_py
[9.923s] running install
[9.926s] running install_lib
[9.933s] running install_data
[9.935s] running install_egg_info
[9.950s] removing '/home/fatrat/ros2_ws/install/rover_arm/lib/python3.10/site-packages/rover_arm-0.0.0-py3.10.egg-info' (and everything under it)
[9.952s] Copying ../../build/rover_arm/rover_arm.egg-info to /home/fatrat/ros2_ws/install/rover_arm/lib/python3.10/site-packages/rover_arm-0.0.0-py3.10.egg-info
[9.960s] running install_scripts
[10.078s] writing list of installed files to '/home/fatrat/ros2_ws/build/rover_arm/install.log'
[10.337s] Invoked command in '/home/fatrat/ros2_ws/src/rover_arm' returned '0': PYTHONPATH=/home/fatrat/ros2_ws/build/rover_arm/prefix_override:/usr/lib/python3/dist-packages/colcon_core/task/python/colcon_distutils_commands:/home/fatrat/ros2_ws/install/rover_arm/lib/python3.10/site-packages:${PYTHONPATH} /usr/bin/python3 -W ignore:setup.py install is deprecated -W ignore:easy_install command is deprecated setup.py egg_info --egg-base ../../build/rover_arm build --build-base /home/fatrat/ros2_ws/build/rover_arm/build install --record /home/fatrat/ros2_ws/build/rover_arm/install.log --single-version-externally-managed install_data
