[8.202s] Invoking command in '/home/fatrat/ros2_ws/src/rover_control1': PYTHONPATH=/home/fatrat/ros2_ws/build/rover_control1/prefix_override:/usr/lib/python3/dist-packages/colcon_core/task/python/colcon_distutils_commands:/home/fatrat/ros2_ws/install/rover_control1/lib/python3.10/site-packages:${PYTHONPATH} /usr/bin/python3 -W ignore:setup.py install is deprecated -W ignore:easy_install command is deprecated setup.py egg_info --egg-base ../../build/rover_control1 build --build-base /home/fatrat/ros2_ws/build/rover_control1/build install --record /home/fatrat/ros2_ws/build/rover_control1/install.log --single-version-externally-managed install_data
[10.602s] running egg_info
[10.607s] writing ../../build/rover_control1/rover_control1.egg-info/PKG-INFO
[10.609s] writing dependency_links to ../../build/rover_control1/rover_control1.egg-info/dependency_links.txt
[10.611s] writing entry points to ../../build/rover_control1/rover_control1.egg-info/entry_points.txt
[10.613s] writing requirements to ../../build/rover_control1/rover_control1.egg-info/requires.txt
[10.614s] writing top-level names to ../../build/rover_control1/rover_control1.egg-info/top_level.txt
[10.624s] reading manifest file '../../build/rover_control1/rover_control1.egg-info/SOURCES.txt'
[10.630s] writing manifest file '../../build/rover_control1/rover_control1.egg-info/SOURCES.txt'
[10.631s] running build
[10.631s] running build_py
[10.633s] running install
[10.635s] running install_lib
[10.648s] running install_data
[10.650s] running install_egg_info
[10.661s] removing '/home/fatrat/ros2_ws/install/rover_control1/lib/python3.10/site-packages/rover_control1-0.0.0-py3.10.egg-info' (and everything under it)
[10.664s] Copying ../../build/rover_control1/rover_control1.egg-info to /home/fatrat/ros2_ws/install/rover_control1/lib/python3.10/site-packages/rover_control1-0.0.0-py3.10.egg-info
[10.674s] running install_scripts
[10.789s] Installing rover_driver script to /home/fatrat/ros2_ws/install/rover_control1/lib/rover_control1
[10.791s] writing list of installed files to '/home/fatrat/ros2_ws/build/rover_control1/install.log'
[11.001s] Invoked command in '/home/fatrat/ros2_ws/src/rover_control1' returned '0': PYTHONPATH=/home/fatrat/ros2_ws/build/rover_control1/prefix_override:/usr/lib/python3/dist-packages/colcon_core/task/python/colcon_distutils_commands:/home/fatrat/ros2_ws/install/rover_control1/lib/python3.10/site-packages:${PYTHONPATH} /usr/bin/python3 -W ignore:setup.py install is deprecated -W ignore:easy_install command is deprecated setup.py egg_info --egg-base ../../build/rover_control1 build --build-base /home/fatrat/ros2_ws/build/rover_control1/build install --record /home/fatrat/ros2_ws/build/rover_control1/install.log --single-version-externally-managed install_data
