[4.768s] Invoking command in '/home/fatrat/ros2_ws/src/rover_navigation': PYTHONPATH=/home/fatrat/ros2_ws/build/rover_navigation/prefix_override:/usr/lib/python3/dist-packages/colcon_core/task/python/colcon_distutils_commands:/home/fatrat/ros2_ws/install/rover_navigation/lib/python3.10/site-packages:${PYTHONPATH} /usr/bin/python3 -W ignore:setup.py install is deprecated -W ignore:easy_install command is deprecated setup.py egg_info --egg-base ../../build/rover_navigation build --build-base /home/fatrat/ros2_ws/build/rover_navigation/build install --record /home/fatrat/ros2_ws/build/rover_navigation/install.log --single-version-externally-managed install_data
[6.503s] running egg_info
[6.507s] writing ../../build/rover_navigation/rover_navigation.egg-info/PKG-INFO
[6.508s] writing dependency_links to ../../build/rover_navigation/rover_navigation.egg-info/dependency_links.txt
[6.509s] writing entry points to ../../build/rover_navigation/rover_navigation.egg-info/entry_points.txt
[6.510s] writing requirements to ../../build/rover_navigation/rover_navigation.egg-info/requires.txt
[6.511s] writing top-level names to ../../build/rover_navigation/rover_navigation.egg-info/top_level.txt
[6.520s] reading manifest file '../../build/rover_navigation/rover_navigation.egg-info/SOURCES.txt'
[6.527s] writing manifest file '../../build/rover_navigation/rover_navigation.egg-info/SOURCES.txt'
[6.527s] running build
[6.528s] running build_py
[6.528s] copying rover_navigation/navigation_node.py -> /home/fatrat/ros2_ws/build/rover_navigation/build/lib/rover_navigation
[6.530s] running install
[6.533s] running install_lib
[6.536s] copying /home/fatrat/ros2_ws/build/rover_navigation/build/lib/rover_navigation/navigation_node.py -> /home/fatrat/ros2_ws/install/rover_navigation/lib/python3.10/site-packages/rover_navigation
[6.539s] byte-compiling /home/fatrat/ros2_ws/install/rover_navigation/lib/python3.10/site-packages/rover_navigation/navigation_node.py to navigation_node.cpython-310.pyc
[6.564s] Sorry: TabError: inconsistent use of tabs and spaces in indentation (navigation_node.py, line 38)
[6.567s] running install_data
[6.569s] running install_egg_info
[6.569s] removing '/home/fatrat/ros2_ws/install/rover_navigation/lib/python3.10/site-packages/rover_navigation-0.0.0-py3.10.egg-info' (and everything under it)
[6.570s] Copying ../../build/rover_navigation/rover_navigation.egg-info to /home/fatrat/ros2_ws/install/rover_navigation/lib/python3.10/site-packages/rover_navigation-0.0.0-py3.10.egg-info
[6.576s] running install_scripts
[6.764s] Installing navigation_node script to /home/fatrat/ros2_ws/install/rover_navigation/lib/rover_navigation
[6.772s] writing list of installed files to '/home/fatrat/ros2_ws/build/rover_navigation/install.log'
[6.970s] Invoked command in '/home/fatrat/ros2_ws/src/rover_navigation' returned '0': PYTHONPATH=/home/fatrat/ros2_ws/build/rover_navigation/prefix_override:/usr/lib/python3/dist-packages/colcon_core/task/python/colcon_distutils_commands:/home/fatrat/ros2_ws/install/rover_navigation/lib/python3.10/site-packages:${PYTHONPATH} /usr/bin/python3 -W ignore:setup.py install is deprecated -W ignore:easy_install command is deprecated setup.py egg_info --egg-base ../../build/rover_navigation build --build-base /home/fatrat/ros2_ws/build/rover_navigation/build install --record /home/fatrat/ros2_ws/build/rover_navigation/install.log --single-version-externally-managed install_data
