[9.555s] Invoking command in '/home/fatrat/ros2_ws/src/rover_mission': PYTHONPATH=/home/fatrat/ros2_ws/build/rover_mission/prefix_override:/usr/lib/python3/dist-packages/colcon_core/task/python/colcon_distutils_commands:/home/fatrat/ros2_ws/install/rover_mission/lib/python3.10/site-packages:${PYTHONPATH} /usr/bin/python3 -W ignore:setup.py install is deprecated -W ignore:easy_install command is deprecated setup.py egg_info --egg-base ../../build/rover_mission build --build-base /home/fatrat/ros2_ws/build/rover_mission/build install --record /home/fatrat/ros2_ws/build/rover_mission/install.log --single-version-externally-managed install_data
[11.595s] running egg_info
[11.596s] writing ../../build/rover_mission/rover_mission.egg-info/PKG-INFO
[11.597s] writing dependency_links to ../../build/rover_mission/rover_mission.egg-info/dependency_links.txt
[11.612s] writing entry points to ../../build/rover_mission/rover_mission.egg-info/entry_points.txt
[11.613s] writing requirements to ../../build/rover_mission/rover_mission.egg-info/requires.txt
[11.617s] writing top-level names to ../../build/rover_mission/rover_mission.egg-info/top_level.txt
[11.618s] reading manifest file '../../build/rover_mission/rover_mission.egg-info/SOURCES.txt'
[11.619s] writing manifest file '../../build/rover_mission/rover_mission.egg-info/SOURCES.txt'
[11.620s] running build
[11.621s] running build_py
[11.623s] running install
[11.624s] running install_lib
[11.628s] running install_data
[11.630s] running install_egg_info
[11.675s] removing '/home/fatrat/ros2_ws/install/rover_mission/lib/python3.10/site-packages/rover_mission-0.0.0-py3.10.egg-info' (and everything under it)
[11.682s] Copying ../../build/rover_mission/rover_mission.egg-info to /home/fatrat/ros2_ws/install/rover_mission/lib/python3.10/site-packages/rover_mission-0.0.0-py3.10.egg-info
[11.700s] running install_scripts
[11.897s] writing list of installed files to '/home/fatrat/ros2_ws/build/rover_mission/install.log'
[13.624s] Invoked command in '/home/fatrat/ros2_ws/src/rover_mission' returned '0': PYTHONPATH=/home/fatrat/ros2_ws/build/rover_mission/prefix_override:/usr/lib/python3/dist-packages/colcon_core/task/python/colcon_distutils_commands:/home/fatrat/ros2_ws/install/rover_mission/lib/python3.10/site-packages:${PYTHONPATH} /usr/bin/python3 -W ignore:setup.py install is deprecated -W ignore:easy_install command is deprecated setup.py egg_info --egg-base ../../build/rover_mission build --build-base /home/fatrat/ros2_ws/build/rover_mission/build install --record /home/fatrat/ros2_ws/build/rover_mission/install.log --single-version-externally-managed install_data
