[8.344s] Invoking command in '/home/fatrat/ros2_ws/build/rover_mapping': PYTHONPATH=/home/fatrat/ros2_ws/build/rover_mapping/prefix_override:/usr/lib/python3/dist-packages/colcon_core/task/python/colcon_distutils_commands:/home/fatrat/ros2_ws/install/rover_mapping/lib/python3.10/site-packages:${PYTHONPATH} /usr/bin/python3 -W ignore:setup.py install is deprecated -W ignore:easy_install command is deprecated setup.py develop --uninstall --editable --build-directory /home/fatrat/ros2_ws/build/rover_mapping/build
[10.353s] running develop
[11.967s] Removing /home/fatrat/ros2_ws/install/rover_mapping/lib/python3.10/site-packages/rover-mapping.egg-link (link to .)
[12.229s] Invoked command in '/home/fatrat/ros2_ws/build/rover_mapping' returned '0': PYTHONPATH=/home/fatrat/ros2_ws/build/rover_mapping/prefix_override:/usr/lib/python3/dist-packages/colcon_core/task/python/colcon_distutils_commands:/home/fatrat/ros2_ws/install/rover_mapping/lib/python3.10/site-packages:${PYTHONPATH} /usr/bin/python3 -W ignore:setup.py install is deprecated -W ignore:easy_install command is deprecated setup.py develop --uninstall --editable --build-directory /home/fatrat/ros2_ws/build/rover_mapping/build
[12.244s] Invoking command in '/home/fatrat/ros2_ws/src/rover_mapping': PYTHONPATH=/home/fatrat/ros2_ws/build/rover_mapping/prefix_override:/usr/lib/python3/dist-packages/colcon_core/task/python/colcon_distutils_commands:/home/fatrat/ros2_ws/install/rover_mapping/lib/python3.10/site-packages:${PYTHONPATH} /usr/bin/python3 -W ignore:setup.py install is deprecated -W ignore:easy_install command is deprecated setup.py egg_info --egg-base ../../build/rover_mapping build --build-base /home/fatrat/ros2_ws/build/rover_mapping/build install --record /home/fatrat/ros2_ws/build/rover_mapping/install.log --single-version-externally-managed install_data --force
[13.806s] Traceback (most recent call last):
[13.806s]   File "/home/fatrat/ros2_ws/src/rover_mapping/setup.py", line 1, in <module>
[13.806s]     from setuptools import find_packages, setup
[13.807s]   File "/usr/lib/python3/dist-packages/setuptools/__init__.py", line 16, in <module>
[13.812s]     import setuptools.version
[13.887s]   File "/usr/lib/python3/dist-packages/setuptools/version.py", line 1, in <module>
[13.935s]     import pkg_resources
[13.937s]   File "/usr/lib/python3/dist-packages/pkg_resources/__init__.py", line 3267, in <module>
[14.013s]     def _initialize_master_working_set():
[14.015s]   File "/usr/lib/python3/dist-packages/pkg_resources/__init__.py", line 3241, in _call_aside
[14.016s]     f(*args, **kwargs)
[14.026s]   File "/usr/lib/python3/dist-packages/pkg_resources/__init__.py", line 3302, in _initialize_master_working_set
[14.070s]     list(map(working_set.add_entry, sys.path))
[14.072s]   File "/usr/lib/python3/dist-packages/pkg_resources/__init__.py", line 613, in add_entry
[14.075s]     for dist in find_distributions(entry, True):
[14.078s]   File "/usr/lib/python3/dist-packages/pkg_resources/__init__.py", line 2077, in find_on_path
[14.080s]     for dist in factory(fullpath):
[14.082s]   File "/usr/lib/python3/dist-packages/pkg_resources/__init__.py", line 2142, in distributions_from_metadata
[14.085s]     yield Distribution.from_location(
[14.087s]   File "/usr/lib/python3/dist-packages/pkg_resources/__init__.py", line 2600, in from_location
[14.101s]     project_name, version, py_version, platform = match.group(
[14.103s] KeyboardInterrupt
[14.143s] Invoked command in '/home/fatrat/ros2_ws/src/rover_mapping' returned '-2': PYTHONPATH=/home/fatrat/ros2_ws/build/rover_mapping/prefix_override:/usr/lib/python3/dist-packages/colcon_core/task/python/colcon_distutils_commands:/home/fatrat/ros2_ws/install/rover_mapping/lib/python3.10/site-packages:${PYTHONPATH} /usr/bin/python3 -W ignore:setup.py install is deprecated -W ignore:easy_install command is deprecated setup.py egg_info --egg-base ../../build/rover_mapping build --build-base /home/fatrat/ros2_ws/build/rover_mapping/build install --record /home/fatrat/ros2_ws/build/rover_mapping/install.log --single-version-externally-managed install_data --force
