[5.717s] Invoking command in '/home/fatrat/ros2_ws/build/rover_vision': PYTHONPATH=/home/fatrat/ros2_ws/build/rover_vision/prefix_override:/usr/lib/python3/dist-packages/colcon_core/task/python/colcon_distutils_commands:/home/fatrat/ros2_ws/install/rover_vision/lib/python3.10/site-packages:${PYTHONPATH} /usr/bin/python3 -W ignore:setup.py install is deprecated -W ignore:easy_install command is deprecated setup.py develop --uninstall --editable --build-directory /home/fatrat/ros2_ws/build/rover_vision/build
[7.158s] running develop
[8.161s] Removing /home/fatrat/ros2_ws/install/rover_vision/lib/python3.10/site-packages/rover-vision.egg-link (link to .)
[8.352s] Invoked command in '/home/fatrat/ros2_ws/build/rover_vision' returned '0': PYTHONPATH=/home/fatrat/ros2_ws/build/rover_vision/prefix_override:/usr/lib/python3/dist-packages/colcon_core/task/python/colcon_distutils_commands:/home/fatrat/ros2_ws/install/rover_vision/lib/python3.10/site-packages:${PYTHONPATH} /usr/bin/python3 -W ignore:setup.py install is deprecated -W ignore:easy_install command is deprecated setup.py develop --uninstall --editable --build-directory /home/fatrat/ros2_ws/build/rover_vision/build
[8.363s] Invoking command in '/home/fatrat/ros2_ws/src/rover_vision': PYTHONPATH=/home/fatrat/ros2_ws/build/rover_vision/prefix_override:/usr/lib/python3/dist-packages/colcon_core/task/python/colcon_distutils_commands:/home/fatrat/ros2_ws/install/rover_vision/lib/python3.10/site-packages:${PYTHONPATH} /usr/bin/python3 -W ignore:setup.py install is deprecated -W ignore:easy_install command is deprecated setup.py egg_info --egg-base ../../build/rover_vision build --build-base /home/fatrat/ros2_ws/build/rover_vision/build install --record /home/fatrat/ros2_ws/build/rover_vision/install.log --single-version-externally-managed install_data --force
[9.690s] running egg_info
[9.693s] writing ../../build/rover_vision/rover_vision.egg-info/PKG-INFO
[9.695s] writing dependency_links to ../../build/rover_vision/rover_vision.egg-info/dependency_links.txt
[9.696s] writing entry points to ../../build/rover_vision/rover_vision.egg-info/entry_points.txt
[9.701s] writing requirements to ../../build/rover_vision/rover_vision.egg-info/requires.txt
[9.702s] writing top-level names to ../../build/rover_vision/rover_vision.egg-info/top_level.txt
[9.710s] reading manifest file '../../build/rover_vision/rover_vision.egg-info/SOURCES.txt'
[9.716s] writing manifest file '../../build/rover_vision/rover_vision.egg-info/SOURCES.txt'
[9.717s] running build
[9.717s] running build_py
[9.718s] creating /home/fatrat/ros2_ws/build/rover_vision/build
[9.719s] creating /home/fatrat/ros2_ws/build/rover_vision/build/lib
[9.719s] creating /home/fatrat/ros2_ws/build/rover_vision/build/lib/rover_vision
[9.720s] copying rover_vision/__init__.py -> /home/fatrat/ros2_ws/build/rover_vision/build/lib/rover_vision
[9.721s] running install
[9.721s] running install_lib
[9.725s] creating /home/fatrat/ros2_ws/install/rover_vision/lib/python3.10/site-packages/rover_vision
[9.726s] copying /home/fatrat/ros2_ws/build/rover_vision/build/lib/rover_vision/__init__.py -> /home/fatrat/ros2_ws/install/rover_vision/lib/python3.10/site-packages/rover_vision
[9.730s] byte-compiling /home/fatrat/ros2_ws/install/rover_vision/lib/python3.10/site-packages/rover_vision/__init__.py to __init__.cpython-310.pyc
[9.731s] running install_data
[9.731s] copying resource/rover_vision -> /home/fatrat/ros2_ws/install/rover_vision/share/ament_index/resource_index/packages
[9.734s] copying package.xml -> /home/fatrat/ros2_ws/install/rover_vision/share/rover_vision
[9.735s] running install_egg_info
[9.744s] Copying ../../build/rover_vision/rover_vision.egg-info to /home/fatrat/ros2_ws/install/rover_vision/lib/python3.10/site-packages/rover_vision-0.0.0-py3.10.egg-info
[9.752s] running install_scripts
[9.885s] writing list of installed files to '/home/fatrat/ros2_ws/build/rover_vision/install.log'
[10.049s] Invoked command in '/home/fatrat/ros2_ws/src/rover_vision' returned '0': PYTHONPATH=/home/fatrat/ros2_ws/build/rover_vision/prefix_override:/usr/lib/python3/dist-packages/colcon_core/task/python/colcon_distutils_commands:/home/fatrat/ros2_ws/install/rover_vision/lib/python3.10/site-packages:${PYTHONPATH} /usr/bin/python3 -W ignore:setup.py install is deprecated -W ignore:easy_install command is deprecated setup.py egg_info --egg-base ../../build/rover_vision build --build-base /home/fatrat/ros2_ws/build/rover_vision/build install --record /home/fatrat/ros2_ws/build/rover_vision/install.log --single-version-externally-managed install_data --force
