[6.845s] Invoking command in '/home/fatrat/ros2_ws/src/rover_vision': PYTHONPATH=/home/fatrat/ros2_ws/build/rover_vision/prefix_override:/usr/lib/python3/dist-packages/colcon_core/task/python/colcon_distutils_commands:/home/fatrat/ros2_ws/install/rover_vision/lib/python3.10/site-packages:${PYTHONPATH} /usr/bin/python3 -W ignore:setup.py install is deprecated -W ignore:easy_install command is deprecated setup.py egg_info --egg-base ../../build/rover_vision build --build-base /home/fatrat/ros2_ws/build/rover_vision/build install --record /home/fatrat/ros2_ws/build/rover_vision/install.log --single-version-externally-managed install_data
[8.944s] running egg_info
[8.949s] writing ../../build/rover_vision/rover_vision.egg-info/PKG-INFO
[8.952s] writing dependency_links to ../../build/rover_vision/rover_vision.egg-info/dependency_links.txt
[8.953s] writing entry points to ../../build/rover_vision/rover_vision.egg-info/entry_points.txt
[8.955s] writing requirements to ../../build/rover_vision/rover_vision.egg-info/requires.txt
[8.956s] writing top-level names to ../../build/rover_vision/rover_vision.egg-info/top_level.txt
[8.969s] reading manifest file '../../build/rover_vision/rover_vision.egg-info/SOURCES.txt'
[8.983s] writing manifest file '../../build/rover_vision/rover_vision.egg-info/SOURCES.txt'
[8.985s] running build
[8.986s] running build_py
[8.986s] copying rover_vision/vision_node.py -> /home/fatrat/ros2_ws/build/rover_vision/build/lib/rover_vision
[9.001s] running install
[9.002s] running install_lib
[9.003s] copying /home/fatrat/ros2_ws/build/rover_vision/build/lib/rover_vision/vision_node.py -> /home/fatrat/ros2_ws/install/rover_vision/lib/python3.10/site-packages/rover_vision
[9.004s] byte-compiling /home/fatrat/ros2_ws/install/rover_vision/lib/python3.10/site-packages/rover_vision/vision_node.py to vision_node.cpython-310.pyc
[9.013s] running install_data
[9.014s] running install_egg_info
[9.027s] removing '/home/fatrat/ros2_ws/install/rover_vision/lib/python3.10/site-packages/rover_vision-0.0.0-py3.10.egg-info' (and everything under it)
[9.029s] Copying ../../build/rover_vision/rover_vision.egg-info to /home/fatrat/ros2_ws/install/rover_vision/lib/python3.10/site-packages/rover_vision-0.0.0-py3.10.egg-info
[9.042s] running install_scripts
[9.135s] Installing vision_node script to /home/fatrat/ros2_ws/install/rover_vision/lib/rover_vision
[9.137s] writing list of installed files to '/home/fatrat/ros2_ws/build/rover_vision/install.log'
[9.273s] Invoked command in '/home/fatrat/ros2_ws/src/rover_vision' returned '0': PYTHONPATH=/home/fatrat/ros2_ws/build/rover_vision/prefix_override:/usr/lib/python3/dist-packages/colcon_core/task/python/colcon_distutils_commands:/home/fatrat/ros2_ws/install/rover_vision/lib/python3.10/site-packages:${PYTHONPATH} /usr/bin/python3 -W ignore:setup.py install is deprecated -W ignore:easy_install command is deprecated setup.py egg_info --egg-base ../../build/rover_vision build --build-base /home/fatrat/ros2_ws/build/rover_vision/build install --record /home/fatrat/ros2_ws/build/rover_vision/install.log --single-version-externally-managed install_data
