[3.592s] Invoking command in '/home/fatrat/ros2_ws/src/rover_vision': PYTHONPATH=/home/fatrat/ros2_ws/build/rover_vision/prefix_override:/usr/lib/python3/dist-packages/colcon_core/task/python/colcon_distutils_commands:/home/fatrat/ros2_ws/install/rover_vision/lib/python3.10/site-packages:${PYTHONPATH} /usr/bin/python3 -W ignore:setup.py install is deprecated -W ignore:easy_install command is deprecated setup.py egg_info --egg-base ../../build/rover_vision build --build-base /home/fatrat/ros2_ws/build/rover_vision/build install --record /home/fatrat/ros2_ws/build/rover_vision/install.log --single-version-externally-managed install_data
[5.003s] running egg_info
[5.007s] writing ../../build/rover_vision/rover_vision.egg-info/PKG-INFO
[5.008s] writing dependency_links to ../../build/rover_vision/rover_vision.egg-info/dependency_links.txt
[5.010s] writing entry points to ../../build/rover_vision/rover_vision.egg-info/entry_points.txt
[5.011s] writing requirements to ../../build/rover_vision/rover_vision.egg-info/requires.txt
[5.013s] writing top-level names to ../../build/rover_vision/rover_vision.egg-info/top_level.txt
[5.024s] reading manifest file '../../build/rover_vision/rover_vision.egg-info/SOURCES.txt'
[5.030s] writing manifest file '../../build/rover_vision/rover_vision.egg-info/SOURCES.txt'
[5.031s] running build
[5.034s] running build_py
[5.035s] copying rover_vision/vision_node.py -> /home/fatrat/ros2_ws/build/rover_vision/build/lib/rover_vision
[5.035s] running install
[5.037s] running install_lib
[5.041s] copying /home/fatrat/ros2_ws/build/rover_vision/build/lib/rover_vision/vision_node.py -> /home/fatrat/ros2_ws/install/rover_vision/lib/python3.10/site-packages/rover_vision
[5.045s] byte-compiling /home/fatrat/ros2_ws/install/rover_vision/lib/python3.10/site-packages/rover_vision/vision_node.py to vision_node.cpython-310.pyc
[5.049s] running install_data
[5.051s] copying package.xml -> /home/fatrat/ros2_ws/install/rover_vision/share/rover_vision
[5.052s] running install_egg_info
[5.065s] removing '/home/fatrat/ros2_ws/install/rover_vision/lib/python3.10/site-packages/rover_vision-0.0.0-py3.10.egg-info' (and everything under it)
[5.082s] Copying ../../build/rover_vision/rover_vision.egg-info to /home/fatrat/ros2_ws/install/rover_vision/lib/python3.10/site-packages/rover_vision-0.0.0-py3.10.egg-info
[5.083s] running install_scripts
[5.190s] Installing vision_node script to /home/fatrat/ros2_ws/install/rover_vision/lib/rover_vision
[5.192s] writing list of installed files to '/home/fatrat/ros2_ws/build/rover_vision/install.log'
[5.339s] Invoked command in '/home/fatrat/ros2_ws/src/rover_vision' returned '0': PYTHONPATH=/home/fatrat/ros2_ws/build/rover_vision/prefix_override:/usr/lib/python3/dist-packages/colcon_core/task/python/colcon_distutils_commands:/home/fatrat/ros2_ws/install/rover_vision/lib/python3.10/site-packages:${PYTHONPATH} /usr/bin/python3 -W ignore:setup.py install is deprecated -W ignore:easy_install command is deprecated setup.py egg_info --egg-base ../../build/rover_vision build --build-base /home/fatrat/ros2_ws/build/rover_vision/build install --record /home/fatrat/ros2_ws/build/rover_vision/install.log --single-version-externally-managed install_data
