[8.021s] Invoking command in '/home/fatrat/ros2_ws/src/rover_arm': PYTHONPATH=/home/fatrat/ros2_ws/build/rover_arm/prefix_override:/usr/lib/python3/dist-packages/colcon_core/task/python/colcon_distutils_commands:/home/fatrat/ros2_ws/install/rover_arm/lib/python3.10/site-packages:${PYTHONPATH} /usr/bin/python3 -W ignore:setup.py install is deprecated -W ignore:easy_install command is deprecated setup.py egg_info --egg-base ../../build/rover_arm build --build-base /home/fatrat/ros2_ws/build/rover_arm/build install --record /home/fatrat/ros2_ws/build/rover_arm/install.log --single-version-externally-managed install_data
[10.104s] running egg_info
[10.108s] writing ../../build/rover_arm/rover_arm.egg-info/PKG-INFO
[10.110s] writing dependency_links to ../../build/rover_arm/rover_arm.egg-info/dependency_links.txt
[10.111s] writing entry points to ../../build/rover_arm/rover_arm.egg-info/entry_points.txt
[10.112s] writing requirements to ../../build/rover_arm/rover_arm.egg-info/requires.txt
[10.114s] writing top-level names to ../../build/rover_arm/rover_arm.egg-info/top_level.txt
[10.126s] reading manifest file '../../build/rover_arm/rover_arm.egg-info/SOURCES.txt'
[10.139s] writing manifest file '../../build/rover_arm/rover_arm.egg-info/SOURCES.txt'
[10.140s] running build
[10.140s] running build_py
[10.147s] running install
[10.149s] running install_lib
[10.154s] creating /home/fatrat/ros2_ws/install/rover_arm/lib/python3.10/site-packages/rover_arm
[10.156s] copying /home/fatrat/ros2_ws/build/rover_arm/build/lib/rover_arm/__init__.py -> /home/fatrat/ros2_ws/install/rover_arm/lib/python3.10/site-packages/rover_arm
[10.159s] byte-compiling /home/fatrat/ros2_ws/install/rover_arm/lib/python3.10/site-packages/rover_arm/__init__.py to __init__.cpython-310.pyc
[10.161s] running install_data
[10.165s] running install_egg_info
[10.207s] Copying ../../build/rover_arm/rover_arm.egg-info to /home/fatrat/ros2_ws/install/rover_arm/lib/python3.10/site-packages/rover_arm-0.0.0-py3.10.egg-info
[10.216s] running install_scripts
[10.331s] writing list of installed files to '/home/fatrat/ros2_ws/build/rover_arm/install.log'
[10.615s] Invoked command in '/home/fatrat/ros2_ws/src/rover_arm' returned '0': PYTHONPATH=/home/fatrat/ros2_ws/build/rover_arm/prefix_override:/usr/lib/python3/dist-packages/colcon_core/task/python/colcon_distutils_commands:/home/fatrat/ros2_ws/install/rover_arm/lib/python3.10/site-packages:${PYTHONPATH} /usr/bin/python3 -W ignore:setup.py install is deprecated -W ignore:easy_install command is deprecated setup.py egg_info --egg-base ../../build/rover_arm build --build-base /home/fatrat/ros2_ws/build/rover_arm/build install --record /home/fatrat/ros2_ws/build/rover_arm/install.log --single-version-externally-managed install_data
