[8.795s] Invoking command in '/home/fatrat/ros2_ws/src/rover_arm': PYTHONPATH=/home/fatrat/ros2_ws/build/rover_arm/prefix_override:/usr/lib/python3/dist-packages/colcon_core/task/python/colcon_distutils_commands:/home/fatrat/ros2_ws/install/rover_arm/lib/python3.10/site-packages:${PYTHONPATH} /usr/bin/python3 -W ignore:setup.py install is deprecated -W ignore:easy_install command is deprecated setup.py egg_info --egg-base ../../build/rover_arm build --build-base /home/fatrat/ros2_ws/build/rover_arm/build install --record /home/fatrat/ros2_ws/build/rover_arm/install.log --single-version-externally-managed install_data
[11.389s] running egg_info
[11.390s] writing ../../build/rover_arm/rover_arm.egg-info/PKG-INFO
[11.391s] writing dependency_links to ../../build/rover_arm/rover_arm.egg-info/dependency_links.txt
[11.393s] writing entry points to ../../build/rover_arm/rover_arm.egg-info/entry_points.txt
[11.394s] writing requirements to ../../build/rover_arm/rover_arm.egg-info/requires.txt
[11.395s] writing top-level names to ../../build/rover_arm/rover_arm.egg-info/top_level.txt
[11.419s] reading manifest file '../../build/rover_arm/rover_arm.egg-info/SOURCES.txt'
[11.426s] writing manifest file '../../build/rover_arm/rover_arm.egg-info/SOURCES.txt'
[11.427s] running build
[11.428s] running build_py
[11.429s] running install
[11.431s] running install_lib
[11.438s] running install_data
[11.439s] running install_egg_info
[11.455s] removing '/home/fatrat/ros2_ws/install/rover_arm/lib/python3.10/site-packages/rover_arm-0.0.0-py3.10.egg-info' (and everything under it)
[11.457s] Copying ../../build/rover_arm/rover_arm.egg-info to /home/fatrat/ros2_ws/install/rover_arm/lib/python3.10/site-packages/rover_arm-0.0.0-py3.10.egg-info
[11.481s] running install_scripts
[11.710s] writing list of installed files to '/home/fatrat/ros2_ws/build/rover_arm/install.log'
[11.853s] Invoked command in '/home/fatrat/ros2_ws/src/rover_arm' returned '0': PYTHONPATH=/home/fatrat/ros2_ws/build/rover_arm/prefix_override:/usr/lib/python3/dist-packages/colcon_core/task/python/colcon_distutils_commands:/home/fatrat/ros2_ws/install/rover_arm/lib/python3.10/site-packages:${PYTHONPATH} /usr/bin/python3 -W ignore:setup.py install is deprecated -W ignore:easy_install command is deprecated setup.py egg_info --egg-base ../../build/rover_arm build --build-base /home/fatrat/ros2_ws/build/rover_arm/build install --record /home/fatrat/ros2_ws/build/rover_arm/install.log --single-version-externally-managed install_data
