[8.194s] Invoking command in '/home/fatrat/ros2_ws/src/rover_mission': PYTHONPATH=/home/fatrat/ros2_ws/build/rover_mission/prefix_override:/usr/lib/python3/dist-packages/colcon_core/task/python/colcon_distutils_commands:/home/fatrat/ros2_ws/install/rover_mission/lib/python3.10/site-packages:${PYTHONPATH} /usr/bin/python3 -W ignore:setup.py install is deprecated -W ignore:easy_install command is deprecated setup.py egg_info --egg-base ../../build/rover_mission build --build-base /home/fatrat/ros2_ws/build/rover_mission/build install --record /home/fatrat/ros2_ws/build/rover_mission/install.log --single-version-externally-managed install_data
[9.992s] running egg_info
[9.994s] writing ../../build/rover_mission/rover_mission.egg-info/PKG-INFO
[9.997s] writing dependency_links to ../../build/rover_mission/rover_mission.egg-info/dependency_links.txt
[10.001s] writing entry points to ../../build/rover_mission/rover_mission.egg-info/entry_points.txt
[10.004s] writing requirements to ../../build/rover_mission/rover_mission.egg-info/requires.txt
[10.006s] writing top-level names to ../../build/rover_mission/rover_mission.egg-info/top_level.txt
[10.020s] reading manifest file '../../build/rover_mission/rover_mission.egg-info/SOURCES.txt'
[10.028s] writing manifest file '../../build/rover_mission/rover_mission.egg-info/SOURCES.txt'
[10.030s] running build
[10.033s] running build_py
[10.038s] copying rover_mission/mission_node.py -> /home/fatrat/ros2_ws/build/rover_mission/build/lib/rover_mission
[10.042s] running install
[10.045s] running install_lib
[10.052s] copying /home/fatrat/ros2_ws/build/rover_mission/build/lib/rover_mission/mission_node.py -> /home/fatrat/ros2_ws/install/rover_mission/lib/python3.10/site-packages/rover_mission
[10.059s] byte-compiling /home/fatrat/ros2_ws/install/rover_mission/lib/python3.10/site-packages/rover_mission/mission_node.py to mission_node.cpython-310.pyc
[10.066s] running install_data
[10.070s] running install_egg_info
[10.098s] removing '/home/fatrat/ros2_ws/install/rover_mission/lib/python3.10/site-packages/rover_mission-0.0.0-py3.10.egg-info' (and everything under it)
[10.102s] Copying ../../build/rover_mission/rover_mission.egg-info to /home/fatrat/ros2_ws/install/rover_mission/lib/python3.10/site-packages/rover_mission-0.0.0-py3.10.egg-info
[10.115s] running install_scripts
[10.298s] Installing mission_node script to /home/fatrat/ros2_ws/install/rover_mission/lib/rover_mission
[10.306s] writing list of installed files to '/home/fatrat/ros2_ws/build/rover_mission/install.log'
[10.711s] Invoked command in '/home/fatrat/ros2_ws/src/rover_mission' returned '0': PYTHONPATH=/home/fatrat/ros2_ws/build/rover_mission/prefix_override:/usr/lib/python3/dist-packages/colcon_core/task/python/colcon_distutils_commands:/home/fatrat/ros2_ws/install/rover_mission/lib/python3.10/site-packages:${PYTHONPATH} /usr/bin/python3 -W ignore:setup.py install is deprecated -W ignore:easy_install command is deprecated setup.py egg_info --egg-base ../../build/rover_mission build --build-base /home/fatrat/ros2_ws/build/rover_mission/build install --record /home/fatrat/ros2_ws/build/rover_mission/install.log --single-version-externally-managed install_data
