[8.356s] Invoking command in '/home/fatrat/ros2_ws/src/rover_mission': PYTHONPATH=/home/fatrat/ros2_ws/build/rover_mission/prefix_override:/usr/lib/python3/dist-packages/colcon_core/task/python/colcon_distutils_commands:/home/fatrat/ros2_ws/install/rover_mission/lib/python3.10/site-packages:${PYTHONPATH} /usr/bin/python3 -W ignore:setup.py install is deprecated -W ignore:easy_install command is deprecated setup.py egg_info --egg-base ../../build/rover_mission build --build-base /home/fatrat/ros2_ws/build/rover_mission/build install --record /home/fatrat/ros2_ws/build/rover_mission/install.log --single-version-externally-managed install_data
[10.973s] running egg_info
[10.977s] writing ../../build/rover_mission/rover_mission.egg-info/PKG-INFO
[10.979s] writing dependency_links to ../../build/rover_mission/rover_mission.egg-info/dependency_links.txt
[10.981s] writing entry points to ../../build/rover_mission/rover_mission.egg-info/entry_points.txt
[10.982s] writing requirements to ../../build/rover_mission/rover_mission.egg-info/requires.txt
[10.983s] writing top-level names to ../../build/rover_mission/rover_mission.egg-info/top_level.txt
[10.994s] reading manifest file '../../build/rover_mission/rover_mission.egg-info/SOURCES.txt'
[11.000s] writing manifest file '../../build/rover_mission/rover_mission.egg-info/SOURCES.txt'
[11.001s] running build
[11.001s] running build_py
[11.002s] copying rover_mission/mission_node.py -> /home/fatrat/ros2_ws/build/rover_mission/build/lib/rover_mission
[11.004s] running install
[11.005s] running install_lib
[11.014s] copying /home/fatrat/ros2_ws/build/rover_mission/build/lib/rover_mission/mission_node.py -> /home/fatrat/ros2_ws/install/rover_mission/lib/python3.10/site-packages/rover_mission
[11.015s] byte-compiling /home/fatrat/ros2_ws/install/rover_mission/lib/python3.10/site-packages/rover_mission/mission_node.py to mission_node.cpython-310.pyc
[11.018s] running install_data
[11.018s] copying package.xml -> /home/fatrat/ros2_ws/install/rover_mission/share/rover_mission
[11.019s] running install_egg_info
[11.038s] removing '/home/fatrat/ros2_ws/install/rover_mission/lib/python3.10/site-packages/rover_mission-0.0.0-py3.10.egg-info' (and everything under it)
[11.043s] Copying ../../build/rover_mission/rover_mission.egg-info to /home/fatrat/ros2_ws/install/rover_mission/lib/python3.10/site-packages/rover_mission-0.0.0-py3.10.egg-info
[11.059s] running install_scripts
[11.218s] Installing mission_node script to /home/fatrat/ros2_ws/install/rover_mission/lib/rover_mission
[11.221s] writing list of installed files to '/home/fatrat/ros2_ws/build/rover_mission/install.log'
[11.429s] Invoked command in '/home/fatrat/ros2_ws/src/rover_mission' returned '0': PYTHONPATH=/home/fatrat/ros2_ws/build/rover_mission/prefix_override:/usr/lib/python3/dist-packages/colcon_core/task/python/colcon_distutils_commands:/home/fatrat/ros2_ws/install/rover_mission/lib/python3.10/site-packages:${PYTHONPATH} /usr/bin/python3 -W ignore:setup.py install is deprecated -W ignore:easy_install command is deprecated setup.py egg_info --egg-base ../../build/rover_mission build --build-base /home/fatrat/ros2_ws/build/rover_mission/build install --record /home/fatrat/ros2_ws/build/rover_mission/install.log --single-version-externally-managed install_data
