[9.235s] Invoking command in '/home/fatrat/ros2_ws/src/rover_bringup': PYTHONPATH=/home/fatrat/ros2_ws/build/rover_bringup/prefix_override:/usr/lib/python3/dist-packages/colcon_core/task/python/colcon_distutils_commands:/home/fatrat/ros2_ws/install/rover_bringup/lib/python3.10/site-packages:${PYTHONPATH} /usr/bin/python3 -W ignore:setup.py install is deprecated -W ignore:easy_install command is deprecated setup.py egg_info --egg-base ../../build/rover_bringup build --build-base /home/fatrat/ros2_ws/build/rover_bringup/build install --record /home/fatrat/ros2_ws/build/rover_bringup/install.log --single-version-externally-managed install_data
[11.391s] running egg_info
[11.395s] writing ../../build/rover_bringup/rover_bringup.egg-info/PKG-INFO
[11.405s] writing dependency_links to ../../build/rover_bringup/rover_bringup.egg-info/dependency_links.txt
[11.407s] writing entry points to ../../build/rover_bringup/rover_bringup.egg-info/entry_points.txt
[11.408s] writing requirements to ../../build/rover_bringup/rover_bringup.egg-info/requires.txt
[11.409s] writing top-level names to ../../build/rover_bringup/rover_bringup.egg-info/top_level.txt
[11.418s] reading manifest file '../../build/rover_bringup/rover_bringup.egg-info/SOURCES.txt'
[11.435s] writing manifest file '../../build/rover_bringup/rover_bringup.egg-info/SOURCES.txt'
[11.436s] running build
[11.437s] running build_py
[11.443s] running install
[11.445s] running install_lib
[11.470s] running install_data
[11.471s] running install_egg_info
[11.498s] removing '/home/fatrat/ros2_ws/install/rover_bringup/lib/python3.10/site-packages/rover_bringup-0.0.0-py3.10.egg-info' (and everything under it)
[11.500s] Copying ../../build/rover_bringup/rover_bringup.egg-info to /home/fatrat/ros2_ws/install/rover_bringup/lib/python3.10/site-packages/rover_bringup-0.0.0-py3.10.egg-info
[11.509s] running install_scripts
[11.686s] writing list of installed files to '/home/fatrat/ros2_ws/build/rover_bringup/install.log'
[12.254s] Invoked command in '/home/fatrat/ros2_ws/src/rover_bringup' returned '0': PYTHONPATH=/home/fatrat/ros2_ws/build/rover_bringup/prefix_override:/usr/lib/python3/dist-packages/colcon_core/task/python/colcon_distutils_commands:/home/fatrat/ros2_ws/install/rover_bringup/lib/python3.10/site-packages:${PYTHONPATH} /usr/bin/python3 -W ignore:setup.py install is deprecated -W ignore:easy_install command is deprecated setup.py egg_info --egg-base ../../build/rover_bringup build --build-base /home/fatrat/ros2_ws/build/rover_bringup/build install --record /home/fatrat/ros2_ws/build/rover_bringup/install.log --single-version-externally-managed install_data
