[8.530s] Invoking command in '/home/fatrat/ros2_ws/src/rover_arm': PYTHONPATH=/home/fatrat/ros2_ws/build/rover_arm/prefix_override:/usr/lib/python3/dist-packages/colcon_core/task/python/colcon_distutils_commands:/home/fatrat/ros2_ws/install/rover_arm/lib/python3.10/site-packages:${PYTHONPATH} /usr/bin/python3 -W ignore:setup.py install is deprecated -W ignore:easy_install command is deprecated setup.py egg_info --egg-base ../../build/rover_arm build --build-base /home/fatrat/ros2_ws/build/rover_arm/build install --record /home/fatrat/ros2_ws/build/rover_arm/install.log --single-version-externally-managed install_data
[10.847s] running egg_info
[10.852s] writing ../../build/rover_arm/rover_arm.egg-info/PKG-INFO
[10.854s] writing dependency_links to ../../build/rover_arm/rover_arm.egg-info/dependency_links.txt
[10.855s] writing entry points to ../../build/rover_arm/rover_arm.egg-info/entry_points.txt
[10.857s] writing requirements to ../../build/rover_arm/rover_arm.egg-info/requires.txt
[10.859s] writing top-level names to ../../build/rover_arm/rover_arm.egg-info/top_level.txt
[10.875s] reading manifest file '../../build/rover_arm/rover_arm.egg-info/SOURCES.txt'
[10.881s] writing manifest file '../../build/rover_arm/rover_arm.egg-info/SOURCES.txt'
[10.883s] running build
[10.883s] running build_py
[10.884s] running install
[10.888s] running install_lib
[10.896s] running install_data
[10.897s] running install_egg_info
[10.915s] removing '/home/fatrat/ros2_ws/install/rover_arm/lib/python3.10/site-packages/rover_arm-0.0.0-py3.10.egg-info' (and everything under it)
[10.917s] Copying ../../build/rover_arm/rover_arm.egg-info to /home/fatrat/ros2_ws/install/rover_arm/lib/python3.10/site-packages/rover_arm-0.0.0-py3.10.egg-info
[10.930s] running install_scripts
[11.135s] writing list of installed files to '/home/fatrat/ros2_ws/build/rover_arm/install.log'
[13.015s] Invoked command in '/home/fatrat/ros2_ws/src/rover_arm' returned '0': PYTHONPATH=/home/fatrat/ros2_ws/build/rover_arm/prefix_override:/usr/lib/python3/dist-packages/colcon_core/task/python/colcon_distutils_commands:/home/fatrat/ros2_ws/install/rover_arm/lib/python3.10/site-packages:${PYTHONPATH} /usr/bin/python3 -W ignore:setup.py install is deprecated -W ignore:easy_install command is deprecated setup.py egg_info --egg-base ../../build/rover_arm build --build-base /home/fatrat/ros2_ws/build/rover_arm/build install --record /home/fatrat/ros2_ws/build/rover_arm/install.log --single-version-externally-managed install_data
