[9.061s] Invoking command in '/home/fatrat/ros2_ws/src/rover_control1': PYTHONPATH=/home/fatrat/ros2_ws/build/rover_control1/prefix_override:/usr/lib/python3/dist-packages/colcon_core/task/python/colcon_distutils_commands:/home/fatrat/ros2_ws/install/rover_control1/lib/python3.10/site-packages:${PYTHONPATH} /usr/bin/python3 -W ignore:setup.py install is deprecated -W ignore:easy_install command is deprecated setup.py egg_info --egg-base ../../build/rover_control1 build --build-base /home/fatrat/ros2_ws/build/rover_control1/build install --record /home/fatrat/ros2_ws/build/rover_control1/install.log --single-version-externally-managed install_data
[12.008s] running egg_info
[12.012s] writing ../../build/rover_control1/rover_control1.egg-info/PKG-INFO
[12.013s] writing dependency_links to ../../build/rover_control1/rover_control1.egg-info/dependency_links.txt
[12.015s] writing entry points to ../../build/rover_control1/rover_control1.egg-info/entry_points.txt
[12.016s] writing requirements to ../../build/rover_control1/rover_control1.egg-info/requires.txt
[12.022s] writing top-level names to ../../build/rover_control1/rover_control1.egg-info/top_level.txt
[12.027s] reading manifest file '../../build/rover_control1/rover_control1.egg-info/SOURCES.txt'
[12.032s] writing manifest file '../../build/rover_control1/rover_control1.egg-info/SOURCES.txt'
[12.033s] running build
[12.033s] running build_py
[12.034s] running install
[12.036s] running install_lib
[12.043s] running install_data
[12.044s] running install_egg_info
[12.057s] removing '/home/fatrat/ros2_ws/install/rover_control1/lib/python3.10/site-packages/rover_control1-0.0.0-py3.10.egg-info' (and everything under it)
[12.060s] Copying ../../build/rover_control1/rover_control1.egg-info to /home/fatrat/ros2_ws/install/rover_control1/lib/python3.10/site-packages/rover_control1-0.0.0-py3.10.egg-info
[12.067s] running install_scripts
[12.167s] Installing rover_driver script to /home/fatrat/ros2_ws/install/rover_control1/lib/rover_control1
[12.170s] writing list of installed files to '/home/fatrat/ros2_ws/build/rover_control1/install.log'
[13.324s] Invoked command in '/home/fatrat/ros2_ws/src/rover_control1' returned '0': PYTHONPATH=/home/fatrat/ros2_ws/build/rover_control1/prefix_override:/usr/lib/python3/dist-packages/colcon_core/task/python/colcon_distutils_commands:/home/fatrat/ros2_ws/install/rover_control1/lib/python3.10/site-packages:${PYTHONPATH} /usr/bin/python3 -W ignore:setup.py install is deprecated -W ignore:easy_install command is deprecated setup.py egg_info --egg-base ../../build/rover_control1 build --build-base /home/fatrat/ros2_ws/build/rover_control1/build install --record /home/fatrat/ros2_ws/build/rover_control1/install.log --single-version-externally-managed install_data
