[0.465s] DEBUG:colcon:Command line arguments: ['/usr/bin/colcon', 'build', '--symlink-install']
[0.466s] DEBUG:colcon:Parsed command line arguments: Namespace(log_base=None, log_level=None, verb_name='build', build_base='build', install_base='install', merge_install=False, symlink_install=True, test_result_base=None, continue_on_error=False, executor='parallel', parallel_workers=4, event_handlers=None, ignore_user_meta=False, metas=['./colcon.meta'], base_paths=['.'], packages_ignore=None, packages_ignore_regex=None, paths=None, packages_up_to=None, packages_up_to_regex=None, packages_above=None, packages_above_and_dependencies=None, packages_above_depth=None, packages_select_by_dep=None, packages_skip_by_dep=None, packages_skip_up_to=None, packages_select_build_failed=False, packages_skip_build_finished=False, packages_select_test_failures=False, packages_skip_test_passed=False, packages_select=None, packages_skip=None, packages_select_regex=None, packages_skip_regex=None, packages_start=None, packages_end=None, allow_overriding=[], cmake_args=None, cmake_target=None, cmake_target_skip_unavailable=False, cmake_clean_cache=False, cmake_clean_first=False, cmake_force_configure=False, ament_cmake_args=None, catkin_cmake_args=None, catkin_skip_building_tests=False, verb_parser=<colcon_defaults.argument_parser.defaults.DefaultArgumentsDecorator object at 0xffffa0508be0>, verb_extension=<colcon_core.verb.build.BuildVerb object at 0xffffa06a60b0>, main=<bound method BuildVerb.main of <colcon_core.verb.build.BuildVerb object at 0xffffa06a60b0>>)
[1.261s] Level 1:colcon.colcon_core.package_discovery:discover_packages(colcon_meta) check parameters
[1.262s] Level 1:colcon.colcon_core.package_discovery:discover_packages(recursive) check parameters
[1.262s] Level 1:colcon.colcon_core.package_discovery:discover_packages(ignore) check parameters
[1.262s] Level 1:colcon.colcon_core.package_discovery:discover_packages(path) check parameters
[1.262s] Level 1:colcon.colcon_core.package_discovery:discover_packages(colcon_meta) discover
[1.262s] Level 1:colcon.colcon_core.package_discovery:discover_packages(recursive) discover
[1.262s] INFO:colcon.colcon_core.package_discovery:Crawling recursively for packages in '/home/fatrat/ros2_ws'
[1.263s] Level 1:colcon.colcon_core.package_identification:_identify(.) by extensions ['ignore', 'ignore_ament_install']
[1.263s] Level 1:colcon.colcon_core.package_identification:_identify(.) by extension 'ignore'
[1.263s] Level 1:colcon.colcon_core.package_identification:_identify(.) by extension 'ignore_ament_install'
[1.264s] Level 1:colcon.colcon_core.package_identification:_identify(.) by extensions ['colcon_pkg']
[1.264s] Level 1:colcon.colcon_core.package_identification:_identify(.) by extension 'colcon_pkg'
[1.264s] Level 1:colcon.colcon_core.package_identification:_identify(.) by extensions ['colcon_meta']
[1.264s] Level 1:colcon.colcon_core.package_identification:_identify(.) by extension 'colcon_meta'
[1.264s] Level 1:colcon.colcon_core.package_identification:_identify(.) by extensions ['ros']
[1.264s] Level 1:colcon.colcon_core.package_identification:_identify(.) by extension 'ros'
[1.313s] Level 1:colcon.colcon_core.package_identification:_identify(.) by extensions ['cmake', 'python']
[1.313s] Level 1:colcon.colcon_core.package_identification:_identify(.) by extension 'cmake'
[1.313s] Level 1:colcon.colcon_core.package_identification:_identify(.) by extension 'python'
[1.314s] Level 1:colcon.colcon_core.package_identification:_identify(.) by extensions ['python_setup_py']
[1.314s] Level 1:colcon.colcon_core.package_identification:_identify(.) by extension 'python_setup_py'
[1.314s] Level 1:colcon.colcon_core.package_identification:_identify(build) by extensions ['ignore', 'ignore_ament_install']
[1.315s] Level 1:colcon.colcon_core.package_identification:_identify(build) by extension 'ignore'
[1.315s] Level 1:colcon.colcon_core.package_identification:_identify(build) ignored
[1.316s] Level 1:colcon.colcon_core.package_identification:_identify(install) by extensions ['ignore', 'ignore_ament_install']
[1.316s] Level 1:colcon.colcon_core.package_identification:_identify(install) by extension 'ignore'
[1.316s] Level 1:colcon.colcon_core.package_identification:_identify(install) ignored
[1.317s] Level 1:colcon.colcon_core.package_identification:_identify(log) by extensions ['ignore', 'ignore_ament_install']
[1.317s] Level 1:colcon.colcon_core.package_identification:_identify(log) by extension 'ignore'
[1.317s] Level 1:colcon.colcon_core.package_identification:_identify(log) ignored
[1.317s] Level 1:colcon.colcon_core.package_identification:_identify(src) by extensions ['ignore', 'ignore_ament_install']
[1.318s] Level 1:colcon.colcon_core.package_identification:_identify(src) by extension 'ignore'
[1.318s] Level 1:colcon.colcon_core.package_identification:_identify(src) by extension 'ignore_ament_install'
[1.318s] Level 1:colcon.colcon_core.package_identification:_identify(src) by extensions ['colcon_pkg']
[1.318s] Level 1:colcon.colcon_core.package_identification:_identify(src) by extension 'colcon_pkg'
[1.318s] Level 1:colcon.colcon_core.package_identification:_identify(src) by extensions ['colcon_meta']
[1.318s] Level 1:colcon.colcon_core.package_identification:_identify(src) by extension 'colcon_meta'
[1.319s] Level 1:colcon.colcon_core.package_identification:_identify(src) by extensions ['ros']
[1.319s] Level 1:colcon.colcon_core.package_identification:_identify(src) by extension 'ros'
[1.319s] Level 1:colcon.colcon_core.package_identification:_identify(src) by extensions ['cmake', 'python']
[1.319s] Level 1:colcon.colcon_core.package_identification:_identify(src) by extension 'cmake'
[1.319s] Level 1:colcon.colcon_core.package_identification:_identify(src) by extension 'python'
[1.320s] Level 1:colcon.colcon_core.package_identification:_identify(src) by extensions ['python_setup_py']
[1.320s] Level 1:colcon.colcon_core.package_identification:_identify(src) by extension 'python_setup_py'
[1.320s] Level 1:colcon.colcon_core.package_identification:_identify(src/rover_control1) by extensions ['ignore', 'ignore_ament_install']
[1.320s] Level 1:colcon.colcon_core.package_identification:_identify(src/rover_control1) by extension 'ignore'
[1.321s] Level 1:colcon.colcon_core.package_identification:_identify(src/rover_control1) by extension 'ignore_ament_install'
[1.321s] Level 1:colcon.colcon_core.package_identification:_identify(src/rover_control1) by extensions ['colcon_pkg']
[1.321s] Level 1:colcon.colcon_core.package_identification:_identify(src/rover_control1) by extension 'colcon_pkg'
[1.321s] Level 1:colcon.colcon_core.package_identification:_identify(src/rover_control1) by extensions ['colcon_meta']
[1.321s] Level 1:colcon.colcon_core.package_identification:_identify(src/rover_control1) by extension 'colcon_meta'
[1.321s] Level 1:colcon.colcon_core.package_identification:_identify(src/rover_control1) by extensions ['ros']
[1.321s] Level 1:colcon.colcon_core.package_identification:_identify(src/rover_control1) by extension 'ros'
[1.330s] DEBUG:colcon.colcon_core.package_identification:Package 'src/rover_control1' with type 'ros.ament_python' and name 'rover_control1'
[1.330s] Level 1:colcon.colcon_core.package_identification:_identify(src/rover_mapping) by extensions ['ignore', 'ignore_ament_install']
[1.331s] Level 1:colcon.colcon_core.package_identification:_identify(src/rover_mapping) by extension 'ignore'
[1.331s] Level 1:colcon.colcon_core.package_identification:_identify(src/rover_mapping) by extension 'ignore_ament_install'
[1.331s] Level 1:colcon.colcon_core.package_identification:_identify(src/rover_mapping) by extensions ['colcon_pkg']
[1.331s] Level 1:colcon.colcon_core.package_identification:_identify(src/rover_mapping) by extension 'colcon_pkg'
[1.332s] Level 1:colcon.colcon_core.package_identification:_identify(src/rover_mapping) by extensions ['colcon_meta']
[1.332s] Level 1:colcon.colcon_core.package_identification:_identify(src/rover_mapping) by extension 'colcon_meta'
[1.332s] Level 1:colcon.colcon_core.package_identification:_identify(src/rover_mapping) by extensions ['ros']
[1.332s] Level 1:colcon.colcon_core.package_identification:_identify(src/rover_mapping) by extension 'ros'
[1.334s] DEBUG:colcon.colcon_core.package_identification:Package 'src/rover_mapping' with type 'ros.ament_python' and name 'rover_mapping'
[1.335s] Level 1:colcon.colcon_core.package_identification:_identify(src/rover_navigation) by extensions ['ignore', 'ignore_ament_install']
[1.335s] Level 1:colcon.colcon_core.package_identification:_identify(src/rover_navigation) by extension 'ignore'
[1.335s] Level 1:colcon.colcon_core.package_identification:_identify(src/rover_navigation) by extension 'ignore_ament_install'
[1.335s] Level 1:colcon.colcon_core.package_identification:_identify(src/rover_navigation) by extensions ['colcon_pkg']
[1.336s] Level 1:colcon.colcon_core.package_identification:_identify(src/rover_navigation) by extension 'colcon_pkg'
[1.336s] Level 1:colcon.colcon_core.package_identification:_identify(src/rover_navigation) by extensions ['colcon_meta']
[1.336s] Level 1:colcon.colcon_core.package_identification:_identify(src/rover_navigation) by extension 'colcon_meta'
[1.336s] Level 1:colcon.colcon_core.package_identification:_identify(src/rover_navigation) by extensions ['ros']
[1.336s] Level 1:colcon.colcon_core.package_identification:_identify(src/rover_navigation) by extension 'ros'
[1.338s] DEBUG:colcon.colcon_core.package_identification:Package 'src/rover_navigation' with type 'ros.ament_python' and name 'rover_navigation'
[1.339s] Level 1:colcon.colcon_core.package_identification:_identify(src/rover_vision) by extensions ['ignore', 'ignore_ament_install']
[1.339s] Level 1:colcon.colcon_core.package_identification:_identify(src/rover_vision) by extension 'ignore'
[1.339s] Level 1:colcon.colcon_core.package_identification:_identify(src/rover_vision) by extension 'ignore_ament_install'
[1.340s] Level 1:colcon.colcon_core.package_identification:_identify(src/rover_vision) by extensions ['colcon_pkg']
[1.340s] Level 1:colcon.colcon_core.package_identification:_identify(src/rover_vision) by extension 'colcon_pkg'
[1.340s] Level 1:colcon.colcon_core.package_identification:_identify(src/rover_vision) by extensions ['colcon_meta']
[1.340s] Level 1:colcon.colcon_core.package_identification:_identify(src/rover_vision) by extension 'colcon_meta'
[1.340s] Level 1:colcon.colcon_core.package_identification:_identify(src/rover_vision) by extensions ['ros']
[1.340s] Level 1:colcon.colcon_core.package_identification:_identify(src/rover_vision) by extension 'ros'
[1.343s] DEBUG:colcon.colcon_core.package_identification:Package 'src/rover_vision' with type 'ros.ament_python' and name 'rover_vision'
[1.343s] Level 1:colcon.colcon_core.package_discovery:discover_packages(recursive) using defaults
[1.343s] Level 1:colcon.colcon_core.package_discovery:discover_packages(ignore) discover
[1.343s] Level 1:colcon.colcon_core.package_discovery:discover_packages(ignore) using defaults
[1.344s] Level 1:colcon.colcon_core.package_discovery:discover_packages(path) discover
[1.344s] Level 1:colcon.colcon_core.package_discovery:discover_packages(path) using defaults
[1.427s] Level 1:colcon.colcon_core.package_discovery:discover_packages(prefix_path) check parameters
[1.427s] Level 1:colcon.colcon_core.package_discovery:discover_packages(prefix_path) discover
[1.436s] DEBUG:colcon.colcon_installed_package_information.package_discovery:Found 4 installed packages in /home/fatrat/ros2_ws/install
[1.446s] DEBUG:colcon.colcon_installed_package_information.package_discovery:Found 320 installed packages in /opt/ros/humble
[1.498s] Level 1:colcon.colcon_core.package_discovery:discover_packages(prefix_path) using defaults
[1.685s] Level 5:colcon.colcon_core.verb:set package 'rover_control1' build argument 'cmake_args' from command line to 'None'
[1.685s] Level 5:colcon.colcon_core.verb:set package 'rover_control1' build argument 'cmake_target' from command line to 'None'
[1.685s] Level 5:colcon.colcon_core.verb:set package 'rover_control1' build argument 'cmake_target_skip_unavailable' from command line to 'False'
[1.685s] Level 5:colcon.colcon_core.verb:set package 'rover_control1' build argument 'cmake_clean_cache' from command line to 'False'
[1.685s] Level 5:colcon.colcon_core.verb:set package 'rover_control1' build argument 'cmake_clean_first' from command line to 'False'
[1.686s] Level 5:colcon.colcon_core.verb:set package 'rover_control1' build argument 'cmake_force_configure' from command line to 'False'
[1.686s] Level 5:colcon.colcon_core.verb:set package 'rover_control1' build argument 'ament_cmake_args' from command line to 'None'
[1.686s] Level 5:colcon.colcon_core.verb:set package 'rover_control1' build argument 'catkin_cmake_args' from command line to 'None'
[1.686s] Level 5:colcon.colcon_core.verb:set package 'rover_control1' build argument 'catkin_skip_building_tests' from command line to 'False'
[1.686s] DEBUG:colcon.colcon_core.verb:Building package 'rover_control1' with the following arguments: {'ament_cmake_args': None, 'build_base': '/home/fatrat/ros2_ws/build/rover_control1', 'catkin_cmake_args': None, 'catkin_skip_building_tests': False, 'cmake_args': None, 'cmake_clean_cache': False, 'cmake_clean_first': False, 'cmake_force_configure': False, 'cmake_target': None, 'cmake_target_skip_unavailable': False, 'install_base': '/home/fatrat/ros2_ws/install/rover_control1', 'merge_install': False, 'path': '/home/fatrat/ros2_ws/src/rover_control1', 'symlink_install': True, 'test_result_base': None}
[1.688s] Level 5:colcon.colcon_core.verb:set package 'rover_mapping' build argument 'cmake_args' from command line to 'None'
[1.688s] Level 5:colcon.colcon_core.verb:set package 'rover_mapping' build argument 'cmake_target' from command line to 'None'
[1.688s] Level 5:colcon.colcon_core.verb:set package 'rover_mapping' build argument 'cmake_target_skip_unavailable' from command line to 'False'
[1.688s] Level 5:colcon.colcon_core.verb:set package 'rover_mapping' build argument 'cmake_clean_cache' from command line to 'False'
[1.688s] Level 5:colcon.colcon_core.verb:set package 'rover_mapping' build argument 'cmake_clean_first' from command line to 'False'
[1.688s] Level 5:colcon.colcon_core.verb:set package 'rover_mapping' build argument 'cmake_force_configure' from command line to 'False'
[1.688s] Level 5:colcon.colcon_core.verb:set package 'rover_mapping' build argument 'ament_cmake_args' from command line to 'None'
[1.688s] Level 5:colcon.colcon_core.verb:set package 'rover_mapping' build argument 'catkin_cmake_args' from command line to 'None'
[1.688s] Level 5:colcon.colcon_core.verb:set package 'rover_mapping' build argument 'catkin_skip_building_tests' from command line to 'False'
[1.689s] DEBUG:colcon.colcon_core.verb:Building package 'rover_mapping' with the following arguments: {'ament_cmake_args': None, 'build_base': '/home/fatrat/ros2_ws/build/rover_mapping', 'catkin_cmake_args': None, 'catkin_skip_building_tests': False, 'cmake_args': None, 'cmake_clean_cache': False, 'cmake_clean_first': False, 'cmake_force_configure': False, 'cmake_target': None, 'cmake_target_skip_unavailable': False, 'install_base': '/home/fatrat/ros2_ws/install/rover_mapping', 'merge_install': False, 'path': '/home/fatrat/ros2_ws/src/rover_mapping', 'symlink_install': True, 'test_result_base': None}
[1.690s] Level 5:colcon.colcon_core.verb:set package 'rover_navigation' build argument 'cmake_args' from command line to 'None'
[1.690s] Level 5:colcon.colcon_core.verb:set package 'rover_navigation' build argument 'cmake_target' from command line to 'None'
[1.690s] Level 5:colcon.colcon_core.verb:set package 'rover_navigation' build argument 'cmake_target_skip_unavailable' from command line to 'False'
[1.690s] Level 5:colcon.colcon_core.verb:set package 'rover_navigation' build argument 'cmake_clean_cache' from command line to 'False'
[1.690s] Level 5:colcon.colcon_core.verb:set package 'rover_navigation' build argument 'cmake_clean_first' from command line to 'False'
[1.690s] Level 5:colcon.colcon_core.verb:set package 'rover_navigation' build argument 'cmake_force_configure' from command line to 'False'
[1.691s] Level 5:colcon.colcon_core.verb:set package 'rover_navigation' build argument 'ament_cmake_args' from command line to 'None'
[1.691s] Level 5:colcon.colcon_core.verb:set package 'rover_navigation' build argument 'catkin_cmake_args' from command line to 'None'
[1.691s] Level 5:colcon.colcon_core.verb:set package 'rover_navigation' build argument 'catkin_skip_building_tests' from command line to 'False'
[1.691s] DEBUG:colcon.colcon_core.verb:Building package 'rover_navigation' with the following arguments: {'ament_cmake_args': None, 'build_base': '/home/fatrat/ros2_ws/build/rover_navigation', 'catkin_cmake_args': None, 'catkin_skip_building_tests': False, 'cmake_args': None, 'cmake_clean_cache': False, 'cmake_clean_first': False, 'cmake_force_configure': False, 'cmake_target': None, 'cmake_target_skip_unavailable': False, 'install_base': '/home/fatrat/ros2_ws/install/rover_navigation', 'merge_install': False, 'path': '/home/fatrat/ros2_ws/src/rover_navigation', 'symlink_install': True, 'test_result_base': None}
[1.692s] Level 5:colcon.colcon_core.verb:set package 'rover_vision' build argument 'cmake_args' from command line to 'None'
[1.692s] Level 5:colcon.colcon_core.verb:set package 'rover_vision' build argument 'cmake_target' from command line to 'None'
[1.693s] Level 5:colcon.colcon_core.verb:set package 'rover_vision' build argument 'cmake_target_skip_unavailable' from command line to 'False'
[1.693s] Level 5:colcon.colcon_core.verb:set package 'rover_vision' build argument 'cmake_clean_cache' from command line to 'False'
[1.693s] Level 5:colcon.colcon_core.verb:set package 'rover_vision' build argument 'cmake_clean_first' from command line to 'False'
[1.693s] Level 5:colcon.colcon_core.verb:set package 'rover_vision' build argument 'cmake_force_configure' from command line to 'False'
[1.693s] Level 5:colcon.colcon_core.verb:set package 'rover_vision' build argument 'ament_cmake_args' from command line to 'None'
[1.693s] Level 5:colcon.colcon_core.verb:set package 'rover_vision' build argument 'catkin_cmake_args' from command line to 'None'
[1.693s] Level 5:colcon.colcon_core.verb:set package 'rover_vision' build argument 'catkin_skip_building_tests' from command line to 'False'
[1.693s] DEBUG:colcon.colcon_core.verb:Building package 'rover_vision' with the following arguments: {'ament_cmake_args': None, 'build_base': '/home/fatrat/ros2_ws/build/rover_vision', 'catkin_cmake_args': None, 'catkin_skip_building_tests': False, 'cmake_args': None, 'cmake_clean_cache': False, 'cmake_clean_first': False, 'cmake_force_configure': False, 'cmake_target': None, 'cmake_target_skip_unavailable': False, 'install_base': '/home/fatrat/ros2_ws/install/rover_vision', 'merge_install': False, 'path': '/home/fatrat/ros2_ws/src/rover_vision', 'symlink_install': True, 'test_result_base': None}
[1.694s] INFO:colcon.colcon_core.executor:Executing jobs using 'parallel' executor
[1.697s] DEBUG:colcon.colcon_parallel_executor.executor.parallel:run_until_complete
[1.698s] INFO:colcon.colcon_ros.task.ament_python.build:Building ROS package in '/home/fatrat/ros2_ws/src/rover_control1' with build type 'ament_python'
[1.699s] Level 1:colcon.colcon_core.shell:create_environment_hook('rover_control1', 'ament_prefix_path')
[1.708s] INFO:colcon.colcon_core.plugin_system:Skipping extension 'colcon_core.shell.bat': Not used on non-Windows systems
[1.709s] INFO:colcon.colcon_core.shell:Creating environment hook '/home/fatrat/ros2_ws/install/rover_control1/share/rover_control1/hook/ament_prefix_path.ps1'
[1.713s] INFO:colcon.colcon_core.shell:Creating environment descriptor '/home/fatrat/ros2_ws/install/rover_control1/share/rover_control1/hook/ament_prefix_path.dsv'
[1.715s] INFO:colcon.colcon_core.shell:Creating environment hook '/home/fatrat/ros2_ws/install/rover_control1/share/rover_control1/hook/ament_prefix_path.sh'
[1.719s] INFO:colcon.colcon_core.shell:Skip shell extension 'powershell' for command environment: Not usable outside of PowerShell
[1.719s] DEBUG:colcon.colcon_core.shell:Skip shell extension 'dsv' for command environment
[1.742s] INFO:colcon.colcon_ros.task.ament_python.build:Building ROS package in '/home/fatrat/ros2_ws/src/rover_mapping' with build type 'ament_python'
[1.743s] Level 1:colcon.colcon_core.shell:create_environment_hook('rover_mapping', 'ament_prefix_path')
[1.744s] INFO:colcon.colcon_core.shell:Creating environment hook '/home/fatrat/ros2_ws/install/rover_mapping/share/rover_mapping/hook/ament_prefix_path.ps1'
[1.747s] INFO:colcon.colcon_core.shell:Creating environment descriptor '/home/fatrat/ros2_ws/install/rover_mapping/share/rover_mapping/hook/ament_prefix_path.dsv'
[1.749s] INFO:colcon.colcon_core.shell:Creating environment hook '/home/fatrat/ros2_ws/install/rover_mapping/share/rover_mapping/hook/ament_prefix_path.sh'
[1.753s] INFO:colcon.colcon_core.shell:Skip shell extension 'powershell' for command environment: Not usable outside of PowerShell
[1.753s] DEBUG:colcon.colcon_core.shell:Skip shell extension 'dsv' for command environment
[1.775s] INFO:colcon.colcon_ros.task.ament_python.build:Building ROS package in '/home/fatrat/ros2_ws/src/rover_navigation' with build type 'ament_python'
[1.776s] Level 1:colcon.colcon_core.shell:create_environment_hook('rover_navigation', 'ament_prefix_path')
[1.777s] INFO:colcon.colcon_core.shell:Creating environment hook '/home/fatrat/ros2_ws/install/rover_navigation/share/rover_navigation/hook/ament_prefix_path.ps1'
[1.780s] INFO:colcon.colcon_core.shell:Creating environment descriptor '/home/fatrat/ros2_ws/install/rover_navigation/share/rover_navigation/hook/ament_prefix_path.dsv'
[1.782s] INFO:colcon.colcon_core.shell:Creating environment hook '/home/fatrat/ros2_ws/install/rover_navigation/share/rover_navigation/hook/ament_prefix_path.sh'
[1.785s] INFO:colcon.colcon_core.shell:Skip shell extension 'powershell' for command environment: Not usable outside of PowerShell
[1.786s] DEBUG:colcon.colcon_core.shell:Skip shell extension 'dsv' for command environment
[1.809s] INFO:colcon.colcon_ros.task.ament_python.build:Building ROS package in '/home/fatrat/ros2_ws/src/rover_vision' with build type 'ament_python'
[1.810s] Level 1:colcon.colcon_core.shell:create_environment_hook('rover_vision', 'ament_prefix_path')
[1.811s] INFO:colcon.colcon_core.shell:Creating environment hook '/home/fatrat/ros2_ws/install/rover_vision/share/rover_vision/hook/ament_prefix_path.ps1'
[1.814s] INFO:colcon.colcon_core.shell:Creating environment descriptor '/home/fatrat/ros2_ws/install/rover_vision/share/rover_vision/hook/ament_prefix_path.dsv'
[1.816s] INFO:colcon.colcon_core.shell:Creating environment hook '/home/fatrat/ros2_ws/install/rover_vision/share/rover_vision/hook/ament_prefix_path.sh'
[1.820s] INFO:colcon.colcon_core.shell:Skip shell extension 'powershell' for command environment: Not usable outside of PowerShell
[1.820s] DEBUG:colcon.colcon_core.shell:Skip shell extension 'dsv' for command environment
[3.097s] INFO:colcon.colcon_core.task.python.build:Building Python package in '/home/fatrat/ros2_ws/src/rover_control1'
[3.098s] INFO:colcon.colcon_core.shell:Skip shell extension 'powershell' for command environment: Not usable outside of PowerShell
[3.098s] DEBUG:colcon.colcon_core.shell:Skip shell extension 'dsv' for command environment
[4.363s] INFO:colcon.colcon_core.task.python.build:Building Python package in '/home/fatrat/ros2_ws/src/rover_mapping'
[4.364s] INFO:colcon.colcon_core.shell:Skip shell extension 'powershell' for command environment: Not usable outside of PowerShell
[4.364s] DEBUG:colcon.colcon_core.shell:Skip shell extension 'dsv' for command environment
[5.652s] INFO:colcon.colcon_core.task.python.build:Building Python package in '/home/fatrat/ros2_ws/src/rover_navigation'
[5.653s] INFO:colcon.colcon_core.shell:Skip shell extension 'powershell' for command environment: Not usable outside of PowerShell
[5.654s] DEBUG:colcon.colcon_core.shell:Skip shell extension 'dsv' for command environment
[6.924s] INFO:colcon.colcon_core.task.python.build:Building Python package in '/home/fatrat/ros2_ws/src/rover_vision'
[6.925s] INFO:colcon.colcon_core.shell:Skip shell extension 'powershell' for command environment: Not usable outside of PowerShell
[6.925s] DEBUG:colcon.colcon_core.shell:Skip shell extension 'dsv' for command environment
[9.470s] DEBUG:colcon.colcon_core.event_handler.log_command:Invoking command in '/home/fatrat/ros2_ws/build/rover_mapping': PYTHONPATH=/home/fatrat/ros2_ws/build/rover_mapping/prefix_override:/usr/lib/python3/dist-packages/colcon_core/task/python/colcon_distutils_commands:/home/fatrat/ros2_ws/install/rover_mapping/lib/python3.10/site-packages:${PYTHONPATH} /usr/bin/python3 -W ignore:setup.py install is deprecated -W ignore:easy_install command is deprecated setup.py develop --editable --build-directory /home/fatrat/ros2_ws/build/rover_mapping/build --no-deps symlink_data
[9.599s] DEBUG:colcon.colcon_core.event_handler.log_command:Invoking command in '/home/fatrat/ros2_ws/build/rover_control1': PYTHONPATH=/home/fatrat/ros2_ws/build/rover_control1/prefix_override:/usr/lib/python3/dist-packages/colcon_core/task/python/colcon_distutils_commands:/home/fatrat/ros2_ws/install/rover_control1/lib/python3.10/site-packages:${PYTHONPATH} /usr/bin/python3 -W ignore:setup.py install is deprecated -W ignore:easy_install command is deprecated setup.py develop --editable --build-directory /home/fatrat/ros2_ws/build/rover_control1/build --no-deps symlink_data
[9.646s] DEBUG:colcon.colcon_core.event_handler.log_command:Invoking command in '/home/fatrat/ros2_ws/build/rover_vision': PYTHONPATH=/home/fatrat/ros2_ws/build/rover_vision/prefix_override:/usr/lib/python3/dist-packages/colcon_core/task/python/colcon_distutils_commands:/home/fatrat/ros2_ws/install/rover_vision/lib/python3.10/site-packages:${PYTHONPATH} /usr/bin/python3 -W ignore:setup.py install is deprecated -W ignore:easy_install command is deprecated setup.py develop --editable --build-directory /home/fatrat/ros2_ws/build/rover_vision/build --no-deps symlink_data
[9.739s] DEBUG:colcon.colcon_core.event_handler.log_command:Invoking command in '/home/fatrat/ros2_ws/build/rover_navigation': PYTHONPATH=/home/fatrat/ros2_ws/build/rover_navigation/prefix_override:/usr/lib/python3/dist-packages/colcon_core/task/python/colcon_distutils_commands:/home/fatrat/ros2_ws/install/rover_navigation/lib/python3.10/site-packages:${PYTHONPATH} /usr/bin/python3 -W ignore:setup.py install is deprecated -W ignore:easy_install command is deprecated setup.py develop --editable --build-directory /home/fatrat/ros2_ws/build/rover_navigation/build --no-deps symlink_data
[13.124s] Level 1:colcon.colcon_core.shell:create_environment_hook('rover_mapping', 'pythonpath_develop')
[13.126s] INFO:colcon.colcon_core.shell:Creating environment hook '/home/fatrat/ros2_ws/build/rover_mapping/share/rover_mapping/hook/pythonpath_develop.ps1'
[13.135s] DEBUG:colcon.colcon_core.event_handler.log_command:Invoked command in '/home/fatrat/ros2_ws/build/rover_mapping' returned '0': PYTHONPATH=/home/fatrat/ros2_ws/build/rover_mapping/prefix_override:/usr/lib/python3/dist-packages/colcon_core/task/python/colcon_distutils_commands:/home/fatrat/ros2_ws/install/rover_mapping/lib/python3.10/site-packages:${PYTHONPATH} /usr/bin/python3 -W ignore:setup.py install is deprecated -W ignore:easy_install command is deprecated setup.py develop --editable --build-directory /home/fatrat/ros2_ws/build/rover_mapping/build --no-deps symlink_data
[13.138s] INFO:colcon.colcon_core.shell:Creating environment descriptor '/home/fatrat/ros2_ws/build/rover_mapping/share/rover_mapping/hook/pythonpath_develop.dsv'
[13.157s] INFO:colcon.colcon_core.shell:Creating environment hook '/home/fatrat/ros2_ws/build/rover_mapping/share/rover_mapping/hook/pythonpath_develop.sh'
[13.230s] Level 1:colcon.colcon_core.environment:checking '/home/fatrat/ros2_ws/install/rover_mapping' for CMake module files
[13.236s] Level 1:colcon.colcon_core.environment:checking '/home/fatrat/ros2_ws/install/rover_mapping' for CMake config files
[13.247s] Level 1:colcon.colcon_core.environment:checking '/home/fatrat/ros2_ws/install/rover_mapping/lib'
[13.250s] Level 1:colcon.colcon_core.environment:checking '/home/fatrat/ros2_ws/install/rover_mapping/bin'
[13.262s] Level 1:colcon.colcon_core.environment:checking '/home/fatrat/ros2_ws/install/rover_mapping/lib/pkgconfig/rover_mapping.pc'
[13.266s] Level 1:colcon.colcon_core.environment:checking '/home/fatrat/ros2_ws/install/rover_mapping/lib/python3.10/site-packages'
[13.268s] Level 1:colcon.colcon_core.shell:create_environment_hook('rover_mapping', 'pythonpath')
[13.270s] INFO:colcon.colcon_core.shell:Creating environment hook '/home/fatrat/ros2_ws/install/rover_mapping/share/rover_mapping/hook/pythonpath.ps1'
[13.278s] INFO:colcon.colcon_core.shell:Creating environment descriptor '/home/fatrat/ros2_ws/install/rover_mapping/share/rover_mapping/hook/pythonpath.dsv'
[13.287s] INFO:colcon.colcon_core.shell:Creating environment hook '/home/fatrat/ros2_ws/install/rover_mapping/share/rover_mapping/hook/pythonpath.sh'
[13.299s] Level 1:colcon.colcon_core.environment:checking '/home/fatrat/ros2_ws/install/rover_mapping/bin'
[13.300s] Level 1:colcon.colcon_core.environment:create_environment_scripts_only(rover_mapping)
[13.304s] INFO:colcon.colcon_core.shell:Creating package script '/home/fatrat/ros2_ws/install/rover_mapping/share/rover_mapping/package.ps1'
[13.332s] INFO:colcon.colcon_core.shell:Creating package descriptor '/home/fatrat/ros2_ws/install/rover_mapping/share/rover_mapping/package.dsv'
[13.346s] INFO:colcon.colcon_core.shell:Creating package script '/home/fatrat/ros2_ws/install/rover_mapping/share/rover_mapping/package.sh'
[13.362s] INFO:colcon.colcon_core.shell:Creating package script '/home/fatrat/ros2_ws/install/rover_mapping/share/rover_mapping/package.bash'
[13.375s] INFO:colcon.colcon_core.shell:Creating package script '/home/fatrat/ros2_ws/install/rover_mapping/share/rover_mapping/package.zsh'
[13.389s] Level 1:colcon.colcon_core.environment:create_file_with_runtime_dependencies(/home/fatrat/ros2_ws/install/rover_mapping/share/colcon-core/packages/rover_mapping)
[13.453s] Level 1:colcon.colcon_core.shell:create_environment_hook('rover_vision', 'pythonpath_develop')
[13.456s] INFO:colcon.colcon_core.shell:Creating environment hook '/home/fatrat/ros2_ws/build/rover_vision/share/rover_vision/hook/pythonpath_develop.ps1'
[13.465s] INFO:colcon.colcon_core.shell:Creating environment descriptor '/home/fatrat/ros2_ws/build/rover_vision/share/rover_vision/hook/pythonpath_develop.dsv'
[13.472s] DEBUG:colcon.colcon_core.event_handler.log_command:Invoked command in '/home/fatrat/ros2_ws/build/rover_vision' returned '0': PYTHONPATH=/home/fatrat/ros2_ws/build/rover_vision/prefix_override:/usr/lib/python3/dist-packages/colcon_core/task/python/colcon_distutils_commands:/home/fatrat/ros2_ws/install/rover_vision/lib/python3.10/site-packages:${PYTHONPATH} /usr/bin/python3 -W ignore:setup.py install is deprecated -W ignore:easy_install command is deprecated setup.py develop --editable --build-directory /home/fatrat/ros2_ws/build/rover_vision/build --no-deps symlink_data
[13.476s] INFO:colcon.colcon_core.shell:Creating environment hook '/home/fatrat/ros2_ws/build/rover_vision/share/rover_vision/hook/pythonpath_develop.sh'
[13.490s] Level 1:colcon.colcon_core.environment:checking '/home/fatrat/ros2_ws/install/rover_vision' for CMake module files
[13.496s] Level 1:colcon.colcon_core.environment:checking '/home/fatrat/ros2_ws/install/rover_vision' for CMake config files
[13.504s] Level 1:colcon.colcon_core.environment:checking '/home/fatrat/ros2_ws/install/rover_vision/lib'
[13.505s] Level 1:colcon.colcon_core.environment:checking '/home/fatrat/ros2_ws/install/rover_vision/bin'
[13.506s] Level 1:colcon.colcon_core.environment:checking '/home/fatrat/ros2_ws/install/rover_vision/lib/pkgconfig/rover_vision.pc'
[13.509s] Level 1:colcon.colcon_core.environment:checking '/home/fatrat/ros2_ws/install/rover_vision/lib/python3.10/site-packages'
[13.510s] Level 1:colcon.colcon_core.shell:create_environment_hook('rover_vision', 'pythonpath')
[13.512s] INFO:colcon.colcon_core.shell:Creating environment hook '/home/fatrat/ros2_ws/install/rover_vision/share/rover_vision/hook/pythonpath.ps1'
[13.517s] INFO:colcon.colcon_core.shell:Creating environment descriptor '/home/fatrat/ros2_ws/install/rover_vision/share/rover_vision/hook/pythonpath.dsv'
[13.520s] INFO:colcon.colcon_core.shell:Creating environment hook '/home/fatrat/ros2_ws/install/rover_vision/share/rover_vision/hook/pythonpath.sh'
[13.528s] Level 1:colcon.colcon_core.environment:checking '/home/fatrat/ros2_ws/install/rover_vision/bin'
[13.529s] Level 1:colcon.colcon_core.environment:create_environment_scripts_only(rover_vision)
[13.532s] INFO:colcon.colcon_core.shell:Creating package script '/home/fatrat/ros2_ws/install/rover_vision/share/rover_vision/package.ps1'
[13.536s] INFO:colcon.colcon_core.shell:Creating package descriptor '/home/fatrat/ros2_ws/install/rover_vision/share/rover_vision/package.dsv'
[13.540s] INFO:colcon.colcon_core.shell:Creating package script '/home/fatrat/ros2_ws/install/rover_vision/share/rover_vision/package.sh'
[13.544s] INFO:colcon.colcon_core.shell:Creating package script '/home/fatrat/ros2_ws/install/rover_vision/share/rover_vision/package.bash'
[13.547s] INFO:colcon.colcon_core.shell:Creating package script '/home/fatrat/ros2_ws/install/rover_vision/share/rover_vision/package.zsh'
[13.550s] Level 1:colcon.colcon_core.environment:create_file_with_runtime_dependencies(/home/fatrat/ros2_ws/install/rover_vision/share/colcon-core/packages/rover_vision)
[13.559s] Level 1:colcon.colcon_core.shell:create_environment_hook('rover_control1', 'pythonpath_develop')
[13.562s] INFO:colcon.colcon_core.shell:Creating environment hook '/home/fatrat/ros2_ws/build/rover_control1/share/rover_control1/hook/pythonpath_develop.ps1'
[13.568s] DEBUG:colcon.colcon_core.event_handler.log_command:Invoked command in '/home/fatrat/ros2_ws/build/rover_control1' returned '0': PYTHONPATH=/home/fatrat/ros2_ws/build/rover_control1/prefix_override:/usr/lib/python3/dist-packages/colcon_core/task/python/colcon_distutils_commands:/home/fatrat/ros2_ws/install/rover_control1/lib/python3.10/site-packages:${PYTHONPATH} /usr/bin/python3 -W ignore:setup.py install is deprecated -W ignore:easy_install command is deprecated setup.py develop --editable --build-directory /home/fatrat/ros2_ws/build/rover_control1/build --no-deps symlink_data
[13.570s] INFO:colcon.colcon_core.shell:Creating environment descriptor '/home/fatrat/ros2_ws/build/rover_control1/share/rover_control1/hook/pythonpath_develop.dsv'
[13.575s] INFO:colcon.colcon_core.shell:Creating environment hook '/home/fatrat/ros2_ws/build/rover_control1/share/rover_control1/hook/pythonpath_develop.sh'
[13.582s] Level 1:colcon.colcon_core.environment:checking '/home/fatrat/ros2_ws/install/rover_control1' for CMake module files
[13.585s] Level 1:colcon.colcon_core.environment:checking '/home/fatrat/ros2_ws/install/rover_control1' for CMake config files
[13.590s] Level 1:colcon.colcon_core.environment:checking '/home/fatrat/ros2_ws/install/rover_control1/lib'
[13.591s] Level 1:colcon.colcon_core.environment:checking '/home/fatrat/ros2_ws/install/rover_control1/bin'
[13.592s] Level 1:colcon.colcon_core.environment:checking '/home/fatrat/ros2_ws/install/rover_control1/lib/pkgconfig/rover_control1.pc'
[13.594s] Level 1:colcon.colcon_core.environment:checking '/home/fatrat/ros2_ws/install/rover_control1/lib/python3.10/site-packages'
[13.595s] Level 1:colcon.colcon_core.shell:create_environment_hook('rover_control1', 'pythonpath')
[13.597s] INFO:colcon.colcon_core.shell:Creating environment hook '/home/fatrat/ros2_ws/install/rover_control1/share/rover_control1/hook/pythonpath.ps1'
[13.600s] INFO:colcon.colcon_core.shell:Creating environment descriptor '/home/fatrat/ros2_ws/install/rover_control1/share/rover_control1/hook/pythonpath.dsv'
[13.604s] INFO:colcon.colcon_core.shell:Creating environment hook '/home/fatrat/ros2_ws/install/rover_control1/share/rover_control1/hook/pythonpath.sh'
[13.611s] Level 1:colcon.colcon_core.environment:checking '/home/fatrat/ros2_ws/install/rover_control1/bin'
[13.612s] Level 1:colcon.colcon_core.environment:create_environment_scripts_only(rover_control1)
[13.614s] INFO:colcon.colcon_core.shell:Creating package script '/home/fatrat/ros2_ws/install/rover_control1/share/rover_control1/package.ps1'
[13.618s] INFO:colcon.colcon_core.shell:Creating package descriptor '/home/fatrat/ros2_ws/install/rover_control1/share/rover_control1/package.dsv'
[13.621s] INFO:colcon.colcon_core.shell:Creating package script '/home/fatrat/ros2_ws/install/rover_control1/share/rover_control1/package.sh'
[13.623s] INFO:colcon.colcon_core.shell:Creating package script '/home/fatrat/ros2_ws/install/rover_control1/share/rover_control1/package.bash'
[13.626s] INFO:colcon.colcon_core.shell:Creating package script '/home/fatrat/ros2_ws/install/rover_control1/share/rover_control1/package.zsh'
[13.628s] Level 1:colcon.colcon_core.environment:create_file_with_runtime_dependencies(/home/fatrat/ros2_ws/install/rover_control1/share/colcon-core/packages/rover_control1)
[13.632s] Level 1:colcon.colcon_core.shell:create_environment_hook('rover_navigation', 'pythonpath_develop')
[13.633s] INFO:colcon.colcon_core.shell:Creating environment hook '/home/fatrat/ros2_ws/build/rover_navigation/share/rover_navigation/hook/pythonpath_develop.ps1'
[13.634s] DEBUG:colcon.colcon_core.event_handler.log_command:Invoked command in '/home/fatrat/ros2_ws/build/rover_navigation' returned '0': PYTHONPATH=/home/fatrat/ros2_ws/build/rover_navigation/prefix_override:/usr/lib/python3/dist-packages/colcon_core/task/python/colcon_distutils_commands:/home/fatrat/ros2_ws/install/rover_navigation/lib/python3.10/site-packages:${PYTHONPATH} /usr/bin/python3 -W ignore:setup.py install is deprecated -W ignore:easy_install command is deprecated setup.py develop --editable --build-directory /home/fatrat/ros2_ws/build/rover_navigation/build --no-deps symlink_data
[13.637s] INFO:colcon.colcon_core.shell:Creating environment descriptor '/home/fatrat/ros2_ws/build/rover_navigation/share/rover_navigation/hook/pythonpath_develop.dsv'
[13.640s] INFO:colcon.colcon_core.shell:Creating environment hook '/home/fatrat/ros2_ws/build/rover_navigation/share/rover_navigation/hook/pythonpath_develop.sh'
[13.645s] Level 1:colcon.colcon_core.environment:checking '/home/fatrat/ros2_ws/install/rover_navigation' for CMake module files
[13.648s] Level 1:colcon.colcon_core.environment:checking '/home/fatrat/ros2_ws/install/rover_navigation' for CMake config files
[13.650s] Level 1:colcon.colcon_core.environment:checking '/home/fatrat/ros2_ws/install/rover_navigation/lib'
[13.651s] Level 1:colcon.colcon_core.environment:checking '/home/fatrat/ros2_ws/install/rover_navigation/bin'
[13.651s] Level 1:colcon.colcon_core.environment:checking '/home/fatrat/ros2_ws/install/rover_navigation/lib/pkgconfig/rover_navigation.pc'
[13.652s] Level 1:colcon.colcon_core.environment:checking '/home/fatrat/ros2_ws/install/rover_navigation/lib/python3.10/site-packages'
[13.652s] Level 1:colcon.colcon_core.shell:create_environment_hook('rover_navigation', 'pythonpath')
[13.653s] INFO:colcon.colcon_core.shell:Creating environment hook '/home/fatrat/ros2_ws/install/rover_navigation/share/rover_navigation/hook/pythonpath.ps1'
[13.656s] INFO:colcon.colcon_core.shell:Creating environment descriptor '/home/fatrat/ros2_ws/install/rover_navigation/share/rover_navigation/hook/pythonpath.dsv'
[13.659s] INFO:colcon.colcon_core.shell:Creating environment hook '/home/fatrat/ros2_ws/install/rover_navigation/share/rover_navigation/hook/pythonpath.sh'
[13.664s] Level 1:colcon.colcon_core.environment:checking '/home/fatrat/ros2_ws/install/rover_navigation/bin'
[13.664s] Level 1:colcon.colcon_core.environment:create_environment_scripts_only(rover_navigation)
[13.666s] INFO:colcon.colcon_core.shell:Creating package script '/home/fatrat/ros2_ws/install/rover_navigation/share/rover_navigation/package.ps1'
[13.668s] INFO:colcon.colcon_core.shell:Creating package descriptor '/home/fatrat/ros2_ws/install/rover_navigation/share/rover_navigation/package.dsv'
[13.671s] INFO:colcon.colcon_core.shell:Creating package script '/home/fatrat/ros2_ws/install/rover_navigation/share/rover_navigation/package.sh'
[13.675s] INFO:colcon.colcon_core.shell:Creating package script '/home/fatrat/ros2_ws/install/rover_navigation/share/rover_navigation/package.bash'
[13.677s] INFO:colcon.colcon_core.shell:Creating package script '/home/fatrat/ros2_ws/install/rover_navigation/share/rover_navigation/package.zsh'
[13.679s] Level 1:colcon.colcon_core.environment:create_file_with_runtime_dependencies(/home/fatrat/ros2_ws/install/rover_navigation/share/colcon-core/packages/rover_navigation)
[13.680s] DEBUG:colcon.colcon_parallel_executor.executor.parallel:closing loop
[13.681s] DEBUG:colcon.colcon_parallel_executor.executor.parallel:loop closed
[13.682s] DEBUG:colcon.colcon_parallel_executor.executor.parallel:run_until_complete finished with '0'
[13.682s] DEBUG:colcon.colcon_core.event_reactor:joining thread
[13.708s] INFO:colcon.colcon_core.plugin_system:Skipping extension 'colcon_notification.desktop_notification.terminal_notifier': Not used on non-Darwin systems
[13.708s] INFO:colcon.colcon_core.plugin_system:Skipping extension 'colcon_notification.desktop_notification.win32': Not used on non-Windows systems
[13.708s] INFO:colcon.colcon_notification.desktop_notification:Sending desktop notification using 'notify2'
[13.769s] DEBUG:colcon.colcon_core.event_reactor:joined thread
[13.770s] INFO:colcon.colcon_core.shell:Creating prefix script '/home/fatrat/ros2_ws/install/local_setup.ps1'
[13.775s] INFO:colcon.colcon_core.shell:Creating prefix util module '/home/fatrat/ros2_ws/install/_local_setup_util_ps1.py'
[13.783s] INFO:colcon.colcon_core.shell:Creating prefix chain script '/home/fatrat/ros2_ws/install/setup.ps1'
[13.790s] INFO:colcon.colcon_core.shell:Creating prefix script '/home/fatrat/ros2_ws/install/local_setup.sh'
[13.794s] INFO:colcon.colcon_core.shell:Creating prefix util module '/home/fatrat/ros2_ws/install/_local_setup_util_sh.py'
[13.798s] INFO:colcon.colcon_core.shell:Creating prefix chain script '/home/fatrat/ros2_ws/install/setup.sh'
[13.806s] INFO:colcon.colcon_core.shell:Creating prefix script '/home/fatrat/ros2_ws/install/local_setup.bash'
[13.810s] INFO:colcon.colcon_core.shell:Creating prefix chain script '/home/fatrat/ros2_ws/install/setup.bash'
[13.817s] INFO:colcon.colcon_core.shell:Creating prefix script '/home/fatrat/ros2_ws/install/local_setup.zsh'
[13.820s] INFO:colcon.colcon_core.shell:Creating prefix chain script '/home/fatrat/ros2_ws/install/setup.zsh'
