[9.334s] Invoking command in '/home/fatrat/ros2_ws/src/rover_bringup': PYTHONPATH=/home/fatrat/ros2_ws/build/rover_bringup/prefix_override:/usr/lib/python3/dist-packages/colcon_core/task/python/colcon_distutils_commands:/home/fatrat/ros2_ws/install/rover_bringup/lib/python3.10/site-packages:${PYTHONPATH} /usr/bin/python3 -W ignore:setup.py install is deprecated -W ignore:easy_install command is deprecated setup.py egg_info --egg-base ../../build/rover_bringup build --build-base /home/fatrat/ros2_ws/build/rover_bringup/build install --record /home/fatrat/ros2_ws/build/rover_bringup/install.log --single-version-externally-managed install_data
[12.000s] running egg_info
[12.032s] writing ../../build/rover_bringup/rover_bringup.egg-info/PKG-INFO
[12.033s] writing dependency_links to ../../build/rover_bringup/rover_bringup.egg-info/dependency_links.txt
[12.035s] writing entry points to ../../build/rover_bringup/rover_bringup.egg-info/entry_points.txt
[12.036s] writing requirements to ../../build/rover_bringup/rover_bringup.egg-info/requires.txt
[12.036s] writing top-level names to ../../build/rover_bringup/rover_bringup.egg-info/top_level.txt
[12.048s] reading manifest file '../../build/rover_bringup/rover_bringup.egg-info/SOURCES.txt'
[12.053s] writing manifest file '../../build/rover_bringup/rover_bringup.egg-info/SOURCES.txt'
[12.054s] running build
[12.055s] running build_py
[12.056s] running install
[12.058s] running install_lib
[12.070s] running install_data
[12.072s] running install_egg_info
[12.150s] removing '/home/fatrat/ros2_ws/install/rover_bringup/lib/python3.10/site-packages/rover_bringup-0.0.0-py3.10.egg-info' (and everything under it)
[12.167s] Copying ../../build/rover_bringup/rover_bringup.egg-info to /home/fatrat/ros2_ws/install/rover_bringup/lib/python3.10/site-packages/rover_bringup-0.0.0-py3.10.egg-info
[12.178s] running install_scripts
[12.364s] writing list of installed files to '/home/fatrat/ros2_ws/build/rover_bringup/install.log'
[15.279s] Invoked command in '/home/fatrat/ros2_ws/src/rover_bringup' returned '0': PYTHONPATH=/home/fatrat/ros2_ws/build/rover_bringup/prefix_override:/usr/lib/python3/dist-packages/colcon_core/task/python/colcon_distutils_commands:/home/fatrat/ros2_ws/install/rover_bringup/lib/python3.10/site-packages:${PYTHONPATH} /usr/bin/python3 -W ignore:setup.py install is deprecated -W ignore:easy_install command is deprecated setup.py egg_info --egg-base ../../build/rover_bringup build --build-base /home/fatrat/ros2_ws/build/rover_bringup/build install --record /home/fatrat/ros2_ws/build/rover_bringup/install.log --single-version-externally-managed install_data
