[10.142s] Invoking command in '/home/fatrat/ros2_ws/src/rover_mapping': PYTHONPATH=/home/fatrat/ros2_ws/build/rover_mapping/prefix_override:/usr/lib/python3/dist-packages/colcon_core/task/python/colcon_distutils_commands:/home/fatrat/ros2_ws/install/rover_mapping/lib/python3.10/site-packages:${PYTHONPATH} /usr/bin/python3 -W ignore:setup.py install is deprecated -W ignore:easy_install command is deprecated setup.py egg_info --egg-base ../../build/rover_mapping build --build-base /home/fatrat/ros2_ws/build/rover_mapping/build install --record /home/fatrat/ros2_ws/build/rover_mapping/install.log --single-version-externally-managed install_data
[12.947s] running egg_info
[12.951s] writing ../../build/rover_mapping/rover_mapping.egg-info/PKG-INFO
[12.956s] writing dependency_links to ../../build/rover_mapping/rover_mapping.egg-info/dependency_links.txt
[12.956s] writing entry points to ../../build/rover_mapping/rover_mapping.egg-info/entry_points.txt
[12.957s] writing requirements to ../../build/rover_mapping/rover_mapping.egg-info/requires.txt
[12.958s] writing top-level names to ../../build/rover_mapping/rover_mapping.egg-info/top_level.txt
[12.972s] reading manifest file '../../build/rover_mapping/rover_mapping.egg-info/SOURCES.txt'
[12.974s] writing manifest file '../../build/rover_mapping/rover_mapping.egg-info/SOURCES.txt'
[12.975s] running build
[12.976s] running build_py
[12.977s] running install
[12.984s] running install_lib
[12.998s] running install_data
[12.999s] running install_egg_info
[13.018s] removing '/home/fatrat/ros2_ws/install/rover_mapping/lib/python3.10/site-packages/rover_mapping-0.0.0-py3.10.egg-info' (and everything under it)
[13.020s] Copying ../../build/rover_mapping/rover_mapping.egg-info to /home/fatrat/ros2_ws/install/rover_mapping/lib/python3.10/site-packages/rover_mapping-0.0.0-py3.10.egg-info
[13.031s] running install_scripts
[13.218s] Installing mapping_node script to /home/fatrat/ros2_ws/install/rover_mapping/lib/rover_mapping
[13.222s] writing list of installed files to '/home/fatrat/ros2_ws/build/rover_mapping/install.log'
[15.220s] Invoked command in '/home/fatrat/ros2_ws/src/rover_mapping' returned '0': PYTHONPATH=/home/fatrat/ros2_ws/build/rover_mapping/prefix_override:/usr/lib/python3/dist-packages/colcon_core/task/python/colcon_distutils_commands:/home/fatrat/ros2_ws/install/rover_mapping/lib/python3.10/site-packages:${PYTHONPATH} /usr/bin/python3 -W ignore:setup.py install is deprecated -W ignore:easy_install command is deprecated setup.py egg_info --egg-base ../../build/rover_mapping build --build-base /home/fatrat/ros2_ws/build/rover_mapping/build install --record /home/fatrat/ros2_ws/build/rover_mapping/install.log --single-version-externally-managed install_data
