[4.584s] Invoking command in '/home/fatrat/ros2_ws/src/rover_vision': PYTHONPATH=/home/fatrat/ros2_ws/build/rover_vision/prefix_override:/usr/lib/python3/dist-packages/colcon_core/task/python/colcon_distutils_commands:/home/fatrat/ros2_ws/install/rover_vision/lib/python3.10/site-packages:${PYTHONPATH} /usr/bin/python3 -W ignore:setup.py install is deprecated -W ignore:easy_install command is deprecated setup.py egg_info --egg-base ../../build/rover_vision build --build-base /home/fatrat/ros2_ws/build/rover_vision/build install --record /home/fatrat/ros2_ws/build/rover_vision/install.log --single-version-externally-managed install_data
[5.963s] running egg_info
[5.966s] writing ../../build/rover_vision/rover_vision.egg-info/PKG-INFO
[5.967s] writing dependency_links to ../../build/rover_vision/rover_vision.egg-info/dependency_links.txt
[5.968s] writing entry points to ../../build/rover_vision/rover_vision.egg-info/entry_points.txt
[5.969s] writing requirements to ../../build/rover_vision/rover_vision.egg-info/requires.txt
[5.970s] writing top-level names to ../../build/rover_vision/rover_vision.egg-info/top_level.txt
[5.978s] reading manifest file '../../build/rover_vision/rover_vision.egg-info/SOURCES.txt'
[5.983s] writing manifest file '../../build/rover_vision/rover_vision.egg-info/SOURCES.txt'
[5.984s] running build
[5.984s] running build_py
[5.986s] running install
[5.992s] running install_lib
[5.995s] running install_data
[5.996s] running install_egg_info
[6.008s] removing '/home/fatrat/ros2_ws/install/rover_vision/lib/python3.10/site-packages/rover_vision-0.0.0-py3.10.egg-info' (and everything under it)
[6.010s] Copying ../../build/rover_vision/rover_vision.egg-info to /home/fatrat/ros2_ws/install/rover_vision/lib/python3.10/site-packages/rover_vision-0.0.0-py3.10.egg-info
[6.015s] running install_scripts
[6.103s] Installing vision_node script to /home/fatrat/ros2_ws/install/rover_vision/lib/rover_vision
[6.105s] writing list of installed files to '/home/fatrat/ros2_ws/build/rover_vision/install.log'
[6.238s] Invoked command in '/home/fatrat/ros2_ws/src/rover_vision' returned '0': PYTHONPATH=/home/fatrat/ros2_ws/build/rover_vision/prefix_override:/usr/lib/python3/dist-packages/colcon_core/task/python/colcon_distutils_commands:/home/fatrat/ros2_ws/install/rover_vision/lib/python3.10/site-packages:${PYTHONPATH} /usr/bin/python3 -W ignore:setup.py install is deprecated -W ignore:easy_install command is deprecated setup.py egg_info --egg-base ../../build/rover_vision build --build-base /home/fatrat/ros2_ws/build/rover_vision/build install --record /home/fatrat/ros2_ws/build/rover_vision/install.log --single-version-externally-managed install_data
