[9.740s] Invoking command in '/home/fatrat/ros2_ws/src/rover_control1': PYTHONPATH=/home/fatrat/ros2_ws/build/rover_control1/prefix_override:/usr/lib/python3/dist-packages/colcon_core/task/python/colcon_distutils_commands:/home/fatrat/ros2_ws/install/rover_control1/lib/python3.10/site-packages:${PYTHONPATH} /usr/bin/python3 -W ignore:setup.py install is deprecated -W ignore:easy_install command is deprecated setup.py egg_info --egg-base ../../build/rover_control1 build --build-base /home/fatrat/ros2_ws/build/rover_control1/build install --record /home/fatrat/ros2_ws/build/rover_control1/install.log --single-version-externally-managed install_data
[12.323s] running egg_info
[12.327s] writing ../../build/rover_control1/rover_control1.egg-info/PKG-INFO
[12.330s] writing dependency_links to ../../build/rover_control1/rover_control1.egg-info/dependency_links.txt
[12.331s] writing entry points to ../../build/rover_control1/rover_control1.egg-info/entry_points.txt
[12.332s] writing requirements to ../../build/rover_control1/rover_control1.egg-info/requires.txt
[12.333s] writing top-level names to ../../build/rover_control1/rover_control1.egg-info/top_level.txt
[12.348s] reading manifest file '../../build/rover_control1/rover_control1.egg-info/SOURCES.txt'
[12.353s] writing manifest file '../../build/rover_control1/rover_control1.egg-info/SOURCES.txt'
[12.354s] running build
[12.355s] running build_py
[12.359s] running install
[12.360s] running install_lib
[12.366s] running install_data
[12.367s] running install_egg_info
[12.381s] removing '/home/fatrat/ros2_ws/install/rover_control1/lib/python3.10/site-packages/rover_control1-0.0.0-py3.10.egg-info' (and everything under it)
[12.383s] Copying ../../build/rover_control1/rover_control1.egg-info to /home/fatrat/ros2_ws/install/rover_control1/lib/python3.10/site-packages/rover_control1-0.0.0-py3.10.egg-info
[12.390s] running install_scripts
[12.495s] Installing rover_driver script to /home/fatrat/ros2_ws/install/rover_control1/lib/rover_control1
[12.497s] writing list of installed files to '/home/fatrat/ros2_ws/build/rover_control1/install.log'
[13.749s] Invoked command in '/home/fatrat/ros2_ws/src/rover_control1' returned '0': PYTHONPATH=/home/fatrat/ros2_ws/build/rover_control1/prefix_override:/usr/lib/python3/dist-packages/colcon_core/task/python/colcon_distutils_commands:/home/fatrat/ros2_ws/install/rover_control1/lib/python3.10/site-packages:${PYTHONPATH} /usr/bin/python3 -W ignore:setup.py install is deprecated -W ignore:easy_install command is deprecated setup.py egg_info --egg-base ../../build/rover_control1 build --build-base /home/fatrat/ros2_ws/build/rover_control1/build install --record /home/fatrat/ros2_ws/build/rover_control1/install.log --single-version-externally-managed install_data
