running egg_info
writing ../build/rover_monitor/rover_monitor.egg-info/PKG-INFO
writing dependency_links to ../build/rover_monitor/rover_monitor.egg-info/dependency_links.txt
writing entry points to ../build/rover_monitor/rover_monitor.egg-info/entry_points.txt
writing requirements to ../build/rover_monitor/rover_monitor.egg-info/requires.txt
writing top-level names to ../build/rover_monitor/rover_monitor.egg-info/top_level.txt
reading manifest file '../build/rover_monitor/rover_monitor.egg-info/SOURCES.txt'
writing manifest file '../build/rover_monitor/rover_monitor.egg-info/SOURCES.txt'
running build
running build_py
copying rover_monitor/monitor_node.py -> /home/fatrat/ros2_ws/src/build/rover_monitor/build/lib/rover_monitor
running install
running install_lib
copying /home/fatrat/ros2_ws/src/build/rover_monitor/build/lib/rover_monitor/monitor_node.py -> /home/fatrat/ros2_ws/src/install/rover_monitor/lib/python3.10/site-packages/rover_monitor
byte-compiling /home/fatrat/ros2_ws/src/install/rover_monitor/lib/python3.10/site-packages/rover_monitor/monitor_node.py to monitor_node.cpython-310.pyc
running install_data
running install_egg_info
removing '/home/fatrat/ros2_ws/src/install/rover_monitor/lib/python3.10/site-packages/rover_monitor-0.0.0-py3.10.egg-info' (and everything under it)
Copying ../build/rover_monitor/rover_monitor.egg-info to /home/fatrat/ros2_ws/src/install/rover_monitor/lib/python3.10/site-packages/rover_monitor-0.0.0-py3.10.egg-info
running install_scripts
Installing monitor_node script to /home/fatrat/ros2_ws/src/install/rover_monitor/lib/rover_monitor
writing list of installed files to '/home/fatrat/ros2_ws/src/build/rover_monitor/install.log'
