[4.932s] Invoking command in '/home/fatrat/ros2_ws/src/rover_monitor': PYTHONPATH=/home/fatrat/ros2_ws/src/build/rover_monitor/prefix_override:/usr/lib/python3/dist-packages/colcon_core/task/python/colcon_distutils_commands:/home/fatrat/ros2_ws/src/install/rover_monitor/lib/python3.10/site-packages:${PYTHONPATH} /usr/bin/python3 -W ignore:setup.py install is deprecated -W ignore:easy_install command is deprecated setup.py egg_info --egg-base ../build/rover_monitor build --build-base /home/fatrat/ros2_ws/src/build/rover_monitor/build install --record /home/fatrat/ros2_ws/src/build/rover_monitor/install.log --single-version-externally-managed install_data
[6.321s] running egg_info
[6.324s] writing ../build/rover_monitor/rover_monitor.egg-info/PKG-INFO
[6.325s] writing dependency_links to ../build/rover_monitor/rover_monitor.egg-info/dependency_links.txt
[6.326s] writing entry points to ../build/rover_monitor/rover_monitor.egg-info/entry_points.txt
[6.327s] writing requirements to ../build/rover_monitor/rover_monitor.egg-info/requires.txt
[6.329s] writing top-level names to ../build/rover_monitor/rover_monitor.egg-info/top_level.txt
[6.338s] reading manifest file '../build/rover_monitor/rover_monitor.egg-info/SOURCES.txt'
[6.346s] writing manifest file '../build/rover_monitor/rover_monitor.egg-info/SOURCES.txt'
[6.346s] running build
[6.347s] running build_py
[6.348s] copying rover_monitor/monitor_node.py -> /home/fatrat/ros2_ws/src/build/rover_monitor/build/lib/rover_monitor
[6.349s] running install
[6.350s] running install_lib
[6.354s] copying /home/fatrat/ros2_ws/src/build/rover_monitor/build/lib/rover_monitor/monitor_node.py -> /home/fatrat/ros2_ws/src/install/rover_monitor/lib/python3.10/site-packages/rover_monitor
[6.358s] byte-compiling /home/fatrat/ros2_ws/src/install/rover_monitor/lib/python3.10/site-packages/rover_monitor/monitor_node.py to monitor_node.cpython-310.pyc
[6.361s] running install_data
[6.362s] running install_egg_info
[6.407s] removing '/home/fatrat/ros2_ws/src/install/rover_monitor/lib/python3.10/site-packages/rover_monitor-0.0.0-py3.10.egg-info' (and everything under it)
[6.416s] Copying ../build/rover_monitor/rover_monitor.egg-info to /home/fatrat/ros2_ws/src/install/rover_monitor/lib/python3.10/site-packages/rover_monitor-0.0.0-py3.10.egg-info
[6.422s] running install_scripts
[6.521s] Installing monitor_node script to /home/fatrat/ros2_ws/src/install/rover_monitor/lib/rover_monitor
[6.523s] writing list of installed files to '/home/fatrat/ros2_ws/src/build/rover_monitor/install.log'
[6.706s] Invoked command in '/home/fatrat/ros2_ws/src/rover_monitor' returned '0': PYTHONPATH=/home/fatrat/ros2_ws/src/build/rover_monitor/prefix_override:/usr/lib/python3/dist-packages/colcon_core/task/python/colcon_distutils_commands:/home/fatrat/ros2_ws/src/install/rover_monitor/lib/python3.10/site-packages:${PYTHONPATH} /usr/bin/python3 -W ignore:setup.py install is deprecated -W ignore:easy_install command is deprecated setup.py egg_info --egg-base ../build/rover_monitor build --build-base /home/fatrat/ros2_ws/src/build/rover_monitor/build install --record /home/fatrat/ros2_ws/src/build/rover_monitor/install.log --single-version-externally-managed install_data
