[4.860s] Invoking command in '/home/fatrat/ros2_ws/src/rover_monitor': PYTHONPATH=/home/fatrat/ros2_ws/build/rover_monitor/prefix_override:/usr/lib/python3/dist-packages/colcon_core/task/python/colcon_distutils_commands:/home/fatrat/ros2_ws/install/rover_monitor/lib/python3.10/site-packages:${PYTHONPATH} /usr/bin/python3 -W ignore:setup.py install is deprecated -W ignore:easy_install command is deprecated setup.py egg_info --egg-base ../../build/rover_monitor build --build-base /home/fatrat/ros2_ws/build/rover_monitor/build install --record /home/fatrat/ros2_ws/build/rover_monitor/install.log --single-version-externally-managed install_data
[6.212s] running egg_info
[6.215s] creating ../../build/rover_monitor/rover_monitor.egg-info
[6.216s] writing ../../build/rover_monitor/rover_monitor.egg-info/PKG-INFO
[6.217s] writing dependency_links to ../../build/rover_monitor/rover_monitor.egg-info/dependency_links.txt
[6.218s] writing entry points to ../../build/rover_monitor/rover_monitor.egg-info/entry_points.txt
[6.219s] writing requirements to ../../build/rover_monitor/rover_monitor.egg-info/requires.txt
[6.219s] writing top-level names to ../../build/rover_monitor/rover_monitor.egg-info/top_level.txt
[6.220s] writing manifest file '../../build/rover_monitor/rover_monitor.egg-info/SOURCES.txt'
[6.229s] reading manifest file '../../build/rover_monitor/rover_monitor.egg-info/SOURCES.txt'
[6.233s] writing manifest file '../../build/rover_monitor/rover_monitor.egg-info/SOURCES.txt'
[6.234s] running build
[6.235s] running build_py
[6.235s] creating /home/fatrat/ros2_ws/build/rover_monitor/build
[6.236s] creating /home/fatrat/ros2_ws/build/rover_monitor/build/lib
[6.237s] creating /home/fatrat/ros2_ws/build/rover_monitor/build/lib/rover_monitor
[6.237s] copying rover_monitor/monitor_node.py -> /home/fatrat/ros2_ws/build/rover_monitor/build/lib/rover_monitor
[6.238s] copying rover_monitor/__init__.py -> /home/fatrat/ros2_ws/build/rover_monitor/build/lib/rover_monitor
[6.238s] running install
[6.240s] running install_lib
[6.243s] creating /home/fatrat/ros2_ws/install/rover_monitor/lib/python3.10/site-packages/rover_monitor
[6.244s] copying /home/fatrat/ros2_ws/build/rover_monitor/build/lib/rover_monitor/monitor_node.py -> /home/fatrat/ros2_ws/install/rover_monitor/lib/python3.10/site-packages/rover_monitor
[6.245s] copying /home/fatrat/ros2_ws/build/rover_monitor/build/lib/rover_monitor/__init__.py -> /home/fatrat/ros2_ws/install/rover_monitor/lib/python3.10/site-packages/rover_monitor
[6.259s] byte-compiling /home/fatrat/ros2_ws/install/rover_monitor/lib/python3.10/site-packages/rover_monitor/monitor_node.py to monitor_node.cpython-310.pyc
[6.260s] byte-compiling /home/fatrat/ros2_ws/install/rover_monitor/lib/python3.10/site-packages/rover_monitor/__init__.py to __init__.cpython-310.pyc
[6.260s] running install_data
[6.261s] creating /home/fatrat/ros2_ws/install/rover_monitor/share/ament_index
[6.261s] creating /home/fatrat/ros2_ws/install/rover_monitor/share/ament_index/resource_index
[6.261s] creating /home/fatrat/ros2_ws/install/rover_monitor/share/ament_index/resource_index/packages
[6.262s] copying resource/rover_monitor -> /home/fatrat/ros2_ws/install/rover_monitor/share/ament_index/resource_index/packages
[6.262s] copying package.xml -> /home/fatrat/ros2_ws/install/rover_monitor/share/rover_monitor
[6.263s] running install_egg_info
[6.274s] Copying ../../build/rover_monitor/rover_monitor.egg-info to /home/fatrat/ros2_ws/install/rover_monitor/lib/python3.10/site-packages/rover_monitor-0.0.0-py3.10.egg-info
[6.281s] running install_scripts
[6.375s] Installing monitor_node script to /home/fatrat/ros2_ws/install/rover_monitor/lib/rover_monitor
[6.377s] writing list of installed files to '/home/fatrat/ros2_ws/build/rover_monitor/install.log'
[6.582s] Invoked command in '/home/fatrat/ros2_ws/src/rover_monitor' returned '0': PYTHONPATH=/home/fatrat/ros2_ws/build/rover_monitor/prefix_override:/usr/lib/python3/dist-packages/colcon_core/task/python/colcon_distutils_commands:/home/fatrat/ros2_ws/install/rover_monitor/lib/python3.10/site-packages:${PYTHONPATH} /usr/bin/python3 -W ignore:setup.py install is deprecated -W ignore:easy_install command is deprecated setup.py egg_info --egg-base ../../build/rover_monitor build --build-base /home/fatrat/ros2_ws/build/rover_monitor/build install --record /home/fatrat/ros2_ws/build/rover_monitor/install.log --single-version-externally-managed install_data
