running egg_info
creating ../../build/rover_bringup/rover_bringup.egg-info
writing ../../build/rover_bringup/rover_bringup.egg-info/PKG-INFO
writing dependency_links to ../../build/rover_bringup/rover_bringup.egg-info/dependency_links.txt
writing entry points to ../../build/rover_bringup/rover_bringup.egg-info/entry_points.txt
writing requirements to ../../build/rover_bringup/rover_bringup.egg-info/requires.txt
writing top-level names to ../../build/rover_bringup/rover_bringup.egg-info/top_level.txt
writing manifest file '../../build/rover_bringup/rover_bringup.egg-info/SOURCES.txt'
reading manifest file '../../build/rover_bringup/rover_bringup.egg-info/SOURCES.txt'
writing manifest file '../../build/rover_bringup/rover_bringup.egg-info/SOURCES.txt'
running build
running build_py
creating /home/fatrat/ros2_ws/build/rover_bringup/build
creating /home/fatrat/ros2_ws/build/rover_bringup/build/lib
creating /home/fatrat/ros2_ws/build/rover_bringup/build/lib/rover_bringup
copying rover_bringup/__init__.py -> /home/fatrat/ros2_ws/build/rover_bringup/build/lib/rover_bringup
running install
running install_lib
creating /home/fatrat/ros2_ws/install/rover_bringup/lib/python3.10/site-packages/rover_bringup
copying /home/fatrat/ros2_ws/build/rover_bringup/build/lib/rover_bringup/__init__.py -> /home/fatrat/ros2_ws/install/rover_bringup/lib/python3.10/site-packages/rover_bringup
byte-compiling /home/fatrat/ros2_ws/install/rover_bringup/lib/python3.10/site-packages/rover_bringup/__init__.py to __init__.cpython-310.pyc
running install_data
creating /home/fatrat/ros2_ws/install/rover_bringup/share/ament_index
creating /home/fatrat/ros2_ws/install/rover_bringup/share/ament_index/resource_index
creating /home/fatrat/ros2_ws/install/rover_bringup/share/ament_index/resource_index/packages
copying resource/rover_bringup -> /home/fatrat/ros2_ws/install/rover_bringup/share/ament_index/resource_index/packages
copying package.xml -> /home/fatrat/ros2_ws/install/rover_bringup/share/rover_bringup
creating /home/fatrat/ros2_ws/install/rover_bringup/share/rover_bringup/launch
copying launch/rover.launch.py -> /home/fatrat/ros2_ws/install/rover_bringup/share/rover_bringup/launch
running install_egg_info
Copying ../../build/rover_bringup/rover_bringup.egg-info to /home/fatrat/ros2_ws/install/rover_bringup/lib/python3.10/site-packages/rover_bringup-0.0.0-py3.10.egg-info
running install_scripts
writing list of installed files to '/home/fatrat/ros2_ws/build/rover_bringup/install.log'
