[8.077s] Invoking command in '/home/fatrat/ros2_ws/src/rover_bringup': PYTHONPATH=/home/fatrat/ros2_ws/build/rover_bringup/prefix_override:/usr/lib/python3/dist-packages/colcon_core/task/python/colcon_distutils_commands:/home/fatrat/ros2_ws/install/rover_bringup/lib/python3.10/site-packages:${PYTHONPATH} /usr/bin/python3 -W ignore:setup.py install is deprecated -W ignore:easy_install command is deprecated setup.py egg_info --egg-base ../../build/rover_bringup build --build-base /home/fatrat/ros2_ws/build/rover_bringup/build install --record /home/fatrat/ros2_ws/build/rover_bringup/install.log --single-version-externally-managed install_data
[10.098s] running egg_info
[10.102s] creating ../../build/rover_bringup/rover_bringup.egg-info
[10.103s] writing ../../build/rover_bringup/rover_bringup.egg-info/PKG-INFO
[10.105s] writing dependency_links to ../../build/rover_bringup/rover_bringup.egg-info/dependency_links.txt
[10.107s] writing entry points to ../../build/rover_bringup/rover_bringup.egg-info/entry_points.txt
[10.109s] writing requirements to ../../build/rover_bringup/rover_bringup.egg-info/requires.txt
[10.109s] writing top-level names to ../../build/rover_bringup/rover_bringup.egg-info/top_level.txt
[10.110s] writing manifest file '../../build/rover_bringup/rover_bringup.egg-info/SOURCES.txt'
[10.121s] reading manifest file '../../build/rover_bringup/rover_bringup.egg-info/SOURCES.txt'
[10.133s] writing manifest file '../../build/rover_bringup/rover_bringup.egg-info/SOURCES.txt'
[10.142s] running build
[10.143s] running build_py
[10.145s] creating /home/fatrat/ros2_ws/build/rover_bringup/build
[10.154s] creating /home/fatrat/ros2_ws/build/rover_bringup/build/lib
[10.158s] creating /home/fatrat/ros2_ws/build/rover_bringup/build/lib/rover_bringup
[10.160s] copying rover_bringup/__init__.py -> /home/fatrat/ros2_ws/build/rover_bringup/build/lib/rover_bringup
[10.161s] running install
[10.167s] running install_lib
[10.169s] creating /home/fatrat/ros2_ws/install/rover_bringup/lib/python3.10/site-packages/rover_bringup
[10.170s] copying /home/fatrat/ros2_ws/build/rover_bringup/build/lib/rover_bringup/__init__.py -> /home/fatrat/ros2_ws/install/rover_bringup/lib/python3.10/site-packages/rover_bringup
[10.173s] byte-compiling /home/fatrat/ros2_ws/install/rover_bringup/lib/python3.10/site-packages/rover_bringup/__init__.py to __init__.cpython-310.pyc
[10.185s] running install_data
[10.185s] creating /home/fatrat/ros2_ws/install/rover_bringup/share/ament_index
[10.186s] creating /home/fatrat/ros2_ws/install/rover_bringup/share/ament_index/resource_index
[10.187s] creating /home/fatrat/ros2_ws/install/rover_bringup/share/ament_index/resource_index/packages
[10.188s] copying resource/rover_bringup -> /home/fatrat/ros2_ws/install/rover_bringup/share/ament_index/resource_index/packages
[10.189s] copying package.xml -> /home/fatrat/ros2_ws/install/rover_bringup/share/rover_bringup
[10.202s] creating /home/fatrat/ros2_ws/install/rover_bringup/share/rover_bringup/launch
[10.203s] copying launch/rover.launch.py -> /home/fatrat/ros2_ws/install/rover_bringup/share/rover_bringup/launch
[10.204s] running install_egg_info
[10.205s] Copying ../../build/rover_bringup/rover_bringup.egg-info to /home/fatrat/ros2_ws/install/rover_bringup/lib/python3.10/site-packages/rover_bringup-0.0.0-py3.10.egg-info
[10.205s] running install_scripts
[10.359s] writing list of installed files to '/home/fatrat/ros2_ws/build/rover_bringup/install.log'
[10.796s] Invoked command in '/home/fatrat/ros2_ws/src/rover_bringup' returned '0': PYTHONPATH=/home/fatrat/ros2_ws/build/rover_bringup/prefix_override:/usr/lib/python3/dist-packages/colcon_core/task/python/colcon_distutils_commands:/home/fatrat/ros2_ws/install/rover_bringup/lib/python3.10/site-packages:${PYTHONPATH} /usr/bin/python3 -W ignore:setup.py install is deprecated -W ignore:easy_install command is deprecated setup.py egg_info --egg-base ../../build/rover_bringup build --build-base /home/fatrat/ros2_ws/build/rover_bringup/build install --record /home/fatrat/ros2_ws/build/rover_bringup/install.log --single-version-externally-managed install_data
