[0.486s] DEBUG:colcon:Command line arguments: ['/usr/bin/colcon', 'build']
[0.487s] DEBUG:colcon:Parsed command line arguments: Namespace(log_base=None, log_level=None, verb_name='build', build_base='build', install_base='install', merge_install=False, symlink_install=False, test_result_base=None, continue_on_error=False, executor='parallel', parallel_workers=4, event_handlers=None, ignore_user_meta=False, metas=['./colcon.meta'], base_paths=['.'], packages_ignore=None, packages_ignore_regex=None, paths=None, packages_up_to=None, packages_up_to_regex=None, packages_above=None, packages_above_and_dependencies=None, packages_above_depth=None, packages_select_by_dep=None, packages_skip_by_dep=None, packages_skip_up_to=None, packages_select_build_failed=False, packages_skip_build_finished=False, packages_select_test_failures=False, packages_skip_test_passed=False, packages_select=None, packages_skip=None, packages_select_regex=None, packages_skip_regex=None, packages_start=None, packages_end=None, allow_overriding=[], cmake_args=None, cmake_target=None, cmake_target_skip_unavailable=False, cmake_clean_cache=False, cmake_clean_first=False, cmake_force_configure=False, ament_cmake_args=None, catkin_cmake_args=None, catkin_skip_building_tests=False, verb_parser=<colcon_defaults.argument_parser.defaults.DefaultArgumentsDecorator object at 0xffff92196170>, verb_extension=<colcon_core.verb.build.BuildVerb object at 0xffff9231f640>, main=<bound method BuildVerb.main of <colcon_core.verb.build.BuildVerb object at 0xffff9231f640>>)
[1.321s] Level 1:colcon.colcon_core.package_discovery:discover_packages(colcon_meta) check parameters
[1.321s] Level 1:colcon.colcon_core.package_discovery:discover_packages(recursive) check parameters
[1.321s] Level 1:colcon.colcon_core.package_discovery:discover_packages(ignore) check parameters
[1.322s] Level 1:colcon.colcon_core.package_discovery:discover_packages(path) check parameters
[1.322s] Level 1:colcon.colcon_core.package_discovery:discover_packages(colcon_meta) discover
[1.322s] Level 1:colcon.colcon_core.package_discovery:discover_packages(recursive) discover
[1.322s] INFO:colcon.colcon_core.package_discovery:Crawling recursively for packages in '/home/fatrat/ros2_ws/src'
[1.323s] Level 1:colcon.colcon_core.package_identification:_identify(.) by extensions ['ignore', 'ignore_ament_install']
[1.323s] Level 1:colcon.colcon_core.package_identification:_identify(.) by extension 'ignore'
[1.323s] Level 1:colcon.colcon_core.package_identification:_identify(.) by extension 'ignore_ament_install'
[1.323s] Level 1:colcon.colcon_core.package_identification:_identify(.) by extensions ['colcon_pkg']
[1.324s] Level 1:colcon.colcon_core.package_identification:_identify(.) by extension 'colcon_pkg'
[1.324s] Level 1:colcon.colcon_core.package_identification:_identify(.) by extensions ['colcon_meta']
[1.324s] Level 1:colcon.colcon_core.package_identification:_identify(.) by extension 'colcon_meta'
[1.324s] Level 1:colcon.colcon_core.package_identification:_identify(.) by extensions ['ros']
[1.324s] Level 1:colcon.colcon_core.package_identification:_identify(.) by extension 'ros'
[1.372s] Level 1:colcon.colcon_core.package_identification:_identify(.) by extensions ['cmake', 'python']
[1.372s] Level 1:colcon.colcon_core.package_identification:_identify(.) by extension 'cmake'
[1.372s] Level 1:colcon.colcon_core.package_identification:_identify(.) by extension 'python'
[1.373s] Level 1:colcon.colcon_core.package_identification:_identify(.) by extensions ['python_setup_py']
[1.373s] Level 1:colcon.colcon_core.package_identification:_identify(.) by extension 'python_setup_py'
[1.373s] Level 1:colcon.colcon_core.package_identification:_identify(build) by extensions ['ignore', 'ignore_ament_install']
[1.374s] Level 1:colcon.colcon_core.package_identification:_identify(build) by extension 'ignore'
[1.374s] Level 1:colcon.colcon_core.package_identification:_identify(build) ignored
[1.375s] Level 1:colcon.colcon_core.package_identification:_identify(install) by extensions ['ignore', 'ignore_ament_install']
[1.376s] Level 1:colcon.colcon_core.package_identification:_identify(install) by extension 'ignore'
[1.377s] Level 1:colcon.colcon_core.package_identification:_identify(install) ignored
[1.378s] Level 1:colcon.colcon_core.package_identification:_identify(log) by extensions ['ignore', 'ignore_ament_install']
[1.379s] Level 1:colcon.colcon_core.package_identification:_identify(log) by extension 'ignore'
[1.379s] Level 1:colcon.colcon_core.package_identification:_identify(log) ignored
[1.380s] Level 1:colcon.colcon_core.package_identification:_identify(rover_arm) by extensions ['ignore', 'ignore_ament_install']
[1.380s] Level 1:colcon.colcon_core.package_identification:_identify(rover_arm) by extension 'ignore'
[1.381s] Level 1:colcon.colcon_core.package_identification:_identify(rover_arm) by extension 'ignore_ament_install'
[1.381s] Level 1:colcon.colcon_core.package_identification:_identify(rover_arm) by extensions ['colcon_pkg']
[1.381s] Level 1:colcon.colcon_core.package_identification:_identify(rover_arm) by extension 'colcon_pkg'
[1.381s] Level 1:colcon.colcon_core.package_identification:_identify(rover_arm) by extensions ['colcon_meta']
[1.381s] Level 1:colcon.colcon_core.package_identification:_identify(rover_arm) by extension 'colcon_meta'
[1.382s] Level 1:colcon.colcon_core.package_identification:_identify(rover_arm) by extensions ['ros']
[1.382s] Level 1:colcon.colcon_core.package_identification:_identify(rover_arm) by extension 'ros'
[1.396s] DEBUG:colcon.colcon_core.package_identification:Package 'rover_arm' with type 'ros.ament_python' and name 'rover_arm'
[1.397s] Level 1:colcon.colcon_core.package_identification:_identify(rover_control1) by extensions ['ignore', 'ignore_ament_install']
[1.397s] Level 1:colcon.colcon_core.package_identification:_identify(rover_control1) by extension 'ignore'
[1.398s] Level 1:colcon.colcon_core.package_identification:_identify(rover_control1) by extension 'ignore_ament_install'
[1.398s] Level 1:colcon.colcon_core.package_identification:_identify(rover_control1) by extensions ['colcon_pkg']
[1.398s] Level 1:colcon.colcon_core.package_identification:_identify(rover_control1) by extension 'colcon_pkg'
[1.399s] Level 1:colcon.colcon_core.package_identification:_identify(rover_control1) by extensions ['colcon_meta']
[1.399s] Level 1:colcon.colcon_core.package_identification:_identify(rover_control1) by extension 'colcon_meta'
[1.399s] Level 1:colcon.colcon_core.package_identification:_identify(rover_control1) by extensions ['ros']
[1.399s] Level 1:colcon.colcon_core.package_identification:_identify(rover_control1) by extension 'ros'
[1.403s] DEBUG:colcon.colcon_core.package_identification:Package 'rover_control1' with type 'ros.ament_python' and name 'rover_control1'
[1.404s] Level 1:colcon.colcon_core.package_identification:_identify(rover_mapping) by extensions ['ignore', 'ignore_ament_install']
[1.404s] Level 1:colcon.colcon_core.package_identification:_identify(rover_mapping) by extension 'ignore'
[1.404s] Level 1:colcon.colcon_core.package_identification:_identify(rover_mapping) by extension 'ignore_ament_install'
[1.405s] Level 1:colcon.colcon_core.package_identification:_identify(rover_mapping) by extensions ['colcon_pkg']
[1.405s] Level 1:colcon.colcon_core.package_identification:_identify(rover_mapping) by extension 'colcon_pkg'
[1.405s] Level 1:colcon.colcon_core.package_identification:_identify(rover_mapping) by extensions ['colcon_meta']
[1.405s] Level 1:colcon.colcon_core.package_identification:_identify(rover_mapping) by extension 'colcon_meta'
[1.406s] Level 1:colcon.colcon_core.package_identification:_identify(rover_mapping) by extensions ['ros']
[1.406s] Level 1:colcon.colcon_core.package_identification:_identify(rover_mapping) by extension 'ros'
[1.408s] DEBUG:colcon.colcon_core.package_identification:Package 'rover_mapping' with type 'ros.ament_python' and name 'rover_mapping'
[1.409s] Level 1:colcon.colcon_core.package_identification:_identify(rover_mission) by extensions ['ignore', 'ignore_ament_install']
[1.409s] Level 1:colcon.colcon_core.package_identification:_identify(rover_mission) by extension 'ignore'
[1.410s] Level 1:colcon.colcon_core.package_identification:_identify(rover_mission) by extension 'ignore_ament_install'
[1.410s] Level 1:colcon.colcon_core.package_identification:_identify(rover_mission) by extensions ['colcon_pkg']
[1.410s] Level 1:colcon.colcon_core.package_identification:_identify(rover_mission) by extension 'colcon_pkg'
[1.410s] Level 1:colcon.colcon_core.package_identification:_identify(rover_mission) by extensions ['colcon_meta']
[1.410s] Level 1:colcon.colcon_core.package_identification:_identify(rover_mission) by extension 'colcon_meta'
[1.410s] Level 1:colcon.colcon_core.package_identification:_identify(rover_mission) by extensions ['ros']
[1.411s] Level 1:colcon.colcon_core.package_identification:_identify(rover_mission) by extension 'ros'
[1.414s] DEBUG:colcon.colcon_core.package_identification:Package 'rover_mission' with type 'ros.ament_python' and name 'rover_mission'
[1.414s] Level 1:colcon.colcon_core.package_identification:_identify(rover_monitor) by extensions ['ignore', 'ignore_ament_install']
[1.415s] Level 1:colcon.colcon_core.package_identification:_identify(rover_monitor) by extension 'ignore'
[1.415s] Level 1:colcon.colcon_core.package_identification:_identify(rover_monitor) by extension 'ignore_ament_install'
[1.415s] Level 1:colcon.colcon_core.package_identification:_identify(rover_monitor) by extensions ['colcon_pkg']
[1.415s] Level 1:colcon.colcon_core.package_identification:_identify(rover_monitor) by extension 'colcon_pkg'
[1.415s] Level 1:colcon.colcon_core.package_identification:_identify(rover_monitor) by extensions ['colcon_meta']
[1.416s] Level 1:colcon.colcon_core.package_identification:_identify(rover_monitor) by extension 'colcon_meta'
[1.416s] Level 1:colcon.colcon_core.package_identification:_identify(rover_monitor) by extensions ['ros']
[1.416s] Level 1:colcon.colcon_core.package_identification:_identify(rover_monitor) by extension 'ros'
[1.419s] DEBUG:colcon.colcon_core.package_identification:Package 'rover_monitor' with type 'ros.ament_python' and name 'rover_monitor'
[1.419s] Level 1:colcon.colcon_core.package_identification:_identify(rover_vision) by extensions ['ignore', 'ignore_ament_install']
[1.420s] Level 1:colcon.colcon_core.package_identification:_identify(rover_vision) by extension 'ignore'
[1.420s] Level 1:colcon.colcon_core.package_identification:_identify(rover_vision) by extension 'ignore_ament_install'
[1.420s] Level 1:colcon.colcon_core.package_identification:_identify(rover_vision) by extensions ['colcon_pkg']
[1.420s] Level 1:colcon.colcon_core.package_identification:_identify(rover_vision) by extension 'colcon_pkg'
[1.420s] Level 1:colcon.colcon_core.package_identification:_identify(rover_vision) by extensions ['colcon_meta']
[1.420s] Level 1:colcon.colcon_core.package_identification:_identify(rover_vision) by extension 'colcon_meta'
[1.421s] Level 1:colcon.colcon_core.package_identification:_identify(rover_vision) by extensions ['ros']
[1.421s] Level 1:colcon.colcon_core.package_identification:_identify(rover_vision) by extension 'ros'
[1.423s] DEBUG:colcon.colcon_core.package_identification:Package 'rover_vision' with type 'ros.ament_python' and name 'rover_vision'
[1.424s] Level 1:colcon.colcon_core.package_discovery:discover_packages(recursive) using defaults
[1.424s] Level 1:colcon.colcon_core.package_discovery:discover_packages(ignore) discover
[1.424s] Level 1:colcon.colcon_core.package_discovery:discover_packages(ignore) using defaults
[1.424s] Level 1:colcon.colcon_core.package_discovery:discover_packages(path) discover
[1.424s] Level 1:colcon.colcon_core.package_discovery:discover_packages(path) using defaults
[1.555s] Level 1:colcon.colcon_core.package_discovery:discover_packages(prefix_path) check parameters
[1.555s] Level 1:colcon.colcon_core.package_discovery:discover_packages(prefix_path) discover
[1.566s] DEBUG:colcon.colcon_installed_package_information.package_discovery:Found 7 installed packages in /home/fatrat/ros2_ws/install
[1.577s] DEBUG:colcon.colcon_installed_package_information.package_discovery:Found 325 installed packages in /opt/ros/humble
[1.584s] Level 1:colcon.colcon_core.package_discovery:discover_packages(prefix_path) using defaults
[1.778s] Level 5:colcon.colcon_core.verb:set package 'rover_arm' build argument 'cmake_args' from command line to 'None'
[1.778s] Level 5:colcon.colcon_core.verb:set package 'rover_arm' build argument 'cmake_target' from command line to 'None'
[1.779s] Level 5:colcon.colcon_core.verb:set package 'rover_arm' build argument 'cmake_target_skip_unavailable' from command line to 'False'
[1.779s] Level 5:colcon.colcon_core.verb:set package 'rover_arm' build argument 'cmake_clean_cache' from command line to 'False'
[1.779s] Level 5:colcon.colcon_core.verb:set package 'rover_arm' build argument 'cmake_clean_first' from command line to 'False'
[1.779s] Level 5:colcon.colcon_core.verb:set package 'rover_arm' build argument 'cmake_force_configure' from command line to 'False'
[1.779s] Level 5:colcon.colcon_core.verb:set package 'rover_arm' build argument 'ament_cmake_args' from command line to 'None'
[1.779s] Level 5:colcon.colcon_core.verb:set package 'rover_arm' build argument 'catkin_cmake_args' from command line to 'None'
[1.779s] Level 5:colcon.colcon_core.verb:set package 'rover_arm' build argument 'catkin_skip_building_tests' from command line to 'False'
[1.779s] DEBUG:colcon.colcon_core.verb:Building package 'rover_arm' with the following arguments: {'ament_cmake_args': None, 'build_base': '/home/fatrat/ros2_ws/src/build/rover_arm', 'catkin_cmake_args': None, 'catkin_skip_building_tests': False, 'cmake_args': None, 'cmake_clean_cache': False, 'cmake_clean_first': False, 'cmake_force_configure': False, 'cmake_target': None, 'cmake_target_skip_unavailable': False, 'install_base': '/home/fatrat/ros2_ws/src/install/rover_arm', 'merge_install': False, 'path': '/home/fatrat/ros2_ws/src/rover_arm', 'symlink_install': False, 'test_result_base': None}
[1.781s] Level 5:colcon.colcon_core.verb:set package 'rover_control1' build argument 'cmake_args' from command line to 'None'
[1.781s] Level 5:colcon.colcon_core.verb:set package 'rover_control1' build argument 'cmake_target' from command line to 'None'
[1.781s] Level 5:colcon.colcon_core.verb:set package 'rover_control1' build argument 'cmake_target_skip_unavailable' from command line to 'False'
[1.781s] Level 5:colcon.colcon_core.verb:set package 'rover_control1' build argument 'cmake_clean_cache' from command line to 'False'
[1.781s] Level 5:colcon.colcon_core.verb:set package 'rover_control1' build argument 'cmake_clean_first' from command line to 'False'
[1.781s] Level 5:colcon.colcon_core.verb:set package 'rover_control1' build argument 'cmake_force_configure' from command line to 'False'
[1.781s] Level 5:colcon.colcon_core.verb:set package 'rover_control1' build argument 'ament_cmake_args' from command line to 'None'
[1.781s] Level 5:colcon.colcon_core.verb:set package 'rover_control1' build argument 'catkin_cmake_args' from command line to 'None'
[1.782s] Level 5:colcon.colcon_core.verb:set package 'rover_control1' build argument 'catkin_skip_building_tests' from command line to 'False'
[1.782s] DEBUG:colcon.colcon_core.verb:Building package 'rover_control1' with the following arguments: {'ament_cmake_args': None, 'build_base': '/home/fatrat/ros2_ws/src/build/rover_control1', 'catkin_cmake_args': None, 'catkin_skip_building_tests': False, 'cmake_args': None, 'cmake_clean_cache': False, 'cmake_clean_first': False, 'cmake_force_configure': False, 'cmake_target': None, 'cmake_target_skip_unavailable': False, 'install_base': '/home/fatrat/ros2_ws/src/install/rover_control1', 'merge_install': False, 'path': '/home/fatrat/ros2_ws/src/rover_control1', 'symlink_install': False, 'test_result_base': None}
[1.783s] Level 5:colcon.colcon_core.verb:set package 'rover_mapping' build argument 'cmake_args' from command line to 'None'
[1.783s] Level 5:colcon.colcon_core.verb:set package 'rover_mapping' build argument 'cmake_target' from command line to 'None'
[1.783s] Level 5:colcon.colcon_core.verb:set package 'rover_mapping' build argument 'cmake_target_skip_unavailable' from command line to 'False'
[1.784s] Level 5:colcon.colcon_core.verb:set package 'rover_mapping' build argument 'cmake_clean_cache' from command line to 'False'
[1.784s] Level 5:colcon.colcon_core.verb:set package 'rover_mapping' build argument 'cmake_clean_first' from command line to 'False'
[1.784s] Level 5:colcon.colcon_core.verb:set package 'rover_mapping' build argument 'cmake_force_configure' from command line to 'False'
[1.784s] Level 5:colcon.colcon_core.verb:set package 'rover_mapping' build argument 'ament_cmake_args' from command line to 'None'
[1.784s] Level 5:colcon.colcon_core.verb:set package 'rover_mapping' build argument 'catkin_cmake_args' from command line to 'None'
[1.784s] Level 5:colcon.colcon_core.verb:set package 'rover_mapping' build argument 'catkin_skip_building_tests' from command line to 'False'
[1.784s] DEBUG:colcon.colcon_core.verb:Building package 'rover_mapping' with the following arguments: {'ament_cmake_args': None, 'build_base': '/home/fatrat/ros2_ws/src/build/rover_mapping', 'catkin_cmake_args': None, 'catkin_skip_building_tests': False, 'cmake_args': None, 'cmake_clean_cache': False, 'cmake_clean_first': False, 'cmake_force_configure': False, 'cmake_target': None, 'cmake_target_skip_unavailable': False, 'install_base': '/home/fatrat/ros2_ws/src/install/rover_mapping', 'merge_install': False, 'path': '/home/fatrat/ros2_ws/src/rover_mapping', 'symlink_install': False, 'test_result_base': None}
[1.785s] Level 5:colcon.colcon_core.verb:set package 'rover_mission' build argument 'cmake_args' from command line to 'None'
[1.786s] Level 5:colcon.colcon_core.verb:set package 'rover_mission' build argument 'cmake_target' from command line to 'None'
[1.786s] Level 5:colcon.colcon_core.verb:set package 'rover_mission' build argument 'cmake_target_skip_unavailable' from command line to 'False'
[1.786s] Level 5:colcon.colcon_core.verb:set package 'rover_mission' build argument 'cmake_clean_cache' from command line to 'False'
[1.786s] Level 5:colcon.colcon_core.verb:set package 'rover_mission' build argument 'cmake_clean_first' from command line to 'False'
[1.786s] Level 5:colcon.colcon_core.verb:set package 'rover_mission' build argument 'cmake_force_configure' from command line to 'False'
[1.786s] Level 5:colcon.colcon_core.verb:set package 'rover_mission' build argument 'ament_cmake_args' from command line to 'None'
[1.786s] Level 5:colcon.colcon_core.verb:set package 'rover_mission' build argument 'catkin_cmake_args' from command line to 'None'
[1.786s] Level 5:colcon.colcon_core.verb:set package 'rover_mission' build argument 'catkin_skip_building_tests' from command line to 'False'
[1.786s] DEBUG:colcon.colcon_core.verb:Building package 'rover_mission' with the following arguments: {'ament_cmake_args': None, 'build_base': '/home/fatrat/ros2_ws/src/build/rover_mission', 'catkin_cmake_args': None, 'catkin_skip_building_tests': False, 'cmake_args': None, 'cmake_clean_cache': False, 'cmake_clean_first': False, 'cmake_force_configure': False, 'cmake_target': None, 'cmake_target_skip_unavailable': False, 'install_base': '/home/fatrat/ros2_ws/src/install/rover_mission', 'merge_install': False, 'path': '/home/fatrat/ros2_ws/src/rover_mission', 'symlink_install': False, 'test_result_base': None}
[1.788s] Level 5:colcon.colcon_core.verb:set package 'rover_monitor' build argument 'cmake_args' from command line to 'None'
[1.788s] Level 5:colcon.colcon_core.verb:set package 'rover_monitor' build argument 'cmake_target' from command line to 'None'
[1.788s] Level 5:colcon.colcon_core.verb:set package 'rover_monitor' build argument 'cmake_target_skip_unavailable' from command line to 'False'
[1.788s] Level 5:colcon.colcon_core.verb:set package 'rover_monitor' build argument 'cmake_clean_cache' from command line to 'False'
[1.788s] Level 5:colcon.colcon_core.verb:set package 'rover_monitor' build argument 'cmake_clean_first' from command line to 'False'
[1.788s] Level 5:colcon.colcon_core.verb:set package 'rover_monitor' build argument 'cmake_force_configure' from command line to 'False'
[1.788s] Level 5:colcon.colcon_core.verb:set package 'rover_monitor' build argument 'ament_cmake_args' from command line to 'None'
[1.789s] Level 5:colcon.colcon_core.verb:set package 'rover_monitor' build argument 'catkin_cmake_args' from command line to 'None'
[1.789s] Level 5:colcon.colcon_core.verb:set package 'rover_monitor' build argument 'catkin_skip_building_tests' from command line to 'False'
[1.789s] DEBUG:colcon.colcon_core.verb:Building package 'rover_monitor' with the following arguments: {'ament_cmake_args': None, 'build_base': '/home/fatrat/ros2_ws/src/build/rover_monitor', 'catkin_cmake_args': None, 'catkin_skip_building_tests': False, 'cmake_args': None, 'cmake_clean_cache': False, 'cmake_clean_first': False, 'cmake_force_configure': False, 'cmake_target': None, 'cmake_target_skip_unavailable': False, 'install_base': '/home/fatrat/ros2_ws/src/install/rover_monitor', 'merge_install': False, 'path': '/home/fatrat/ros2_ws/src/rover_monitor', 'symlink_install': False, 'test_result_base': None}
[1.790s] Level 5:colcon.colcon_core.verb:set package 'rover_vision' build argument 'cmake_args' from command line to 'None'
[1.790s] Level 5:colcon.colcon_core.verb:set package 'rover_vision' build argument 'cmake_target' from command line to 'None'
[1.790s] Level 5:colcon.colcon_core.verb:set package 'rover_vision' build argument 'cmake_target_skip_unavailable' from command line to 'False'
[1.790s] Level 5:colcon.colcon_core.verb:set package 'rover_vision' build argument 'cmake_clean_cache' from command line to 'False'
[1.791s] Level 5:colcon.colcon_core.verb:set package 'rover_vision' build argument 'cmake_clean_first' from command line to 'False'
[1.791s] Level 5:colcon.colcon_core.verb:set package 'rover_vision' build argument 'cmake_force_configure' from command line to 'False'
[1.791s] Level 5:colcon.colcon_core.verb:set package 'rover_vision' build argument 'ament_cmake_args' from command line to 'None'
[1.791s] Level 5:colcon.colcon_core.verb:set package 'rover_vision' build argument 'catkin_cmake_args' from command line to 'None'
[1.791s] Level 5:colcon.colcon_core.verb:set package 'rover_vision' build argument 'catkin_skip_building_tests' from command line to 'False'
[1.791s] DEBUG:colcon.colcon_core.verb:Building package 'rover_vision' with the following arguments: {'ament_cmake_args': None, 'build_base': '/home/fatrat/ros2_ws/src/build/rover_vision', 'catkin_cmake_args': None, 'catkin_skip_building_tests': False, 'cmake_args': None, 'cmake_clean_cache': False, 'cmake_clean_first': False, 'cmake_force_configure': False, 'cmake_target': None, 'cmake_target_skip_unavailable': False, 'install_base': '/home/fatrat/ros2_ws/src/install/rover_vision', 'merge_install': False, 'path': '/home/fatrat/ros2_ws/src/rover_vision', 'symlink_install': False, 'test_result_base': None}
[1.792s] INFO:colcon.colcon_core.executor:Executing jobs using 'parallel' executor
[1.795s] DEBUG:colcon.colcon_parallel_executor.executor.parallel:run_until_complete
[1.796s] INFO:colcon.colcon_ros.task.ament_python.build:Building ROS package in '/home/fatrat/ros2_ws/src/rover_arm' with build type 'ament_python'
[1.797s] Level 1:colcon.colcon_core.shell:create_environment_hook('rover_arm', 'ament_prefix_path')
[1.807s] INFO:colcon.colcon_core.plugin_system:Skipping extension 'colcon_core.shell.bat': Not used on non-Windows systems
[1.809s] INFO:colcon.colcon_core.shell:Creating environment hook '/home/fatrat/ros2_ws/src/install/rover_arm/share/rover_arm/hook/ament_prefix_path.ps1'
[1.813s] INFO:colcon.colcon_core.shell:Creating environment descriptor '/home/fatrat/ros2_ws/src/install/rover_arm/share/rover_arm/hook/ament_prefix_path.dsv'
[1.816s] INFO:colcon.colcon_core.shell:Creating environment hook '/home/fatrat/ros2_ws/src/install/rover_arm/share/rover_arm/hook/ament_prefix_path.sh'
[1.819s] INFO:colcon.colcon_core.shell:Skip shell extension 'powershell' for command environment: Not usable outside of PowerShell
[1.820s] DEBUG:colcon.colcon_core.shell:Skip shell extension 'dsv' for command environment
[1.843s] INFO:colcon.colcon_ros.task.ament_python.build:Building ROS package in '/home/fatrat/ros2_ws/src/rover_control1' with build type 'ament_python'
[1.843s] Level 1:colcon.colcon_core.shell:create_environment_hook('rover_control1', 'ament_prefix_path')
[1.845s] INFO:colcon.colcon_core.shell:Creating environment hook '/home/fatrat/ros2_ws/src/install/rover_control1/share/rover_control1/hook/ament_prefix_path.ps1'
[1.847s] INFO:colcon.colcon_core.shell:Creating environment descriptor '/home/fatrat/ros2_ws/src/install/rover_control1/share/rover_control1/hook/ament_prefix_path.dsv'
[1.849s] INFO:colcon.colcon_core.shell:Creating environment hook '/home/fatrat/ros2_ws/src/install/rover_control1/share/rover_control1/hook/ament_prefix_path.sh'
[1.853s] INFO:colcon.colcon_core.shell:Skip shell extension 'powershell' for command environment: Not usable outside of PowerShell
[1.853s] DEBUG:colcon.colcon_core.shell:Skip shell extension 'dsv' for command environment
[1.878s] INFO:colcon.colcon_ros.task.ament_python.build:Building ROS package in '/home/fatrat/ros2_ws/src/rover_mapping' with build type 'ament_python'
[1.879s] Level 1:colcon.colcon_core.shell:create_environment_hook('rover_mapping', 'ament_prefix_path')
[1.881s] INFO:colcon.colcon_core.shell:Creating environment hook '/home/fatrat/ros2_ws/src/install/rover_mapping/share/rover_mapping/hook/ament_prefix_path.ps1'
[1.885s] INFO:colcon.colcon_core.shell:Creating environment descriptor '/home/fatrat/ros2_ws/src/install/rover_mapping/share/rover_mapping/hook/ament_prefix_path.dsv'
[1.888s] INFO:colcon.colcon_core.shell:Creating environment hook '/home/fatrat/ros2_ws/src/install/rover_mapping/share/rover_mapping/hook/ament_prefix_path.sh'
[1.892s] INFO:colcon.colcon_core.shell:Skip shell extension 'powershell' for command environment: Not usable outside of PowerShell
[1.892s] DEBUG:colcon.colcon_core.shell:Skip shell extension 'dsv' for command environment
[1.919s] INFO:colcon.colcon_ros.task.ament_python.build:Building ROS package in '/home/fatrat/ros2_ws/src/rover_mission' with build type 'ament_python'
[1.920s] Level 1:colcon.colcon_core.shell:create_environment_hook('rover_mission', 'ament_prefix_path')
[1.922s] INFO:colcon.colcon_core.shell:Creating environment hook '/home/fatrat/ros2_ws/src/install/rover_mission/share/rover_mission/hook/ament_prefix_path.ps1'
[1.925s] INFO:colcon.colcon_core.shell:Creating environment descriptor '/home/fatrat/ros2_ws/src/install/rover_mission/share/rover_mission/hook/ament_prefix_path.dsv'
[1.929s] INFO:colcon.colcon_core.shell:Creating environment hook '/home/fatrat/ros2_ws/src/install/rover_mission/share/rover_mission/hook/ament_prefix_path.sh'
[1.933s] INFO:colcon.colcon_core.shell:Skip shell extension 'powershell' for command environment: Not usable outside of PowerShell
[1.934s] DEBUG:colcon.colcon_core.shell:Skip shell extension 'dsv' for command environment
[3.266s] INFO:colcon.colcon_core.task.python.build:Building Python package in '/home/fatrat/ros2_ws/src/rover_arm'
[3.267s] INFO:colcon.colcon_core.shell:Skip shell extension 'powershell' for command environment: Not usable outside of PowerShell
[3.268s] DEBUG:colcon.colcon_core.shell:Skip shell extension 'dsv' for command environment
[4.614s] INFO:colcon.colcon_core.task.python.build:Building Python package in '/home/fatrat/ros2_ws/src/rover_control1'
[4.615s] INFO:colcon.colcon_core.shell:Skip shell extension 'powershell' for command environment: Not usable outside of PowerShell
[4.616s] DEBUG:colcon.colcon_core.shell:Skip shell extension 'dsv' for command environment
[5.949s] INFO:colcon.colcon_core.task.python.build:Building Python package in '/home/fatrat/ros2_ws/src/rover_mapping'
[5.950s] INFO:colcon.colcon_core.shell:Skip shell extension 'powershell' for command environment: Not usable outside of PowerShell
[5.951s] DEBUG:colcon.colcon_core.shell:Skip shell extension 'dsv' for command environment
[7.568s] INFO:colcon.colcon_core.task.python.build:Building Python package in '/home/fatrat/ros2_ws/src/rover_mission'
[7.570s] INFO:colcon.colcon_core.shell:Skip shell extension 'powershell' for command environment: Not usable outside of PowerShell
[7.570s] DEBUG:colcon.colcon_core.shell:Skip shell extension 'dsv' for command environment
[10.567s] DEBUG:colcon.colcon_core.event_handler.log_command:Invoking command in '/home/fatrat/ros2_ws/src/rover_mapping': PYTHONPATH=/home/fatrat/ros2_ws/src/build/rover_mapping/prefix_override:/usr/lib/python3/dist-packages/colcon_core/task/python/colcon_distutils_commands:/home/fatrat/ros2_ws/src/install/rover_mapping/lib/python3.10/site-packages:${PYTHONPATH} /usr/bin/python3 -W ignore:setup.py install is deprecated -W ignore:easy_install command is deprecated setup.py egg_info --egg-base ../build/rover_mapping build --build-base /home/fatrat/ros2_ws/src/build/rover_mapping/build install --record /home/fatrat/ros2_ws/src/build/rover_mapping/install.log --single-version-externally-managed install_data
[10.620s] DEBUG:colcon.colcon_core.event_handler.log_command:Invoking command in '/home/fatrat/ros2_ws/src/rover_control1': PYTHONPATH=/home/fatrat/ros2_ws/src/build/rover_control1/prefix_override:/usr/lib/python3/dist-packages/colcon_core/task/python/colcon_distutils_commands:/home/fatrat/ros2_ws/src/install/rover_control1/lib/python3.10/site-packages:${PYTHONPATH} /usr/bin/python3 -W ignore:setup.py install is deprecated -W ignore:easy_install command is deprecated setup.py egg_info --egg-base ../build/rover_control1 build --build-base /home/fatrat/ros2_ws/src/build/rover_control1/build install --record /home/fatrat/ros2_ws/src/build/rover_control1/install.log --single-version-externally-managed install_data
[10.656s] DEBUG:colcon.colcon_core.event_handler.log_command:Invoking command in '/home/fatrat/ros2_ws/src/rover_arm': PYTHONPATH=/home/fatrat/ros2_ws/src/build/rover_arm/prefix_override:/usr/lib/python3/dist-packages/colcon_core/task/python/colcon_distutils_commands:/home/fatrat/ros2_ws/src/install/rover_arm/lib/python3.10/site-packages:${PYTHONPATH} /usr/bin/python3 -W ignore:setup.py install is deprecated -W ignore:easy_install command is deprecated setup.py egg_info --egg-base ../build/rover_arm build --build-base /home/fatrat/ros2_ws/src/build/rover_arm/build install --record /home/fatrat/ros2_ws/src/build/rover_arm/install.log --single-version-externally-managed install_data
[10.709s] DEBUG:colcon.colcon_core.event_handler.log_command:Invoking command in '/home/fatrat/ros2_ws/src/rover_mission': PYTHONPATH=/home/fatrat/ros2_ws/src/build/rover_mission/prefix_override:/usr/lib/python3/dist-packages/colcon_core/task/python/colcon_distutils_commands:/home/fatrat/ros2_ws/src/install/rover_mission/lib/python3.10/site-packages:${PYTHONPATH} /usr/bin/python3 -W ignore:setup.py install is deprecated -W ignore:easy_install command is deprecated setup.py egg_info --egg-base ../build/rover_mission build --build-base /home/fatrat/ros2_ws/src/build/rover_mission/build install --record /home/fatrat/ros2_ws/src/build/rover_mission/install.log --single-version-externally-managed install_data
[13.015s] DEBUG:colcon.colcon_core.event_handler.log_command:Invoked command in '/home/fatrat/ros2_ws/src/rover_control1' returned '0': PYTHONPATH=/home/fatrat/ros2_ws/src/build/rover_control1/prefix_override:/usr/lib/python3/dist-packages/colcon_core/task/python/colcon_distutils_commands:/home/fatrat/ros2_ws/src/install/rover_control1/lib/python3.10/site-packages:${PYTHONPATH} /usr/bin/python3 -W ignore:setup.py install is deprecated -W ignore:easy_install command is deprecated setup.py egg_info --egg-base ../build/rover_control1 build --build-base /home/fatrat/ros2_ws/src/build/rover_control1/build install --record /home/fatrat/ros2_ws/src/build/rover_control1/install.log --single-version-externally-managed install_data
[13.101s] Level 1:colcon.colcon_core.environment:checking '/home/fatrat/ros2_ws/src/install/rover_control1' for CMake module files
[13.107s] Level 1:colcon.colcon_core.environment:checking '/home/fatrat/ros2_ws/src/install/rover_control1' for CMake config files
[13.118s] Level 1:colcon.colcon_core.environment:checking '/home/fatrat/ros2_ws/src/install/rover_control1/lib'
[13.120s] Level 1:colcon.colcon_core.environment:checking '/home/fatrat/ros2_ws/src/install/rover_control1/bin'
[13.122s] Level 1:colcon.colcon_core.environment:checking '/home/fatrat/ros2_ws/src/install/rover_control1/lib/pkgconfig/rover_control1.pc'
[13.124s] Level 1:colcon.colcon_core.environment:checking '/home/fatrat/ros2_ws/src/install/rover_control1/lib/python3.10/site-packages'
[13.127s] Level 1:colcon.colcon_core.shell:create_environment_hook('rover_control1', 'pythonpath')
[13.129s] INFO:colcon.colcon_core.shell:Creating environment hook '/home/fatrat/ros2_ws/src/install/rover_control1/share/rover_control1/hook/pythonpath.ps1'
[13.137s] INFO:colcon.colcon_core.shell:Creating environment descriptor '/home/fatrat/ros2_ws/src/install/rover_control1/share/rover_control1/hook/pythonpath.dsv'
[13.145s] INFO:colcon.colcon_core.shell:Creating environment hook '/home/fatrat/ros2_ws/src/install/rover_control1/share/rover_control1/hook/pythonpath.sh'
[13.153s] Level 1:colcon.colcon_core.environment:checking '/home/fatrat/ros2_ws/src/install/rover_control1/bin'
[13.155s] Level 1:colcon.colcon_core.environment:create_environment_scripts_only(rover_control1)
[13.157s] INFO:colcon.colcon_core.shell:Creating package script '/home/fatrat/ros2_ws/src/install/rover_control1/share/rover_control1/package.ps1'
[13.168s] INFO:colcon.colcon_core.shell:Creating package descriptor '/home/fatrat/ros2_ws/src/install/rover_control1/share/rover_control1/package.dsv'
[13.174s] INFO:colcon.colcon_core.shell:Creating package script '/home/fatrat/ros2_ws/src/install/rover_control1/share/rover_control1/package.sh'
[13.181s] INFO:colcon.colcon_core.shell:Creating package script '/home/fatrat/ros2_ws/src/install/rover_control1/share/rover_control1/package.bash'
[13.188s] INFO:colcon.colcon_core.shell:Creating package script '/home/fatrat/ros2_ws/src/install/rover_control1/share/rover_control1/package.zsh'
[13.195s] Level 1:colcon.colcon_core.environment:create_file_with_runtime_dependencies(/home/fatrat/ros2_ws/src/install/rover_control1/share/colcon-core/packages/rover_control1)
[13.199s] INFO:colcon.colcon_ros.task.ament_python.build:Building ROS package in '/home/fatrat/ros2_ws/src/rover_monitor' with build type 'ament_python'
[13.200s] Level 1:colcon.colcon_core.shell:create_environment_hook('rover_monitor', 'ament_prefix_path')
[13.203s] INFO:colcon.colcon_core.shell:Creating environment hook '/home/fatrat/ros2_ws/src/install/rover_monitor/share/rover_monitor/hook/ament_prefix_path.ps1'
[13.209s] INFO:colcon.colcon_core.shell:Creating environment descriptor '/home/fatrat/ros2_ws/src/install/rover_monitor/share/rover_monitor/hook/ament_prefix_path.dsv'
[13.212s] INFO:colcon.colcon_core.shell:Creating environment hook '/home/fatrat/ros2_ws/src/install/rover_monitor/share/rover_monitor/hook/ament_prefix_path.sh'
[13.216s] INFO:colcon.colcon_core.shell:Skip shell extension 'powershell' for command environment: Not usable outside of PowerShell
[13.217s] DEBUG:colcon.colcon_core.shell:Skip shell extension 'dsv' for command environment
[13.260s] Level 1:colcon.colcon_core.environment:checking '/home/fatrat/ros2_ws/src/install/rover_mapping' for CMake module files
[13.262s] DEBUG:colcon.colcon_core.event_handler.log_command:Invoked command in '/home/fatrat/ros2_ws/src/rover_mapping' returned '0': PYTHONPATH=/home/fatrat/ros2_ws/src/build/rover_mapping/prefix_override:/usr/lib/python3/dist-packages/colcon_core/task/python/colcon_distutils_commands:/home/fatrat/ros2_ws/src/install/rover_mapping/lib/python3.10/site-packages:${PYTHONPATH} /usr/bin/python3 -W ignore:setup.py install is deprecated -W ignore:easy_install command is deprecated setup.py egg_info --egg-base ../build/rover_mapping build --build-base /home/fatrat/ros2_ws/src/build/rover_mapping/build install --record /home/fatrat/ros2_ws/src/build/rover_mapping/install.log --single-version-externally-managed install_data
[13.265s] Level 1:colcon.colcon_core.environment:checking '/home/fatrat/ros2_ws/src/install/rover_mapping' for CMake config files
[13.270s] Level 1:colcon.colcon_core.environment:checking '/home/fatrat/ros2_ws/src/install/rover_mapping/lib'
[13.271s] Level 1:colcon.colcon_core.environment:checking '/home/fatrat/ros2_ws/src/install/rover_mapping/bin'
[13.272s] Level 1:colcon.colcon_core.environment:checking '/home/fatrat/ros2_ws/src/install/rover_mapping/lib/pkgconfig/rover_mapping.pc'
[13.274s] Level 1:colcon.colcon_core.environment:checking '/home/fatrat/ros2_ws/src/install/rover_mapping/lib/python3.10/site-packages'
[13.274s] Level 1:colcon.colcon_core.shell:create_environment_hook('rover_mapping', 'pythonpath')
[13.276s] INFO:colcon.colcon_core.shell:Creating environment hook '/home/fatrat/ros2_ws/src/install/rover_mapping/share/rover_mapping/hook/pythonpath.ps1'
[13.279s] INFO:colcon.colcon_core.shell:Creating environment descriptor '/home/fatrat/ros2_ws/src/install/rover_mapping/share/rover_mapping/hook/pythonpath.dsv'
[13.281s] INFO:colcon.colcon_core.shell:Creating environment hook '/home/fatrat/ros2_ws/src/install/rover_mapping/share/rover_mapping/hook/pythonpath.sh'
[13.285s] Level 1:colcon.colcon_core.environment:checking '/home/fatrat/ros2_ws/src/install/rover_mapping/bin'
[13.286s] Level 1:colcon.colcon_core.environment:create_environment_scripts_only(rover_mapping)
[13.287s] INFO:colcon.colcon_core.shell:Creating package script '/home/fatrat/ros2_ws/src/install/rover_mapping/share/rover_mapping/package.ps1'
[13.289s] INFO:colcon.colcon_core.shell:Creating package descriptor '/home/fatrat/ros2_ws/src/install/rover_mapping/share/rover_mapping/package.dsv'
[13.292s] INFO:colcon.colcon_core.shell:Creating package script '/home/fatrat/ros2_ws/src/install/rover_mapping/share/rover_mapping/package.sh'
[13.293s] INFO:colcon.colcon_core.shell:Creating package script '/home/fatrat/ros2_ws/src/install/rover_mapping/share/rover_mapping/package.bash'
[13.295s] INFO:colcon.colcon_core.shell:Creating package script '/home/fatrat/ros2_ws/src/install/rover_mapping/share/rover_mapping/package.zsh'
[13.297s] Level 1:colcon.colcon_core.environment:create_file_with_runtime_dependencies(/home/fatrat/ros2_ws/src/install/rover_mapping/share/colcon-core/packages/rover_mapping)
[13.299s] Level 1:colcon.colcon_core.environment:checking '/home/fatrat/ros2_ws/src/install/rover_arm' for CMake module files
[13.302s] DEBUG:colcon.colcon_core.event_handler.log_command:Invoked command in '/home/fatrat/ros2_ws/src/rover_arm' returned '0': PYTHONPATH=/home/fatrat/ros2_ws/src/build/rover_arm/prefix_override:/usr/lib/python3/dist-packages/colcon_core/task/python/colcon_distutils_commands:/home/fatrat/ros2_ws/src/install/rover_arm/lib/python3.10/site-packages:${PYTHONPATH} /usr/bin/python3 -W ignore:setup.py install is deprecated -W ignore:easy_install command is deprecated setup.py egg_info --egg-base ../build/rover_arm build --build-base /home/fatrat/ros2_ws/src/build/rover_arm/build install --record /home/fatrat/ros2_ws/src/build/rover_arm/install.log --single-version-externally-managed install_data
[13.303s] Level 1:colcon.colcon_core.environment:checking '/home/fatrat/ros2_ws/src/install/rover_arm' for CMake config files
[13.306s] Level 1:colcon.colcon_core.environment:checking '/home/fatrat/ros2_ws/src/install/rover_arm/lib'
[13.306s] Level 1:colcon.colcon_core.environment:checking '/home/fatrat/ros2_ws/src/install/rover_arm/bin'
[13.307s] Level 1:colcon.colcon_core.environment:checking '/home/fatrat/ros2_ws/src/install/rover_arm/lib/pkgconfig/rover_arm.pc'
[13.307s] Level 1:colcon.colcon_core.environment:checking '/home/fatrat/ros2_ws/src/install/rover_arm/lib/python3.10/site-packages'
[13.308s] Level 1:colcon.colcon_core.shell:create_environment_hook('rover_arm', 'pythonpath')
[13.308s] INFO:colcon.colcon_core.shell:Creating environment hook '/home/fatrat/ros2_ws/src/install/rover_arm/share/rover_arm/hook/pythonpath.ps1'
[13.310s] INFO:colcon.colcon_core.shell:Creating environment descriptor '/home/fatrat/ros2_ws/src/install/rover_arm/share/rover_arm/hook/pythonpath.dsv'
[13.312s] INFO:colcon.colcon_core.shell:Creating environment hook '/home/fatrat/ros2_ws/src/install/rover_arm/share/rover_arm/hook/pythonpath.sh'
[13.317s] Level 1:colcon.colcon_core.environment:checking '/home/fatrat/ros2_ws/src/install/rover_arm/bin'
[13.317s] Level 1:colcon.colcon_core.environment:create_environment_scripts_only(rover_arm)
[13.319s] INFO:colcon.colcon_core.shell:Creating package script '/home/fatrat/ros2_ws/src/install/rover_arm/share/rover_arm/package.ps1'
[13.321s] INFO:colcon.colcon_core.shell:Creating package descriptor '/home/fatrat/ros2_ws/src/install/rover_arm/share/rover_arm/package.dsv'
[13.323s] INFO:colcon.colcon_core.shell:Creating package script '/home/fatrat/ros2_ws/src/install/rover_arm/share/rover_arm/package.sh'
[13.326s] INFO:colcon.colcon_core.shell:Creating package script '/home/fatrat/ros2_ws/src/install/rover_arm/share/rover_arm/package.bash'
[13.328s] INFO:colcon.colcon_core.shell:Creating package script '/home/fatrat/ros2_ws/src/install/rover_arm/share/rover_arm/package.zsh'
[13.330s] Level 1:colcon.colcon_core.environment:create_file_with_runtime_dependencies(/home/fatrat/ros2_ws/src/install/rover_arm/share/colcon-core/packages/rover_arm)
[13.335s] INFO:colcon.colcon_ros.task.ament_python.build:Building ROS package in '/home/fatrat/ros2_ws/src/rover_vision' with build type 'ament_python'
[13.336s] Level 1:colcon.colcon_core.shell:create_environment_hook('rover_vision', 'ament_prefix_path')
[13.337s] INFO:colcon.colcon_core.shell:Creating environment hook '/home/fatrat/ros2_ws/src/install/rover_vision/share/rover_vision/hook/ament_prefix_path.ps1'
[13.341s] INFO:colcon.colcon_core.shell:Creating environment descriptor '/home/fatrat/ros2_ws/src/install/rover_vision/share/rover_vision/hook/ament_prefix_path.dsv'
[13.342s] INFO:colcon.colcon_core.shell:Creating environment hook '/home/fatrat/ros2_ws/src/install/rover_vision/share/rover_vision/hook/ament_prefix_path.sh'
[13.345s] INFO:colcon.colcon_core.shell:Skip shell extension 'powershell' for command environment: Not usable outside of PowerShell
[13.345s] DEBUG:colcon.colcon_core.shell:Skip shell extension 'dsv' for command environment
[14.750s] INFO:colcon.colcon_core.task.python.build:Building Python package in '/home/fatrat/ros2_ws/src/rover_monitor'
[14.751s] INFO:colcon.colcon_core.shell:Skip shell extension 'powershell' for command environment: Not usable outside of PowerShell
[14.751s] DEBUG:colcon.colcon_core.shell:Skip shell extension 'dsv' for command environment
[14.779s] Level 1:colcon.colcon_core.environment:checking '/home/fatrat/ros2_ws/src/install/rover_mission' for CMake module files
[14.782s] DEBUG:colcon.colcon_core.event_handler.log_command:Invoked command in '/home/fatrat/ros2_ws/src/rover_mission' returned '0': PYTHONPATH=/home/fatrat/ros2_ws/src/build/rover_mission/prefix_override:/usr/lib/python3/dist-packages/colcon_core/task/python/colcon_distutils_commands:/home/fatrat/ros2_ws/src/install/rover_mission/lib/python3.10/site-packages:${PYTHONPATH} /usr/bin/python3 -W ignore:setup.py install is deprecated -W ignore:easy_install command is deprecated setup.py egg_info --egg-base ../build/rover_mission build --build-base /home/fatrat/ros2_ws/src/build/rover_mission/build install --record /home/fatrat/ros2_ws/src/build/rover_mission/install.log --single-version-externally-managed install_data
[14.784s] Level 1:colcon.colcon_core.environment:checking '/home/fatrat/ros2_ws/src/install/rover_mission' for CMake config files
[14.788s] Level 1:colcon.colcon_core.environment:checking '/home/fatrat/ros2_ws/src/install/rover_mission/lib'
[14.788s] Level 1:colcon.colcon_core.environment:checking '/home/fatrat/ros2_ws/src/install/rover_mission/bin'
[14.788s] Level 1:colcon.colcon_core.environment:checking '/home/fatrat/ros2_ws/src/install/rover_mission/lib/pkgconfig/rover_mission.pc'
[14.789s] Level 1:colcon.colcon_core.environment:checking '/home/fatrat/ros2_ws/src/install/rover_mission/lib/python3.10/site-packages'
[14.790s] Level 1:colcon.colcon_core.shell:create_environment_hook('rover_mission', 'pythonpath')
[14.791s] INFO:colcon.colcon_core.shell:Creating environment hook '/home/fatrat/ros2_ws/src/install/rover_mission/share/rover_mission/hook/pythonpath.ps1'
[14.793s] INFO:colcon.colcon_core.shell:Creating environment descriptor '/home/fatrat/ros2_ws/src/install/rover_mission/share/rover_mission/hook/pythonpath.dsv'
[14.795s] INFO:colcon.colcon_core.shell:Creating environment hook '/home/fatrat/ros2_ws/src/install/rover_mission/share/rover_mission/hook/pythonpath.sh'
[14.798s] Level 1:colcon.colcon_core.environment:checking '/home/fatrat/ros2_ws/src/install/rover_mission/bin'
[14.798s] Level 1:colcon.colcon_core.environment:create_environment_scripts_only(rover_mission)
[14.800s] INFO:colcon.colcon_core.shell:Creating package script '/home/fatrat/ros2_ws/src/install/rover_mission/share/rover_mission/package.ps1'
[14.802s] INFO:colcon.colcon_core.shell:Creating package descriptor '/home/fatrat/ros2_ws/src/install/rover_mission/share/rover_mission/package.dsv'
[14.804s] INFO:colcon.colcon_core.shell:Creating package script '/home/fatrat/ros2_ws/src/install/rover_mission/share/rover_mission/package.sh'
[14.806s] INFO:colcon.colcon_core.shell:Creating package script '/home/fatrat/ros2_ws/src/install/rover_mission/share/rover_mission/package.bash'
[14.807s] INFO:colcon.colcon_core.shell:Creating package script '/home/fatrat/ros2_ws/src/install/rover_mission/share/rover_mission/package.zsh'
[14.809s] Level 1:colcon.colcon_core.environment:create_file_with_runtime_dependencies(/home/fatrat/ros2_ws/src/install/rover_mission/share/colcon-core/packages/rover_mission)
[16.127s] INFO:colcon.colcon_core.task.python.build:Building Python package in '/home/fatrat/ros2_ws/src/rover_vision'
[16.128s] INFO:colcon.colcon_core.shell:Skip shell extension 'powershell' for command environment: Not usable outside of PowerShell
[16.128s] DEBUG:colcon.colcon_core.shell:Skip shell extension 'dsv' for command environment
[18.121s] DEBUG:colcon.colcon_core.event_handler.log_command:Invoking command in '/home/fatrat/ros2_ws/src/rover_monitor': PYTHONPATH=/home/fatrat/ros2_ws/src/build/rover_monitor/prefix_override:/usr/lib/python3/dist-packages/colcon_core/task/python/colcon_distutils_commands:/home/fatrat/ros2_ws/src/install/rover_monitor/lib/python3.10/site-packages:${PYTHONPATH} /usr/bin/python3 -W ignore:setup.py install is deprecated -W ignore:easy_install command is deprecated setup.py egg_info --egg-base ../build/rover_monitor build --build-base /home/fatrat/ros2_ws/src/build/rover_monitor/build install --record /home/fatrat/ros2_ws/src/build/rover_monitor/install.log --single-version-externally-managed install_data
[18.126s] DEBUG:colcon.colcon_core.event_handler.log_command:Invoking command in '/home/fatrat/ros2_ws/src/rover_vision': PYTHONPATH=/home/fatrat/ros2_ws/src/build/rover_vision/prefix_override:/usr/lib/python3/dist-packages/colcon_core/task/python/colcon_distutils_commands:/home/fatrat/ros2_ws/src/install/rover_vision/lib/python3.10/site-packages:${PYTHONPATH} /usr/bin/python3 -W ignore:setup.py install is deprecated -W ignore:easy_install command is deprecated setup.py egg_info --egg-base ../build/rover_vision build --build-base /home/fatrat/ros2_ws/src/build/rover_vision/build install --record /home/fatrat/ros2_ws/src/build/rover_vision/install.log --single-version-externally-managed install_data
[19.977s] Level 1:colcon.colcon_core.environment:checking '/home/fatrat/ros2_ws/src/install/rover_vision' for CMake module files
[19.979s] DEBUG:colcon.colcon_core.event_handler.log_command:Invoked command in '/home/fatrat/ros2_ws/src/rover_vision' returned '0': PYTHONPATH=/home/fatrat/ros2_ws/src/build/rover_vision/prefix_override:/usr/lib/python3/dist-packages/colcon_core/task/python/colcon_distutils_commands:/home/fatrat/ros2_ws/src/install/rover_vision/lib/python3.10/site-packages:${PYTHONPATH} /usr/bin/python3 -W ignore:setup.py install is deprecated -W ignore:easy_install command is deprecated setup.py egg_info --egg-base ../build/rover_vision build --build-base /home/fatrat/ros2_ws/src/build/rover_vision/build install --record /home/fatrat/ros2_ws/src/build/rover_vision/install.log --single-version-externally-managed install_data
[19.980s] Level 1:colcon.colcon_core.environment:checking '/home/fatrat/ros2_ws/src/install/rover_vision' for CMake config files
[19.983s] Level 1:colcon.colcon_core.environment:checking '/home/fatrat/ros2_ws/src/install/rover_vision/lib'
[19.984s] Level 1:colcon.colcon_core.environment:checking '/home/fatrat/ros2_ws/src/install/rover_vision/bin'
[19.984s] Level 1:colcon.colcon_core.environment:checking '/home/fatrat/ros2_ws/src/install/rover_vision/lib/pkgconfig/rover_vision.pc'
[19.985s] Level 1:colcon.colcon_core.environment:checking '/home/fatrat/ros2_ws/src/install/rover_vision/lib/python3.10/site-packages'
[19.985s] Level 1:colcon.colcon_core.shell:create_environment_hook('rover_vision', 'pythonpath')
[19.986s] INFO:colcon.colcon_core.shell:Creating environment hook '/home/fatrat/ros2_ws/src/install/rover_vision/share/rover_vision/hook/pythonpath.ps1'
[19.988s] INFO:colcon.colcon_core.shell:Creating environment descriptor '/home/fatrat/ros2_ws/src/install/rover_vision/share/rover_vision/hook/pythonpath.dsv'
[19.990s] INFO:colcon.colcon_core.shell:Creating environment hook '/home/fatrat/ros2_ws/src/install/rover_vision/share/rover_vision/hook/pythonpath.sh'
[19.993s] Level 1:colcon.colcon_core.environment:checking '/home/fatrat/ros2_ws/src/install/rover_vision/bin'
[19.994s] Level 1:colcon.colcon_core.environment:create_environment_scripts_only(rover_vision)
[19.995s] INFO:colcon.colcon_core.shell:Creating package script '/home/fatrat/ros2_ws/src/install/rover_vision/share/rover_vision/package.ps1'
[19.997s] INFO:colcon.colcon_core.shell:Creating package descriptor '/home/fatrat/ros2_ws/src/install/rover_vision/share/rover_vision/package.dsv'
[19.999s] INFO:colcon.colcon_core.shell:Creating package script '/home/fatrat/ros2_ws/src/install/rover_vision/share/rover_vision/package.sh'
[20.001s] INFO:colcon.colcon_core.shell:Creating package script '/home/fatrat/ros2_ws/src/install/rover_vision/share/rover_vision/package.bash'
[20.003s] INFO:colcon.colcon_core.shell:Creating package script '/home/fatrat/ros2_ws/src/install/rover_vision/share/rover_vision/package.zsh'
[20.004s] Level 1:colcon.colcon_core.environment:create_file_with_runtime_dependencies(/home/fatrat/ros2_ws/src/install/rover_vision/share/colcon-core/packages/rover_vision)
[20.009s] Level 1:colcon.colcon_core.environment:checking '/home/fatrat/ros2_ws/src/install/rover_monitor' for CMake module files
[20.011s] DEBUG:colcon.colcon_core.event_handler.log_command:Invoked command in '/home/fatrat/ros2_ws/src/rover_monitor' returned '0': PYTHONPATH=/home/fatrat/ros2_ws/src/build/rover_monitor/prefix_override:/usr/lib/python3/dist-packages/colcon_core/task/python/colcon_distutils_commands:/home/fatrat/ros2_ws/src/install/rover_monitor/lib/python3.10/site-packages:${PYTHONPATH} /usr/bin/python3 -W ignore:setup.py install is deprecated -W ignore:easy_install command is deprecated setup.py egg_info --egg-base ../build/rover_monitor build --build-base /home/fatrat/ros2_ws/src/build/rover_monitor/build install --record /home/fatrat/ros2_ws/src/build/rover_monitor/install.log --single-version-externally-managed install_data
[20.013s] Level 1:colcon.colcon_core.environment:checking '/home/fatrat/ros2_ws/src/install/rover_monitor' for CMake config files
[20.016s] Level 1:colcon.colcon_core.environment:checking '/home/fatrat/ros2_ws/src/install/rover_monitor/lib'
[20.016s] Level 1:colcon.colcon_core.environment:checking '/home/fatrat/ros2_ws/src/install/rover_monitor/bin'
[20.017s] Level 1:colcon.colcon_core.environment:checking '/home/fatrat/ros2_ws/src/install/rover_monitor/lib/pkgconfig/rover_monitor.pc'
[20.018s] Level 1:colcon.colcon_core.environment:checking '/home/fatrat/ros2_ws/src/install/rover_monitor/lib/python3.10/site-packages'
[20.018s] Level 1:colcon.colcon_core.shell:create_environment_hook('rover_monitor', 'pythonpath')
[20.019s] INFO:colcon.colcon_core.shell:Creating environment hook '/home/fatrat/ros2_ws/src/install/rover_monitor/share/rover_monitor/hook/pythonpath.ps1'
[20.021s] INFO:colcon.colcon_core.shell:Creating environment descriptor '/home/fatrat/ros2_ws/src/install/rover_monitor/share/rover_monitor/hook/pythonpath.dsv'
[20.023s] INFO:colcon.colcon_core.shell:Creating environment hook '/home/fatrat/ros2_ws/src/install/rover_monitor/share/rover_monitor/hook/pythonpath.sh'
[20.026s] Level 1:colcon.colcon_core.environment:checking '/home/fatrat/ros2_ws/src/install/rover_monitor/bin'
[20.027s] Level 1:colcon.colcon_core.environment:create_environment_scripts_only(rover_monitor)
[20.028s] INFO:colcon.colcon_core.shell:Creating package script '/home/fatrat/ros2_ws/src/install/rover_monitor/share/rover_monitor/package.ps1'
[20.031s] INFO:colcon.colcon_core.shell:Creating package descriptor '/home/fatrat/ros2_ws/src/install/rover_monitor/share/rover_monitor/package.dsv'
[20.034s] INFO:colcon.colcon_core.shell:Creating package script '/home/fatrat/ros2_ws/src/install/rover_monitor/share/rover_monitor/package.sh'
[20.036s] INFO:colcon.colcon_core.shell:Creating package script '/home/fatrat/ros2_ws/src/install/rover_monitor/share/rover_monitor/package.bash'
[20.039s] INFO:colcon.colcon_core.shell:Creating package script '/home/fatrat/ros2_ws/src/install/rover_monitor/share/rover_monitor/package.zsh'
[20.040s] Level 1:colcon.colcon_core.environment:create_file_with_runtime_dependencies(/home/fatrat/ros2_ws/src/install/rover_monitor/share/colcon-core/packages/rover_monitor)
[20.042s] DEBUG:colcon.colcon_parallel_executor.executor.parallel:closing loop
[20.043s] DEBUG:colcon.colcon_parallel_executor.executor.parallel:loop closed
[20.044s] DEBUG:colcon.colcon_parallel_executor.executor.parallel:run_until_complete finished with '0'
[20.044s] DEBUG:colcon.colcon_core.event_reactor:joining thread
[20.071s] INFO:colcon.colcon_core.plugin_system:Skipping extension 'colcon_notification.desktop_notification.terminal_notifier': Not used on non-Darwin systems
[20.072s] INFO:colcon.colcon_core.plugin_system:Skipping extension 'colcon_notification.desktop_notification.win32': Not used on non-Windows systems
[20.072s] INFO:colcon.colcon_notification.desktop_notification:Sending desktop notification using 'notify2'
[20.128s] DEBUG:colcon.colcon_core.event_reactor:joined thread
[20.129s] INFO:colcon.colcon_core.shell:Creating prefix script '/home/fatrat/ros2_ws/src/install/local_setup.ps1'
[20.134s] INFO:colcon.colcon_core.shell:Creating prefix util module '/home/fatrat/ros2_ws/src/install/_local_setup_util_ps1.py'
[20.141s] INFO:colcon.colcon_core.shell:Creating prefix chain script '/home/fatrat/ros2_ws/src/install/setup.ps1'
[20.150s] INFO:colcon.colcon_core.shell:Creating prefix script '/home/fatrat/ros2_ws/src/install/local_setup.sh'
[20.153s] INFO:colcon.colcon_core.shell:Creating prefix util module '/home/fatrat/ros2_ws/src/install/_local_setup_util_sh.py'
[20.156s] INFO:colcon.colcon_core.shell:Creating prefix chain script '/home/fatrat/ros2_ws/src/install/setup.sh'
[20.164s] INFO:colcon.colcon_core.shell:Creating prefix script '/home/fatrat/ros2_ws/src/install/local_setup.bash'
[20.168s] INFO:colcon.colcon_core.shell:Creating prefix chain script '/home/fatrat/ros2_ws/src/install/setup.bash'
[20.175s] INFO:colcon.colcon_core.shell:Creating prefix script '/home/fatrat/ros2_ws/src/install/local_setup.zsh'
[20.178s] INFO:colcon.colcon_core.shell:Creating prefix chain script '/home/fatrat/ros2_ws/src/install/setup.zsh'
