[9.110s] Invoking command in '/home/fatrat/ros2_ws/src/rover_arm': PYTHONPATH=/home/fatrat/ros2_ws/build/rover_arm/prefix_override:/usr/lib/python3/dist-packages/colcon_core/task/python/colcon_distutils_commands:/home/fatrat/ros2_ws/install/rover_arm/lib/python3.10/site-packages:${PYTHONPATH} /usr/bin/python3 -W ignore:setup.py install is deprecated -W ignore:easy_install command is deprecated setup.py egg_info --egg-base ../../build/rover_arm build --build-base /home/fatrat/ros2_ws/build/rover_arm/build install --record /home/fatrat/ros2_ws/build/rover_arm/install.log --single-version-externally-managed install_data
[11.640s] running egg_info
[11.642s] writing ../../build/rover_arm/rover_arm.egg-info/PKG-INFO
[11.643s] writing dependency_links to ../../build/rover_arm/rover_arm.egg-info/dependency_links.txt
[11.644s] writing entry points to ../../build/rover_arm/rover_arm.egg-info/entry_points.txt
[11.648s] writing requirements to ../../build/rover_arm/rover_arm.egg-info/requires.txt
[11.648s] writing top-level names to ../../build/rover_arm/rover_arm.egg-info/top_level.txt
[11.658s] reading manifest file '../../build/rover_arm/rover_arm.egg-info/SOURCES.txt'
[11.663s] writing manifest file '../../build/rover_arm/rover_arm.egg-info/SOURCES.txt'
[11.664s] running build
[11.665s] running build_py
[11.666s] running install
[11.667s] running install_lib
[11.674s] running install_data
[11.675s] running install_egg_info
[11.695s] removing '/home/fatrat/ros2_ws/install/rover_arm/lib/python3.10/site-packages/rover_arm-0.0.0-py3.10.egg-info' (and everything under it)
[11.702s] Copying ../../build/rover_arm/rover_arm.egg-info to /home/fatrat/ros2_ws/install/rover_arm/lib/python3.10/site-packages/rover_arm-0.0.0-py3.10.egg-info
[11.708s] running install_scripts
[11.811s] writing list of installed files to '/home/fatrat/ros2_ws/build/rover_arm/install.log'
[14.554s] Invoked command in '/home/fatrat/ros2_ws/src/rover_arm' returned '0': PYTHONPATH=/home/fatrat/ros2_ws/build/rover_arm/prefix_override:/usr/lib/python3/dist-packages/colcon_core/task/python/colcon_distutils_commands:/home/fatrat/ros2_ws/install/rover_arm/lib/python3.10/site-packages:${PYTHONPATH} /usr/bin/python3 -W ignore:setup.py install is deprecated -W ignore:easy_install command is deprecated setup.py egg_info --egg-base ../../build/rover_arm build --build-base /home/fatrat/ros2_ws/build/rover_arm/build install --record /home/fatrat/ros2_ws/build/rover_arm/install.log --single-version-externally-managed install_data
