[8.331s] Invoking command in '/home/fatrat/ros2_ws/src/rover_control1': PYTHONPATH=/home/fatrat/ros2_ws/build/rover_control1/prefix_override:/usr/lib/python3/dist-packages/colcon_core/task/python/colcon_distutils_commands:/home/fatrat/ros2_ws/install/rover_control1/lib/python3.10/site-packages:${PYTHONPATH} /usr/bin/python3 -W ignore:setup.py install is deprecated -W ignore:easy_install command is deprecated setup.py egg_info --egg-base ../../build/rover_control1 build --build-base /home/fatrat/ros2_ws/build/rover_control1/build install --record /home/fatrat/ros2_ws/build/rover_control1/install.log --single-version-externally-managed install_data
[10.262s] running egg_info
[10.266s] writing ../../build/rover_control1/rover_control1.egg-info/PKG-INFO
[10.268s] writing dependency_links to ../../build/rover_control1/rover_control1.egg-info/dependency_links.txt
[10.269s] writing entry points to ../../build/rover_control1/rover_control1.egg-info/entry_points.txt
[10.272s] writing requirements to ../../build/rover_control1/rover_control1.egg-info/requires.txt
[10.273s] writing top-level names to ../../build/rover_control1/rover_control1.egg-info/top_level.txt
[10.284s] reading manifest file '../../build/rover_control1/rover_control1.egg-info/SOURCES.txt'
[10.290s] writing manifest file '../../build/rover_control1/rover_control1.egg-info/SOURCES.txt'
[10.291s] running build
[10.291s] running build_py
[10.293s] running install
[10.294s] running install_lib
[10.302s] running install_data
[10.303s] running install_egg_info
[10.321s] removing '/home/fatrat/ros2_ws/install/rover_control1/lib/python3.10/site-packages/rover_control1-0.0.0-py3.10.egg-info' (and everything under it)
[10.323s] Copying ../../build/rover_control1/rover_control1.egg-info to /home/fatrat/ros2_ws/install/rover_control1/lib/python3.10/site-packages/rover_control1-0.0.0-py3.10.egg-info
[10.336s] running install_scripts
[10.460s] Installing rover_driver script to /home/fatrat/ros2_ws/install/rover_control1/lib/rover_control1
[10.462s] writing list of installed files to '/home/fatrat/ros2_ws/build/rover_control1/install.log'
[10.772s] Invoked command in '/home/fatrat/ros2_ws/src/rover_control1' returned '0': PYTHONPATH=/home/fatrat/ros2_ws/build/rover_control1/prefix_override:/usr/lib/python3/dist-packages/colcon_core/task/python/colcon_distutils_commands:/home/fatrat/ros2_ws/install/rover_control1/lib/python3.10/site-packages:${PYTHONPATH} /usr/bin/python3 -W ignore:setup.py install is deprecated -W ignore:easy_install command is deprecated setup.py egg_info --egg-base ../../build/rover_control1 build --build-base /home/fatrat/ros2_ws/build/rover_control1/build install --record /home/fatrat/ros2_ws/build/rover_control1/install.log --single-version-externally-managed install_data
