[0.470s] DEBUG:colcon:Command line arguments: ['/usr/bin/colcon', 'build']
[0.471s] DEBUG:colcon:Parsed command line arguments: Namespace(log_base=None, log_level=None, verb_name='build', build_base='build', install_base='install', merge_install=False, symlink_install=False, test_result_base=None, continue_on_error=False, executor='parallel', parallel_workers=4, event_handlers=None, ignore_user_meta=False, metas=['./colcon.meta'], base_paths=['.'], packages_ignore=None, packages_ignore_regex=None, paths=None, packages_up_to=None, packages_up_to_regex=None, packages_above=None, packages_above_and_dependencies=None, packages_above_depth=None, packages_select_by_dep=None, packages_skip_by_dep=None, packages_skip_up_to=None, packages_select_build_failed=False, packages_skip_build_finished=False, packages_select_test_failures=False, packages_skip_test_passed=False, packages_select=None, packages_skip=None, packages_select_regex=None, packages_skip_regex=None, packages_start=None, packages_end=None, allow_overriding=[], cmake_args=None, cmake_target=None, cmake_target_skip_unavailable=False, cmake_clean_cache=False, cmake_clean_first=False, cmake_force_configure=False, ament_cmake_args=None, catkin_cmake_args=None, catkin_skip_building_tests=False, verb_parser=<colcon_defaults.argument_parser.defaults.DefaultArgumentsDecorator object at 0xffff94208ee0>, verb_extension=<colcon_core.verb.build.BuildVerb object at 0xffff943aa3b0>, main=<bound method BuildVerb.main of <colcon_core.verb.build.BuildVerb object at 0xffff943aa3b0>>)
[1.301s] Level 1:colcon.colcon_core.package_discovery:discover_packages(colcon_meta) check parameters
[1.302s] Level 1:colcon.colcon_core.package_discovery:discover_packages(recursive) check parameters
[1.302s] Level 1:colcon.colcon_core.package_discovery:discover_packages(ignore) check parameters
[1.302s] Level 1:colcon.colcon_core.package_discovery:discover_packages(path) check parameters
[1.302s] Level 1:colcon.colcon_core.package_discovery:discover_packages(colcon_meta) discover
[1.302s] Level 1:colcon.colcon_core.package_discovery:discover_packages(recursive) discover
[1.303s] INFO:colcon.colcon_core.package_discovery:Crawling recursively for packages in '/home/fatrat/ros2_ws'
[1.303s] Level 1:colcon.colcon_core.package_identification:_identify(.) by extensions ['ignore', 'ignore_ament_install']
[1.303s] Level 1:colcon.colcon_core.package_identification:_identify(.) by extension 'ignore'
[1.304s] Level 1:colcon.colcon_core.package_identification:_identify(.) by extension 'ignore_ament_install'
[1.304s] Level 1:colcon.colcon_core.package_identification:_identify(.) by extensions ['colcon_pkg']
[1.304s] Level 1:colcon.colcon_core.package_identification:_identify(.) by extension 'colcon_pkg'
[1.304s] Level 1:colcon.colcon_core.package_identification:_identify(.) by extensions ['colcon_meta']
[1.304s] Level 1:colcon.colcon_core.package_identification:_identify(.) by extension 'colcon_meta'
[1.304s] Level 1:colcon.colcon_core.package_identification:_identify(.) by extensions ['ros']
[1.304s] Level 1:colcon.colcon_core.package_identification:_identify(.) by extension 'ros'
[1.352s] Level 1:colcon.colcon_core.package_identification:_identify(.) by extensions ['cmake', 'python']
[1.352s] Level 1:colcon.colcon_core.package_identification:_identify(.) by extension 'cmake'
[1.353s] Level 1:colcon.colcon_core.package_identification:_identify(.) by extension 'python'
[1.353s] Level 1:colcon.colcon_core.package_identification:_identify(.) by extensions ['python_setup_py']
[1.353s] Level 1:colcon.colcon_core.package_identification:_identify(.) by extension 'python_setup_py'
[1.354s] Level 1:colcon.colcon_core.package_identification:_identify(build) by extensions ['ignore', 'ignore_ament_install']
[1.354s] Level 1:colcon.colcon_core.package_identification:_identify(build) by extension 'ignore'
[1.355s] Level 1:colcon.colcon_core.package_identification:_identify(build) ignored
[1.356s] Level 1:colcon.colcon_core.package_identification:_identify(install) by extensions ['ignore', 'ignore_ament_install']
[1.356s] Level 1:colcon.colcon_core.package_identification:_identify(install) by extension 'ignore'
[1.356s] Level 1:colcon.colcon_core.package_identification:_identify(install) ignored
[1.357s] Level 1:colcon.colcon_core.package_identification:_identify(log) by extensions ['ignore', 'ignore_ament_install']
[1.357s] Level 1:colcon.colcon_core.package_identification:_identify(log) by extension 'ignore'
[1.357s] Level 1:colcon.colcon_core.package_identification:_identify(log) ignored
[1.357s] Level 1:colcon.colcon_core.package_identification:_identify(src) by extensions ['ignore', 'ignore_ament_install']
[1.358s] Level 1:colcon.colcon_core.package_identification:_identify(src) by extension 'ignore'
[1.358s] Level 1:colcon.colcon_core.package_identification:_identify(src) by extension 'ignore_ament_install'
[1.358s] Level 1:colcon.colcon_core.package_identification:_identify(src) by extensions ['colcon_pkg']
[1.358s] Level 1:colcon.colcon_core.package_identification:_identify(src) by extension 'colcon_pkg'
[1.358s] Level 1:colcon.colcon_core.package_identification:_identify(src) by extensions ['colcon_meta']
[1.359s] Level 1:colcon.colcon_core.package_identification:_identify(src) by extension 'colcon_meta'
[1.359s] Level 1:colcon.colcon_core.package_identification:_identify(src) by extensions ['ros']
[1.359s] Level 1:colcon.colcon_core.package_identification:_identify(src) by extension 'ros'
[1.359s] Level 1:colcon.colcon_core.package_identification:_identify(src) by extensions ['cmake', 'python']
[1.359s] Level 1:colcon.colcon_core.package_identification:_identify(src) by extension 'cmake'
[1.359s] Level 1:colcon.colcon_core.package_identification:_identify(src) by extension 'python'
[1.360s] Level 1:colcon.colcon_core.package_identification:_identify(src) by extensions ['python_setup_py']
[1.360s] Level 1:colcon.colcon_core.package_identification:_identify(src) by extension 'python_setup_py'
[1.360s] Level 1:colcon.colcon_core.package_identification:_identify(src/rover_arm) by extensions ['ignore', 'ignore_ament_install']
[1.361s] Level 1:colcon.colcon_core.package_identification:_identify(src/rover_arm) by extension 'ignore'
[1.361s] Level 1:colcon.colcon_core.package_identification:_identify(src/rover_arm) by extension 'ignore_ament_install'
[1.361s] Level 1:colcon.colcon_core.package_identification:_identify(src/rover_arm) by extensions ['colcon_pkg']
[1.361s] Level 1:colcon.colcon_core.package_identification:_identify(src/rover_arm) by extension 'colcon_pkg'
[1.361s] Level 1:colcon.colcon_core.package_identification:_identify(src/rover_arm) by extensions ['colcon_meta']
[1.361s] Level 1:colcon.colcon_core.package_identification:_identify(src/rover_arm) by extension 'colcon_meta'
[1.361s] Level 1:colcon.colcon_core.package_identification:_identify(src/rover_arm) by extensions ['ros']
[1.362s] Level 1:colcon.colcon_core.package_identification:_identify(src/rover_arm) by extension 'ros'
[1.371s] DEBUG:colcon.colcon_core.package_identification:Package 'src/rover_arm' with type 'ros.ament_python' and name 'rover_arm'
[1.372s] Level 1:colcon.colcon_core.package_identification:_identify(src/rover_control1) by extensions ['ignore', 'ignore_ament_install']
[1.373s] Level 1:colcon.colcon_core.package_identification:_identify(src/rover_control1) by extension 'ignore'
[1.373s] Level 1:colcon.colcon_core.package_identification:_identify(src/rover_control1) by extension 'ignore_ament_install'
[1.373s] Level 1:colcon.colcon_core.package_identification:_identify(src/rover_control1) by extensions ['colcon_pkg']
[1.373s] Level 1:colcon.colcon_core.package_identification:_identify(src/rover_control1) by extension 'colcon_pkg'
[1.374s] Level 1:colcon.colcon_core.package_identification:_identify(src/rover_control1) by extensions ['colcon_meta']
[1.374s] Level 1:colcon.colcon_core.package_identification:_identify(src/rover_control1) by extension 'colcon_meta'
[1.374s] Level 1:colcon.colcon_core.package_identification:_identify(src/rover_control1) by extensions ['ros']
[1.374s] Level 1:colcon.colcon_core.package_identification:_identify(src/rover_control1) by extension 'ros'
[1.377s] DEBUG:colcon.colcon_core.package_identification:Package 'src/rover_control1' with type 'ros.ament_python' and name 'rover_control1'
[1.378s] Level 1:colcon.colcon_core.package_identification:_identify(src/rover_mapping) by extensions ['ignore', 'ignore_ament_install']
[1.378s] Level 1:colcon.colcon_core.package_identification:_identify(src/rover_mapping) by extension 'ignore'
[1.378s] Level 1:colcon.colcon_core.package_identification:_identify(src/rover_mapping) by extension 'ignore_ament_install'
[1.378s] Level 1:colcon.colcon_core.package_identification:_identify(src/rover_mapping) by extensions ['colcon_pkg']
[1.379s] Level 1:colcon.colcon_core.package_identification:_identify(src/rover_mapping) by extension 'colcon_pkg'
[1.379s] Level 1:colcon.colcon_core.package_identification:_identify(src/rover_mapping) by extensions ['colcon_meta']
[1.379s] Level 1:colcon.colcon_core.package_identification:_identify(src/rover_mapping) by extension 'colcon_meta'
[1.379s] Level 1:colcon.colcon_core.package_identification:_identify(src/rover_mapping) by extensions ['ros']
[1.379s] Level 1:colcon.colcon_core.package_identification:_identify(src/rover_mapping) by extension 'ros'
[1.382s] DEBUG:colcon.colcon_core.package_identification:Package 'src/rover_mapping' with type 'ros.ament_python' and name 'rover_mapping'
[1.382s] Level 1:colcon.colcon_core.package_identification:_identify(src/rover_mission) by extensions ['ignore', 'ignore_ament_install']
[1.383s] Level 1:colcon.colcon_core.package_identification:_identify(src/rover_mission) by extension 'ignore'
[1.383s] Level 1:colcon.colcon_core.package_identification:_identify(src/rover_mission) by extension 'ignore_ament_install'
[1.383s] Level 1:colcon.colcon_core.package_identification:_identify(src/rover_mission) by extensions ['colcon_pkg']
[1.383s] Level 1:colcon.colcon_core.package_identification:_identify(src/rover_mission) by extension 'colcon_pkg'
[1.384s] Level 1:colcon.colcon_core.package_identification:_identify(src/rover_mission) by extensions ['colcon_meta']
[1.384s] Level 1:colcon.colcon_core.package_identification:_identify(src/rover_mission) by extension 'colcon_meta'
[1.384s] Level 1:colcon.colcon_core.package_identification:_identify(src/rover_mission) by extensions ['ros']
[1.384s] Level 1:colcon.colcon_core.package_identification:_identify(src/rover_mission) by extension 'ros'
[1.386s] DEBUG:colcon.colcon_core.package_identification:Package 'src/rover_mission' with type 'ros.ament_python' and name 'rover_mission'
[1.387s] Level 1:colcon.colcon_core.package_identification:_identify(src/rover_navigation) by extensions ['ignore', 'ignore_ament_install']
[1.388s] Level 1:colcon.colcon_core.package_identification:_identify(src/rover_navigation) by extension 'ignore'
[1.388s] Level 1:colcon.colcon_core.package_identification:_identify(src/rover_navigation) by extension 'ignore_ament_install'
[1.388s] Level 1:colcon.colcon_core.package_identification:_identify(src/rover_navigation) by extensions ['colcon_pkg']
[1.388s] Level 1:colcon.colcon_core.package_identification:_identify(src/rover_navigation) by extension 'colcon_pkg'
[1.388s] Level 1:colcon.colcon_core.package_identification:_identify(src/rover_navigation) by extensions ['colcon_meta']
[1.388s] Level 1:colcon.colcon_core.package_identification:_identify(src/rover_navigation) by extension 'colcon_meta'
[1.389s] Level 1:colcon.colcon_core.package_identification:_identify(src/rover_navigation) by extensions ['ros']
[1.389s] Level 1:colcon.colcon_core.package_identification:_identify(src/rover_navigation) by extension 'ros'
[1.392s] DEBUG:colcon.colcon_core.package_identification:Package 'src/rover_navigation' with type 'ros.ament_python' and name 'rover_navigation'
[1.392s] Level 1:colcon.colcon_core.package_identification:_identify(src/rover_vision) by extensions ['ignore', 'ignore_ament_install']
[1.393s] Level 1:colcon.colcon_core.package_identification:_identify(src/rover_vision) by extension 'ignore'
[1.393s] Level 1:colcon.colcon_core.package_identification:_identify(src/rover_vision) by extension 'ignore_ament_install'
[1.393s] Level 1:colcon.colcon_core.package_identification:_identify(src/rover_vision) by extensions ['colcon_pkg']
[1.394s] Level 1:colcon.colcon_core.package_identification:_identify(src/rover_vision) by extension 'colcon_pkg'
[1.394s] Level 1:colcon.colcon_core.package_identification:_identify(src/rover_vision) by extensions ['colcon_meta']
[1.394s] Level 1:colcon.colcon_core.package_identification:_identify(src/rover_vision) by extension 'colcon_meta'
[1.394s] Level 1:colcon.colcon_core.package_identification:_identify(src/rover_vision) by extensions ['ros']
[1.395s] Level 1:colcon.colcon_core.package_identification:_identify(src/rover_vision) by extension 'ros'
[1.397s] DEBUG:colcon.colcon_core.package_identification:Package 'src/rover_vision' with type 'ros.ament_python' and name 'rover_vision'
[1.398s] Level 1:colcon.colcon_core.package_discovery:discover_packages(recursive) using defaults
[1.398s] Level 1:colcon.colcon_core.package_discovery:discover_packages(ignore) discover
[1.398s] Level 1:colcon.colcon_core.package_discovery:discover_packages(ignore) using defaults
[1.398s] Level 1:colcon.colcon_core.package_discovery:discover_packages(path) discover
[1.398s] Level 1:colcon.colcon_core.package_discovery:discover_packages(path) using defaults
[1.486s] Level 1:colcon.colcon_core.package_discovery:discover_packages(prefix_path) check parameters
[1.486s] Level 1:colcon.colcon_core.package_discovery:discover_packages(prefix_path) discover
[1.496s] DEBUG:colcon.colcon_installed_package_information.package_discovery:Found 6 installed packages in /home/fatrat/ros2_ws/install
[1.507s] DEBUG:colcon.colcon_installed_package_information.package_discovery:Found 325 installed packages in /opt/ros/humble
[1.552s] Level 1:colcon.colcon_core.package_discovery:discover_packages(prefix_path) using defaults
[1.745s] Level 5:colcon.colcon_core.verb:set package 'rover_arm' build argument 'cmake_args' from command line to 'None'
[1.745s] Level 5:colcon.colcon_core.verb:set package 'rover_arm' build argument 'cmake_target' from command line to 'None'
[1.746s] Level 5:colcon.colcon_core.verb:set package 'rover_arm' build argument 'cmake_target_skip_unavailable' from command line to 'False'
[1.746s] Level 5:colcon.colcon_core.verb:set package 'rover_arm' build argument 'cmake_clean_cache' from command line to 'False'
[1.746s] Level 5:colcon.colcon_core.verb:set package 'rover_arm' build argument 'cmake_clean_first' from command line to 'False'
[1.746s] Level 5:colcon.colcon_core.verb:set package 'rover_arm' build argument 'cmake_force_configure' from command line to 'False'
[1.746s] Level 5:colcon.colcon_core.verb:set package 'rover_arm' build argument 'ament_cmake_args' from command line to 'None'
[1.746s] Level 5:colcon.colcon_core.verb:set package 'rover_arm' build argument 'catkin_cmake_args' from command line to 'None'
[1.746s] Level 5:colcon.colcon_core.verb:set package 'rover_arm' build argument 'catkin_skip_building_tests' from command line to 'False'
[1.746s] DEBUG:colcon.colcon_core.verb:Building package 'rover_arm' with the following arguments: {'ament_cmake_args': None, 'build_base': '/home/fatrat/ros2_ws/build/rover_arm', 'catkin_cmake_args': None, 'catkin_skip_building_tests': False, 'cmake_args': None, 'cmake_clean_cache': False, 'cmake_clean_first': False, 'cmake_force_configure': False, 'cmake_target': None, 'cmake_target_skip_unavailable': False, 'install_base': '/home/fatrat/ros2_ws/install/rover_arm', 'merge_install': False, 'path': '/home/fatrat/ros2_ws/src/rover_arm', 'symlink_install': False, 'test_result_base': None}
[1.748s] Level 5:colcon.colcon_core.verb:set package 'rover_control1' build argument 'cmake_args' from command line to 'None'
[1.748s] Level 5:colcon.colcon_core.verb:set package 'rover_control1' build argument 'cmake_target' from command line to 'None'
[1.748s] Level 5:colcon.colcon_core.verb:set package 'rover_control1' build argument 'cmake_target_skip_unavailable' from command line to 'False'
[1.748s] Level 5:colcon.colcon_core.verb:set package 'rover_control1' build argument 'cmake_clean_cache' from command line to 'False'
[1.748s] Level 5:colcon.colcon_core.verb:set package 'rover_control1' build argument 'cmake_clean_first' from command line to 'False'
[1.748s] Level 5:colcon.colcon_core.verb:set package 'rover_control1' build argument 'cmake_force_configure' from command line to 'False'
[1.749s] Level 5:colcon.colcon_core.verb:set package 'rover_control1' build argument 'ament_cmake_args' from command line to 'None'
[1.749s] Level 5:colcon.colcon_core.verb:set package 'rover_control1' build argument 'catkin_cmake_args' from command line to 'None'
[1.749s] Level 5:colcon.colcon_core.verb:set package 'rover_control1' build argument 'catkin_skip_building_tests' from command line to 'False'
[1.749s] DEBUG:colcon.colcon_core.verb:Building package 'rover_control1' with the following arguments: {'ament_cmake_args': None, 'build_base': '/home/fatrat/ros2_ws/build/rover_control1', 'catkin_cmake_args': None, 'catkin_skip_building_tests': False, 'cmake_args': None, 'cmake_clean_cache': False, 'cmake_clean_first': False, 'cmake_force_configure': False, 'cmake_target': None, 'cmake_target_skip_unavailable': False, 'install_base': '/home/fatrat/ros2_ws/install/rover_control1', 'merge_install': False, 'path': '/home/fatrat/ros2_ws/src/rover_control1', 'symlink_install': False, 'test_result_base': None}
[1.750s] Level 5:colcon.colcon_core.verb:set package 'rover_mapping' build argument 'cmake_args' from command line to 'None'
[1.750s] Level 5:colcon.colcon_core.verb:set package 'rover_mapping' build argument 'cmake_target' from command line to 'None'
[1.751s] Level 5:colcon.colcon_core.verb:set package 'rover_mapping' build argument 'cmake_target_skip_unavailable' from command line to 'False'
[1.751s] Level 5:colcon.colcon_core.verb:set package 'rover_mapping' build argument 'cmake_clean_cache' from command line to 'False'
[1.751s] Level 5:colcon.colcon_core.verb:set package 'rover_mapping' build argument 'cmake_clean_first' from command line to 'False'
[1.751s] Level 5:colcon.colcon_core.verb:set package 'rover_mapping' build argument 'cmake_force_configure' from command line to 'False'
[1.751s] Level 5:colcon.colcon_core.verb:set package 'rover_mapping' build argument 'ament_cmake_args' from command line to 'None'
[1.751s] Level 5:colcon.colcon_core.verb:set package 'rover_mapping' build argument 'catkin_cmake_args' from command line to 'None'
[1.751s] Level 5:colcon.colcon_core.verb:set package 'rover_mapping' build argument 'catkin_skip_building_tests' from command line to 'False'
[1.751s] DEBUG:colcon.colcon_core.verb:Building package 'rover_mapping' with the following arguments: {'ament_cmake_args': None, 'build_base': '/home/fatrat/ros2_ws/build/rover_mapping', 'catkin_cmake_args': None, 'catkin_skip_building_tests': False, 'cmake_args': None, 'cmake_clean_cache': False, 'cmake_clean_first': False, 'cmake_force_configure': False, 'cmake_target': None, 'cmake_target_skip_unavailable': False, 'install_base': '/home/fatrat/ros2_ws/install/rover_mapping', 'merge_install': False, 'path': '/home/fatrat/ros2_ws/src/rover_mapping', 'symlink_install': False, 'test_result_base': None}
[1.753s] Level 5:colcon.colcon_core.verb:set package 'rover_mission' build argument 'cmake_args' from command line to 'None'
[1.753s] Level 5:colcon.colcon_core.verb:set package 'rover_mission' build argument 'cmake_target' from command line to 'None'
[1.753s] Level 5:colcon.colcon_core.verb:set package 'rover_mission' build argument 'cmake_target_skip_unavailable' from command line to 'False'
[1.753s] Level 5:colcon.colcon_core.verb:set package 'rover_mission' build argument 'cmake_clean_cache' from command line to 'False'
[1.753s] Level 5:colcon.colcon_core.verb:set package 'rover_mission' build argument 'cmake_clean_first' from command line to 'False'
[1.753s] Level 5:colcon.colcon_core.verb:set package 'rover_mission' build argument 'cmake_force_configure' from command line to 'False'
[1.753s] Level 5:colcon.colcon_core.verb:set package 'rover_mission' build argument 'ament_cmake_args' from command line to 'None'
[1.753s] Level 5:colcon.colcon_core.verb:set package 'rover_mission' build argument 'catkin_cmake_args' from command line to 'None'
[1.754s] Level 5:colcon.colcon_core.verb:set package 'rover_mission' build argument 'catkin_skip_building_tests' from command line to 'False'
[1.754s] DEBUG:colcon.colcon_core.verb:Building package 'rover_mission' with the following arguments: {'ament_cmake_args': None, 'build_base': '/home/fatrat/ros2_ws/build/rover_mission', 'catkin_cmake_args': None, 'catkin_skip_building_tests': False, 'cmake_args': None, 'cmake_clean_cache': False, 'cmake_clean_first': False, 'cmake_force_configure': False, 'cmake_target': None, 'cmake_target_skip_unavailable': False, 'install_base': '/home/fatrat/ros2_ws/install/rover_mission', 'merge_install': False, 'path': '/home/fatrat/ros2_ws/src/rover_mission', 'symlink_install': False, 'test_result_base': None}
[1.755s] Level 5:colcon.colcon_core.verb:set package 'rover_navigation' build argument 'cmake_args' from command line to 'None'
[1.755s] Level 5:colcon.colcon_core.verb:set package 'rover_navigation' build argument 'cmake_target' from command line to 'None'
[1.755s] Level 5:colcon.colcon_core.verb:set package 'rover_navigation' build argument 'cmake_target_skip_unavailable' from command line to 'False'
[1.756s] Level 5:colcon.colcon_core.verb:set package 'rover_navigation' build argument 'cmake_clean_cache' from command line to 'False'
[1.756s] Level 5:colcon.colcon_core.verb:set package 'rover_navigation' build argument 'cmake_clean_first' from command line to 'False'
[1.756s] Level 5:colcon.colcon_core.verb:set package 'rover_navigation' build argument 'cmake_force_configure' from command line to 'False'
[1.756s] Level 5:colcon.colcon_core.verb:set package 'rover_navigation' build argument 'ament_cmake_args' from command line to 'None'
[1.756s] Level 5:colcon.colcon_core.verb:set package 'rover_navigation' build argument 'catkin_cmake_args' from command line to 'None'
[1.756s] Level 5:colcon.colcon_core.verb:set package 'rover_navigation' build argument 'catkin_skip_building_tests' from command line to 'False'
[1.756s] DEBUG:colcon.colcon_core.verb:Building package 'rover_navigation' with the following arguments: {'ament_cmake_args': None, 'build_base': '/home/fatrat/ros2_ws/build/rover_navigation', 'catkin_cmake_args': None, 'catkin_skip_building_tests': False, 'cmake_args': None, 'cmake_clean_cache': False, 'cmake_clean_first': False, 'cmake_force_configure': False, 'cmake_target': None, 'cmake_target_skip_unavailable': False, 'install_base': '/home/fatrat/ros2_ws/install/rover_navigation', 'merge_install': False, 'path': '/home/fatrat/ros2_ws/src/rover_navigation', 'symlink_install': False, 'test_result_base': None}
[1.757s] Level 5:colcon.colcon_core.verb:set package 'rover_vision' build argument 'cmake_args' from command line to 'None'
[1.758s] Level 5:colcon.colcon_core.verb:set package 'rover_vision' build argument 'cmake_target' from command line to 'None'
[1.758s] Level 5:colcon.colcon_core.verb:set package 'rover_vision' build argument 'cmake_target_skip_unavailable' from command line to 'False'
[1.758s] Level 5:colcon.colcon_core.verb:set package 'rover_vision' build argument 'cmake_clean_cache' from command line to 'False'
[1.758s] Level 5:colcon.colcon_core.verb:set package 'rover_vision' build argument 'cmake_clean_first' from command line to 'False'
[1.758s] Level 5:colcon.colcon_core.verb:set package 'rover_vision' build argument 'cmake_force_configure' from command line to 'False'
[1.758s] Level 5:colcon.colcon_core.verb:set package 'rover_vision' build argument 'ament_cmake_args' from command line to 'None'
[1.758s] Level 5:colcon.colcon_core.verb:set package 'rover_vision' build argument 'catkin_cmake_args' from command line to 'None'
[1.758s] Level 5:colcon.colcon_core.verb:set package 'rover_vision' build argument 'catkin_skip_building_tests' from command line to 'False'
[1.758s] DEBUG:colcon.colcon_core.verb:Building package 'rover_vision' with the following arguments: {'ament_cmake_args': None, 'build_base': '/home/fatrat/ros2_ws/build/rover_vision', 'catkin_cmake_args': None, 'catkin_skip_building_tests': False, 'cmake_args': None, 'cmake_clean_cache': False, 'cmake_clean_first': False, 'cmake_force_configure': False, 'cmake_target': None, 'cmake_target_skip_unavailable': False, 'install_base': '/home/fatrat/ros2_ws/install/rover_vision', 'merge_install': False, 'path': '/home/fatrat/ros2_ws/src/rover_vision', 'symlink_install': False, 'test_result_base': None}
[1.759s] INFO:colcon.colcon_core.executor:Executing jobs using 'parallel' executor
[1.762s] DEBUG:colcon.colcon_parallel_executor.executor.parallel:run_until_complete
[1.763s] INFO:colcon.colcon_ros.task.ament_python.build:Building ROS package in '/home/fatrat/ros2_ws/src/rover_arm' with build type 'ament_python'
[1.764s] Level 1:colcon.colcon_core.shell:create_environment_hook('rover_arm', 'ament_prefix_path')
[1.777s] INFO:colcon.colcon_core.plugin_system:Skipping extension 'colcon_core.shell.bat': Not used on non-Windows systems
[1.778s] INFO:colcon.colcon_core.shell:Creating environment hook '/home/fatrat/ros2_ws/install/rover_arm/share/rover_arm/hook/ament_prefix_path.ps1'
[1.782s] INFO:colcon.colcon_core.shell:Creating environment descriptor '/home/fatrat/ros2_ws/install/rover_arm/share/rover_arm/hook/ament_prefix_path.dsv'
[1.785s] INFO:colcon.colcon_core.shell:Creating environment hook '/home/fatrat/ros2_ws/install/rover_arm/share/rover_arm/hook/ament_prefix_path.sh'
[1.789s] INFO:colcon.colcon_core.shell:Skip shell extension 'powershell' for command environment: Not usable outside of PowerShell
[1.790s] DEBUG:colcon.colcon_core.shell:Skip shell extension 'dsv' for command environment
[1.814s] INFO:colcon.colcon_ros.task.ament_python.build:Building ROS package in '/home/fatrat/ros2_ws/src/rover_control1' with build type 'ament_python'
[1.815s] Level 1:colcon.colcon_core.shell:create_environment_hook('rover_control1', 'ament_prefix_path')
[1.817s] INFO:colcon.colcon_core.shell:Creating environment hook '/home/fatrat/ros2_ws/install/rover_control1/share/rover_control1/hook/ament_prefix_path.ps1'
[1.821s] INFO:colcon.colcon_core.shell:Creating environment descriptor '/home/fatrat/ros2_ws/install/rover_control1/share/rover_control1/hook/ament_prefix_path.dsv'
[1.824s] INFO:colcon.colcon_core.shell:Creating environment hook '/home/fatrat/ros2_ws/install/rover_control1/share/rover_control1/hook/ament_prefix_path.sh'
[1.828s] INFO:colcon.colcon_core.shell:Skip shell extension 'powershell' for command environment: Not usable outside of PowerShell
[1.828s] DEBUG:colcon.colcon_core.shell:Skip shell extension 'dsv' for command environment
[1.853s] INFO:colcon.colcon_ros.task.ament_python.build:Building ROS package in '/home/fatrat/ros2_ws/src/rover_mapping' with build type 'ament_python'
[1.854s] Level 1:colcon.colcon_core.shell:create_environment_hook('rover_mapping', 'ament_prefix_path')
[1.856s] INFO:colcon.colcon_core.shell:Creating environment hook '/home/fatrat/ros2_ws/install/rover_mapping/share/rover_mapping/hook/ament_prefix_path.ps1'
[1.858s] INFO:colcon.colcon_core.shell:Creating environment descriptor '/home/fatrat/ros2_ws/install/rover_mapping/share/rover_mapping/hook/ament_prefix_path.dsv'
[1.861s] INFO:colcon.colcon_core.shell:Creating environment hook '/home/fatrat/ros2_ws/install/rover_mapping/share/rover_mapping/hook/ament_prefix_path.sh'
[1.865s] INFO:colcon.colcon_core.shell:Skip shell extension 'powershell' for command environment: Not usable outside of PowerShell
[1.865s] DEBUG:colcon.colcon_core.shell:Skip shell extension 'dsv' for command environment
[1.889s] INFO:colcon.colcon_ros.task.ament_python.build:Building ROS package in '/home/fatrat/ros2_ws/src/rover_mission' with build type 'ament_python'
[1.890s] Level 1:colcon.colcon_core.shell:create_environment_hook('rover_mission', 'ament_prefix_path')
[1.891s] INFO:colcon.colcon_core.shell:Creating environment hook '/home/fatrat/ros2_ws/install/rover_mission/share/rover_mission/hook/ament_prefix_path.ps1'
[1.897s] INFO:colcon.colcon_core.shell:Creating environment descriptor '/home/fatrat/ros2_ws/install/rover_mission/share/rover_mission/hook/ament_prefix_path.dsv'
[1.900s] INFO:colcon.colcon_core.shell:Creating environment hook '/home/fatrat/ros2_ws/install/rover_mission/share/rover_mission/hook/ament_prefix_path.sh'
[1.903s] INFO:colcon.colcon_core.shell:Skip shell extension 'powershell' for command environment: Not usable outside of PowerShell
[1.904s] DEBUG:colcon.colcon_core.shell:Skip shell extension 'dsv' for command environment
[3.252s] INFO:colcon.colcon_core.task.python.build:Building Python package in '/home/fatrat/ros2_ws/src/rover_arm'
[3.253s] INFO:colcon.colcon_core.shell:Skip shell extension 'powershell' for command environment: Not usable outside of PowerShell
[3.253s] DEBUG:colcon.colcon_core.shell:Skip shell extension 'dsv' for command environment
[4.575s] INFO:colcon.colcon_core.task.python.build:Building Python package in '/home/fatrat/ros2_ws/src/rover_control1'
[4.576s] INFO:colcon.colcon_core.shell:Skip shell extension 'powershell' for command environment: Not usable outside of PowerShell
[4.576s] DEBUG:colcon.colcon_core.shell:Skip shell extension 'dsv' for command environment
[5.893s] INFO:colcon.colcon_core.task.python.build:Building Python package in '/home/fatrat/ros2_ws/src/rover_mapping'
[5.894s] INFO:colcon.colcon_core.shell:Skip shell extension 'powershell' for command environment: Not usable outside of PowerShell
[5.895s] DEBUG:colcon.colcon_core.shell:Skip shell extension 'dsv' for command environment
[7.285s] INFO:colcon.colcon_core.task.python.build:Building Python package in '/home/fatrat/ros2_ws/src/rover_mission'
[7.286s] INFO:colcon.colcon_core.shell:Skip shell extension 'powershell' for command environment: Not usable outside of PowerShell
[7.286s] DEBUG:colcon.colcon_core.shell:Skip shell extension 'dsv' for command environment
[9.874s] DEBUG:colcon.colcon_core.event_handler.log_command:Invoking command in '/home/fatrat/ros2_ws/src/rover_control1': PYTHONPATH=/home/fatrat/ros2_ws/build/rover_control1/prefix_override:/usr/lib/python3/dist-packages/colcon_core/task/python/colcon_distutils_commands:/home/fatrat/ros2_ws/install/rover_control1/lib/python3.10/site-packages:${PYTHONPATH} /usr/bin/python3 -W ignore:setup.py install is deprecated -W ignore:easy_install command is deprecated setup.py egg_info --egg-base ../../build/rover_control1 build --build-base /home/fatrat/ros2_ws/build/rover_control1/build install --record /home/fatrat/ros2_ws/build/rover_control1/install.log --single-version-externally-managed install_data
[10.037s] DEBUG:colcon.colcon_core.event_handler.log_command:Invoking command in '/home/fatrat/ros2_ws/src/rover_mission': PYTHONPATH=/home/fatrat/ros2_ws/build/rover_mission/prefix_override:/usr/lib/python3/dist-packages/colcon_core/task/python/colcon_distutils_commands:/home/fatrat/ros2_ws/install/rover_mission/lib/python3.10/site-packages:${PYTHONPATH} /usr/bin/python3 -W ignore:setup.py install is deprecated -W ignore:easy_install command is deprecated setup.py egg_info --egg-base ../../build/rover_mission build --build-base /home/fatrat/ros2_ws/build/rover_mission/build install --record /home/fatrat/ros2_ws/build/rover_mission/install.log --single-version-externally-managed install_data
[10.236s] DEBUG:colcon.colcon_core.event_handler.log_command:Invoking command in '/home/fatrat/ros2_ws/src/rover_mapping': PYTHONPATH=/home/fatrat/ros2_ws/build/rover_mapping/prefix_override:/usr/lib/python3/dist-packages/colcon_core/task/python/colcon_distutils_commands:/home/fatrat/ros2_ws/install/rover_mapping/lib/python3.10/site-packages:${PYTHONPATH} /usr/bin/python3 -W ignore:setup.py install is deprecated -W ignore:easy_install command is deprecated setup.py egg_info --egg-base ../../build/rover_mapping build --build-base /home/fatrat/ros2_ws/build/rover_mapping/build install --record /home/fatrat/ros2_ws/build/rover_mapping/install.log --single-version-externally-managed install_data
[10.479s] DEBUG:colcon.colcon_core.event_handler.log_command:Invoking command in '/home/fatrat/ros2_ws/src/rover_arm': PYTHONPATH=/home/fatrat/ros2_ws/build/rover_arm/prefix_override:/usr/lib/python3/dist-packages/colcon_core/task/python/colcon_distutils_commands:/home/fatrat/ros2_ws/install/rover_arm/lib/python3.10/site-packages:${PYTHONPATH} /usr/bin/python3 -W ignore:setup.py install is deprecated -W ignore:easy_install command is deprecated setup.py egg_info --egg-base ../../build/rover_arm build --build-base /home/fatrat/ros2_ws/build/rover_arm/build install --record /home/fatrat/ros2_ws/build/rover_arm/install.log --single-version-externally-managed install_data
[12.474s] DEBUG:colcon.colcon_core.event_handler.log_command:Invoked command in '/home/fatrat/ros2_ws/src/rover_mission' returned '0': PYTHONPATH=/home/fatrat/ros2_ws/build/rover_mission/prefix_override:/usr/lib/python3/dist-packages/colcon_core/task/python/colcon_distutils_commands:/home/fatrat/ros2_ws/install/rover_mission/lib/python3.10/site-packages:${PYTHONPATH} /usr/bin/python3 -W ignore:setup.py install is deprecated -W ignore:easy_install command is deprecated setup.py egg_info --egg-base ../../build/rover_mission build --build-base /home/fatrat/ros2_ws/build/rover_mission/build install --record /home/fatrat/ros2_ws/build/rover_mission/install.log --single-version-externally-managed install_data
[12.493s] Level 1:colcon.colcon_core.environment:checking '/home/fatrat/ros2_ws/install/rover_mission' for CMake module files
[12.509s] Level 1:colcon.colcon_core.environment:checking '/home/fatrat/ros2_ws/install/rover_mission' for CMake config files
[12.528s] Level 1:colcon.colcon_core.environment:checking '/home/fatrat/ros2_ws/install/rover_mission/lib'
[12.530s] Level 1:colcon.colcon_core.environment:checking '/home/fatrat/ros2_ws/install/rover_mission/bin'
[12.531s] Level 1:colcon.colcon_core.environment:checking '/home/fatrat/ros2_ws/install/rover_mission/lib/pkgconfig/rover_mission.pc'
[12.532s] Level 1:colcon.colcon_core.environment:checking '/home/fatrat/ros2_ws/install/rover_mission/lib/python3.10/site-packages'
[12.533s] Level 1:colcon.colcon_core.shell:create_environment_hook('rover_mission', 'pythonpath')
[12.534s] INFO:colcon.colcon_core.shell:Creating environment hook '/home/fatrat/ros2_ws/install/rover_mission/share/rover_mission/hook/pythonpath.ps1'
[12.537s] INFO:colcon.colcon_core.shell:Creating environment descriptor '/home/fatrat/ros2_ws/install/rover_mission/share/rover_mission/hook/pythonpath.dsv'
[12.545s] INFO:colcon.colcon_core.shell:Creating environment hook '/home/fatrat/ros2_ws/install/rover_mission/share/rover_mission/hook/pythonpath.sh'
[12.551s] Level 1:colcon.colcon_core.environment:checking '/home/fatrat/ros2_ws/install/rover_mission/bin'
[12.557s] Level 1:colcon.colcon_core.environment:create_environment_scripts_only(rover_mission)
[12.560s] INFO:colcon.colcon_core.shell:Creating package script '/home/fatrat/ros2_ws/install/rover_mission/share/rover_mission/package.ps1'
[12.579s] INFO:colcon.colcon_core.shell:Creating package descriptor '/home/fatrat/ros2_ws/install/rover_mission/share/rover_mission/package.dsv'
[12.589s] INFO:colcon.colcon_core.shell:Creating package script '/home/fatrat/ros2_ws/install/rover_mission/share/rover_mission/package.sh'
[12.597s] INFO:colcon.colcon_core.shell:Creating package script '/home/fatrat/ros2_ws/install/rover_mission/share/rover_mission/package.bash'
[12.605s] INFO:colcon.colcon_core.shell:Creating package script '/home/fatrat/ros2_ws/install/rover_mission/share/rover_mission/package.zsh'
[12.622s] Level 1:colcon.colcon_core.environment:create_file_with_runtime_dependencies(/home/fatrat/ros2_ws/install/rover_mission/share/colcon-core/packages/rover_mission)
[12.633s] INFO:colcon.colcon_ros.task.ament_python.build:Building ROS package in '/home/fatrat/ros2_ws/src/rover_navigation' with build type 'ament_python'
[12.637s] Level 1:colcon.colcon_core.shell:create_environment_hook('rover_navigation', 'ament_prefix_path')
[12.643s] INFO:colcon.colcon_core.shell:Creating environment hook '/home/fatrat/ros2_ws/install/rover_navigation/share/rover_navigation/hook/ament_prefix_path.ps1'
[12.651s] INFO:colcon.colcon_core.shell:Creating environment descriptor '/home/fatrat/ros2_ws/install/rover_navigation/share/rover_navigation/hook/ament_prefix_path.dsv'
[12.660s] INFO:colcon.colcon_core.shell:Creating environment hook '/home/fatrat/ros2_ws/install/rover_navigation/share/rover_navigation/hook/ament_prefix_path.sh'
[12.670s] INFO:colcon.colcon_core.shell:Skip shell extension 'powershell' for command environment: Not usable outside of PowerShell
[12.672s] DEBUG:colcon.colcon_core.shell:Skip shell extension 'dsv' for command environment
[14.232s] INFO:colcon.colcon_core.task.python.build:Building Python package in '/home/fatrat/ros2_ws/src/rover_navigation'
[14.233s] INFO:colcon.colcon_core.shell:Skip shell extension 'powershell' for command environment: Not usable outside of PowerShell
[14.234s] DEBUG:colcon.colcon_core.shell:Skip shell extension 'dsv' for command environment
[14.263s] Level 1:colcon.colcon_core.environment:checking '/home/fatrat/ros2_ws/install/rover_control1' for CMake module files
[14.265s] DEBUG:colcon.colcon_core.event_handler.log_command:Invoked command in '/home/fatrat/ros2_ws/src/rover_control1' returned '0': PYTHONPATH=/home/fatrat/ros2_ws/build/rover_control1/prefix_override:/usr/lib/python3/dist-packages/colcon_core/task/python/colcon_distutils_commands:/home/fatrat/ros2_ws/install/rover_control1/lib/python3.10/site-packages:${PYTHONPATH} /usr/bin/python3 -W ignore:setup.py install is deprecated -W ignore:easy_install command is deprecated setup.py egg_info --egg-base ../../build/rover_control1 build --build-base /home/fatrat/ros2_ws/build/rover_control1/build install --record /home/fatrat/ros2_ws/build/rover_control1/install.log --single-version-externally-managed install_data
[14.267s] Level 1:colcon.colcon_core.environment:checking '/home/fatrat/ros2_ws/install/rover_control1' for CMake config files
[14.271s] Level 1:colcon.colcon_core.environment:checking '/home/fatrat/ros2_ws/install/rover_control1/lib'
[14.272s] Level 1:colcon.colcon_core.environment:checking '/home/fatrat/ros2_ws/install/rover_control1/bin'
[14.272s] Level 1:colcon.colcon_core.environment:checking '/home/fatrat/ros2_ws/install/rover_control1/lib/pkgconfig/rover_control1.pc'
[14.273s] Level 1:colcon.colcon_core.environment:checking '/home/fatrat/ros2_ws/install/rover_control1/lib/python3.10/site-packages'
[14.273s] Level 1:colcon.colcon_core.shell:create_environment_hook('rover_control1', 'pythonpath')
[14.274s] INFO:colcon.colcon_core.shell:Creating environment hook '/home/fatrat/ros2_ws/install/rover_control1/share/rover_control1/hook/pythonpath.ps1'
[14.277s] INFO:colcon.colcon_core.shell:Creating environment descriptor '/home/fatrat/ros2_ws/install/rover_control1/share/rover_control1/hook/pythonpath.dsv'
[14.279s] INFO:colcon.colcon_core.shell:Creating environment hook '/home/fatrat/ros2_ws/install/rover_control1/share/rover_control1/hook/pythonpath.sh'
[14.282s] Level 1:colcon.colcon_core.environment:checking '/home/fatrat/ros2_ws/install/rover_control1/bin'
[14.283s] Level 1:colcon.colcon_core.environment:create_environment_scripts_only(rover_control1)
[14.284s] INFO:colcon.colcon_core.shell:Creating package script '/home/fatrat/ros2_ws/install/rover_control1/share/rover_control1/package.ps1'
[14.286s] INFO:colcon.colcon_core.shell:Creating package descriptor '/home/fatrat/ros2_ws/install/rover_control1/share/rover_control1/package.dsv'
[14.288s] INFO:colcon.colcon_core.shell:Creating package script '/home/fatrat/ros2_ws/install/rover_control1/share/rover_control1/package.sh'
[14.291s] INFO:colcon.colcon_core.shell:Creating package script '/home/fatrat/ros2_ws/install/rover_control1/share/rover_control1/package.bash'
[14.293s] INFO:colcon.colcon_core.shell:Creating package script '/home/fatrat/ros2_ws/install/rover_control1/share/rover_control1/package.zsh'
[14.295s] Level 1:colcon.colcon_core.environment:create_file_with_runtime_dependencies(/home/fatrat/ros2_ws/install/rover_control1/share/colcon-core/packages/rover_control1)
[14.296s] Level 1:colcon.colcon_core.environment:checking '/home/fatrat/ros2_ws/install/rover_mapping' for CMake module files
[14.300s] DEBUG:colcon.colcon_core.event_handler.log_command:Invoked command in '/home/fatrat/ros2_ws/src/rover_mapping' returned '0': PYTHONPATH=/home/fatrat/ros2_ws/build/rover_mapping/prefix_override:/usr/lib/python3/dist-packages/colcon_core/task/python/colcon_distutils_commands:/home/fatrat/ros2_ws/install/rover_mapping/lib/python3.10/site-packages:${PYTHONPATH} /usr/bin/python3 -W ignore:setup.py install is deprecated -W ignore:easy_install command is deprecated setup.py egg_info --egg-base ../../build/rover_mapping build --build-base /home/fatrat/ros2_ws/build/rover_mapping/build install --record /home/fatrat/ros2_ws/build/rover_mapping/install.log --single-version-externally-managed install_data
[14.301s] Level 1:colcon.colcon_core.environment:checking '/home/fatrat/ros2_ws/install/rover_mapping' for CMake config files
[14.305s] Level 1:colcon.colcon_core.environment:checking '/home/fatrat/ros2_ws/install/rover_mapping/lib'
[14.305s] Level 1:colcon.colcon_core.environment:checking '/home/fatrat/ros2_ws/install/rover_mapping/bin'
[14.306s] Level 1:colcon.colcon_core.environment:checking '/home/fatrat/ros2_ws/install/rover_mapping/lib/pkgconfig/rover_mapping.pc'
[14.307s] Level 1:colcon.colcon_core.environment:checking '/home/fatrat/ros2_ws/install/rover_mapping/lib/python3.10/site-packages'
[14.307s] Level 1:colcon.colcon_core.shell:create_environment_hook('rover_mapping', 'pythonpath')
[14.308s] INFO:colcon.colcon_core.shell:Creating environment hook '/home/fatrat/ros2_ws/install/rover_mapping/share/rover_mapping/hook/pythonpath.ps1'
[14.310s] INFO:colcon.colcon_core.shell:Creating environment descriptor '/home/fatrat/ros2_ws/install/rover_mapping/share/rover_mapping/hook/pythonpath.dsv'
[14.312s] INFO:colcon.colcon_core.shell:Creating environment hook '/home/fatrat/ros2_ws/install/rover_mapping/share/rover_mapping/hook/pythonpath.sh'
[14.316s] Level 1:colcon.colcon_core.environment:checking '/home/fatrat/ros2_ws/install/rover_mapping/bin'
[14.317s] Level 1:colcon.colcon_core.environment:create_environment_scripts_only(rover_mapping)
[14.318s] INFO:colcon.colcon_core.shell:Creating package script '/home/fatrat/ros2_ws/install/rover_mapping/share/rover_mapping/package.ps1'
[14.322s] INFO:colcon.colcon_core.shell:Creating package descriptor '/home/fatrat/ros2_ws/install/rover_mapping/share/rover_mapping/package.dsv'
[14.325s] INFO:colcon.colcon_core.shell:Creating package script '/home/fatrat/ros2_ws/install/rover_mapping/share/rover_mapping/package.sh'
[14.328s] INFO:colcon.colcon_core.shell:Creating package script '/home/fatrat/ros2_ws/install/rover_mapping/share/rover_mapping/package.bash'
[14.330s] INFO:colcon.colcon_core.shell:Creating package script '/home/fatrat/ros2_ws/install/rover_mapping/share/rover_mapping/package.zsh'
[14.334s] Level 1:colcon.colcon_core.environment:create_file_with_runtime_dependencies(/home/fatrat/ros2_ws/install/rover_mapping/share/colcon-core/packages/rover_mapping)
[14.338s] Level 1:colcon.colcon_core.environment:checking '/home/fatrat/ros2_ws/install/rover_arm' for CMake module files
[14.343s] DEBUG:colcon.colcon_core.event_handler.log_command:Invoked command in '/home/fatrat/ros2_ws/src/rover_arm' returned '0': PYTHONPATH=/home/fatrat/ros2_ws/build/rover_arm/prefix_override:/usr/lib/python3/dist-packages/colcon_core/task/python/colcon_distutils_commands:/home/fatrat/ros2_ws/install/rover_arm/lib/python3.10/site-packages:${PYTHONPATH} /usr/bin/python3 -W ignore:setup.py install is deprecated -W ignore:easy_install command is deprecated setup.py egg_info --egg-base ../../build/rover_arm build --build-base /home/fatrat/ros2_ws/build/rover_arm/build install --record /home/fatrat/ros2_ws/build/rover_arm/install.log --single-version-externally-managed install_data
[14.344s] Level 1:colcon.colcon_core.environment:checking '/home/fatrat/ros2_ws/install/rover_arm' for CMake config files
[14.347s] Level 1:colcon.colcon_core.environment:checking '/home/fatrat/ros2_ws/install/rover_arm/lib'
[14.347s] Level 1:colcon.colcon_core.environment:checking '/home/fatrat/ros2_ws/install/rover_arm/bin'
[14.348s] Level 1:colcon.colcon_core.environment:checking '/home/fatrat/ros2_ws/install/rover_arm/lib/pkgconfig/rover_arm.pc'
[14.349s] Level 1:colcon.colcon_core.environment:checking '/home/fatrat/ros2_ws/install/rover_arm/lib/python3.10/site-packages'
[14.349s] Level 1:colcon.colcon_core.shell:create_environment_hook('rover_arm', 'pythonpath')
[14.351s] INFO:colcon.colcon_core.shell:Creating environment hook '/home/fatrat/ros2_ws/install/rover_arm/share/rover_arm/hook/pythonpath.ps1'
[14.354s] INFO:colcon.colcon_core.shell:Creating environment descriptor '/home/fatrat/ros2_ws/install/rover_arm/share/rover_arm/hook/pythonpath.dsv'
[14.356s] INFO:colcon.colcon_core.shell:Creating environment hook '/home/fatrat/ros2_ws/install/rover_arm/share/rover_arm/hook/pythonpath.sh'
[14.360s] Level 1:colcon.colcon_core.environment:checking '/home/fatrat/ros2_ws/install/rover_arm/bin'
[14.361s] Level 1:colcon.colcon_core.environment:create_environment_scripts_only(rover_arm)
[14.362s] INFO:colcon.colcon_core.shell:Creating package script '/home/fatrat/ros2_ws/install/rover_arm/share/rover_arm/package.ps1'
[14.365s] INFO:colcon.colcon_core.shell:Creating package descriptor '/home/fatrat/ros2_ws/install/rover_arm/share/rover_arm/package.dsv'
[14.370s] INFO:colcon.colcon_core.shell:Creating package script '/home/fatrat/ros2_ws/install/rover_arm/share/rover_arm/package.sh'
[14.372s] INFO:colcon.colcon_core.shell:Creating package script '/home/fatrat/ros2_ws/install/rover_arm/share/rover_arm/package.bash'
[14.374s] INFO:colcon.colcon_core.shell:Creating package script '/home/fatrat/ros2_ws/install/rover_arm/share/rover_arm/package.zsh'
[14.376s] Level 1:colcon.colcon_core.environment:create_file_with_runtime_dependencies(/home/fatrat/ros2_ws/install/rover_arm/share/colcon-core/packages/rover_arm)
[14.380s] INFO:colcon.colcon_ros.task.ament_python.build:Building ROS package in '/home/fatrat/ros2_ws/src/rover_vision' with build type 'ament_python'
[14.381s] Level 1:colcon.colcon_core.shell:create_environment_hook('rover_vision', 'ament_prefix_path')
[14.383s] INFO:colcon.colcon_core.shell:Creating environment hook '/home/fatrat/ros2_ws/install/rover_vision/share/rover_vision/hook/ament_prefix_path.ps1'
[14.386s] INFO:colcon.colcon_core.shell:Creating environment descriptor '/home/fatrat/ros2_ws/install/rover_vision/share/rover_vision/hook/ament_prefix_path.dsv'
[14.389s] INFO:colcon.colcon_core.shell:Creating environment hook '/home/fatrat/ros2_ws/install/rover_vision/share/rover_vision/hook/ament_prefix_path.sh'
[14.393s] INFO:colcon.colcon_core.shell:Skip shell extension 'powershell' for command environment: Not usable outside of PowerShell
[14.393s] DEBUG:colcon.colcon_core.shell:Skip shell extension 'dsv' for command environment
[16.007s] INFO:colcon.colcon_core.task.python.build:Building Python package in '/home/fatrat/ros2_ws/src/rover_vision'
[16.008s] INFO:colcon.colcon_core.shell:Skip shell extension 'powershell' for command environment: Not usable outside of PowerShell
[16.008s] DEBUG:colcon.colcon_core.shell:Skip shell extension 'dsv' for command environment
[16.415s] DEBUG:colcon.colcon_core.event_handler.log_command:Invoking command in '/home/fatrat/ros2_ws/src/rover_navigation': PYTHONPATH=/home/fatrat/ros2_ws/build/rover_navigation/prefix_override:/usr/lib/python3/dist-packages/colcon_core/task/python/colcon_distutils_commands:/home/fatrat/ros2_ws/install/rover_navigation/lib/python3.10/site-packages:${PYTHONPATH} /usr/bin/python3 -W ignore:setup.py install is deprecated -W ignore:easy_install command is deprecated setup.py egg_info --egg-base ../../build/rover_navigation build --build-base /home/fatrat/ros2_ws/build/rover_navigation/build install --record /home/fatrat/ros2_ws/build/rover_navigation/install.log --single-version-externally-managed install_data
[18.033s] DEBUG:colcon.colcon_core.event_handler.log_command:Invoking command in '/home/fatrat/ros2_ws/src/rover_vision': PYTHONPATH=/home/fatrat/ros2_ws/build/rover_vision/prefix_override:/usr/lib/python3/dist-packages/colcon_core/task/python/colcon_distutils_commands:/home/fatrat/ros2_ws/install/rover_vision/lib/python3.10/site-packages:${PYTHONPATH} /usr/bin/python3 -W ignore:setup.py install is deprecated -W ignore:easy_install command is deprecated setup.py egg_info --egg-base ../../build/rover_vision build --build-base /home/fatrat/ros2_ws/build/rover_vision/build install --record /home/fatrat/ros2_ws/build/rover_vision/install.log --single-version-externally-managed install_data
[18.234s] Level 1:colcon.colcon_core.environment:checking '/home/fatrat/ros2_ws/install/rover_navigation' for CMake module files
[18.236s] DEBUG:colcon.colcon_core.event_handler.log_command:Invoked command in '/home/fatrat/ros2_ws/src/rover_navigation' returned '0': PYTHONPATH=/home/fatrat/ros2_ws/build/rover_navigation/prefix_override:/usr/lib/python3/dist-packages/colcon_core/task/python/colcon_distutils_commands:/home/fatrat/ros2_ws/install/rover_navigation/lib/python3.10/site-packages:${PYTHONPATH} /usr/bin/python3 -W ignore:setup.py install is deprecated -W ignore:easy_install command is deprecated setup.py egg_info --egg-base ../../build/rover_navigation build --build-base /home/fatrat/ros2_ws/build/rover_navigation/build install --record /home/fatrat/ros2_ws/build/rover_navigation/install.log --single-version-externally-managed install_data
[18.238s] Level 1:colcon.colcon_core.environment:checking '/home/fatrat/ros2_ws/install/rover_navigation' for CMake config files
[18.242s] Level 1:colcon.colcon_core.environment:checking '/home/fatrat/ros2_ws/install/rover_navigation/lib'
[18.243s] Level 1:colcon.colcon_core.environment:checking '/home/fatrat/ros2_ws/install/rover_navigation/bin'
[18.243s] Level 1:colcon.colcon_core.environment:checking '/home/fatrat/ros2_ws/install/rover_navigation/lib/pkgconfig/rover_navigation.pc'
[18.244s] Level 1:colcon.colcon_core.environment:checking '/home/fatrat/ros2_ws/install/rover_navigation/lib/python3.10/site-packages'
[18.245s] Level 1:colcon.colcon_core.shell:create_environment_hook('rover_navigation', 'pythonpath')
[18.246s] INFO:colcon.colcon_core.shell:Creating environment hook '/home/fatrat/ros2_ws/install/rover_navigation/share/rover_navigation/hook/pythonpath.ps1'
[18.248s] INFO:colcon.colcon_core.shell:Creating environment descriptor '/home/fatrat/ros2_ws/install/rover_navigation/share/rover_navigation/hook/pythonpath.dsv'
[18.251s] INFO:colcon.colcon_core.shell:Creating environment hook '/home/fatrat/ros2_ws/install/rover_navigation/share/rover_navigation/hook/pythonpath.sh'
[18.254s] Level 1:colcon.colcon_core.environment:checking '/home/fatrat/ros2_ws/install/rover_navigation/bin'
[18.255s] Level 1:colcon.colcon_core.environment:create_environment_scripts_only(rover_navigation)
[18.256s] INFO:colcon.colcon_core.shell:Creating package script '/home/fatrat/ros2_ws/install/rover_navigation/share/rover_navigation/package.ps1'
[18.259s] INFO:colcon.colcon_core.shell:Creating package descriptor '/home/fatrat/ros2_ws/install/rover_navigation/share/rover_navigation/package.dsv'
[18.261s] INFO:colcon.colcon_core.shell:Creating package script '/home/fatrat/ros2_ws/install/rover_navigation/share/rover_navigation/package.sh'
[18.264s] INFO:colcon.colcon_core.shell:Creating package script '/home/fatrat/ros2_ws/install/rover_navigation/share/rover_navigation/package.bash'
[18.268s] INFO:colcon.colcon_core.shell:Creating package script '/home/fatrat/ros2_ws/install/rover_navigation/share/rover_navigation/package.zsh'
[18.270s] Level 1:colcon.colcon_core.environment:create_file_with_runtime_dependencies(/home/fatrat/ros2_ws/install/rover_navigation/share/colcon-core/packages/rover_navigation)
[19.589s] Level 1:colcon.colcon_core.environment:checking '/home/fatrat/ros2_ws/install/rover_vision' for CMake module files
[19.591s] DEBUG:colcon.colcon_core.event_handler.log_command:Invoked command in '/home/fatrat/ros2_ws/src/rover_vision' returned '0': PYTHONPATH=/home/fatrat/ros2_ws/build/rover_vision/prefix_override:/usr/lib/python3/dist-packages/colcon_core/task/python/colcon_distutils_commands:/home/fatrat/ros2_ws/install/rover_vision/lib/python3.10/site-packages:${PYTHONPATH} /usr/bin/python3 -W ignore:setup.py install is deprecated -W ignore:easy_install command is deprecated setup.py egg_info --egg-base ../../build/rover_vision build --build-base /home/fatrat/ros2_ws/build/rover_vision/build install --record /home/fatrat/ros2_ws/build/rover_vision/install.log --single-version-externally-managed install_data
[19.593s] Level 1:colcon.colcon_core.environment:checking '/home/fatrat/ros2_ws/install/rover_vision' for CMake config files
[19.598s] Level 1:colcon.colcon_core.environment:checking '/home/fatrat/ros2_ws/install/rover_vision/lib'
[19.599s] Level 1:colcon.colcon_core.environment:checking '/home/fatrat/ros2_ws/install/rover_vision/bin'
[19.599s] Level 1:colcon.colcon_core.environment:checking '/home/fatrat/ros2_ws/install/rover_vision/lib/pkgconfig/rover_vision.pc'
[19.601s] Level 1:colcon.colcon_core.environment:checking '/home/fatrat/ros2_ws/install/rover_vision/lib/python3.10/site-packages'
[19.601s] Level 1:colcon.colcon_core.shell:create_environment_hook('rover_vision', 'pythonpath')
[19.602s] INFO:colcon.colcon_core.shell:Creating environment hook '/home/fatrat/ros2_ws/install/rover_vision/share/rover_vision/hook/pythonpath.ps1'
[19.605s] INFO:colcon.colcon_core.shell:Creating environment descriptor '/home/fatrat/ros2_ws/install/rover_vision/share/rover_vision/hook/pythonpath.dsv'
[19.607s] INFO:colcon.colcon_core.shell:Creating environment hook '/home/fatrat/ros2_ws/install/rover_vision/share/rover_vision/hook/pythonpath.sh'
[19.611s] Level 1:colcon.colcon_core.environment:checking '/home/fatrat/ros2_ws/install/rover_vision/bin'
[19.612s] Level 1:colcon.colcon_core.environment:create_environment_scripts_only(rover_vision)
[19.613s] INFO:colcon.colcon_core.shell:Creating package script '/home/fatrat/ros2_ws/install/rover_vision/share/rover_vision/package.ps1'
[19.615s] INFO:colcon.colcon_core.shell:Creating package descriptor '/home/fatrat/ros2_ws/install/rover_vision/share/rover_vision/package.dsv'
[19.618s] INFO:colcon.colcon_core.shell:Creating package script '/home/fatrat/ros2_ws/install/rover_vision/share/rover_vision/package.sh'
[19.620s] INFO:colcon.colcon_core.shell:Creating package script '/home/fatrat/ros2_ws/install/rover_vision/share/rover_vision/package.bash'
[19.622s] INFO:colcon.colcon_core.shell:Creating package script '/home/fatrat/ros2_ws/install/rover_vision/share/rover_vision/package.zsh'
[19.624s] Level 1:colcon.colcon_core.environment:create_file_with_runtime_dependencies(/home/fatrat/ros2_ws/install/rover_vision/share/colcon-core/packages/rover_vision)
[19.626s] DEBUG:colcon.colcon_parallel_executor.executor.parallel:closing loop
[19.627s] DEBUG:colcon.colcon_parallel_executor.executor.parallel:loop closed
[19.628s] DEBUG:colcon.colcon_parallel_executor.executor.parallel:run_until_complete finished with '0'
[19.628s] DEBUG:colcon.colcon_core.event_reactor:joining thread
[19.654s] INFO:colcon.colcon_core.plugin_system:Skipping extension 'colcon_notification.desktop_notification.terminal_notifier': Not used on non-Darwin systems
[19.654s] INFO:colcon.colcon_core.plugin_system:Skipping extension 'colcon_notification.desktop_notification.win32': Not used on non-Windows systems
[19.655s] INFO:colcon.colcon_notification.desktop_notification:Sending desktop notification using 'notify2'
[19.719s] DEBUG:colcon.colcon_core.event_reactor:joined thread
[19.721s] INFO:colcon.colcon_core.shell:Creating prefix script '/home/fatrat/ros2_ws/install/local_setup.ps1'
[19.726s] INFO:colcon.colcon_core.shell:Creating prefix util module '/home/fatrat/ros2_ws/install/_local_setup_util_ps1.py'
[19.733s] INFO:colcon.colcon_core.shell:Creating prefix chain script '/home/fatrat/ros2_ws/install/setup.ps1'
[19.741s] INFO:colcon.colcon_core.shell:Creating prefix script '/home/fatrat/ros2_ws/install/local_setup.sh'
[19.744s] INFO:colcon.colcon_core.shell:Creating prefix util module '/home/fatrat/ros2_ws/install/_local_setup_util_sh.py'
[19.747s] INFO:colcon.colcon_core.shell:Creating prefix chain script '/home/fatrat/ros2_ws/install/setup.sh'
[19.754s] INFO:colcon.colcon_core.shell:Creating prefix script '/home/fatrat/ros2_ws/install/local_setup.bash'
[19.757s] INFO:colcon.colcon_core.shell:Creating prefix chain script '/home/fatrat/ros2_ws/install/setup.bash'
[19.765s] INFO:colcon.colcon_core.shell:Creating prefix script '/home/fatrat/ros2_ws/install/local_setup.zsh'
[19.769s] INFO:colcon.colcon_core.shell:Creating prefix chain script '/home/fatrat/ros2_ws/install/setup.zsh'
