running egg_info
creating ../build/rover_vision/rover_vision.egg-info
writing ../build/rover_vision/rover_vision.egg-info/PKG-INFO
writing dependency_links to ../build/rover_vision/rover_vision.egg-info/dependency_links.txt
writing entry points to ../build/rover_vision/rover_vision.egg-info/entry_points.txt
writing requirements to ../build/rover_vision/rover_vision.egg-info/requires.txt
writing top-level names to ../build/rover_vision/rover_vision.egg-info/top_level.txt
writing manifest file '../build/rover_vision/rover_vision.egg-info/SOURCES.txt'
reading manifest file '../build/rover_vision/rover_vision.egg-info/SOURCES.txt'
writing manifest file '../build/rover_vision/rover_vision.egg-info/SOURCES.txt'
running build
running build_py
creating /home/fatrat/ros2_ws/src/build/rover_vision/build
creating /home/fatrat/ros2_ws/src/build/rover_vision/build/lib
creating /home/fatrat/ros2_ws/src/build/rover_vision/build/lib/rover_vision
copying rover_vision/vision_node.py -> /home/fatrat/ros2_ws/src/build/rover_vision/build/lib/rover_vision
copying rover_vision/__init__.py -> /home/fatrat/ros2_ws/src/build/rover_vision/build/lib/rover_vision
running install
running install_lib
creating /home/fatrat/ros2_ws/src/install/rover_vision/lib/python3.10/site-packages/rover_vision
copying /home/fatrat/ros2_ws/src/build/rover_vision/build/lib/rover_vision/vision_node.py -> /home/fatrat/ros2_ws/src/install/rover_vision/lib/python3.10/site-packages/rover_vision
copying /home/fatrat/ros2_ws/src/build/rover_vision/build/lib/rover_vision/__init__.py -> /home/fatrat/ros2_ws/src/install/rover_vision/lib/python3.10/site-packages/rover_vision
byte-compiling /home/fatrat/ros2_ws/src/install/rover_vision/lib/python3.10/site-packages/rover_vision/vision_node.py to vision_node.cpython-310.pyc
byte-compiling /home/fatrat/ros2_ws/src/install/rover_vision/lib/python3.10/site-packages/rover_vision/__init__.py to __init__.cpython-310.pyc
running install_data
creating /home/fatrat/ros2_ws/src/install/rover_vision/share/ament_index
creating /home/fatrat/ros2_ws/src/install/rover_vision/share/ament_index/resource_index
creating /home/fatrat/ros2_ws/src/install/rover_vision/share/ament_index/resource_index/packages
copying resource/rover_vision -> /home/fatrat/ros2_ws/src/install/rover_vision/share/ament_index/resource_index/packages
copying package.xml -> /home/fatrat/ros2_ws/src/install/rover_vision/share/rover_vision
running install_egg_info
Copying ../build/rover_vision/rover_vision.egg-info to /home/fatrat/ros2_ws/src/install/rover_vision/lib/python3.10/site-packages/rover_vision-0.0.0-py3.10.egg-info
running install_scripts
Installing vision_node script to /home/fatrat/ros2_ws/src/install/rover_vision/lib/rover_vision
writing list of installed files to '/home/fatrat/ros2_ws/src/build/rover_vision/install.log'
