[4.787s] Invoking command in '/home/fatrat/ros2_ws/src/rover_vision': PYTHONPATH=/home/fatrat/ros2_ws/src/build/rover_vision/prefix_override:/usr/lib/python3/dist-packages/colcon_core/task/python/colcon_distutils_commands:/home/fatrat/ros2_ws/src/install/rover_vision/lib/python3.10/site-packages:${PYTHONPATH} /usr/bin/python3 -W ignore:setup.py install is deprecated -W ignore:easy_install command is deprecated setup.py egg_info --egg-base ../build/rover_vision build --build-base /home/fatrat/ros2_ws/src/build/rover_vision/build install --record /home/fatrat/ros2_ws/src/build/rover_vision/install.log --single-version-externally-managed install_data
[6.214s] running egg_info
[6.263s] creating ../build/rover_vision/rover_vision.egg-info
[6.264s] writing ../build/rover_vision/rover_vision.egg-info/PKG-INFO
[6.268s] writing dependency_links to ../build/rover_vision/rover_vision.egg-info/dependency_links.txt
[6.271s] writing entry points to ../build/rover_vision/rover_vision.egg-info/entry_points.txt
[6.272s] writing requirements to ../build/rover_vision/rover_vision.egg-info/requires.txt
[6.273s] writing top-level names to ../build/rover_vision/rover_vision.egg-info/top_level.txt
[6.274s] writing manifest file '../build/rover_vision/rover_vision.egg-info/SOURCES.txt'
[6.283s] reading manifest file '../build/rover_vision/rover_vision.egg-info/SOURCES.txt'
[6.290s] writing manifest file '../build/rover_vision/rover_vision.egg-info/SOURCES.txt'
[6.291s] running build
[6.293s] running build_py
[6.295s] creating /home/fatrat/ros2_ws/src/build/rover_vision/build
[6.296s] creating /home/fatrat/ros2_ws/src/build/rover_vision/build/lib
[6.297s] creating /home/fatrat/ros2_ws/src/build/rover_vision/build/lib/rover_vision
[6.298s] copying rover_vision/vision_node.py -> /home/fatrat/ros2_ws/src/build/rover_vision/build/lib/rover_vision
[6.299s] copying rover_vision/__init__.py -> /home/fatrat/ros2_ws/src/build/rover_vision/build/lib/rover_vision
[6.301s] running install
[6.301s] running install_lib
[6.302s] creating /home/fatrat/ros2_ws/src/install/rover_vision/lib/python3.10/site-packages/rover_vision
[6.304s] copying /home/fatrat/ros2_ws/src/build/rover_vision/build/lib/rover_vision/vision_node.py -> /home/fatrat/ros2_ws/src/install/rover_vision/lib/python3.10/site-packages/rover_vision
[6.305s] copying /home/fatrat/ros2_ws/src/build/rover_vision/build/lib/rover_vision/__init__.py -> /home/fatrat/ros2_ws/src/install/rover_vision/lib/python3.10/site-packages/rover_vision
[6.306s] byte-compiling /home/fatrat/ros2_ws/src/install/rover_vision/lib/python3.10/site-packages/rover_vision/vision_node.py to vision_node.cpython-310.pyc
[6.309s] byte-compiling /home/fatrat/ros2_ws/src/install/rover_vision/lib/python3.10/site-packages/rover_vision/__init__.py to __init__.cpython-310.pyc
[6.312s] running install_data
[6.314s] creating /home/fatrat/ros2_ws/src/install/rover_vision/share/ament_index
[6.314s] creating /home/fatrat/ros2_ws/src/install/rover_vision/share/ament_index/resource_index
[6.315s] creating /home/fatrat/ros2_ws/src/install/rover_vision/share/ament_index/resource_index/packages
[6.316s] copying resource/rover_vision -> /home/fatrat/ros2_ws/src/install/rover_vision/share/ament_index/resource_index/packages
[6.316s] copying package.xml -> /home/fatrat/ros2_ws/src/install/rover_vision/share/rover_vision
[6.317s] running install_egg_info
[6.329s] Copying ../build/rover_vision/rover_vision.egg-info to /home/fatrat/ros2_ws/src/install/rover_vision/lib/python3.10/site-packages/rover_vision-0.0.0-py3.10.egg-info
[6.335s] running install_scripts
[6.433s] Installing vision_node script to /home/fatrat/ros2_ws/src/install/rover_vision/lib/rover_vision
[6.436s] writing list of installed files to '/home/fatrat/ros2_ws/src/build/rover_vision/install.log'
[6.640s] Invoked command in '/home/fatrat/ros2_ws/src/rover_vision' returned '0': PYTHONPATH=/home/fatrat/ros2_ws/src/build/rover_vision/prefix_override:/usr/lib/python3/dist-packages/colcon_core/task/python/colcon_distutils_commands:/home/fatrat/ros2_ws/src/install/rover_vision/lib/python3.10/site-packages:${PYTHONPATH} /usr/bin/python3 -W ignore:setup.py install is deprecated -W ignore:easy_install command is deprecated setup.py egg_info --egg-base ../build/rover_vision build --build-base /home/fatrat/ros2_ws/src/build/rover_vision/build install --record /home/fatrat/ros2_ws/src/build/rover_vision/install.log --single-version-externally-managed install_data
