[10.318s] Invoking command in '/home/fatrat/ros2_ws/src/rover_arm': PYTHONPATH=/home/fatrat/ros2_ws/build/rover_arm/prefix_override:/usr/lib/python3/dist-packages/colcon_core/task/python/colcon_distutils_commands:/home/fatrat/ros2_ws/install/rover_arm/lib/python3.10/site-packages:${PYTHONPATH} /usr/bin/python3 -W ignore:setup.py install is deprecated -W ignore:easy_install command is deprecated setup.py egg_info --egg-base ../../build/rover_arm build --build-base /home/fatrat/ros2_ws/build/rover_arm/build install --record /home/fatrat/ros2_ws/build/rover_arm/install.log --single-version-externally-managed install_data
[13.140s] running egg_info
[13.144s] writing ../../build/rover_arm/rover_arm.egg-info/PKG-INFO
[13.161s] writing dependency_links to ../../build/rover_arm/rover_arm.egg-info/dependency_links.txt
[13.167s] writing entry points to ../../build/rover_arm/rover_arm.egg-info/entry_points.txt
[13.173s] writing requirements to ../../build/rover_arm/rover_arm.egg-info/requires.txt
[13.175s] writing top-level names to ../../build/rover_arm/rover_arm.egg-info/top_level.txt
[13.182s] reading manifest file '../../build/rover_arm/rover_arm.egg-info/SOURCES.txt'
[13.209s] writing manifest file '../../build/rover_arm/rover_arm.egg-info/SOURCES.txt'
[13.211s] running build
[13.212s] running build_py
[13.213s] running install
[13.216s] running install_lib
[13.217s] running install_data
[13.218s] running install_egg_info
[13.228s] removing '/home/fatrat/ros2_ws/install/rover_arm/lib/python3.10/site-packages/rover_arm-0.0.0-py3.10.egg-info' (and everything under it)
[13.233s] Copying ../../build/rover_arm/rover_arm.egg-info to /home/fatrat/ros2_ws/install/rover_arm/lib/python3.10/site-packages/rover_arm-0.0.0-py3.10.egg-info
[13.253s] running install_scripts
[13.516s] writing list of installed files to '/home/fatrat/ros2_ws/build/rover_arm/install.log'
[15.353s] Invoked command in '/home/fatrat/ros2_ws/src/rover_arm' returned '0': PYTHONPATH=/home/fatrat/ros2_ws/build/rover_arm/prefix_override:/usr/lib/python3/dist-packages/colcon_core/task/python/colcon_distutils_commands:/home/fatrat/ros2_ws/install/rover_arm/lib/python3.10/site-packages:${PYTHONPATH} /usr/bin/python3 -W ignore:setup.py install is deprecated -W ignore:easy_install command is deprecated setup.py egg_info --egg-base ../../build/rover_arm build --build-base /home/fatrat/ros2_ws/build/rover_arm/build install --record /home/fatrat/ros2_ws/build/rover_arm/install.log --single-version-externally-managed install_data
