[7.817s] Invoking command in '/home/fatrat/ros2_ws/src/rover_control1': PYTHONPATH=/home/fatrat/ros2_ws/build/rover_control1/prefix_override:/usr/lib/python3/dist-packages/colcon_core/task/python/colcon_distutils_commands:/home/fatrat/ros2_ws/install/rover_control1/lib/python3.10/site-packages:${PYTHONPATH} /usr/bin/python3 -W ignore:setup.py install is deprecated -W ignore:easy_install command is deprecated setup.py egg_info --egg-base ../../build/rover_control1 build --build-base /home/fatrat/ros2_ws/build/rover_control1/build install --record /home/fatrat/ros2_ws/build/rover_control1/install.log --single-version-externally-managed install_data
[9.903s] running egg_info
[9.908s] writing ../../build/rover_control1/rover_control1.egg-info/PKG-INFO
[9.910s] writing dependency_links to ../../build/rover_control1/rover_control1.egg-info/dependency_links.txt
[9.912s] writing entry points to ../../build/rover_control1/rover_control1.egg-info/entry_points.txt
[9.914s] writing requirements to ../../build/rover_control1/rover_control1.egg-info/requires.txt
[9.915s] writing top-level names to ../../build/rover_control1/rover_control1.egg-info/top_level.txt
[9.925s] reading manifest file '../../build/rover_control1/rover_control1.egg-info/SOURCES.txt'
[9.931s] writing manifest file '../../build/rover_control1/rover_control1.egg-info/SOURCES.txt'
[9.932s] running build
[9.933s] running build_py
[9.934s] running install
[9.936s] running install_lib
[9.944s] running install_data
[9.944s] running install_egg_info
[9.961s] removing '/home/fatrat/ros2_ws/install/rover_control1/lib/python3.10/site-packages/rover_control1-0.0.0-py3.10.egg-info' (and everything under it)
[9.964s] Copying ../../build/rover_control1/rover_control1.egg-info to /home/fatrat/ros2_ws/install/rover_control1/lib/python3.10/site-packages/rover_control1-0.0.0-py3.10.egg-info
[9.972s] running install_scripts
[10.088s] Installing rover_driver script to /home/fatrat/ros2_ws/install/rover_control1/lib/rover_control1
[10.091s] writing list of installed files to '/home/fatrat/ros2_ws/build/rover_control1/install.log'
[10.303s] Invoked command in '/home/fatrat/ros2_ws/src/rover_control1' returned '0': PYTHONPATH=/home/fatrat/ros2_ws/build/rover_control1/prefix_override:/usr/lib/python3/dist-packages/colcon_core/task/python/colcon_distutils_commands:/home/fatrat/ros2_ws/install/rover_control1/lib/python3.10/site-packages:${PYTHONPATH} /usr/bin/python3 -W ignore:setup.py install is deprecated -W ignore:easy_install command is deprecated setup.py egg_info --egg-base ../../build/rover_control1 build --build-base /home/fatrat/ros2_ws/build/rover_control1/build install --record /home/fatrat/ros2_ws/build/rover_control1/install.log --single-version-externally-managed install_data
