[9.617s] Invoking command in '/home/fatrat/ros2_ws/src/rover_arm': PYTHONPATH=/home/fatrat/ros2_ws/build/rover_arm/prefix_override:/usr/lib/python3/dist-packages/colcon_core/task/python/colcon_distutils_commands:/home/fatrat/ros2_ws/install/rover_arm/lib/python3.10/site-packages:${PYTHONPATH} /usr/bin/python3 -W ignore:setup.py install is deprecated -W ignore:easy_install command is deprecated setup.py egg_info --egg-base ../../build/rover_arm build --build-base /home/fatrat/ros2_ws/build/rover_arm/build install --record /home/fatrat/ros2_ws/build/rover_arm/install.log --single-version-externally-managed install_data
[12.083s] running egg_info
[12.087s] writing ../../build/rover_arm/rover_arm.egg-info/PKG-INFO
[12.091s] writing dependency_links to ../../build/rover_arm/rover_arm.egg-info/dependency_links.txt
[12.094s] writing entry points to ../../build/rover_arm/rover_arm.egg-info/entry_points.txt
[12.099s] writing requirements to ../../build/rover_arm/rover_arm.egg-info/requires.txt
[12.101s] writing top-level names to ../../build/rover_arm/rover_arm.egg-info/top_level.txt
[12.113s] reading manifest file '../../build/rover_arm/rover_arm.egg-info/SOURCES.txt'
[12.131s] writing manifest file '../../build/rover_arm/rover_arm.egg-info/SOURCES.txt'
[12.147s] running build
[12.163s] running build_py
[12.167s] copying rover_arm/rover_arm_node.py -> /home/fatrat/ros2_ws/build/rover_arm/build/lib/rover_arm
[12.168s] running install
[12.170s] running install_lib
[12.189s] copying /home/fatrat/ros2_ws/build/rover_arm/build/lib/rover_arm/rover_arm_node.py -> /home/fatrat/ros2_ws/install/rover_arm/lib/python3.10/site-packages/rover_arm
[12.213s] byte-compiling /home/fatrat/ros2_ws/install/rover_arm/lib/python3.10/site-packages/rover_arm/rover_arm_node.py to rover_arm_node.cpython-310.pyc
[12.214s] running install_data
[12.229s] running install_egg_info
[12.273s] removing '/home/fatrat/ros2_ws/install/rover_arm/lib/python3.10/site-packages/rover_arm-0.0.0-py3.10.egg-info' (and everything under it)
[12.279s] Copying ../../build/rover_arm/rover_arm.egg-info to /home/fatrat/ros2_ws/install/rover_arm/lib/python3.10/site-packages/rover_arm-0.0.0-py3.10.egg-info
[12.292s] running install_scripts
[12.423s] writing list of installed files to '/home/fatrat/ros2_ws/build/rover_arm/install.log'
[15.305s] Invoked command in '/home/fatrat/ros2_ws/src/rover_arm' returned '0': PYTHONPATH=/home/fatrat/ros2_ws/build/rover_arm/prefix_override:/usr/lib/python3/dist-packages/colcon_core/task/python/colcon_distutils_commands:/home/fatrat/ros2_ws/install/rover_arm/lib/python3.10/site-packages:${PYTHONPATH} /usr/bin/python3 -W ignore:setup.py install is deprecated -W ignore:easy_install command is deprecated setup.py egg_info --egg-base ../../build/rover_arm build --build-base /home/fatrat/ros2_ws/build/rover_arm/build install --record /home/fatrat/ros2_ws/build/rover_arm/install.log --single-version-externally-managed install_data
