[7.953s] Invoking command in '/home/fatrat/ros2_ws/src/rover_arm': PYTHONPATH=/home/fatrat/ros2_ws/build/rover_arm/prefix_override:/usr/lib/python3/dist-packages/colcon_core/task/python/colcon_distutils_commands:/home/fatrat/ros2_ws/install/rover_arm/lib/python3.10/site-packages:${PYTHONPATH} /usr/bin/python3 -W ignore:setup.py install is deprecated -W ignore:easy_install command is deprecated setup.py egg_info --egg-base ../../build/rover_arm build --build-base /home/fatrat/ros2_ws/build/rover_arm/build install --record /home/fatrat/ros2_ws/build/rover_arm/install.log --single-version-externally-managed install_data
[9.811s] running egg_info
[9.827s] creating ../../build/rover_arm/rover_arm.egg-info
[9.827s] writing ../../build/rover_arm/rover_arm.egg-info/PKG-INFO
[9.829s] writing dependency_links to ../../build/rover_arm/rover_arm.egg-info/dependency_links.txt
[9.830s] writing entry points to ../../build/rover_arm/rover_arm.egg-info/entry_points.txt
[9.830s] writing requirements to ../../build/rover_arm/rover_arm.egg-info/requires.txt
[9.831s] writing top-level names to ../../build/rover_arm/rover_arm.egg-info/top_level.txt
[9.832s] writing manifest file '../../build/rover_arm/rover_arm.egg-info/SOURCES.txt'
[9.839s] reading manifest file '../../build/rover_arm/rover_arm.egg-info/SOURCES.txt'
[9.844s] writing manifest file '../../build/rover_arm/rover_arm.egg-info/SOURCES.txt'
[9.845s] running build
[9.845s] running build_py
[9.846s] creating /home/fatrat/ros2_ws/build/rover_arm/build
[9.847s] creating /home/fatrat/ros2_ws/build/rover_arm/build/lib
[9.848s] creating /home/fatrat/ros2_ws/build/rover_arm/build/lib/rover_arm
[9.849s] copying rover_arm/__init__.py -> /home/fatrat/ros2_ws/build/rover_arm/build/lib/rover_arm
[9.851s] running install
[9.853s] running install_lib
[9.862s] creating /home/fatrat/ros2_ws/install/rover_arm/lib/python3.10/site-packages/rover_arm
[9.863s] copying /home/fatrat/ros2_ws/build/rover_arm/build/lib/rover_arm/__init__.py -> /home/fatrat/ros2_ws/install/rover_arm/lib/python3.10/site-packages/rover_arm
[9.867s] byte-compiling /home/fatrat/ros2_ws/install/rover_arm/lib/python3.10/site-packages/rover_arm/__init__.py to __init__.cpython-310.pyc
[9.870s] running install_data
[9.871s] creating /home/fatrat/ros2_ws/install/rover_arm/share/ament_index
[9.872s] creating /home/fatrat/ros2_ws/install/rover_arm/share/ament_index/resource_index
[9.873s] creating /home/fatrat/ros2_ws/install/rover_arm/share/ament_index/resource_index/packages
[9.873s] copying resource/rover_arm -> /home/fatrat/ros2_ws/install/rover_arm/share/ament_index/resource_index/packages
[9.875s] copying package.xml -> /home/fatrat/ros2_ws/install/rover_arm/share/rover_arm
[9.876s] running install_egg_info
[9.891s] Copying ../../build/rover_arm/rover_arm.egg-info to /home/fatrat/ros2_ws/install/rover_arm/lib/python3.10/site-packages/rover_arm-0.0.0-py3.10.egg-info
[9.901s] running install_scripts
[10.064s] writing list of installed files to '/home/fatrat/ros2_ws/build/rover_arm/install.log'
[10.384s] Invoked command in '/home/fatrat/ros2_ws/src/rover_arm' returned '0': PYTHONPATH=/home/fatrat/ros2_ws/build/rover_arm/prefix_override:/usr/lib/python3/dist-packages/colcon_core/task/python/colcon_distutils_commands:/home/fatrat/ros2_ws/install/rover_arm/lib/python3.10/site-packages:${PYTHONPATH} /usr/bin/python3 -W ignore:setup.py install is deprecated -W ignore:easy_install command is deprecated setup.py egg_info --egg-base ../../build/rover_arm build --build-base /home/fatrat/ros2_ws/build/rover_arm/build install --record /home/fatrat/ros2_ws/build/rover_arm/install.log --single-version-externally-managed install_data
