running egg_info
writing ../../build/rover_mission/rover_mission.egg-info/PKG-INFO
writing dependency_links to ../../build/rover_mission/rover_mission.egg-info/dependency_links.txt
writing entry points to ../../build/rover_mission/rover_mission.egg-info/entry_points.txt
writing requirements to ../../build/rover_mission/rover_mission.egg-info/requires.txt
writing top-level names to ../../build/rover_mission/rover_mission.egg-info/top_level.txt
reading manifest file '../../build/rover_mission/rover_mission.egg-info/SOURCES.txt'
writing manifest file '../../build/rover_mission/rover_mission.egg-info/SOURCES.txt'
running build
running build_py
copying rover_mission/mission_node.py -> /home/fatrat/ros2_ws/build/rover_mission/build/lib/rover_mission
running install
running install_lib
copying /home/fatrat/ros2_ws/build/rover_mission/build/lib/rover_mission/mission_node.py -> /home/fatrat/ros2_ws/install/rover_mission/lib/python3.10/site-packages/rover_mission
byte-compiling /home/fatrat/ros2_ws/install/rover_mission/lib/python3.10/site-packages/rover_mission/mission_node.py to mission_node.cpython-310.pyc
Sorry: TabError: inconsistent use of tabs and spaces in indentation (mission_node.py, line 25)
running install_data
running install_egg_info
removing '/home/fatrat/ros2_ws/install/rover_mission/lib/python3.10/site-packages/rover_mission-0.0.0-py3.10.egg-info' (and everything under it)
Copying ../../build/rover_mission/rover_mission.egg-info to /home/fatrat/ros2_ws/install/rover_mission/lib/python3.10/site-packages/rover_mission-0.0.0-py3.10.egg-info
running install_scripts
Installing mission_node script to /home/fatrat/ros2_ws/install/rover_mission/lib/rover_mission
writing list of installed files to '/home/fatrat/ros2_ws/build/rover_mission/install.log'
