[8.214s] Invoking command in '/home/fatrat/ros2_ws/src/rover_mission': PYTHONPATH=/home/fatrat/ros2_ws/build/rover_mission/prefix_override:/usr/lib/python3/dist-packages/colcon_core/task/python/colcon_distutils_commands:/home/fatrat/ros2_ws/install/rover_mission/lib/python3.10/site-packages:${PYTHONPATH} /usr/bin/python3 -W ignore:setup.py install is deprecated -W ignore:easy_install command is deprecated setup.py egg_info --egg-base ../../build/rover_mission build --build-base /home/fatrat/ros2_ws/build/rover_mission/build install --record /home/fatrat/ros2_ws/build/rover_mission/install.log --single-version-externally-managed install_data
[10.518s] running egg_info
[10.525s] writing ../../build/rover_mission/rover_mission.egg-info/PKG-INFO
[10.528s] writing dependency_links to ../../build/rover_mission/rover_mission.egg-info/dependency_links.txt
[10.531s] writing entry points to ../../build/rover_mission/rover_mission.egg-info/entry_points.txt
[10.533s] writing requirements to ../../build/rover_mission/rover_mission.egg-info/requires.txt
[10.535s] writing top-level names to ../../build/rover_mission/rover_mission.egg-info/top_level.txt
[10.550s] reading manifest file '../../build/rover_mission/rover_mission.egg-info/SOURCES.txt'
[10.559s] writing manifest file '../../build/rover_mission/rover_mission.egg-info/SOURCES.txt'
[10.560s] running build
[10.562s] running build_py
[10.564s] copying rover_mission/mission_node.py -> /home/fatrat/ros2_ws/build/rover_mission/build/lib/rover_mission
[10.565s] running install
[10.568s] running install_lib
[10.575s] copying /home/fatrat/ros2_ws/build/rover_mission/build/lib/rover_mission/mission_node.py -> /home/fatrat/ros2_ws/install/rover_mission/lib/python3.10/site-packages/rover_mission
[10.580s] byte-compiling /home/fatrat/ros2_ws/install/rover_mission/lib/python3.10/site-packages/rover_mission/mission_node.py to mission_node.cpython-310.pyc
[10.583s] Sorry: TabError: inconsistent use of tabs and spaces in indentation (mission_node.py, line 25)
[10.585s] running install_data
[10.587s] running install_egg_info
[10.606s] removing '/home/fatrat/ros2_ws/install/rover_mission/lib/python3.10/site-packages/rover_mission-0.0.0-py3.10.egg-info' (and everything under it)
[10.609s] Copying ../../build/rover_mission/rover_mission.egg-info to /home/fatrat/ros2_ws/install/rover_mission/lib/python3.10/site-packages/rover_mission-0.0.0-py3.10.egg-info
[10.620s] running install_scripts
[10.740s] Installing mission_node script to /home/fatrat/ros2_ws/install/rover_mission/lib/rover_mission
[10.742s] writing list of installed files to '/home/fatrat/ros2_ws/build/rover_mission/install.log'
[12.030s] Invoked command in '/home/fatrat/ros2_ws/src/rover_mission' returned '0': PYTHONPATH=/home/fatrat/ros2_ws/build/rover_mission/prefix_override:/usr/lib/python3/dist-packages/colcon_core/task/python/colcon_distutils_commands:/home/fatrat/ros2_ws/install/rover_mission/lib/python3.10/site-packages:${PYTHONPATH} /usr/bin/python3 -W ignore:setup.py install is deprecated -W ignore:easy_install command is deprecated setup.py egg_info --egg-base ../../build/rover_mission build --build-base /home/fatrat/ros2_ws/build/rover_mission/build install --record /home/fatrat/ros2_ws/build/rover_mission/install.log --single-version-externally-managed install_data
