[6.675s] Invoking command in '/home/fatrat/ros2_ws/src/rover_monitor': PYTHONPATH=/home/fatrat/ros2_ws/build/rover_monitor/prefix_override:/usr/lib/python3/dist-packages/colcon_core/task/python/colcon_distutils_commands:/home/fatrat/ros2_ws/install/rover_monitor/lib/python3.10/site-packages:${PYTHONPATH} /usr/bin/python3 -W ignore:setup.py install is deprecated -W ignore:easy_install command is deprecated setup.py egg_info --egg-base ../../build/rover_monitor build --build-base /home/fatrat/ros2_ws/build/rover_monitor/build install --record /home/fatrat/ros2_ws/build/rover_monitor/install.log --single-version-externally-managed install_data
[8.504s] running egg_info
[8.508s] writing ../../build/rover_monitor/rover_monitor.egg-info/PKG-INFO
[8.511s] writing dependency_links to ../../build/rover_monitor/rover_monitor.egg-info/dependency_links.txt
[8.513s] writing entry points to ../../build/rover_monitor/rover_monitor.egg-info/entry_points.txt
[8.514s] writing requirements to ../../build/rover_monitor/rover_monitor.egg-info/requires.txt
[8.516s] writing top-level names to ../../build/rover_monitor/rover_monitor.egg-info/top_level.txt
[8.525s] reading manifest file '../../build/rover_monitor/rover_monitor.egg-info/SOURCES.txt'
[8.532s] writing manifest file '../../build/rover_monitor/rover_monitor.egg-info/SOURCES.txt'
[8.533s] running build
[8.534s] running build_py
[8.538s] running install
[8.541s] running install_lib
[8.557s] running install_data
[8.563s] running install_egg_info
[8.578s] removing '/home/fatrat/ros2_ws/install/rover_monitor/lib/python3.10/site-packages/rover_monitor-0.0.0-py3.10.egg-info' (and everything under it)
[8.580s] Copying ../../build/rover_monitor/rover_monitor.egg-info to /home/fatrat/ros2_ws/install/rover_monitor/lib/python3.10/site-packages/rover_monitor-0.0.0-py3.10.egg-info
[8.590s] running install_scripts
[8.701s] Installing monitor_node script to /home/fatrat/ros2_ws/install/rover_monitor/lib/rover_monitor
[8.706s] writing list of installed files to '/home/fatrat/ros2_ws/build/rover_monitor/install.log'
[8.906s] Invoked command in '/home/fatrat/ros2_ws/src/rover_monitor' returned '0': PYTHONPATH=/home/fatrat/ros2_ws/build/rover_monitor/prefix_override:/usr/lib/python3/dist-packages/colcon_core/task/python/colcon_distutils_commands:/home/fatrat/ros2_ws/install/rover_monitor/lib/python3.10/site-packages:${PYTHONPATH} /usr/bin/python3 -W ignore:setup.py install is deprecated -W ignore:easy_install command is deprecated setup.py egg_info --egg-base ../../build/rover_monitor build --build-base /home/fatrat/ros2_ws/build/rover_monitor/build install --record /home/fatrat/ros2_ws/build/rover_monitor/install.log --single-version-externally-managed install_data
