[5.026s] Invoking command in '/home/fatrat/ros2_ws/src/rover_vision': PYTHONPATH=/home/fatrat/ros2_ws/build/rover_vision/prefix_override:/usr/lib/python3/dist-packages/colcon_core/task/python/colcon_distutils_commands:/home/fatrat/ros2_ws/install/rover_vision/lib/python3.10/site-packages:${PYTHONPATH} /usr/bin/python3 -W ignore:setup.py install is deprecated -W ignore:easy_install command is deprecated setup.py egg_info --egg-base ../../build/rover_vision build --build-base /home/fatrat/ros2_ws/build/rover_vision/build install --record /home/fatrat/ros2_ws/build/rover_vision/install.log --single-version-externally-managed install_data
[6.404s] running egg_info
[6.407s] writing ../../build/rover_vision/rover_vision.egg-info/PKG-INFO
[6.408s] writing dependency_links to ../../build/rover_vision/rover_vision.egg-info/dependency_links.txt
[6.412s] writing entry points to ../../build/rover_vision/rover_vision.egg-info/entry_points.txt
[6.412s] writing requirements to ../../build/rover_vision/rover_vision.egg-info/requires.txt
[6.414s] writing top-level names to ../../build/rover_vision/rover_vision.egg-info/top_level.txt
[6.426s] reading manifest file '../../build/rover_vision/rover_vision.egg-info/SOURCES.txt'
[6.431s] writing manifest file '../../build/rover_vision/rover_vision.egg-info/SOURCES.txt'
[6.431s] running build
[6.432s] running build_py
[6.434s] copying rover_vision/vision_node.py -> /home/fatrat/ros2_ws/build/rover_vision/build/lib/rover_vision
[6.435s] running install
[6.436s] running install_lib
[6.438s] copying /home/fatrat/ros2_ws/build/rover_vision/build/lib/rover_vision/vision_node.py -> /home/fatrat/ros2_ws/install/rover_vision/lib/python3.10/site-packages/rover_vision
[6.442s] byte-compiling /home/fatrat/ros2_ws/install/rover_vision/lib/python3.10/site-packages/rover_vision/vision_node.py to vision_node.cpython-310.pyc
[6.447s] running install_data
[6.449s] running install_egg_info
[6.463s] removing '/home/fatrat/ros2_ws/install/rover_vision/lib/python3.10/site-packages/rover_vision-0.0.0-py3.10.egg-info' (and everything under it)
[6.465s] Copying ../../build/rover_vision/rover_vision.egg-info to /home/fatrat/ros2_ws/install/rover_vision/lib/python3.10/site-packages/rover_vision-0.0.0-py3.10.egg-info
[6.472s] running install_scripts
[6.575s] Installing vision_node script to /home/fatrat/ros2_ws/install/rover_vision/lib/rover_vision
[6.578s] writing list of installed files to '/home/fatrat/ros2_ws/build/rover_vision/install.log'
[6.824s] Invoked command in '/home/fatrat/ros2_ws/src/rover_vision' returned '0': PYTHONPATH=/home/fatrat/ros2_ws/build/rover_vision/prefix_override:/usr/lib/python3/dist-packages/colcon_core/task/python/colcon_distutils_commands:/home/fatrat/ros2_ws/install/rover_vision/lib/python3.10/site-packages:${PYTHONPATH} /usr/bin/python3 -W ignore:setup.py install is deprecated -W ignore:easy_install command is deprecated setup.py egg_info --egg-base ../../build/rover_vision build --build-base /home/fatrat/ros2_ws/build/rover_vision/build install --record /home/fatrat/ros2_ws/build/rover_vision/install.log --single-version-externally-managed install_data
