[4.913s] Invoking command in '/home/fatrat/ros2_ws/src/rover_monitor': PYTHONPATH=/home/fatrat/ros2_ws/src/build/rover_monitor/prefix_override:/usr/lib/python3/dist-packages/colcon_core/task/python/colcon_distutils_commands:/home/fatrat/ros2_ws/src/install/rover_monitor/lib/python3.10/site-packages:${PYTHONPATH} /usr/bin/python3 -W ignore:setup.py install is deprecated -W ignore:easy_install command is deprecated setup.py egg_info --egg-base ../build/rover_monitor build --build-base /home/fatrat/ros2_ws/src/build/rover_monitor/build install --record /home/fatrat/ros2_ws/src/build/rover_monitor/install.log --single-version-externally-managed install_data
[6.393s] running egg_info
[6.395s] creating ../build/rover_monitor/rover_monitor.egg-info
[6.395s] writing ../build/rover_monitor/rover_monitor.egg-info/PKG-INFO
[6.400s] writing dependency_links to ../build/rover_monitor/rover_monitor.egg-info/dependency_links.txt
[6.401s] writing entry points to ../build/rover_monitor/rover_monitor.egg-info/entry_points.txt
[6.404s] writing requirements to ../build/rover_monitor/rover_monitor.egg-info/requires.txt
[6.406s] writing top-level names to ../build/rover_monitor/rover_monitor.egg-info/top_level.txt
[6.407s] writing manifest file '../build/rover_monitor/rover_monitor.egg-info/SOURCES.txt'
[6.414s] reading manifest file '../build/rover_monitor/rover_monitor.egg-info/SOURCES.txt'
[6.419s] writing manifest file '../build/rover_monitor/rover_monitor.egg-info/SOURCES.txt'
[6.424s] running build
[6.425s] running build_py
[6.426s] creating /home/fatrat/ros2_ws/src/build/rover_monitor/build
[6.427s] creating /home/fatrat/ros2_ws/src/build/rover_monitor/build/lib
[6.428s] creating /home/fatrat/ros2_ws/src/build/rover_monitor/build/lib/rover_monitor
[6.429s] copying rover_monitor/monitor_node.py -> /home/fatrat/ros2_ws/src/build/rover_monitor/build/lib/rover_monitor
[6.430s] copying rover_monitor/__init__.py -> /home/fatrat/ros2_ws/src/build/rover_monitor/build/lib/rover_monitor
[6.432s] running install
[6.433s] running install_lib
[6.433s] creating /home/fatrat/ros2_ws/src/install/rover_monitor/lib/python3.10/site-packages/rover_monitor
[6.436s] copying /home/fatrat/ros2_ws/src/build/rover_monitor/build/lib/rover_monitor/monitor_node.py -> /home/fatrat/ros2_ws/src/install/rover_monitor/lib/python3.10/site-packages/rover_monitor
[6.437s] copying /home/fatrat/ros2_ws/src/build/rover_monitor/build/lib/rover_monitor/__init__.py -> /home/fatrat/ros2_ws/src/install/rover_monitor/lib/python3.10/site-packages/rover_monitor
[6.438s] byte-compiling /home/fatrat/ros2_ws/src/install/rover_monitor/lib/python3.10/site-packages/rover_monitor/monitor_node.py to monitor_node.cpython-310.pyc
[6.439s] byte-compiling /home/fatrat/ros2_ws/src/install/rover_monitor/lib/python3.10/site-packages/rover_monitor/__init__.py to __init__.cpython-310.pyc
[6.441s] running install_data
[6.442s] creating /home/fatrat/ros2_ws/src/install/rover_monitor/share/ament_index
[6.443s] creating /home/fatrat/ros2_ws/src/install/rover_monitor/share/ament_index/resource_index
[6.444s] creating /home/fatrat/ros2_ws/src/install/rover_monitor/share/ament_index/resource_index/packages
[6.444s] copying resource/rover_monitor -> /home/fatrat/ros2_ws/src/install/rover_monitor/share/ament_index/resource_index/packages
[6.446s] copying package.xml -> /home/fatrat/ros2_ws/src/install/rover_monitor/share/rover_monitor
[6.447s] running install_egg_info
[6.460s] Copying ../build/rover_monitor/rover_monitor.egg-info to /home/fatrat/ros2_ws/src/install/rover_monitor/lib/python3.10/site-packages/rover_monitor-0.0.0-py3.10.egg-info
[6.465s] running install_scripts
[6.563s] Installing monitor_node script to /home/fatrat/ros2_ws/src/install/rover_monitor/lib/rover_monitor
[6.565s] writing list of installed files to '/home/fatrat/ros2_ws/src/build/rover_monitor/install.log'
[6.804s] Invoked command in '/home/fatrat/ros2_ws/src/rover_monitor' returned '0': PYTHONPATH=/home/fatrat/ros2_ws/src/build/rover_monitor/prefix_override:/usr/lib/python3/dist-packages/colcon_core/task/python/colcon_distutils_commands:/home/fatrat/ros2_ws/src/install/rover_monitor/lib/python3.10/site-packages:${PYTHONPATH} /usr/bin/python3 -W ignore:setup.py install is deprecated -W ignore:easy_install command is deprecated setup.py egg_info --egg-base ../build/rover_monitor build --build-base /home/fatrat/ros2_ws/src/build/rover_monitor/build install --record /home/fatrat/ros2_ws/src/build/rover_monitor/install.log --single-version-externally-managed install_data
