[5.038s] Invoking command in '/home/fatrat/ros2_ws/src/rover_navigation': PYTHONPATH=/home/fatrat/ros2_ws/build/rover_navigation/prefix_override:/usr/lib/python3/dist-packages/colcon_core/task/python/colcon_distutils_commands:/home/fatrat/ros2_ws/install/rover_navigation/lib/python3.10/site-packages:${PYTHONPATH} /usr/bin/python3 -W ignore:setup.py install is deprecated -W ignore:easy_install command is deprecated setup.py egg_info --egg-base ../../build/rover_navigation build --build-base /home/fatrat/ros2_ws/build/rover_navigation/build install --record /home/fatrat/ros2_ws/build/rover_navigation/install.log --single-version-externally-managed install_data
[6.432s] running egg_info
[6.435s] writing ../../build/rover_navigation/rover_navigation.egg-info/PKG-INFO
[6.437s] writing dependency_links to ../../build/rover_navigation/rover_navigation.egg-info/dependency_links.txt
[6.439s] writing entry points to ../../build/rover_navigation/rover_navigation.egg-info/entry_points.txt
[6.440s] writing requirements to ../../build/rover_navigation/rover_navigation.egg-info/requires.txt
[6.440s] writing top-level names to ../../build/rover_navigation/rover_navigation.egg-info/top_level.txt
[6.449s] reading manifest file '../../build/rover_navigation/rover_navigation.egg-info/SOURCES.txt'
[6.457s] writing manifest file '../../build/rover_navigation/rover_navigation.egg-info/SOURCES.txt'
[6.457s] running build
[6.457s] running build_py
[6.462s] running install
[6.463s] running install_lib
[6.475s] running install_data
[6.477s] running install_egg_info
[6.495s] removing '/home/fatrat/ros2_ws/install/rover_navigation/lib/python3.10/site-packages/rover_navigation-0.0.0-py3.10.egg-info' (and everything under it)
[6.497s] Copying ../../build/rover_navigation/rover_navigation.egg-info to /home/fatrat/ros2_ws/install/rover_navigation/lib/python3.10/site-packages/rover_navigation-0.0.0-py3.10.egg-info
[6.505s] running install_scripts
[6.612s] writing list of installed files to '/home/fatrat/ros2_ws/build/rover_navigation/install.log'
[7.046s] Invoked command in '/home/fatrat/ros2_ws/src/rover_navigation' returned '0': PYTHONPATH=/home/fatrat/ros2_ws/build/rover_navigation/prefix_override:/usr/lib/python3/dist-packages/colcon_core/task/python/colcon_distutils_commands:/home/fatrat/ros2_ws/install/rover_navigation/lib/python3.10/site-packages:${PYTHONPATH} /usr/bin/python3 -W ignore:setup.py install is deprecated -W ignore:easy_install command is deprecated setup.py egg_info --egg-base ../../build/rover_navigation build --build-base /home/fatrat/ros2_ws/build/rover_navigation/build install --record /home/fatrat/ros2_ws/build/rover_navigation/install.log --single-version-externally-managed install_data
