[7.616s] Invoking command in '/home/fatrat/ros2_ws/build/rover_vision': PYTHONPATH=/home/fatrat/ros2_ws/build/rover_vision/prefix_override:/usr/lib/python3/dist-packages/colcon_core/task/python/colcon_distutils_commands:/home/fatrat/ros2_ws/install/rover_vision/lib/python3.10/site-packages:${PYTHONPATH} /usr/bin/python3 -W ignore:setup.py install is deprecated -W ignore:easy_install command is deprecated setup.py develop --editable --build-directory /home/fatrat/ros2_ws/build/rover_vision/build --no-deps symlink_data
[9.466s] running develop
[10.847s] running egg_info
[10.847s] creating rover_vision.egg-info
[10.849s] writing rover_vision.egg-info/PKG-INFO
[10.864s] writing dependency_links to rover_vision.egg-info/dependency_links.txt
[10.865s] writing entry points to rover_vision.egg-info/entry_points.txt
[10.867s] writing requirements to rover_vision.egg-info/requires.txt
[10.868s] writing top-level names to rover_vision.egg-info/top_level.txt
[10.869s] writing manifest file 'rover_vision.egg-info/SOURCES.txt'
[10.882s] reading manifest file 'rover_vision.egg-info/SOURCES.txt'
[10.889s] writing manifest file 'rover_vision.egg-info/SOURCES.txt'
[10.902s] running build_ext
[10.917s] Creating /home/fatrat/ros2_ws/install/rover_vision/lib/python3.10/site-packages/rover-vision.egg-link (link to .)
[10.945s] 
[10.948s] Installed /home/fatrat/ros2_ws/build/rover_vision
[10.950s] running symlink_data
[10.952s] creating /home/fatrat/ros2_ws/install/rover_vision/share/ament_index
[10.962s] creating /home/fatrat/ros2_ws/install/rover_vision/share/ament_index/resource_index
[10.963s] creating /home/fatrat/ros2_ws/install/rover_vision/share/ament_index/resource_index/packages
[10.966s] symbolically linking /home/fatrat/ros2_ws/build/rover_vision/resource/rover_vision -> /home/fatrat/ros2_ws/install/rover_vision/share/ament_index/resource_index/packages
[10.970s] symbolically linking /home/fatrat/ros2_ws/build/rover_vision/package.xml -> /home/fatrat/ros2_ws/install/rover_vision/share/rover_vision
[11.247s] Invoked command in '/home/fatrat/ros2_ws/build/rover_vision' returned '0': PYTHONPATH=/home/fatrat/ros2_ws/build/rover_vision/prefix_override:/usr/lib/python3/dist-packages/colcon_core/task/python/colcon_distutils_commands:/home/fatrat/ros2_ws/install/rover_vision/lib/python3.10/site-packages:${PYTHONPATH} /usr/bin/python3 -W ignore:setup.py install is deprecated -W ignore:easy_install command is deprecated setup.py develop --editable --build-directory /home/fatrat/ros2_ws/build/rover_vision/build --no-deps symlink_data
