[5.718s] Invoking command in '/home/fatrat/ros2_ws/src/rover_monitor': PYTHONPATH=/home/fatrat/ros2_ws/build/rover_monitor/prefix_override:/usr/lib/python3/dist-packages/colcon_core/task/python/colcon_distutils_commands:/home/fatrat/ros2_ws/install/rover_monitor/lib/python3.10/site-packages:${PYTHONPATH} /usr/bin/python3 -W ignore:setup.py install is deprecated -W ignore:easy_install command is deprecated setup.py egg_info --egg-base ../../build/rover_monitor build --build-base /home/fatrat/ros2_ws/build/rover_monitor/build install --record /home/fatrat/ros2_ws/build/rover_monitor/install.log --single-version-externally-managed install_data
[7.162s] running egg_info
[7.163s] writing ../../build/rover_monitor/rover_monitor.egg-info/PKG-INFO
[7.165s] writing dependency_links to ../../build/rover_monitor/rover_monitor.egg-info/dependency_links.txt
[7.167s] writing entry points to ../../build/rover_monitor/rover_monitor.egg-info/entry_points.txt
[7.168s] writing requirements to ../../build/rover_monitor/rover_monitor.egg-info/requires.txt
[7.168s] writing top-level names to ../../build/rover_monitor/rover_monitor.egg-info/top_level.txt
[7.175s] reading manifest file '../../build/rover_monitor/rover_monitor.egg-info/SOURCES.txt'
[7.182s] writing manifest file '../../build/rover_monitor/rover_monitor.egg-info/SOURCES.txt'
[7.183s] running build
[7.184s] running build_py
[7.185s] running install
[7.187s] running install_lib
[7.193s] running install_data
[7.194s] running install_egg_info
[7.216s] removing '/home/fatrat/ros2_ws/install/rover_monitor/lib/python3.10/site-packages/rover_monitor-0.0.0-py3.10.egg-info' (and everything under it)
[7.216s] Copying ../../build/rover_monitor/rover_monitor.egg-info to /home/fatrat/ros2_ws/install/rover_monitor/lib/python3.10/site-packages/rover_monitor-0.0.0-py3.10.egg-info
[7.221s] running install_scripts
[7.331s] Installing monitor_node script to /home/fatrat/ros2_ws/install/rover_monitor/lib/rover_monitor
[7.334s] writing list of installed files to '/home/fatrat/ros2_ws/build/rover_monitor/install.log'
[7.560s] Invoked command in '/home/fatrat/ros2_ws/src/rover_monitor' returned '0': PYTHONPATH=/home/fatrat/ros2_ws/build/rover_monitor/prefix_override:/usr/lib/python3/dist-packages/colcon_core/task/python/colcon_distutils_commands:/home/fatrat/ros2_ws/install/rover_monitor/lib/python3.10/site-packages:${PYTHONPATH} /usr/bin/python3 -W ignore:setup.py install is deprecated -W ignore:easy_install command is deprecated setup.py egg_info --egg-base ../../build/rover_monitor build --build-base /home/fatrat/ros2_ws/build/rover_monitor/build install --record /home/fatrat/ros2_ws/build/rover_monitor/install.log --single-version-externally-managed install_data
