[9.354s] Invoking command in '/home/fatrat/ros2_ws/src/rover_control1': PYTHONPATH=/home/fatrat/ros2_ws/build/rover_control1/prefix_override:/usr/lib/python3/dist-packages/colcon_core/task/python/colcon_distutils_commands:/home/fatrat/ros2_ws/install/rover_control1/lib/python3.10/site-packages:${PYTHONPATH} /usr/bin/python3 -W ignore:setup.py install is deprecated -W ignore:easy_install command is deprecated setup.py egg_info --egg-base ../../build/rover_control1 build --build-base /home/fatrat/ros2_ws/build/rover_control1/build install --record /home/fatrat/ros2_ws/build/rover_control1/install.log --single-version-externally-managed install_data
[11.767s] running egg_info
[11.767s] writing ../../build/rover_control1/rover_control1.egg-info/PKG-INFO
[11.768s] writing dependency_links to ../../build/rover_control1/rover_control1.egg-info/dependency_links.txt
[11.769s] writing entry points to ../../build/rover_control1/rover_control1.egg-info/entry_points.txt
[11.769s] writing requirements to ../../build/rover_control1/rover_control1.egg-info/requires.txt
[11.770s] writing top-level names to ../../build/rover_control1/rover_control1.egg-info/top_level.txt
[11.780s] reading manifest file '../../build/rover_control1/rover_control1.egg-info/SOURCES.txt'
[11.785s] writing manifest file '../../build/rover_control1/rover_control1.egg-info/SOURCES.txt'
[11.786s] running build
[11.787s] running build_py
[11.788s] running install
[11.793s] running install_lib
[11.799s] running install_data
[11.800s] running install_egg_info
[11.816s] removing '/home/fatrat/ros2_ws/install/rover_control1/lib/python3.10/site-packages/rover_control1-0.0.0-py3.10.egg-info' (and everything under it)
[11.819s] Copying ../../build/rover_control1/rover_control1.egg-info to /home/fatrat/ros2_ws/install/rover_control1/lib/python3.10/site-packages/rover_control1-0.0.0-py3.10.egg-info
[11.827s] running install_scripts
[11.935s] Installing rover_driver script to /home/fatrat/ros2_ws/install/rover_control1/lib/rover_control1
[11.938s] writing list of installed files to '/home/fatrat/ros2_ws/build/rover_control1/install.log'
[12.161s] Invoked command in '/home/fatrat/ros2_ws/src/rover_control1' returned '0': PYTHONPATH=/home/fatrat/ros2_ws/build/rover_control1/prefix_override:/usr/lib/python3/dist-packages/colcon_core/task/python/colcon_distutils_commands:/home/fatrat/ros2_ws/install/rover_control1/lib/python3.10/site-packages:${PYTHONPATH} /usr/bin/python3 -W ignore:setup.py install is deprecated -W ignore:easy_install command is deprecated setup.py egg_info --egg-base ../../build/rover_control1 build --build-base /home/fatrat/ros2_ws/build/rover_control1/build install --record /home/fatrat/ros2_ws/build/rover_control1/install.log --single-version-externally-managed install_data
