[9.166s] Invoking command in '/home/fatrat/ros2_ws/src/rover_arm': PYTHONPATH=/home/fatrat/ros2_ws/build/rover_arm/prefix_override:/usr/lib/python3/dist-packages/colcon_core/task/python/colcon_distutils_commands:/home/fatrat/ros2_ws/install/rover_arm/lib/python3.10/site-packages:${PYTHONPATH} /usr/bin/python3 -W ignore:setup.py install is deprecated -W ignore:easy_install command is deprecated setup.py egg_info --egg-base ../../build/rover_arm build --build-base /home/fatrat/ros2_ws/build/rover_arm/build install --record /home/fatrat/ros2_ws/build/rover_arm/install.log --single-version-externally-managed install_data
[11.884s] running egg_info
[11.900s] writing ../../build/rover_arm/rover_arm.egg-info/PKG-INFO
[11.902s] writing dependency_links to ../../build/rover_arm/rover_arm.egg-info/dependency_links.txt
[11.917s] writing entry points to ../../build/rover_arm/rover_arm.egg-info/entry_points.txt
[11.918s] writing requirements to ../../build/rover_arm/rover_arm.egg-info/requires.txt
[11.919s] writing top-level names to ../../build/rover_arm/rover_arm.egg-info/top_level.txt
[11.941s] reading manifest file '../../build/rover_arm/rover_arm.egg-info/SOURCES.txt'
[11.966s] writing manifest file '../../build/rover_arm/rover_arm.egg-info/SOURCES.txt'
[11.972s] running build
[11.974s] running build_py
[12.006s] running install
[12.009s] running install_lib
[12.025s] running install_data
[12.029s] running install_egg_info
[12.048s] removing '/home/fatrat/ros2_ws/install/rover_arm/lib/python3.10/site-packages/rover_arm-0.0.0-py3.10.egg-info' (and everything under it)
[12.050s] Copying ../../build/rover_arm/rover_arm.egg-info to /home/fatrat/ros2_ws/install/rover_arm/lib/python3.10/site-packages/rover_arm-0.0.0-py3.10.egg-info
[12.115s] running install_scripts
[12.295s] writing list of installed files to '/home/fatrat/ros2_ws/build/rover_arm/install.log'
[13.933s] Invoked command in '/home/fatrat/ros2_ws/src/rover_arm' returned '0': PYTHONPATH=/home/fatrat/ros2_ws/build/rover_arm/prefix_override:/usr/lib/python3/dist-packages/colcon_core/task/python/colcon_distutils_commands:/home/fatrat/ros2_ws/install/rover_arm/lib/python3.10/site-packages:${PYTHONPATH} /usr/bin/python3 -W ignore:setup.py install is deprecated -W ignore:easy_install command is deprecated setup.py egg_info --egg-base ../../build/rover_arm build --build-base /home/fatrat/ros2_ws/build/rover_arm/build install --record /home/fatrat/ros2_ws/build/rover_arm/install.log --single-version-externally-managed install_data
