[8.254s] Invoking command in '/home/fatrat/ros2_ws/src/rover_control1': PYTHONPATH=/home/fatrat/ros2_ws/build/rover_control1/prefix_override:/usr/lib/python3/dist-packages/colcon_core/task/python/colcon_distutils_commands:/home/fatrat/ros2_ws/install/rover_control1/lib/python3.10/site-packages:${PYTHONPATH} /usr/bin/python3 -W ignore:setup.py install is deprecated -W ignore:easy_install command is deprecated setup.py egg_info --egg-base ../../build/rover_control1 build --build-base /home/fatrat/ros2_ws/build/rover_control1/build install --record /home/fatrat/ros2_ws/build/rover_control1/install.log --single-version-externally-managed install_data
[10.214s] running egg_info
[10.219s] writing ../../build/rover_control1/rover_control1.egg-info/PKG-INFO
[10.222s] writing dependency_links to ../../build/rover_control1/rover_control1.egg-info/dependency_links.txt
[10.224s] writing entry points to ../../build/rover_control1/rover_control1.egg-info/entry_points.txt
[10.226s] writing requirements to ../../build/rover_control1/rover_control1.egg-info/requires.txt
[10.228s] writing top-level names to ../../build/rover_control1/rover_control1.egg-info/top_level.txt
[10.244s] reading manifest file '../../build/rover_control1/rover_control1.egg-info/SOURCES.txt'
[10.259s] writing manifest file '../../build/rover_control1/rover_control1.egg-info/SOURCES.txt'
[10.260s] running build
[10.262s] running build_py
[10.275s] running install
[10.283s] running install_lib
[10.313s] running install_data
[10.318s] running install_egg_info
[10.345s] removing '/home/fatrat/ros2_ws/install/rover_control1/lib/python3.10/site-packages/rover_control1-0.0.0-py3.10.egg-info' (and everything under it)
[10.349s] Copying ../../build/rover_control1/rover_control1.egg-info to /home/fatrat/ros2_ws/install/rover_control1/lib/python3.10/site-packages/rover_control1-0.0.0-py3.10.egg-info
[10.372s] running install_scripts
[10.582s] Installing rover_driver script to /home/fatrat/ros2_ws/install/rover_control1/lib/rover_control1
[10.583s] writing list of installed files to '/home/fatrat/ros2_ws/build/rover_control1/install.log'
[10.865s] Invoked command in '/home/fatrat/ros2_ws/src/rover_control1' returned '0': PYTHONPATH=/home/fatrat/ros2_ws/build/rover_control1/prefix_override:/usr/lib/python3/dist-packages/colcon_core/task/python/colcon_distutils_commands:/home/fatrat/ros2_ws/install/rover_control1/lib/python3.10/site-packages:${PYTHONPATH} /usr/bin/python3 -W ignore:setup.py install is deprecated -W ignore:easy_install command is deprecated setup.py egg_info --egg-base ../../build/rover_control1 build --build-base /home/fatrat/ros2_ws/build/rover_control1/build install --record /home/fatrat/ros2_ws/build/rover_control1/install.log --single-version-externally-managed install_data
