[9.138s] Invoking command in '/home/fatrat/ros2_ws/src/rover_control1': PYTHONPATH=/home/fatrat/ros2_ws/build/rover_control1/prefix_override:/usr/lib/python3/dist-packages/colcon_core/task/python/colcon_distutils_commands:/home/fatrat/ros2_ws/install/rover_control1/lib/python3.10/site-packages:${PYTHONPATH} /usr/bin/python3 -W ignore:setup.py install is deprecated -W ignore:easy_install command is deprecated setup.py egg_info --egg-base ../../build/rover_control1 build --build-base /home/fatrat/ros2_ws/build/rover_control1/build install --record /home/fatrat/ros2_ws/build/rover_control1/install.log --single-version-externally-managed install_data
[11.553s] running egg_info
[11.558s] writing ../../build/rover_control1/rover_control1.egg-info/PKG-INFO
[11.565s] writing dependency_links to ../../build/rover_control1/rover_control1.egg-info/dependency_links.txt
[11.568s] writing entry points to ../../build/rover_control1/rover_control1.egg-info/entry_points.txt
[11.584s] writing requirements to ../../build/rover_control1/rover_control1.egg-info/requires.txt
[11.585s] writing top-level names to ../../build/rover_control1/rover_control1.egg-info/top_level.txt
[11.600s] reading manifest file '../../build/rover_control1/rover_control1.egg-info/SOURCES.txt'
[11.609s] writing manifest file '../../build/rover_control1/rover_control1.egg-info/SOURCES.txt'
[11.617s] running build
[11.618s] running build_py
[11.637s] running install
[11.640s] running install_lib
[11.685s] running install_data
[11.698s] running install_egg_info
[11.737s] removing '/home/fatrat/ros2_ws/install/rover_control1/lib/python3.10/site-packages/rover_control1-0.0.0-py3.10.egg-info' (and everything under it)
[11.751s] Copying ../../build/rover_control1/rover_control1.egg-info to /home/fatrat/ros2_ws/install/rover_control1/lib/python3.10/site-packages/rover_control1-0.0.0-py3.10.egg-info
[11.798s] running install_scripts
[11.990s] Installing rover_driver script to /home/fatrat/ros2_ws/install/rover_control1/lib/rover_control1
[11.991s] writing list of installed files to '/home/fatrat/ros2_ws/build/rover_control1/install.log'
[12.283s] Invoked command in '/home/fatrat/ros2_ws/src/rover_control1' returned '0': PYTHONPATH=/home/fatrat/ros2_ws/build/rover_control1/prefix_override:/usr/lib/python3/dist-packages/colcon_core/task/python/colcon_distutils_commands:/home/fatrat/ros2_ws/install/rover_control1/lib/python3.10/site-packages:${PYTHONPATH} /usr/bin/python3 -W ignore:setup.py install is deprecated -W ignore:easy_install command is deprecated setup.py egg_info --egg-base ../../build/rover_control1 build --build-base /home/fatrat/ros2_ws/build/rover_control1/build install --record /home/fatrat/ros2_ws/build/rover_control1/install.log --single-version-externally-managed install_data
