[6.785s] Invoking command in '/home/fatrat/ros2_ws/build/rover_vision': PYTHONPATH=/home/fatrat/ros2_ws/build/rover_vision/prefix_override:/usr/lib/python3/dist-packages/colcon_core/task/python/colcon_distutils_commands:/home/fatrat/ros2_ws/install/rover_vision/lib/python3.10/site-packages:${PYTHONPATH} /usr/bin/python3 -W ignore:setup.py install is deprecated -W ignore:easy_install command is deprecated setup.py develop --uninstall --editable --build-directory /home/fatrat/ros2_ws/build/rover_vision/build
[8.625s] running develop
[9.864s] Removing /home/fatrat/ros2_ws/install/rover_vision/lib/python3.10/site-packages/rover-vision.egg-link (link to .)
[10.090s] Invoked command in '/home/fatrat/ros2_ws/build/rover_vision' returned '0': PYTHONPATH=/home/fatrat/ros2_ws/build/rover_vision/prefix_override:/usr/lib/python3/dist-packages/colcon_core/task/python/colcon_distutils_commands:/home/fatrat/ros2_ws/install/rover_vision/lib/python3.10/site-packages:${PYTHONPATH} /usr/bin/python3 -W ignore:setup.py install is deprecated -W ignore:easy_install command is deprecated setup.py develop --uninstall --editable --build-directory /home/fatrat/ros2_ws/build/rover_vision/build
[10.098s] Invoking command in '/home/fatrat/ros2_ws/src/rover_vision': PYTHONPATH=/home/fatrat/ros2_ws/build/rover_vision/prefix_override:/usr/lib/python3/dist-packages/colcon_core/task/python/colcon_distutils_commands:/home/fatrat/ros2_ws/install/rover_vision/lib/python3.10/site-packages:${PYTHONPATH} /usr/bin/python3 -W ignore:setup.py install is deprecated -W ignore:easy_install command is deprecated setup.py egg_info --egg-base ../../build/rover_vision build --build-base /home/fatrat/ros2_ws/build/rover_vision/build install --record /home/fatrat/ros2_ws/build/rover_vision/install.log --single-version-externally-managed install_data --force
[11.487s] running egg_info
[11.490s] writing ../../build/rover_vision/rover_vision.egg-info/PKG-INFO
[11.492s] writing dependency_links to ../../build/rover_vision/rover_vision.egg-info/dependency_links.txt
[11.493s] writing entry points to ../../build/rover_vision/rover_vision.egg-info/entry_points.txt
[11.495s] writing requirements to ../../build/rover_vision/rover_vision.egg-info/requires.txt
[11.495s] writing top-level names to ../../build/rover_vision/rover_vision.egg-info/top_level.txt
[11.504s] reading manifest file '../../build/rover_vision/rover_vision.egg-info/SOURCES.txt'
[11.513s] writing manifest file '../../build/rover_vision/rover_vision.egg-info/SOURCES.txt'
[11.533s] running build
[11.534s] running build_py
[11.538s] copying rover_vision/vision_node.py -> /home/fatrat/ros2_ws/build/rover_vision/build/lib/rover_vision
[11.539s] running install
[11.541s] running install_lib
[11.544s] creating /home/fatrat/ros2_ws/install/rover_vision/lib/python3.10/site-packages/rover_vision
[11.545s] copying /home/fatrat/ros2_ws/build/rover_vision/build/lib/rover_vision/vision_node.py -> /home/fatrat/ros2_ws/install/rover_vision/lib/python3.10/site-packages/rover_vision
[11.546s] copying /home/fatrat/ros2_ws/build/rover_vision/build/lib/rover_vision/__init__.py -> /home/fatrat/ros2_ws/install/rover_vision/lib/python3.10/site-packages/rover_vision
[11.550s] byte-compiling /home/fatrat/ros2_ws/install/rover_vision/lib/python3.10/site-packages/rover_vision/vision_node.py to vision_node.cpython-310.pyc
[11.554s] byte-compiling /home/fatrat/ros2_ws/install/rover_vision/lib/python3.10/site-packages/rover_vision/__init__.py to __init__.cpython-310.pyc
[11.556s] running install_data
[11.557s] copying resource/rover_vision -> /home/fatrat/ros2_ws/install/rover_vision/share/ament_index/resource_index/packages
[11.558s] copying package.xml -> /home/fatrat/ros2_ws/install/rover_vision/share/rover_vision
[11.559s] running install_egg_info
[11.573s] Copying ../../build/rover_vision/rover_vision.egg-info to /home/fatrat/ros2_ws/install/rover_vision/lib/python3.10/site-packages/rover_vision-0.0.0-py3.10.egg-info
[11.586s] running install_scripts
[11.689s] Installing vision_node script to /home/fatrat/ros2_ws/install/rover_vision/lib/rover_vision
[11.691s] writing list of installed files to '/home/fatrat/ros2_ws/build/rover_vision/install.log'
[11.887s] Invoked command in '/home/fatrat/ros2_ws/src/rover_vision' returned '0': PYTHONPATH=/home/fatrat/ros2_ws/build/rover_vision/prefix_override:/usr/lib/python3/dist-packages/colcon_core/task/python/colcon_distutils_commands:/home/fatrat/ros2_ws/install/rover_vision/lib/python3.10/site-packages:${PYTHONPATH} /usr/bin/python3 -W ignore:setup.py install is deprecated -W ignore:easy_install command is deprecated setup.py egg_info --egg-base ../../build/rover_vision build --build-base /home/fatrat/ros2_ws/build/rover_vision/build install --record /home/fatrat/ros2_ws/build/rover_vision/install.log --single-version-externally-managed install_data --force
