[3.517s] Invoking command in '/home/fatrat/ros2_ws/src/rover_vision': PYTHONPATH=/home/fatrat/ros2_ws/build/rover_vision/prefix_override:/usr/lib/python3/dist-packages/colcon_core/task/python/colcon_distutils_commands:/home/fatrat/ros2_ws/install/rover_vision/lib/python3.10/site-packages:${PYTHONPATH} /usr/bin/python3 -W ignore:setup.py install is deprecated -W ignore:easy_install command is deprecated setup.py egg_info --egg-base ../../build/rover_vision build --build-base /home/fatrat/ros2_ws/build/rover_vision/build install --record /home/fatrat/ros2_ws/build/rover_vision/install.log --single-version-externally-managed install_data
[4.775s] running egg_info
[4.778s] writing ../../build/rover_vision/rover_vision.egg-info/PKG-INFO
[4.779s] writing dependency_links to ../../build/rover_vision/rover_vision.egg-info/dependency_links.txt
[4.780s] writing entry points to ../../build/rover_vision/rover_vision.egg-info/entry_points.txt
[4.780s] writing requirements to ../../build/rover_vision/rover_vision.egg-info/requires.txt
[4.781s] writing top-level names to ../../build/rover_vision/rover_vision.egg-info/top_level.txt
[4.790s] reading manifest file '../../build/rover_vision/rover_vision.egg-info/SOURCES.txt'
[4.794s] writing manifest file '../../build/rover_vision/rover_vision.egg-info/SOURCES.txt'
[4.795s] running build
[4.795s] running build_py
[4.796s] running install
[4.798s] running install_lib
[4.806s] running install_data
[4.807s] running install_egg_info
[4.819s] removing '/home/fatrat/ros2_ws/install/rover_vision/lib/python3.10/site-packages/rover_vision-0.0.0-py3.10.egg-info' (and everything under it)
[4.821s] Copying ../../build/rover_vision/rover_vision.egg-info to /home/fatrat/ros2_ws/install/rover_vision/lib/python3.10/site-packages/rover_vision-0.0.0-py3.10.egg-info
[4.827s] running install_scripts
[4.910s] Installing vision_node script to /home/fatrat/ros2_ws/install/rover_vision/lib/rover_vision
[4.912s] writing list of installed files to '/home/fatrat/ros2_ws/build/rover_vision/install.log'
[5.046s] Invoked command in '/home/fatrat/ros2_ws/src/rover_vision' returned '0': PYTHONPATH=/home/fatrat/ros2_ws/build/rover_vision/prefix_override:/usr/lib/python3/dist-packages/colcon_core/task/python/colcon_distutils_commands:/home/fatrat/ros2_ws/install/rover_vision/lib/python3.10/site-packages:${PYTHONPATH} /usr/bin/python3 -W ignore:setup.py install is deprecated -W ignore:easy_install command is deprecated setup.py egg_info --egg-base ../../build/rover_vision build --build-base /home/fatrat/ros2_ws/build/rover_vision/build install --record /home/fatrat/ros2_ws/build/rover_vision/install.log --single-version-externally-managed install_data
