[0.624s] DEBUG:colcon:Command line arguments: ['/usr/bin/colcon', 'build']
[0.625s] DEBUG:colcon:Parsed command line arguments: Namespace(log_base=None, log_level=None, verb_name='build', build_base='build', install_base='install', merge_install=False, symlink_install=False, test_result_base=None, continue_on_error=False, executor='parallel', parallel_workers=4, event_handlers=None, ignore_user_meta=False, metas=['./colcon.meta'], base_paths=['.'], packages_ignore=None, packages_ignore_regex=None, paths=None, packages_up_to=None, packages_up_to_regex=None, packages_above=None, packages_above_and_dependencies=None, packages_above_depth=None, packages_select_by_dep=None, packages_skip_by_dep=None, packages_skip_up_to=None, packages_select_build_failed=False, packages_skip_build_finished=False, packages_select_test_failures=False, packages_skip_test_passed=False, packages_select=None, packages_skip=None, packages_select_regex=None, packages_skip_regex=None, packages_start=None, packages_end=None, allow_overriding=[], cmake_args=None, cmake_target=None, cmake_target_skip_unavailable=False, cmake_clean_cache=False, cmake_clean_first=False, cmake_force_configure=False, ament_cmake_args=None, catkin_cmake_args=None, catkin_skip_building_tests=False, verb_parser=<colcon_defaults.argument_parser.defaults.DefaultArgumentsDecorator object at 0xffff80416170>, verb_extension=<colcon_core.verb.build.BuildVerb object at 0xffff8059f640>, main=<bound method BuildVerb.main of <colcon_core.verb.build.BuildVerb object at 0xffff8059f640>>)
[1.520s] Level 1:colcon.colcon_core.package_discovery:discover_packages(colcon_meta) check parameters
[1.520s] Level 1:colcon.colcon_core.package_discovery:discover_packages(recursive) check parameters
[1.520s] Level 1:colcon.colcon_core.package_discovery:discover_packages(ignore) check parameters
[1.520s] Level 1:colcon.colcon_core.package_discovery:discover_packages(path) check parameters
[1.520s] Level 1:colcon.colcon_core.package_discovery:discover_packages(colcon_meta) discover
[1.521s] Level 1:colcon.colcon_core.package_discovery:discover_packages(recursive) discover
[1.521s] INFO:colcon.colcon_core.package_discovery:Crawling recursively for packages in '/home/fatrat/ros2_ws/src'
[1.521s] Level 1:colcon.colcon_core.package_identification:_identify(.) by extensions ['ignore', 'ignore_ament_install']
[1.522s] Level 1:colcon.colcon_core.package_identification:_identify(.) by extension 'ignore'
[1.522s] Level 1:colcon.colcon_core.package_identification:_identify(.) by extension 'ignore_ament_install'
[1.522s] Level 1:colcon.colcon_core.package_identification:_identify(.) by extensions ['colcon_pkg']
[1.522s] Level 1:colcon.colcon_core.package_identification:_identify(.) by extension 'colcon_pkg'
[1.522s] Level 1:colcon.colcon_core.package_identification:_identify(.) by extensions ['colcon_meta']
[1.522s] Level 1:colcon.colcon_core.package_identification:_identify(.) by extension 'colcon_meta'
[1.523s] Level 1:colcon.colcon_core.package_identification:_identify(.) by extensions ['ros']
[1.523s] Level 1:colcon.colcon_core.package_identification:_identify(.) by extension 'ros'
[1.571s] Level 1:colcon.colcon_core.package_identification:_identify(.) by extensions ['cmake', 'python']
[1.571s] Level 1:colcon.colcon_core.package_identification:_identify(.) by extension 'cmake'
[1.572s] Level 1:colcon.colcon_core.package_identification:_identify(.) by extension 'python'
[1.572s] Level 1:colcon.colcon_core.package_identification:_identify(.) by extensions ['python_setup_py']
[1.572s] Level 1:colcon.colcon_core.package_identification:_identify(.) by extension 'python_setup_py'
[1.572s] Level 1:colcon.colcon_core.package_identification:_identify(build) by extensions ['ignore', 'ignore_ament_install']
[1.573s] Level 1:colcon.colcon_core.package_identification:_identify(build) by extension 'ignore'
[1.573s] Level 1:colcon.colcon_core.package_identification:_identify(build) ignored
[1.574s] Level 1:colcon.colcon_core.package_identification:_identify(install) by extensions ['ignore', 'ignore_ament_install']
[1.574s] Level 1:colcon.colcon_core.package_identification:_identify(install) by extension 'ignore'
[1.574s] Level 1:colcon.colcon_core.package_identification:_identify(install) ignored
[1.575s] Level 1:colcon.colcon_core.package_identification:_identify(log) by extensions ['ignore', 'ignore_ament_install']
[1.575s] Level 1:colcon.colcon_core.package_identification:_identify(log) by extension 'ignore'
[1.575s] Level 1:colcon.colcon_core.package_identification:_identify(log) ignored
[1.576s] Level 1:colcon.colcon_core.package_identification:_identify(rover_arm) by extensions ['ignore', 'ignore_ament_install']
[1.576s] Level 1:colcon.colcon_core.package_identification:_identify(rover_arm) by extension 'ignore'
[1.576s] Level 1:colcon.colcon_core.package_identification:_identify(rover_arm) by extension 'ignore_ament_install'
[1.577s] Level 1:colcon.colcon_core.package_identification:_identify(rover_arm) by extensions ['colcon_pkg']
[1.577s] Level 1:colcon.colcon_core.package_identification:_identify(rover_arm) by extension 'colcon_pkg'
[1.577s] Level 1:colcon.colcon_core.package_identification:_identify(rover_arm) by extensions ['colcon_meta']
[1.577s] Level 1:colcon.colcon_core.package_identification:_identify(rover_arm) by extension 'colcon_meta'
[1.577s] Level 1:colcon.colcon_core.package_identification:_identify(rover_arm) by extensions ['ros']
[1.577s] Level 1:colcon.colcon_core.package_identification:_identify(rover_arm) by extension 'ros'
[1.586s] DEBUG:colcon.colcon_core.package_identification:Package 'rover_arm' with type 'ros.ament_python' and name 'rover_arm'
[1.587s] Level 1:colcon.colcon_core.package_identification:_identify(rover_control1) by extensions ['ignore', 'ignore_ament_install']
[1.588s] Level 1:colcon.colcon_core.package_identification:_identify(rover_control1) by extension 'ignore'
[1.588s] Level 1:colcon.colcon_core.package_identification:_identify(rover_control1) by extension 'ignore_ament_install'
[1.588s] Level 1:colcon.colcon_core.package_identification:_identify(rover_control1) by extensions ['colcon_pkg']
[1.588s] Level 1:colcon.colcon_core.package_identification:_identify(rover_control1) by extension 'colcon_pkg'
[1.588s] Level 1:colcon.colcon_core.package_identification:_identify(rover_control1) by extensions ['colcon_meta']
[1.588s] Level 1:colcon.colcon_core.package_identification:_identify(rover_control1) by extension 'colcon_meta'
[1.589s] Level 1:colcon.colcon_core.package_identification:_identify(rover_control1) by extensions ['ros']
[1.589s] Level 1:colcon.colcon_core.package_identification:_identify(rover_control1) by extension 'ros'
[1.591s] DEBUG:colcon.colcon_core.package_identification:Package 'rover_control1' with type 'ros.ament_python' and name 'rover_control1'
[1.592s] Level 1:colcon.colcon_core.package_identification:_identify(rover_mapping) by extensions ['ignore', 'ignore_ament_install']
[1.592s] Level 1:colcon.colcon_core.package_identification:_identify(rover_mapping) by extension 'ignore'
[1.592s] Level 1:colcon.colcon_core.package_identification:_identify(rover_mapping) by extension 'ignore_ament_install'
[1.593s] Level 1:colcon.colcon_core.package_identification:_identify(rover_mapping) by extensions ['colcon_pkg']
[1.593s] Level 1:colcon.colcon_core.package_identification:_identify(rover_mapping) by extension 'colcon_pkg'
[1.593s] Level 1:colcon.colcon_core.package_identification:_identify(rover_mapping) by extensions ['colcon_meta']
[1.593s] Level 1:colcon.colcon_core.package_identification:_identify(rover_mapping) by extension 'colcon_meta'
[1.593s] Level 1:colcon.colcon_core.package_identification:_identify(rover_mapping) by extensions ['ros']
[1.593s] Level 1:colcon.colcon_core.package_identification:_identify(rover_mapping) by extension 'ros'
[1.596s] DEBUG:colcon.colcon_core.package_identification:Package 'rover_mapping' with type 'ros.ament_python' and name 'rover_mapping'
[1.597s] Level 1:colcon.colcon_core.package_identification:_identify(rover_mission) by extensions ['ignore', 'ignore_ament_install']
[1.597s] Level 1:colcon.colcon_core.package_identification:_identify(rover_mission) by extension 'ignore'
[1.597s] Level 1:colcon.colcon_core.package_identification:_identify(rover_mission) by extension 'ignore_ament_install'
[1.597s] Level 1:colcon.colcon_core.package_identification:_identify(rover_mission) by extensions ['colcon_pkg']
[1.598s] Level 1:colcon.colcon_core.package_identification:_identify(rover_mission) by extension 'colcon_pkg'
[1.598s] Level 1:colcon.colcon_core.package_identification:_identify(rover_mission) by extensions ['colcon_meta']
[1.598s] Level 1:colcon.colcon_core.package_identification:_identify(rover_mission) by extension 'colcon_meta'
[1.598s] Level 1:colcon.colcon_core.package_identification:_identify(rover_mission) by extensions ['ros']
[1.598s] Level 1:colcon.colcon_core.package_identification:_identify(rover_mission) by extension 'ros'
[1.601s] DEBUG:colcon.colcon_core.package_identification:Package 'rover_mission' with type 'ros.ament_python' and name 'rover_mission'
[1.602s] Level 1:colcon.colcon_core.package_identification:_identify(rover_monitor) by extensions ['ignore', 'ignore_ament_install']
[1.602s] Level 1:colcon.colcon_core.package_identification:_identify(rover_monitor) by extension 'ignore'
[1.603s] Level 1:colcon.colcon_core.package_identification:_identify(rover_monitor) by extension 'ignore_ament_install'
[1.603s] Level 1:colcon.colcon_core.package_identification:_identify(rover_monitor) by extensions ['colcon_pkg']
[1.603s] Level 1:colcon.colcon_core.package_identification:_identify(rover_monitor) by extension 'colcon_pkg'
[1.603s] Level 1:colcon.colcon_core.package_identification:_identify(rover_monitor) by extensions ['colcon_meta']
[1.603s] Level 1:colcon.colcon_core.package_identification:_identify(rover_monitor) by extension 'colcon_meta'
[1.603s] Level 1:colcon.colcon_core.package_identification:_identify(rover_monitor) by extensions ['ros']
[1.604s] Level 1:colcon.colcon_core.package_identification:_identify(rover_monitor) by extension 'ros'
[1.606s] DEBUG:colcon.colcon_core.package_identification:Package 'rover_monitor' with type 'ros.ament_python' and name 'rover_monitor'
[1.607s] Level 1:colcon.colcon_core.package_identification:_identify(rover_vision) by extensions ['ignore', 'ignore_ament_install']
[1.607s] Level 1:colcon.colcon_core.package_identification:_identify(rover_vision) by extension 'ignore'
[1.608s] Level 1:colcon.colcon_core.package_identification:_identify(rover_vision) by extension 'ignore_ament_install'
[1.608s] Level 1:colcon.colcon_core.package_identification:_identify(rover_vision) by extensions ['colcon_pkg']
[1.608s] Level 1:colcon.colcon_core.package_identification:_identify(rover_vision) by extension 'colcon_pkg'
[1.608s] Level 1:colcon.colcon_core.package_identification:_identify(rover_vision) by extensions ['colcon_meta']
[1.608s] Level 1:colcon.colcon_core.package_identification:_identify(rover_vision) by extension 'colcon_meta'
[1.608s] Level 1:colcon.colcon_core.package_identification:_identify(rover_vision) by extensions ['ros']
[1.609s] Level 1:colcon.colcon_core.package_identification:_identify(rover_vision) by extension 'ros'
[1.611s] DEBUG:colcon.colcon_core.package_identification:Package 'rover_vision' with type 'ros.ament_python' and name 'rover_vision'
[1.611s] Level 1:colcon.colcon_core.package_discovery:discover_packages(recursive) using defaults
[1.612s] Level 1:colcon.colcon_core.package_discovery:discover_packages(ignore) discover
[1.612s] Level 1:colcon.colcon_core.package_discovery:discover_packages(ignore) using defaults
[1.612s] Level 1:colcon.colcon_core.package_discovery:discover_packages(path) discover
[1.612s] Level 1:colcon.colcon_core.package_discovery:discover_packages(path) using defaults
[1.743s] Level 1:colcon.colcon_core.package_discovery:discover_packages(prefix_path) check parameters
[1.743s] Level 1:colcon.colcon_core.package_discovery:discover_packages(prefix_path) discover
[1.754s] DEBUG:colcon.colcon_installed_package_information.package_discovery:Found 7 installed packages in /home/fatrat/ros2_ws/install
[1.765s] DEBUG:colcon.colcon_installed_package_information.package_discovery:Found 325 installed packages in /opt/ros/humble
[1.772s] Level 1:colcon.colcon_core.package_discovery:discover_packages(prefix_path) using defaults
[1.970s] Level 5:colcon.colcon_core.verb:set package 'rover_arm' build argument 'cmake_args' from command line to 'None'
[1.970s] Level 5:colcon.colcon_core.verb:set package 'rover_arm' build argument 'cmake_target' from command line to 'None'
[1.970s] Level 5:colcon.colcon_core.verb:set package 'rover_arm' build argument 'cmake_target_skip_unavailable' from command line to 'False'
[1.970s] Level 5:colcon.colcon_core.verb:set package 'rover_arm' build argument 'cmake_clean_cache' from command line to 'False'
[1.970s] Level 5:colcon.colcon_core.verb:set package 'rover_arm' build argument 'cmake_clean_first' from command line to 'False'
[1.970s] Level 5:colcon.colcon_core.verb:set package 'rover_arm' build argument 'cmake_force_configure' from command line to 'False'
[1.971s] Level 5:colcon.colcon_core.verb:set package 'rover_arm' build argument 'ament_cmake_args' from command line to 'None'
[1.971s] Level 5:colcon.colcon_core.verb:set package 'rover_arm' build argument 'catkin_cmake_args' from command line to 'None'
[1.971s] Level 5:colcon.colcon_core.verb:set package 'rover_arm' build argument 'catkin_skip_building_tests' from command line to 'False'
[1.971s] DEBUG:colcon.colcon_core.verb:Building package 'rover_arm' with the following arguments: {'ament_cmake_args': None, 'build_base': '/home/fatrat/ros2_ws/src/build/rover_arm', 'catkin_cmake_args': None, 'catkin_skip_building_tests': False, 'cmake_args': None, 'cmake_clean_cache': False, 'cmake_clean_first': False, 'cmake_force_configure': False, 'cmake_target': None, 'cmake_target_skip_unavailable': False, 'install_base': '/home/fatrat/ros2_ws/src/install/rover_arm', 'merge_install': False, 'path': '/home/fatrat/ros2_ws/src/rover_arm', 'symlink_install': False, 'test_result_base': None}
[1.973s] Level 5:colcon.colcon_core.verb:set package 'rover_control1' build argument 'cmake_args' from command line to 'None'
[1.973s] Level 5:colcon.colcon_core.verb:set package 'rover_control1' build argument 'cmake_target' from command line to 'None'
[1.973s] Level 5:colcon.colcon_core.verb:set package 'rover_control1' build argument 'cmake_target_skip_unavailable' from command line to 'False'
[1.973s] Level 5:colcon.colcon_core.verb:set package 'rover_control1' build argument 'cmake_clean_cache' from command line to 'False'
[1.973s] Level 5:colcon.colcon_core.verb:set package 'rover_control1' build argument 'cmake_clean_first' from command line to 'False'
[1.973s] Level 5:colcon.colcon_core.verb:set package 'rover_control1' build argument 'cmake_force_configure' from command line to 'False'
[1.973s] Level 5:colcon.colcon_core.verb:set package 'rover_control1' build argument 'ament_cmake_args' from command line to 'None'
[1.973s] Level 5:colcon.colcon_core.verb:set package 'rover_control1' build argument 'catkin_cmake_args' from command line to 'None'
[1.973s] Level 5:colcon.colcon_core.verb:set package 'rover_control1' build argument 'catkin_skip_building_tests' from command line to 'False'
[1.974s] DEBUG:colcon.colcon_core.verb:Building package 'rover_control1' with the following arguments: {'ament_cmake_args': None, 'build_base': '/home/fatrat/ros2_ws/src/build/rover_control1', 'catkin_cmake_args': None, 'catkin_skip_building_tests': False, 'cmake_args': None, 'cmake_clean_cache': False, 'cmake_clean_first': False, 'cmake_force_configure': False, 'cmake_target': None, 'cmake_target_skip_unavailable': False, 'install_base': '/home/fatrat/ros2_ws/src/install/rover_control1', 'merge_install': False, 'path': '/home/fatrat/ros2_ws/src/rover_control1', 'symlink_install': False, 'test_result_base': None}
[1.975s] Level 5:colcon.colcon_core.verb:set package 'rover_mapping' build argument 'cmake_args' from command line to 'None'
[1.975s] Level 5:colcon.colcon_core.verb:set package 'rover_mapping' build argument 'cmake_target' from command line to 'None'
[1.975s] Level 5:colcon.colcon_core.verb:set package 'rover_mapping' build argument 'cmake_target_skip_unavailable' from command line to 'False'
[1.976s] Level 5:colcon.colcon_core.verb:set package 'rover_mapping' build argument 'cmake_clean_cache' from command line to 'False'
[1.976s] Level 5:colcon.colcon_core.verb:set package 'rover_mapping' build argument 'cmake_clean_first' from command line to 'False'
[1.976s] Level 5:colcon.colcon_core.verb:set package 'rover_mapping' build argument 'cmake_force_configure' from command line to 'False'
[1.976s] Level 5:colcon.colcon_core.verb:set package 'rover_mapping' build argument 'ament_cmake_args' from command line to 'None'
[1.976s] Level 5:colcon.colcon_core.verb:set package 'rover_mapping' build argument 'catkin_cmake_args' from command line to 'None'
[1.976s] Level 5:colcon.colcon_core.verb:set package 'rover_mapping' build argument 'catkin_skip_building_tests' from command line to 'False'
[1.976s] DEBUG:colcon.colcon_core.verb:Building package 'rover_mapping' with the following arguments: {'ament_cmake_args': None, 'build_base': '/home/fatrat/ros2_ws/src/build/rover_mapping', 'catkin_cmake_args': None, 'catkin_skip_building_tests': False, 'cmake_args': None, 'cmake_clean_cache': False, 'cmake_clean_first': False, 'cmake_force_configure': False, 'cmake_target': None, 'cmake_target_skip_unavailable': False, 'install_base': '/home/fatrat/ros2_ws/src/install/rover_mapping', 'merge_install': False, 'path': '/home/fatrat/ros2_ws/src/rover_mapping', 'symlink_install': False, 'test_result_base': None}
[1.978s] Level 5:colcon.colcon_core.verb:set package 'rover_mission' build argument 'cmake_args' from command line to 'None'
[1.978s] Level 5:colcon.colcon_core.verb:set package 'rover_mission' build argument 'cmake_target' from command line to 'None'
[1.978s] Level 5:colcon.colcon_core.verb:set package 'rover_mission' build argument 'cmake_target_skip_unavailable' from command line to 'False'
[1.978s] Level 5:colcon.colcon_core.verb:set package 'rover_mission' build argument 'cmake_clean_cache' from command line to 'False'
[1.978s] Level 5:colcon.colcon_core.verb:set package 'rover_mission' build argument 'cmake_clean_first' from command line to 'False'
[1.978s] Level 5:colcon.colcon_core.verb:set package 'rover_mission' build argument 'cmake_force_configure' from command line to 'False'
[1.978s] Level 5:colcon.colcon_core.verb:set package 'rover_mission' build argument 'ament_cmake_args' from command line to 'None'
[1.978s] Level 5:colcon.colcon_core.verb:set package 'rover_mission' build argument 'catkin_cmake_args' from command line to 'None'
[1.978s] Level 5:colcon.colcon_core.verb:set package 'rover_mission' build argument 'catkin_skip_building_tests' from command line to 'False'
[1.978s] DEBUG:colcon.colcon_core.verb:Building package 'rover_mission' with the following arguments: {'ament_cmake_args': None, 'build_base': '/home/fatrat/ros2_ws/src/build/rover_mission', 'catkin_cmake_args': None, 'catkin_skip_building_tests': False, 'cmake_args': None, 'cmake_clean_cache': False, 'cmake_clean_first': False, 'cmake_force_configure': False, 'cmake_target': None, 'cmake_target_skip_unavailable': False, 'install_base': '/home/fatrat/ros2_ws/src/install/rover_mission', 'merge_install': False, 'path': '/home/fatrat/ros2_ws/src/rover_mission', 'symlink_install': False, 'test_result_base': None}
[1.980s] Level 5:colcon.colcon_core.verb:set package 'rover_monitor' build argument 'cmake_args' from command line to 'None'
[1.980s] Level 5:colcon.colcon_core.verb:set package 'rover_monitor' build argument 'cmake_target' from command line to 'None'
[1.980s] Level 5:colcon.colcon_core.verb:set package 'rover_monitor' build argument 'cmake_target_skip_unavailable' from command line to 'False'
[1.980s] Level 5:colcon.colcon_core.verb:set package 'rover_monitor' build argument 'cmake_clean_cache' from command line to 'False'
[1.980s] Level 5:colcon.colcon_core.verb:set package 'rover_monitor' build argument 'cmake_clean_first' from command line to 'False'
[1.980s] Level 5:colcon.colcon_core.verb:set package 'rover_monitor' build argument 'cmake_force_configure' from command line to 'False'
[1.981s] Level 5:colcon.colcon_core.verb:set package 'rover_monitor' build argument 'ament_cmake_args' from command line to 'None'
[1.981s] Level 5:colcon.colcon_core.verb:set package 'rover_monitor' build argument 'catkin_cmake_args' from command line to 'None'
[1.981s] Level 5:colcon.colcon_core.verb:set package 'rover_monitor' build argument 'catkin_skip_building_tests' from command line to 'False'
[1.981s] DEBUG:colcon.colcon_core.verb:Building package 'rover_monitor' with the following arguments: {'ament_cmake_args': None, 'build_base': '/home/fatrat/ros2_ws/src/build/rover_monitor', 'catkin_cmake_args': None, 'catkin_skip_building_tests': False, 'cmake_args': None, 'cmake_clean_cache': False, 'cmake_clean_first': False, 'cmake_force_configure': False, 'cmake_target': None, 'cmake_target_skip_unavailable': False, 'install_base': '/home/fatrat/ros2_ws/src/install/rover_monitor', 'merge_install': False, 'path': '/home/fatrat/ros2_ws/src/rover_monitor', 'symlink_install': False, 'test_result_base': None}
[1.982s] Level 5:colcon.colcon_core.verb:set package 'rover_vision' build argument 'cmake_args' from command line to 'None'
[1.982s] Level 5:colcon.colcon_core.verb:set package 'rover_vision' build argument 'cmake_target' from command line to 'None'
[1.982s] Level 5:colcon.colcon_core.verb:set package 'rover_vision' build argument 'cmake_target_skip_unavailable' from command line to 'False'
[1.983s] Level 5:colcon.colcon_core.verb:set package 'rover_vision' build argument 'cmake_clean_cache' from command line to 'False'
[1.983s] Level 5:colcon.colcon_core.verb:set package 'rover_vision' build argument 'cmake_clean_first' from command line to 'False'
[1.983s] Level 5:colcon.colcon_core.verb:set package 'rover_vision' build argument 'cmake_force_configure' from command line to 'False'
[1.983s] Level 5:colcon.colcon_core.verb:set package 'rover_vision' build argument 'ament_cmake_args' from command line to 'None'
[1.983s] Level 5:colcon.colcon_core.verb:set package 'rover_vision' build argument 'catkin_cmake_args' from command line to 'None'
[1.983s] Level 5:colcon.colcon_core.verb:set package 'rover_vision' build argument 'catkin_skip_building_tests' from command line to 'False'
[1.983s] DEBUG:colcon.colcon_core.verb:Building package 'rover_vision' with the following arguments: {'ament_cmake_args': None, 'build_base': '/home/fatrat/ros2_ws/src/build/rover_vision', 'catkin_cmake_args': None, 'catkin_skip_building_tests': False, 'cmake_args': None, 'cmake_clean_cache': False, 'cmake_clean_first': False, 'cmake_force_configure': False, 'cmake_target': None, 'cmake_target_skip_unavailable': False, 'install_base': '/home/fatrat/ros2_ws/src/install/rover_vision', 'merge_install': False, 'path': '/home/fatrat/ros2_ws/src/rover_vision', 'symlink_install': False, 'test_result_base': None}
[1.984s] INFO:colcon.colcon_core.executor:Executing jobs using 'parallel' executor
[1.987s] DEBUG:colcon.colcon_parallel_executor.executor.parallel:run_until_complete
[1.988s] INFO:colcon.colcon_ros.task.ament_python.build:Building ROS package in '/home/fatrat/ros2_ws/src/rover_arm' with build type 'ament_python'
[1.989s] Level 1:colcon.colcon_core.shell:create_environment_hook('rover_arm', 'ament_prefix_path')
[1.999s] INFO:colcon.colcon_core.plugin_system:Skipping extension 'colcon_core.shell.bat': Not used on non-Windows systems
[2.001s] INFO:colcon.colcon_core.shell:Creating environment hook '/home/fatrat/ros2_ws/src/install/rover_arm/share/rover_arm/hook/ament_prefix_path.ps1'
[2.004s] INFO:colcon.colcon_core.shell:Creating environment descriptor '/home/fatrat/ros2_ws/src/install/rover_arm/share/rover_arm/hook/ament_prefix_path.dsv'
[2.006s] INFO:colcon.colcon_core.shell:Creating environment hook '/home/fatrat/ros2_ws/src/install/rover_arm/share/rover_arm/hook/ament_prefix_path.sh'
[2.010s] INFO:colcon.colcon_core.shell:Skip shell extension 'powershell' for command environment: Not usable outside of PowerShell
[2.010s] DEBUG:colcon.colcon_core.shell:Skip shell extension 'dsv' for command environment
[2.033s] INFO:colcon.colcon_ros.task.ament_python.build:Building ROS package in '/home/fatrat/ros2_ws/src/rover_control1' with build type 'ament_python'
[2.033s] Level 1:colcon.colcon_core.shell:create_environment_hook('rover_control1', 'ament_prefix_path')
[2.034s] INFO:colcon.colcon_core.shell:Creating environment hook '/home/fatrat/ros2_ws/src/install/rover_control1/share/rover_control1/hook/ament_prefix_path.ps1'
[2.037s] INFO:colcon.colcon_core.shell:Creating environment descriptor '/home/fatrat/ros2_ws/src/install/rover_control1/share/rover_control1/hook/ament_prefix_path.dsv'
[2.039s] INFO:colcon.colcon_core.shell:Creating environment hook '/home/fatrat/ros2_ws/src/install/rover_control1/share/rover_control1/hook/ament_prefix_path.sh'
[2.043s] INFO:colcon.colcon_core.shell:Skip shell extension 'powershell' for command environment: Not usable outside of PowerShell
[2.043s] DEBUG:colcon.colcon_core.shell:Skip shell extension 'dsv' for command environment
[2.067s] INFO:colcon.colcon_ros.task.ament_python.build:Building ROS package in '/home/fatrat/ros2_ws/src/rover_mapping' with build type 'ament_python'
[2.067s] Level 1:colcon.colcon_core.shell:create_environment_hook('rover_mapping', 'ament_prefix_path')
[2.069s] INFO:colcon.colcon_core.shell:Creating environment hook '/home/fatrat/ros2_ws/src/install/rover_mapping/share/rover_mapping/hook/ament_prefix_path.ps1'
[2.071s] INFO:colcon.colcon_core.shell:Creating environment descriptor '/home/fatrat/ros2_ws/src/install/rover_mapping/share/rover_mapping/hook/ament_prefix_path.dsv'
[2.073s] INFO:colcon.colcon_core.shell:Creating environment hook '/home/fatrat/ros2_ws/src/install/rover_mapping/share/rover_mapping/hook/ament_prefix_path.sh'
[2.077s] INFO:colcon.colcon_core.shell:Skip shell extension 'powershell' for command environment: Not usable outside of PowerShell
[2.077s] DEBUG:colcon.colcon_core.shell:Skip shell extension 'dsv' for command environment
[2.102s] INFO:colcon.colcon_ros.task.ament_python.build:Building ROS package in '/home/fatrat/ros2_ws/src/rover_mission' with build type 'ament_python'
[2.103s] Level 1:colcon.colcon_core.shell:create_environment_hook('rover_mission', 'ament_prefix_path')
[2.104s] INFO:colcon.colcon_core.shell:Creating environment hook '/home/fatrat/ros2_ws/src/install/rover_mission/share/rover_mission/hook/ament_prefix_path.ps1'
[2.107s] INFO:colcon.colcon_core.shell:Creating environment descriptor '/home/fatrat/ros2_ws/src/install/rover_mission/share/rover_mission/hook/ament_prefix_path.dsv'
[2.109s] INFO:colcon.colcon_core.shell:Creating environment hook '/home/fatrat/ros2_ws/src/install/rover_mission/share/rover_mission/hook/ament_prefix_path.sh'
[2.113s] INFO:colcon.colcon_core.shell:Skip shell extension 'powershell' for command environment: Not usable outside of PowerShell
[2.114s] DEBUG:colcon.colcon_core.shell:Skip shell extension 'dsv' for command environment
[3.493s] INFO:colcon.colcon_core.task.python.build:Building Python package in '/home/fatrat/ros2_ws/src/rover_arm'
[3.494s] INFO:colcon.colcon_core.shell:Skip shell extension 'powershell' for command environment: Not usable outside of PowerShell
[3.494s] DEBUG:colcon.colcon_core.shell:Skip shell extension 'dsv' for command environment
[4.823s] INFO:colcon.colcon_core.task.python.build:Building Python package in '/home/fatrat/ros2_ws/src/rover_control1'
[4.824s] INFO:colcon.colcon_core.shell:Skip shell extension 'powershell' for command environment: Not usable outside of PowerShell
[4.824s] DEBUG:colcon.colcon_core.shell:Skip shell extension 'dsv' for command environment
[6.161s] INFO:colcon.colcon_core.task.python.build:Building Python package in '/home/fatrat/ros2_ws/src/rover_mapping'
[6.162s] INFO:colcon.colcon_core.shell:Skip shell extension 'powershell' for command environment: Not usable outside of PowerShell
[6.162s] DEBUG:colcon.colcon_core.shell:Skip shell extension 'dsv' for command environment
[7.503s] INFO:colcon.colcon_core.task.python.build:Building Python package in '/home/fatrat/ros2_ws/src/rover_mission'
[7.504s] INFO:colcon.colcon_core.shell:Skip shell extension 'powershell' for command environment: Not usable outside of PowerShell
[7.505s] DEBUG:colcon.colcon_core.shell:Skip shell extension 'dsv' for command environment
[10.168s] DEBUG:colcon.colcon_core.event_handler.log_command:Invoking command in '/home/fatrat/ros2_ws/src/rover_mapping': PYTHONPATH=/home/fatrat/ros2_ws/src/build/rover_mapping/prefix_override:/usr/lib/python3/dist-packages/colcon_core/task/python/colcon_distutils_commands:/home/fatrat/ros2_ws/src/install/rover_mapping/lib/python3.10/site-packages:${PYTHONPATH} /usr/bin/python3 -W ignore:setup.py install is deprecated -W ignore:easy_install command is deprecated setup.py egg_info --egg-base ../build/rover_mapping build --build-base /home/fatrat/ros2_ws/src/build/rover_mapping/build install --record /home/fatrat/ros2_ws/src/build/rover_mapping/install.log --single-version-externally-managed install_data
[10.209s] DEBUG:colcon.colcon_core.event_handler.log_command:Invoking command in '/home/fatrat/ros2_ws/src/rover_arm': PYTHONPATH=/home/fatrat/ros2_ws/src/build/rover_arm/prefix_override:/usr/lib/python3/dist-packages/colcon_core/task/python/colcon_distutils_commands:/home/fatrat/ros2_ws/src/install/rover_arm/lib/python3.10/site-packages:${PYTHONPATH} /usr/bin/python3 -W ignore:setup.py install is deprecated -W ignore:easy_install command is deprecated setup.py egg_info --egg-base ../build/rover_arm build --build-base /home/fatrat/ros2_ws/src/build/rover_arm/build install --record /home/fatrat/ros2_ws/src/build/rover_arm/install.log --single-version-externally-managed install_data
[10.255s] DEBUG:colcon.colcon_core.event_handler.log_command:Invoking command in '/home/fatrat/ros2_ws/src/rover_control1': PYTHONPATH=/home/fatrat/ros2_ws/src/build/rover_control1/prefix_override:/usr/lib/python3/dist-packages/colcon_core/task/python/colcon_distutils_commands:/home/fatrat/ros2_ws/src/install/rover_control1/lib/python3.10/site-packages:${PYTHONPATH} /usr/bin/python3 -W ignore:setup.py install is deprecated -W ignore:easy_install command is deprecated setup.py egg_info --egg-base ../build/rover_control1 build --build-base /home/fatrat/ros2_ws/src/build/rover_control1/build install --record /home/fatrat/ros2_ws/src/build/rover_control1/install.log --single-version-externally-managed install_data
[10.424s] DEBUG:colcon.colcon_core.event_handler.log_command:Invoking command in '/home/fatrat/ros2_ws/src/rover_mission': PYTHONPATH=/home/fatrat/ros2_ws/src/build/rover_mission/prefix_override:/usr/lib/python3/dist-packages/colcon_core/task/python/colcon_distutils_commands:/home/fatrat/ros2_ws/src/install/rover_mission/lib/python3.10/site-packages:${PYTHONPATH} /usr/bin/python3 -W ignore:setup.py install is deprecated -W ignore:easy_install command is deprecated setup.py egg_info --egg-base ../build/rover_mission build --build-base /home/fatrat/ros2_ws/src/build/rover_mission/build install --record /home/fatrat/ros2_ws/src/build/rover_mission/install.log --single-version-externally-managed install_data
[12.633s] DEBUG:colcon.colcon_core.event_handler.log_command:Invoked command in '/home/fatrat/ros2_ws/src/rover_control1' returned '0': PYTHONPATH=/home/fatrat/ros2_ws/src/build/rover_control1/prefix_override:/usr/lib/python3/dist-packages/colcon_core/task/python/colcon_distutils_commands:/home/fatrat/ros2_ws/src/install/rover_control1/lib/python3.10/site-packages:${PYTHONPATH} /usr/bin/python3 -W ignore:setup.py install is deprecated -W ignore:easy_install command is deprecated setup.py egg_info --egg-base ../build/rover_control1 build --build-base /home/fatrat/ros2_ws/src/build/rover_control1/build install --record /home/fatrat/ros2_ws/src/build/rover_control1/install.log --single-version-externally-managed install_data
[12.652s] Level 1:colcon.colcon_core.environment:checking '/home/fatrat/ros2_ws/src/install/rover_control1' for CMake module files
[12.656s] Level 1:colcon.colcon_core.environment:checking '/home/fatrat/ros2_ws/src/install/rover_control1' for CMake config files
[12.663s] Level 1:colcon.colcon_core.environment:checking '/home/fatrat/ros2_ws/src/install/rover_control1/lib'
[12.665s] Level 1:colcon.colcon_core.environment:checking '/home/fatrat/ros2_ws/src/install/rover_control1/bin'
[12.666s] Level 1:colcon.colcon_core.environment:checking '/home/fatrat/ros2_ws/src/install/rover_control1/lib/pkgconfig/rover_control1.pc'
[12.668s] Level 1:colcon.colcon_core.environment:checking '/home/fatrat/ros2_ws/src/install/rover_control1/lib/python3.10/site-packages'
[12.669s] Level 1:colcon.colcon_core.shell:create_environment_hook('rover_control1', 'pythonpath')
[12.672s] INFO:colcon.colcon_core.shell:Creating environment hook '/home/fatrat/ros2_ws/src/install/rover_control1/share/rover_control1/hook/pythonpath.ps1'
[12.676s] INFO:colcon.colcon_core.shell:Creating environment descriptor '/home/fatrat/ros2_ws/src/install/rover_control1/share/rover_control1/hook/pythonpath.dsv'
[12.681s] INFO:colcon.colcon_core.shell:Creating environment hook '/home/fatrat/ros2_ws/src/install/rover_control1/share/rover_control1/hook/pythonpath.sh'
[12.689s] Level 1:colcon.colcon_core.environment:checking '/home/fatrat/ros2_ws/src/install/rover_control1/bin'
[12.690s] Level 1:colcon.colcon_core.environment:create_environment_scripts_only(rover_control1)
[12.693s] INFO:colcon.colcon_core.shell:Creating package script '/home/fatrat/ros2_ws/src/install/rover_control1/share/rover_control1/package.ps1'
[12.699s] INFO:colcon.colcon_core.shell:Creating package descriptor '/home/fatrat/ros2_ws/src/install/rover_control1/share/rover_control1/package.dsv'
[12.705s] INFO:colcon.colcon_core.shell:Creating package script '/home/fatrat/ros2_ws/src/install/rover_control1/share/rover_control1/package.sh'
[12.711s] INFO:colcon.colcon_core.shell:Creating package script '/home/fatrat/ros2_ws/src/install/rover_control1/share/rover_control1/package.bash'
[12.717s] INFO:colcon.colcon_core.shell:Creating package script '/home/fatrat/ros2_ws/src/install/rover_control1/share/rover_control1/package.zsh'
[12.723s] Level 1:colcon.colcon_core.environment:create_file_with_runtime_dependencies(/home/fatrat/ros2_ws/src/install/rover_control1/share/colcon-core/packages/rover_control1)
[12.728s] INFO:colcon.colcon_ros.task.ament_python.build:Building ROS package in '/home/fatrat/ros2_ws/src/rover_monitor' with build type 'ament_python'
[12.728s] Level 1:colcon.colcon_core.shell:create_environment_hook('rover_monitor', 'ament_prefix_path')
[12.730s] INFO:colcon.colcon_core.shell:Creating environment hook '/home/fatrat/ros2_ws/src/install/rover_monitor/share/rover_monitor/hook/ament_prefix_path.ps1'
[12.733s] INFO:colcon.colcon_core.shell:Creating environment descriptor '/home/fatrat/ros2_ws/src/install/rover_monitor/share/rover_monitor/hook/ament_prefix_path.dsv'
[12.737s] INFO:colcon.colcon_core.shell:Creating environment hook '/home/fatrat/ros2_ws/src/install/rover_monitor/share/rover_monitor/hook/ament_prefix_path.sh'
[12.740s] INFO:colcon.colcon_core.shell:Skip shell extension 'powershell' for command environment: Not usable outside of PowerShell
[12.741s] DEBUG:colcon.colcon_core.shell:Skip shell extension 'dsv' for command environment
[12.781s] Level 1:colcon.colcon_core.environment:checking '/home/fatrat/ros2_ws/src/install/rover_mapping' for CMake module files
[12.784s] DEBUG:colcon.colcon_core.event_handler.log_command:Invoked command in '/home/fatrat/ros2_ws/src/rover_mapping' returned '0': PYTHONPATH=/home/fatrat/ros2_ws/src/build/rover_mapping/prefix_override:/usr/lib/python3/dist-packages/colcon_core/task/python/colcon_distutils_commands:/home/fatrat/ros2_ws/src/install/rover_mapping/lib/python3.10/site-packages:${PYTHONPATH} /usr/bin/python3 -W ignore:setup.py install is deprecated -W ignore:easy_install command is deprecated setup.py egg_info --egg-base ../build/rover_mapping build --build-base /home/fatrat/ros2_ws/src/build/rover_mapping/build install --record /home/fatrat/ros2_ws/src/build/rover_mapping/install.log --single-version-externally-managed install_data
[12.789s] Level 1:colcon.colcon_core.environment:checking '/home/fatrat/ros2_ws/src/install/rover_mapping' for CMake config files
[12.800s] Level 1:colcon.colcon_core.environment:checking '/home/fatrat/ros2_ws/src/install/rover_mapping/lib'
[12.802s] Level 1:colcon.colcon_core.environment:checking '/home/fatrat/ros2_ws/src/install/rover_mapping/bin'
[12.803s] Level 1:colcon.colcon_core.environment:checking '/home/fatrat/ros2_ws/src/install/rover_mapping/lib/pkgconfig/rover_mapping.pc'
[12.806s] Level 1:colcon.colcon_core.environment:checking '/home/fatrat/ros2_ws/src/install/rover_mapping/lib/python3.10/site-packages'
[12.807s] Level 1:colcon.colcon_core.shell:create_environment_hook('rover_mapping', 'pythonpath')
[12.809s] INFO:colcon.colcon_core.shell:Creating environment hook '/home/fatrat/ros2_ws/src/install/rover_mapping/share/rover_mapping/hook/pythonpath.ps1'
[12.815s] INFO:colcon.colcon_core.shell:Creating environment descriptor '/home/fatrat/ros2_ws/src/install/rover_mapping/share/rover_mapping/hook/pythonpath.dsv'
[12.819s] INFO:colcon.colcon_core.shell:Creating environment hook '/home/fatrat/ros2_ws/src/install/rover_mapping/share/rover_mapping/hook/pythonpath.sh'
[12.827s] Level 1:colcon.colcon_core.environment:checking '/home/fatrat/ros2_ws/src/install/rover_mapping/bin'
[12.828s] Level 1:colcon.colcon_core.environment:create_environment_scripts_only(rover_mapping)
[12.830s] INFO:colcon.colcon_core.shell:Creating package script '/home/fatrat/ros2_ws/src/install/rover_mapping/share/rover_mapping/package.ps1'
[12.834s] INFO:colcon.colcon_core.shell:Creating package descriptor '/home/fatrat/ros2_ws/src/install/rover_mapping/share/rover_mapping/package.dsv'
[12.839s] INFO:colcon.colcon_core.shell:Creating package script '/home/fatrat/ros2_ws/src/install/rover_mapping/share/rover_mapping/package.sh'
[12.845s] INFO:colcon.colcon_core.shell:Creating package script '/home/fatrat/ros2_ws/src/install/rover_mapping/share/rover_mapping/package.bash'
[12.850s] INFO:colcon.colcon_core.shell:Creating package script '/home/fatrat/ros2_ws/src/install/rover_mapping/share/rover_mapping/package.zsh'
[12.855s] Level 1:colcon.colcon_core.environment:create_file_with_runtime_dependencies(/home/fatrat/ros2_ws/src/install/rover_mapping/share/colcon-core/packages/rover_mapping)
[12.866s] Level 1:colcon.colcon_core.environment:checking '/home/fatrat/ros2_ws/src/install/rover_arm' for CMake module files
[12.872s] DEBUG:colcon.colcon_core.event_handler.log_command:Invoked command in '/home/fatrat/ros2_ws/src/rover_arm' returned '0': PYTHONPATH=/home/fatrat/ros2_ws/src/build/rover_arm/prefix_override:/usr/lib/python3/dist-packages/colcon_core/task/python/colcon_distutils_commands:/home/fatrat/ros2_ws/src/install/rover_arm/lib/python3.10/site-packages:${PYTHONPATH} /usr/bin/python3 -W ignore:setup.py install is deprecated -W ignore:easy_install command is deprecated setup.py egg_info --egg-base ../build/rover_arm build --build-base /home/fatrat/ros2_ws/src/build/rover_arm/build install --record /home/fatrat/ros2_ws/src/build/rover_arm/install.log --single-version-externally-managed install_data
[12.874s] Level 1:colcon.colcon_core.environment:checking '/home/fatrat/ros2_ws/src/install/rover_arm' for CMake config files
[12.879s] Level 1:colcon.colcon_core.environment:checking '/home/fatrat/ros2_ws/src/install/rover_arm/lib'
[12.880s] Level 1:colcon.colcon_core.environment:checking '/home/fatrat/ros2_ws/src/install/rover_arm/bin'
[12.880s] Level 1:colcon.colcon_core.environment:checking '/home/fatrat/ros2_ws/src/install/rover_arm/lib/pkgconfig/rover_arm.pc'
[12.881s] Level 1:colcon.colcon_core.environment:checking '/home/fatrat/ros2_ws/src/install/rover_arm/lib/python3.10/site-packages'
[12.882s] Level 1:colcon.colcon_core.shell:create_environment_hook('rover_arm', 'pythonpath')
[12.883s] INFO:colcon.colcon_core.shell:Creating environment hook '/home/fatrat/ros2_ws/src/install/rover_arm/share/rover_arm/hook/pythonpath.ps1'
[12.886s] INFO:colcon.colcon_core.shell:Creating environment descriptor '/home/fatrat/ros2_ws/src/install/rover_arm/share/rover_arm/hook/pythonpath.dsv'
[12.891s] INFO:colcon.colcon_core.shell:Creating environment hook '/home/fatrat/ros2_ws/src/install/rover_arm/share/rover_arm/hook/pythonpath.sh'
[12.900s] Level 1:colcon.colcon_core.environment:checking '/home/fatrat/ros2_ws/src/install/rover_arm/bin'
[12.901s] Level 1:colcon.colcon_core.environment:create_environment_scripts_only(rover_arm)
[12.902s] INFO:colcon.colcon_core.shell:Creating package script '/home/fatrat/ros2_ws/src/install/rover_arm/share/rover_arm/package.ps1'
[12.906s] INFO:colcon.colcon_core.shell:Creating package descriptor '/home/fatrat/ros2_ws/src/install/rover_arm/share/rover_arm/package.dsv'
[12.909s] INFO:colcon.colcon_core.shell:Creating package script '/home/fatrat/ros2_ws/src/install/rover_arm/share/rover_arm/package.sh'
[12.911s] INFO:colcon.colcon_core.shell:Creating package script '/home/fatrat/ros2_ws/src/install/rover_arm/share/rover_arm/package.bash'
[12.913s] INFO:colcon.colcon_core.shell:Creating package script '/home/fatrat/ros2_ws/src/install/rover_arm/share/rover_arm/package.zsh'
[12.915s] Level 1:colcon.colcon_core.environment:create_file_with_runtime_dependencies(/home/fatrat/ros2_ws/src/install/rover_arm/share/colcon-core/packages/rover_arm)
[12.916s] INFO:colcon.colcon_ros.task.ament_python.build:Building ROS package in '/home/fatrat/ros2_ws/src/rover_vision' with build type 'ament_python'
[12.917s] Level 1:colcon.colcon_core.shell:create_environment_hook('rover_vision', 'ament_prefix_path')
[12.918s] INFO:colcon.colcon_core.shell:Creating environment hook '/home/fatrat/ros2_ws/src/install/rover_vision/share/rover_vision/hook/ament_prefix_path.ps1'
[12.922s] INFO:colcon.colcon_core.shell:Creating environment descriptor '/home/fatrat/ros2_ws/src/install/rover_vision/share/rover_vision/hook/ament_prefix_path.dsv'
[12.925s] INFO:colcon.colcon_core.shell:Creating environment hook '/home/fatrat/ros2_ws/src/install/rover_vision/share/rover_vision/hook/ament_prefix_path.sh'
[12.928s] INFO:colcon.colcon_core.shell:Skip shell extension 'powershell' for command environment: Not usable outside of PowerShell
[12.929s] DEBUG:colcon.colcon_core.shell:Skip shell extension 'dsv' for command environment
[14.267s] INFO:colcon.colcon_core.task.python.build:Building Python package in '/home/fatrat/ros2_ws/src/rover_monitor'
[14.268s] INFO:colcon.colcon_core.shell:Skip shell extension 'powershell' for command environment: Not usable outside of PowerShell
[14.268s] DEBUG:colcon.colcon_core.shell:Skip shell extension 'dsv' for command environment
[14.352s] Level 1:colcon.colcon_core.environment:checking '/home/fatrat/ros2_ws/src/install/rover_mission' for CMake module files
[14.354s] DEBUG:colcon.colcon_core.event_handler.log_command:Invoked command in '/home/fatrat/ros2_ws/src/rover_mission' returned '0': PYTHONPATH=/home/fatrat/ros2_ws/src/build/rover_mission/prefix_override:/usr/lib/python3/dist-packages/colcon_core/task/python/colcon_distutils_commands:/home/fatrat/ros2_ws/src/install/rover_mission/lib/python3.10/site-packages:${PYTHONPATH} /usr/bin/python3 -W ignore:setup.py install is deprecated -W ignore:easy_install command is deprecated setup.py egg_info --egg-base ../build/rover_mission build --build-base /home/fatrat/ros2_ws/src/build/rover_mission/build install --record /home/fatrat/ros2_ws/src/build/rover_mission/install.log --single-version-externally-managed install_data
[14.357s] Level 1:colcon.colcon_core.environment:checking '/home/fatrat/ros2_ws/src/install/rover_mission' for CMake config files
[14.361s] Level 1:colcon.colcon_core.environment:checking '/home/fatrat/ros2_ws/src/install/rover_mission/lib'
[14.362s] Level 1:colcon.colcon_core.environment:checking '/home/fatrat/ros2_ws/src/install/rover_mission/bin'
[14.362s] Level 1:colcon.colcon_core.environment:checking '/home/fatrat/ros2_ws/src/install/rover_mission/lib/pkgconfig/rover_mission.pc'
[14.363s] Level 1:colcon.colcon_core.environment:checking '/home/fatrat/ros2_ws/src/install/rover_mission/lib/python3.10/site-packages'
[14.364s] Level 1:colcon.colcon_core.shell:create_environment_hook('rover_mission', 'pythonpath')
[14.365s] INFO:colcon.colcon_core.shell:Creating environment hook '/home/fatrat/ros2_ws/src/install/rover_mission/share/rover_mission/hook/pythonpath.ps1'
[14.367s] INFO:colcon.colcon_core.shell:Creating environment descriptor '/home/fatrat/ros2_ws/src/install/rover_mission/share/rover_mission/hook/pythonpath.dsv'
[14.369s] INFO:colcon.colcon_core.shell:Creating environment hook '/home/fatrat/ros2_ws/src/install/rover_mission/share/rover_mission/hook/pythonpath.sh'
[14.373s] Level 1:colcon.colcon_core.environment:checking '/home/fatrat/ros2_ws/src/install/rover_mission/bin'
[14.373s] Level 1:colcon.colcon_core.environment:create_environment_scripts_only(rover_mission)
[14.374s] INFO:colcon.colcon_core.shell:Creating package script '/home/fatrat/ros2_ws/src/install/rover_mission/share/rover_mission/package.ps1'
[14.377s] INFO:colcon.colcon_core.shell:Creating package descriptor '/home/fatrat/ros2_ws/src/install/rover_mission/share/rover_mission/package.dsv'
[14.379s] INFO:colcon.colcon_core.shell:Creating package script '/home/fatrat/ros2_ws/src/install/rover_mission/share/rover_mission/package.sh'
[14.381s] INFO:colcon.colcon_core.shell:Creating package script '/home/fatrat/ros2_ws/src/install/rover_mission/share/rover_mission/package.bash'
[14.383s] INFO:colcon.colcon_core.shell:Creating package script '/home/fatrat/ros2_ws/src/install/rover_mission/share/rover_mission/package.zsh'
[14.385s] Level 1:colcon.colcon_core.environment:create_file_with_runtime_dependencies(/home/fatrat/ros2_ws/src/install/rover_mission/share/colcon-core/packages/rover_mission)
[15.714s] INFO:colcon.colcon_core.task.python.build:Building Python package in '/home/fatrat/ros2_ws/src/rover_vision'
[15.715s] INFO:colcon.colcon_core.shell:Skip shell extension 'powershell' for command environment: Not usable outside of PowerShell
[15.715s] DEBUG:colcon.colcon_core.shell:Skip shell extension 'dsv' for command environment
[17.669s] DEBUG:colcon.colcon_core.event_handler.log_command:Invoking command in '/home/fatrat/ros2_ws/src/rover_monitor': PYTHONPATH=/home/fatrat/ros2_ws/src/build/rover_monitor/prefix_override:/usr/lib/python3/dist-packages/colcon_core/task/python/colcon_distutils_commands:/home/fatrat/ros2_ws/src/install/rover_monitor/lib/python3.10/site-packages:${PYTHONPATH} /usr/bin/python3 -W ignore:setup.py install is deprecated -W ignore:easy_install command is deprecated setup.py egg_info --egg-base ../build/rover_monitor build --build-base /home/fatrat/ros2_ws/src/build/rover_monitor/build install --record /home/fatrat/ros2_ws/src/build/rover_monitor/install.log --single-version-externally-managed install_data
[17.689s] DEBUG:colcon.colcon_core.event_handler.log_command:Invoking command in '/home/fatrat/ros2_ws/src/rover_vision': PYTHONPATH=/home/fatrat/ros2_ws/src/build/rover_vision/prefix_override:/usr/lib/python3/dist-packages/colcon_core/task/python/colcon_distutils_commands:/home/fatrat/ros2_ws/src/install/rover_vision/lib/python3.10/site-packages:${PYTHONPATH} /usr/bin/python3 -W ignore:setup.py install is deprecated -W ignore:easy_install command is deprecated setup.py egg_info --egg-base ../build/rover_vision build --build-base /home/fatrat/ros2_ws/src/build/rover_vision/build install --record /home/fatrat/ros2_ws/src/build/rover_vision/install.log --single-version-externally-managed install_data
[19.437s] Level 1:colcon.colcon_core.environment:checking '/home/fatrat/ros2_ws/src/install/rover_monitor' for CMake module files
[19.441s] DEBUG:colcon.colcon_core.event_handler.log_command:Invoked command in '/home/fatrat/ros2_ws/src/rover_monitor' returned '0': PYTHONPATH=/home/fatrat/ros2_ws/src/build/rover_monitor/prefix_override:/usr/lib/python3/dist-packages/colcon_core/task/python/colcon_distutils_commands:/home/fatrat/ros2_ws/src/install/rover_monitor/lib/python3.10/site-packages:${PYTHONPATH} /usr/bin/python3 -W ignore:setup.py install is deprecated -W ignore:easy_install command is deprecated setup.py egg_info --egg-base ../build/rover_monitor build --build-base /home/fatrat/ros2_ws/src/build/rover_monitor/build install --record /home/fatrat/ros2_ws/src/build/rover_monitor/install.log --single-version-externally-managed install_data
[19.444s] Level 1:colcon.colcon_core.environment:checking '/home/fatrat/ros2_ws/src/install/rover_monitor' for CMake config files
[19.450s] Level 1:colcon.colcon_core.environment:checking '/home/fatrat/ros2_ws/src/install/rover_monitor/lib'
[19.450s] Level 1:colcon.colcon_core.environment:checking '/home/fatrat/ros2_ws/src/install/rover_monitor/bin'
[19.451s] Level 1:colcon.colcon_core.environment:checking '/home/fatrat/ros2_ws/src/install/rover_monitor/lib/pkgconfig/rover_monitor.pc'
[19.452s] Level 1:colcon.colcon_core.environment:checking '/home/fatrat/ros2_ws/src/install/rover_monitor/lib/python3.10/site-packages'
[19.453s] Level 1:colcon.colcon_core.shell:create_environment_hook('rover_monitor', 'pythonpath')
[19.454s] INFO:colcon.colcon_core.shell:Creating environment hook '/home/fatrat/ros2_ws/src/install/rover_monitor/share/rover_monitor/hook/pythonpath.ps1'
[19.458s] INFO:colcon.colcon_core.shell:Creating environment descriptor '/home/fatrat/ros2_ws/src/install/rover_monitor/share/rover_monitor/hook/pythonpath.dsv'
[19.462s] INFO:colcon.colcon_core.shell:Creating environment hook '/home/fatrat/ros2_ws/src/install/rover_monitor/share/rover_monitor/hook/pythonpath.sh'
[19.467s] Level 1:colcon.colcon_core.environment:checking '/home/fatrat/ros2_ws/src/install/rover_monitor/bin'
[19.468s] Level 1:colcon.colcon_core.environment:create_environment_scripts_only(rover_monitor)
[19.469s] INFO:colcon.colcon_core.shell:Creating package script '/home/fatrat/ros2_ws/src/install/rover_monitor/share/rover_monitor/package.ps1'
[19.473s] INFO:colcon.colcon_core.shell:Creating package descriptor '/home/fatrat/ros2_ws/src/install/rover_monitor/share/rover_monitor/package.dsv'
[19.476s] INFO:colcon.colcon_core.shell:Creating package script '/home/fatrat/ros2_ws/src/install/rover_monitor/share/rover_monitor/package.sh'
[19.480s] INFO:colcon.colcon_core.shell:Creating package script '/home/fatrat/ros2_ws/src/install/rover_monitor/share/rover_monitor/package.bash'
[19.482s] INFO:colcon.colcon_core.shell:Creating package script '/home/fatrat/ros2_ws/src/install/rover_monitor/share/rover_monitor/package.zsh'
[19.484s] Level 1:colcon.colcon_core.environment:create_file_with_runtime_dependencies(/home/fatrat/ros2_ws/src/install/rover_monitor/share/colcon-core/packages/rover_monitor)
[19.488s] Level 1:colcon.colcon_core.environment:checking '/home/fatrat/ros2_ws/src/install/rover_vision' for CMake module files
[19.492s] DEBUG:colcon.colcon_core.event_handler.log_command:Invoked command in '/home/fatrat/ros2_ws/src/rover_vision' returned '0': PYTHONPATH=/home/fatrat/ros2_ws/src/build/rover_vision/prefix_override:/usr/lib/python3/dist-packages/colcon_core/task/python/colcon_distutils_commands:/home/fatrat/ros2_ws/src/install/rover_vision/lib/python3.10/site-packages:${PYTHONPATH} /usr/bin/python3 -W ignore:setup.py install is deprecated -W ignore:easy_install command is deprecated setup.py egg_info --egg-base ../build/rover_vision build --build-base /home/fatrat/ros2_ws/src/build/rover_vision/build install --record /home/fatrat/ros2_ws/src/build/rover_vision/install.log --single-version-externally-managed install_data
[19.493s] Level 1:colcon.colcon_core.environment:checking '/home/fatrat/ros2_ws/src/install/rover_vision' for CMake config files
[19.497s] Level 1:colcon.colcon_core.environment:checking '/home/fatrat/ros2_ws/src/install/rover_vision/lib'
[19.497s] Level 1:colcon.colcon_core.environment:checking '/home/fatrat/ros2_ws/src/install/rover_vision/bin'
[19.498s] Level 1:colcon.colcon_core.environment:checking '/home/fatrat/ros2_ws/src/install/rover_vision/lib/pkgconfig/rover_vision.pc'
[19.498s] Level 1:colcon.colcon_core.environment:checking '/home/fatrat/ros2_ws/src/install/rover_vision/lib/python3.10/site-packages'
[19.499s] Level 1:colcon.colcon_core.shell:create_environment_hook('rover_vision', 'pythonpath')
[19.500s] INFO:colcon.colcon_core.shell:Creating environment hook '/home/fatrat/ros2_ws/src/install/rover_vision/share/rover_vision/hook/pythonpath.ps1'
[19.502s] INFO:colcon.colcon_core.shell:Creating environment descriptor '/home/fatrat/ros2_ws/src/install/rover_vision/share/rover_vision/hook/pythonpath.dsv'
[19.504s] INFO:colcon.colcon_core.shell:Creating environment hook '/home/fatrat/ros2_ws/src/install/rover_vision/share/rover_vision/hook/pythonpath.sh'
[19.509s] Level 1:colcon.colcon_core.environment:checking '/home/fatrat/ros2_ws/src/install/rover_vision/bin'
[19.510s] Level 1:colcon.colcon_core.environment:create_environment_scripts_only(rover_vision)
[19.512s] INFO:colcon.colcon_core.shell:Creating package script '/home/fatrat/ros2_ws/src/install/rover_vision/share/rover_vision/package.ps1'
[19.515s] INFO:colcon.colcon_core.shell:Creating package descriptor '/home/fatrat/ros2_ws/src/install/rover_vision/share/rover_vision/package.dsv'
[19.517s] INFO:colcon.colcon_core.shell:Creating package script '/home/fatrat/ros2_ws/src/install/rover_vision/share/rover_vision/package.sh'
[19.520s] INFO:colcon.colcon_core.shell:Creating package script '/home/fatrat/ros2_ws/src/install/rover_vision/share/rover_vision/package.bash'
[19.522s] INFO:colcon.colcon_core.shell:Creating package script '/home/fatrat/ros2_ws/src/install/rover_vision/share/rover_vision/package.zsh'
[19.524s] Level 1:colcon.colcon_core.environment:create_file_with_runtime_dependencies(/home/fatrat/ros2_ws/src/install/rover_vision/share/colcon-core/packages/rover_vision)
[19.525s] DEBUG:colcon.colcon_parallel_executor.executor.parallel:closing loop
[19.526s] DEBUG:colcon.colcon_parallel_executor.executor.parallel:loop closed
[19.527s] DEBUG:colcon.colcon_parallel_executor.executor.parallel:run_until_complete finished with '0'
[19.527s] DEBUG:colcon.colcon_core.event_reactor:joining thread
[19.554s] INFO:colcon.colcon_core.plugin_system:Skipping extension 'colcon_notification.desktop_notification.terminal_notifier': Not used on non-Darwin systems
[19.555s] INFO:colcon.colcon_core.plugin_system:Skipping extension 'colcon_notification.desktop_notification.win32': Not used on non-Windows systems
[19.555s] INFO:colcon.colcon_notification.desktop_notification:Sending desktop notification using 'notify2'
[19.630s] DEBUG:colcon.colcon_core.event_reactor:joined thread
[19.631s] INFO:colcon.colcon_core.shell:Creating prefix script '/home/fatrat/ros2_ws/src/install/local_setup.ps1'
[19.636s] INFO:colcon.colcon_core.shell:Creating prefix util module '/home/fatrat/ros2_ws/src/install/_local_setup_util_ps1.py'
[19.644s] INFO:colcon.colcon_core.shell:Creating prefix chain script '/home/fatrat/ros2_ws/src/install/setup.ps1'
[19.652s] INFO:colcon.colcon_core.shell:Creating prefix script '/home/fatrat/ros2_ws/src/install/local_setup.sh'
[19.656s] INFO:colcon.colcon_core.shell:Creating prefix util module '/home/fatrat/ros2_ws/src/install/_local_setup_util_sh.py'
[19.660s] INFO:colcon.colcon_core.shell:Creating prefix chain script '/home/fatrat/ros2_ws/src/install/setup.sh'
[19.669s] INFO:colcon.colcon_core.shell:Creating prefix script '/home/fatrat/ros2_ws/src/install/local_setup.bash'
[19.673s] INFO:colcon.colcon_core.shell:Creating prefix chain script '/home/fatrat/ros2_ws/src/install/setup.bash'
[19.684s] INFO:colcon.colcon_core.shell:Creating prefix script '/home/fatrat/ros2_ws/src/install/local_setup.zsh'
[19.689s] INFO:colcon.colcon_core.shell:Creating prefix chain script '/home/fatrat/ros2_ws/src/install/setup.zsh'
