[8.371s] Invoking command in '/home/fatrat/ros2_ws/build/rover_control1': PYTHONPATH=/home/fatrat/ros2_ws/build/rover_control1/prefix_override:/usr/lib/python3/dist-packages/colcon_core/task/python/colcon_distutils_commands:/home/fatrat/ros2_ws/install/rover_control1/lib/python3.10/site-packages:${PYTHONPATH} /usr/bin/python3 -W ignore:setup.py install is deprecated -W ignore:easy_install command is deprecated setup.py develop --uninstall --editable --build-directory /home/fatrat/ros2_ws/build/rover_control1/build
[10.279s] running develop
[11.691s] Removing /home/fatrat/ros2_ws/install/rover_control1/lib/python3.10/site-packages/rover-control1.egg-link (link to .)
[11.984s] Invoked command in '/home/fatrat/ros2_ws/build/rover_control1' returned '0': PYTHONPATH=/home/fatrat/ros2_ws/build/rover_control1/prefix_override:/usr/lib/python3/dist-packages/colcon_core/task/python/colcon_distutils_commands:/home/fatrat/ros2_ws/install/rover_control1/lib/python3.10/site-packages:${PYTHONPATH} /usr/bin/python3 -W ignore:setup.py install is deprecated -W ignore:easy_install command is deprecated setup.py develop --uninstall --editable --build-directory /home/fatrat/ros2_ws/build/rover_control1/build
[11.989s] Invoking command in '/home/fatrat/ros2_ws/src/rover_control1': PYTHONPATH=/home/fatrat/ros2_ws/build/rover_control1/prefix_override:/usr/lib/python3/dist-packages/colcon_core/task/python/colcon_distutils_commands:/home/fatrat/ros2_ws/install/rover_control1/lib/python3.10/site-packages:${PYTHONPATH} /usr/bin/python3 -W ignore:setup.py install is deprecated -W ignore:easy_install command is deprecated setup.py egg_info --egg-base ../../build/rover_control1 build --build-base /home/fatrat/ros2_ws/build/rover_control1/build install --record /home/fatrat/ros2_ws/build/rover_control1/install.log --single-version-externally-managed install_data --force
[13.845s] Traceback (most recent call last):
[13.847s]   File "/home/fatrat/ros2_ws/src/rover_control1/setup.py", line 1, in <module>
[13.848s]     from setuptools import find_packages, setup
[13.849s]   File "/usr/lib/python3/dist-packages/setuptools/__init__.py", line 18, in <module>
[13.861s]     from setuptools.dist import Distribution
[13.869s]   File "/usr/lib/python3/dist-packages/setuptools/dist.py", line 37, in <module>
[13.951s]     from setuptools import windows_support
[13.953s]   File "/usr/lib/python3/dist-packages/setuptools/windows_support.py", line 2, in <module>
[14.010s]     import ctypes
[14.012s]   File "<frozen importlib._bootstrap>", line 1027, in _find_and_load
[14.045s]   File "<frozen importlib._bootstrap>", line 1002, in _find_and_load_unlocked
[14.046s]   File "<frozen importlib._bootstrap>", line 945, in _find_spec
[14.048s]   File "<frozen importlib._bootstrap_external>", line 1439, in find_spec
[14.127s]   File "<frozen importlib._bootstrap_external>", line 1411, in _get_spec
[14.154s]   File "<frozen importlib._bootstrap_external>", line 1544, in find_spec
[14.157s]   File "<frozen importlib._bootstrap_external>", line 147, in _path_stat
[14.158s] KeyboardInterrupt
