[7.276s] Invoking command in '/home/fatrat/ros2_ws/build/rover_mapping': PYTHONPATH=/home/fatrat/ros2_ws/build/rover_mapping/prefix_override:/usr/lib/python3/dist-packages/colcon_core/task/python/colcon_distutils_commands:/home/fatrat/ros2_ws/install/rover_mapping/lib/python3.10/site-packages:${PYTHONPATH} /usr/bin/python3 -W ignore:setup.py install is deprecated -W ignore:easy_install command is deprecated setup.py develop --editable --build-directory /home/fatrat/ros2_ws/build/rover_mapping/build --no-deps symlink_data
[9.405s] running develop
[10.851s] running egg_info
[10.852s] creating rover_mapping.egg-info
[10.853s] writing rover_mapping.egg-info/PKG-INFO
[10.854s] writing dependency_links to rover_mapping.egg-info/dependency_links.txt
[10.855s] writing entry points to rover_mapping.egg-info/entry_points.txt
[10.857s] writing requirements to rover_mapping.egg-info/requires.txt
[10.859s] writing top-level names to rover_mapping.egg-info/top_level.txt
[10.866s] writing manifest file 'rover_mapping.egg-info/SOURCES.txt'
[10.875s] reading manifest file 'rover_mapping.egg-info/SOURCES.txt'
[10.882s] writing manifest file 'rover_mapping.egg-info/SOURCES.txt'
[10.889s] running build_ext
[10.892s] Creating /home/fatrat/ros2_ws/install/rover_mapping/lib/python3.10/site-packages/rover-mapping.egg-link (link to .)
[10.900s] 
[10.901s] Installed /home/fatrat/ros2_ws/build/rover_mapping
[10.902s] running symlink_data
[10.903s] creating /home/fatrat/ros2_ws/install/rover_mapping/share/ament_index
[10.905s] creating /home/fatrat/ros2_ws/install/rover_mapping/share/ament_index/resource_index
[10.906s] creating /home/fatrat/ros2_ws/install/rover_mapping/share/ament_index/resource_index/packages
[10.909s] symbolically linking /home/fatrat/ros2_ws/build/rover_mapping/resource/rover_mapping -> /home/fatrat/ros2_ws/install/rover_mapping/share/ament_index/resource_index/packages
[10.924s] symbolically linking /home/fatrat/ros2_ws/build/rover_mapping/package.xml -> /home/fatrat/ros2_ws/install/rover_mapping/share/rover_mapping
[11.194s] Invoked command in '/home/fatrat/ros2_ws/build/rover_mapping' returned '0': PYTHONPATH=/home/fatrat/ros2_ws/build/rover_mapping/prefix_override:/usr/lib/python3/dist-packages/colcon_core/task/python/colcon_distutils_commands:/home/fatrat/ros2_ws/install/rover_mapping/lib/python3.10/site-packages:${PYTHONPATH} /usr/bin/python3 -W ignore:setup.py install is deprecated -W ignore:easy_install command is deprecated setup.py develop --editable --build-directory /home/fatrat/ros2_ws/build/rover_mapping/build --no-deps symlink_data
