[8.424s] Invoking command in '/home/fatrat/ros2_ws/src/rover_mission': PYTHONPATH=/home/fatrat/ros2_ws/build/rover_mission/prefix_override:/usr/lib/python3/dist-packages/colcon_core/task/python/colcon_distutils_commands:/home/fatrat/ros2_ws/install/rover_mission/lib/python3.10/site-packages:${PYTHONPATH} /usr/bin/python3 -W ignore:setup.py install is deprecated -W ignore:easy_install command is deprecated setup.py egg_info --egg-base ../../build/rover_mission build --build-base /home/fatrat/ros2_ws/build/rover_mission/build install --record /home/fatrat/ros2_ws/build/rover_mission/install.log --single-version-externally-managed install_data
[10.576s] running egg_info
[10.582s] writing ../../build/rover_mission/rover_mission.egg-info/PKG-INFO
[10.589s] writing dependency_links to ../../build/rover_mission/rover_mission.egg-info/dependency_links.txt
[10.591s] writing entry points to ../../build/rover_mission/rover_mission.egg-info/entry_points.txt
[10.593s] writing requirements to ../../build/rover_mission/rover_mission.egg-info/requires.txt
[10.594s] writing top-level names to ../../build/rover_mission/rover_mission.egg-info/top_level.txt
[10.610s] reading manifest file '../../build/rover_mission/rover_mission.egg-info/SOURCES.txt'
[10.619s] writing manifest file '../../build/rover_mission/rover_mission.egg-info/SOURCES.txt'
[10.624s] running build
[10.625s] running build_py
[10.640s] running install
[10.644s] running install_lib
[10.660s] running install_data
[10.664s] running install_egg_info
[10.687s] removing '/home/fatrat/ros2_ws/install/rover_mission/lib/python3.10/site-packages/rover_mission-0.0.0-py3.10.egg-info' (and everything under it)
[10.690s] Copying ../../build/rover_mission/rover_mission.egg-info to /home/fatrat/ros2_ws/install/rover_mission/lib/python3.10/site-packages/rover_mission-0.0.0-py3.10.egg-info
[10.703s] running install_scripts
[10.868s] writing list of installed files to '/home/fatrat/ros2_ws/build/rover_mission/install.log'
[11.224s] Invoked command in '/home/fatrat/ros2_ws/src/rover_mission' returned '0': PYTHONPATH=/home/fatrat/ros2_ws/build/rover_mission/prefix_override:/usr/lib/python3/dist-packages/colcon_core/task/python/colcon_distutils_commands:/home/fatrat/ros2_ws/install/rover_mission/lib/python3.10/site-packages:${PYTHONPATH} /usr/bin/python3 -W ignore:setup.py install is deprecated -W ignore:easy_install command is deprecated setup.py egg_info --egg-base ../../build/rover_mission build --build-base /home/fatrat/ros2_ws/build/rover_mission/build install --record /home/fatrat/ros2_ws/build/rover_mission/install.log --single-version-externally-managed install_data
