running develop
Removing /home/fatrat/ros2_ws/install/rover_mapping/lib/python3.10/site-packages/rover-mapping.egg-link (link to .)
running egg_info
writing ../../build/rover_mapping/rover_mapping.egg-info/PKG-INFO
writing dependency_links to ../../build/rover_mapping/rover_mapping.egg-info/dependency_links.txt
writing entry points to ../../build/rover_mapping/rover_mapping.egg-info/entry_points.txt
writing requirements to ../../build/rover_mapping/rover_mapping.egg-info/requires.txt
writing top-level names to ../../build/rover_mapping/rover_mapping.egg-info/top_level.txt
reading manifest file '../../build/rover_mapping/rover_mapping.egg-info/SOURCES.txt'
writing manifest file '../../build/rover_mapping/rover_mapping.egg-info/SOURCES.txt'
running build
running build_py
creating /home/fatrat/ros2_ws/build/rover_mapping/build
creating /home/fatrat/ros2_ws/build/rover_mapping/build/lib
creating /home/fatrat/ros2_ws/build/rover_mapping/build/lib/rover_mapping
copying rover_mapping/__init__.py -> /home/fatrat/ros2_ws/build/rover_mapping/build/lib/rover_mapping
running install
running install_lib
creating /home/fatrat/ros2_ws/install/rover_mapping/lib/python3.10/site-packages/rover_mapping
copying /home/fatrat/ros2_ws/build/rover_mapping/build/lib/rover_mapping/__init__.py -> /home/fatrat/ros2_ws/install/rover_mapping/lib/python3.10/site-packages/rover_mapping
byte-compiling /home/fatrat/ros2_ws/install/rover_mapping/lib/python3.10/site-packages/rover_mapping/__init__.py to __init__.cpython-310.pyc
running install_data
copying resource/rover_mapping -> /home/fatrat/ros2_ws/install/rover_mapping/share/ament_index/resource_index/packages
copying package.xml -> /home/fatrat/ros2_ws/install/rover_mapping/share/rover_mapping
running install_egg_info
Copying ../../build/rover_mapping/rover_mapping.egg-info to /home/fatrat/ros2_ws/install/rover_mapping/lib/python3.10/site-packages/rover_mapping-0.0.0-py3.10.egg-info
running install_scripts
writing list of installed files to '/home/fatrat/ros2_ws/build/rover_mapping/install.log'
