[7.917s] Invoking command in '/home/fatrat/ros2_ws/build/rover_mapping': PYTHONPATH=/home/fatrat/ros2_ws/build/rover_mapping/prefix_override:/usr/lib/python3/dist-packages/colcon_core/task/python/colcon_distutils_commands:/home/fatrat/ros2_ws/install/rover_mapping/lib/python3.10/site-packages:${PYTHONPATH} /usr/bin/python3 -W ignore:setup.py install is deprecated -W ignore:easy_install command is deprecated setup.py develop --uninstall --editable --build-directory /home/fatrat/ros2_ws/build/rover_mapping/build
[9.864s] running develop
[11.249s] Removing /home/fatrat/ros2_ws/install/rover_mapping/lib/python3.10/site-packages/rover-mapping.egg-link (link to .)
[13.324s] Invoked command in '/home/fatrat/ros2_ws/build/rover_mapping' returned '0': PYTHONPATH=/home/fatrat/ros2_ws/build/rover_mapping/prefix_override:/usr/lib/python3/dist-packages/colcon_core/task/python/colcon_distutils_commands:/home/fatrat/ros2_ws/install/rover_mapping/lib/python3.10/site-packages:${PYTHONPATH} /usr/bin/python3 -W ignore:setup.py install is deprecated -W ignore:easy_install command is deprecated setup.py develop --uninstall --editable --build-directory /home/fatrat/ros2_ws/build/rover_mapping/build
[13.335s] Invoking command in '/home/fatrat/ros2_ws/src/rover_mapping': PYTHONPATH=/home/fatrat/ros2_ws/build/rover_mapping/prefix_override:/usr/lib/python3/dist-packages/colcon_core/task/python/colcon_distutils_commands:/home/fatrat/ros2_ws/install/rover_mapping/lib/python3.10/site-packages:${PYTHONPATH} /usr/bin/python3 -W ignore:setup.py install is deprecated -W ignore:easy_install command is deprecated setup.py egg_info --egg-base ../../build/rover_mapping build --build-base /home/fatrat/ros2_ws/build/rover_mapping/build install --record /home/fatrat/ros2_ws/build/rover_mapping/install.log --single-version-externally-managed install_data --force
[15.179s] running egg_info
[15.183s] writing ../../build/rover_mapping/rover_mapping.egg-info/PKG-INFO
[15.191s] writing dependency_links to ../../build/rover_mapping/rover_mapping.egg-info/dependency_links.txt
[15.194s] writing entry points to ../../build/rover_mapping/rover_mapping.egg-info/entry_points.txt
[15.195s] writing requirements to ../../build/rover_mapping/rover_mapping.egg-info/requires.txt
[15.202s] writing top-level names to ../../build/rover_mapping/rover_mapping.egg-info/top_level.txt
[15.212s] reading manifest file '../../build/rover_mapping/rover_mapping.egg-info/SOURCES.txt'
[15.219s] writing manifest file '../../build/rover_mapping/rover_mapping.egg-info/SOURCES.txt'
[15.221s] running build
[15.222s] running build_py
[15.222s] creating /home/fatrat/ros2_ws/build/rover_mapping/build
[15.223s] creating /home/fatrat/ros2_ws/build/rover_mapping/build/lib
[15.224s] creating /home/fatrat/ros2_ws/build/rover_mapping/build/lib/rover_mapping
[15.225s] copying rover_mapping/__init__.py -> /home/fatrat/ros2_ws/build/rover_mapping/build/lib/rover_mapping
[15.226s] running install
[15.226s] running install_lib
[15.231s] creating /home/fatrat/ros2_ws/install/rover_mapping/lib/python3.10/site-packages/rover_mapping
[15.231s] copying /home/fatrat/ros2_ws/build/rover_mapping/build/lib/rover_mapping/__init__.py -> /home/fatrat/ros2_ws/install/rover_mapping/lib/python3.10/site-packages/rover_mapping
[15.237s] byte-compiling /home/fatrat/ros2_ws/install/rover_mapping/lib/python3.10/site-packages/rover_mapping/__init__.py to __init__.cpython-310.pyc
[15.238s] running install_data
[15.240s] copying resource/rover_mapping -> /home/fatrat/ros2_ws/install/rover_mapping/share/ament_index/resource_index/packages
[15.242s] copying package.xml -> /home/fatrat/ros2_ws/install/rover_mapping/share/rover_mapping
[15.245s] running install_egg_info
[15.256s] Copying ../../build/rover_mapping/rover_mapping.egg-info to /home/fatrat/ros2_ws/install/rover_mapping/lib/python3.10/site-packages/rover_mapping-0.0.0-py3.10.egg-info
[15.278s] running install_scripts
[15.447s] writing list of installed files to '/home/fatrat/ros2_ws/build/rover_mapping/install.log'
[15.817s] Invoked command in '/home/fatrat/ros2_ws/src/rover_mapping' returned '0': PYTHONPATH=/home/fatrat/ros2_ws/build/rover_mapping/prefix_override:/usr/lib/python3/dist-packages/colcon_core/task/python/colcon_distutils_commands:/home/fatrat/ros2_ws/install/rover_mapping/lib/python3.10/site-packages:${PYTHONPATH} /usr/bin/python3 -W ignore:setup.py install is deprecated -W ignore:easy_install command is deprecated setup.py egg_info --egg-base ../../build/rover_mapping build --build-base /home/fatrat/ros2_ws/build/rover_mapping/build install --record /home/fatrat/ros2_ws/build/rover_mapping/install.log --single-version-externally-managed install_data --force
