[8.187s] Invoking command in '/home/fatrat/ros2_ws/src/rover_mapping': PYTHONPATH=/home/fatrat/ros2_ws/build/rover_mapping/prefix_override:/usr/lib/python3/dist-packages/colcon_core/task/python/colcon_distutils_commands:/home/fatrat/ros2_ws/install/rover_mapping/lib/python3.10/site-packages:${PYTHONPATH} /usr/bin/python3 -W ignore:setup.py install is deprecated -W ignore:easy_install command is deprecated setup.py egg_info --egg-base ../../build/rover_mapping build --build-base /home/fatrat/ros2_ws/build/rover_mapping/build install --record /home/fatrat/ros2_ws/build/rover_mapping/install.log --single-version-externally-managed install_data
[10.599s] running egg_info
[10.604s] writing ../../build/rover_mapping/rover_mapping.egg-info/PKG-INFO
[10.607s] writing dependency_links to ../../build/rover_mapping/rover_mapping.egg-info/dependency_links.txt
[10.610s] writing entry points to ../../build/rover_mapping/rover_mapping.egg-info/entry_points.txt
[10.612s] writing requirements to ../../build/rover_mapping/rover_mapping.egg-info/requires.txt
[10.614s] writing top-level names to ../../build/rover_mapping/rover_mapping.egg-info/top_level.txt
[10.625s] reading manifest file '../../build/rover_mapping/rover_mapping.egg-info/SOURCES.txt'
[10.633s] writing manifest file '../../build/rover_mapping/rover_mapping.egg-info/SOURCES.txt'
[10.635s] running build
[10.636s] running build_py
[10.639s] running install
[10.642s] running install_lib
[10.660s] running install_data
[10.662s] running install_egg_info
[10.680s] removing '/home/fatrat/ros2_ws/install/rover_mapping/lib/python3.10/site-packages/rover_mapping-0.0.0-py3.10.egg-info' (and everything under it)
[10.684s] Copying ../../build/rover_mapping/rover_mapping.egg-info to /home/fatrat/ros2_ws/install/rover_mapping/lib/python3.10/site-packages/rover_mapping-0.0.0-py3.10.egg-info
[10.695s] running install_scripts
[10.833s] Installing mapping_node script to /home/fatrat/ros2_ws/install/rover_mapping/lib/rover_mapping
[10.838s] writing list of installed files to '/home/fatrat/ros2_ws/build/rover_mapping/install.log'
[11.056s] Invoked command in '/home/fatrat/ros2_ws/src/rover_mapping' returned '0': PYTHONPATH=/home/fatrat/ros2_ws/build/rover_mapping/prefix_override:/usr/lib/python3/dist-packages/colcon_core/task/python/colcon_distutils_commands:/home/fatrat/ros2_ws/install/rover_mapping/lib/python3.10/site-packages:${PYTHONPATH} /usr/bin/python3 -W ignore:setup.py install is deprecated -W ignore:easy_install command is deprecated setup.py egg_info --egg-base ../../build/rover_mapping build --build-base /home/fatrat/ros2_ws/build/rover_mapping/build install --record /home/fatrat/ros2_ws/build/rover_mapping/install.log --single-version-externally-managed install_data
