[8.271s] Invoking command in '/home/fatrat/ros2_ws/src/rover_mapping': PYTHONPATH=/home/fatrat/ros2_ws/build/rover_mapping/prefix_override:/usr/lib/python3/dist-packages/colcon_core/task/python/colcon_distutils_commands:/home/fatrat/ros2_ws/install/rover_mapping/lib/python3.10/site-packages:${PYTHONPATH} /usr/bin/python3 -W ignore:setup.py install is deprecated -W ignore:easy_install command is deprecated setup.py egg_info --egg-base ../../build/rover_mapping build --build-base /home/fatrat/ros2_ws/build/rover_mapping/build install --record /home/fatrat/ros2_ws/build/rover_mapping/install.log --single-version-externally-managed install_data
[10.503s] running egg_info
[10.513s] writing ../../build/rover_mapping/rover_mapping.egg-info/PKG-INFO
[10.516s] writing dependency_links to ../../build/rover_mapping/rover_mapping.egg-info/dependency_links.txt
[10.520s] writing entry points to ../../build/rover_mapping/rover_mapping.egg-info/entry_points.txt
[10.522s] writing requirements to ../../build/rover_mapping/rover_mapping.egg-info/requires.txt
[10.542s] writing top-level names to ../../build/rover_mapping/rover_mapping.egg-info/top_level.txt
[10.560s] reading manifest file '../../build/rover_mapping/rover_mapping.egg-info/SOURCES.txt'
[10.571s] writing manifest file '../../build/rover_mapping/rover_mapping.egg-info/SOURCES.txt'
[10.573s] running build
[10.575s] running build_py
[10.577s] running install
[10.579s] running install_lib
[10.593s] running install_data
[10.600s] running install_egg_info
[10.612s] removing '/home/fatrat/ros2_ws/install/rover_mapping/lib/python3.10/site-packages/rover_mapping-0.0.0-py3.10.egg-info' (and everything under it)
[10.616s] Copying ../../build/rover_mapping/rover_mapping.egg-info to /home/fatrat/ros2_ws/install/rover_mapping/lib/python3.10/site-packages/rover_mapping-0.0.0-py3.10.egg-info
[10.628s] running install_scripts
[10.772s] writing list of installed files to '/home/fatrat/ros2_ws/build/rover_mapping/install.log'
[12.386s] Invoked command in '/home/fatrat/ros2_ws/src/rover_mapping' returned '0': PYTHONPATH=/home/fatrat/ros2_ws/build/rover_mapping/prefix_override:/usr/lib/python3/dist-packages/colcon_core/task/python/colcon_distutils_commands:/home/fatrat/ros2_ws/install/rover_mapping/lib/python3.10/site-packages:${PYTHONPATH} /usr/bin/python3 -W ignore:setup.py install is deprecated -W ignore:easy_install command is deprecated setup.py egg_info --egg-base ../../build/rover_mapping build --build-base /home/fatrat/ros2_ws/build/rover_mapping/build install --record /home/fatrat/ros2_ws/build/rover_mapping/install.log --single-version-externally-managed install_data
