[8.069s] Invoking command in '/home/fatrat/ros2_ws/src/rover_mission': PYTHONPATH=/home/fatrat/ros2_ws/build/rover_mission/prefix_override:/usr/lib/python3/dist-packages/colcon_core/task/python/colcon_distutils_commands:/home/fatrat/ros2_ws/install/rover_mission/lib/python3.10/site-packages:${PYTHONPATH} /usr/bin/python3 -W ignore:setup.py install is deprecated -W ignore:easy_install command is deprecated setup.py egg_info --egg-base ../../build/rover_mission build --build-base /home/fatrat/ros2_ws/build/rover_mission/build install --record /home/fatrat/ros2_ws/build/rover_mission/install.log --single-version-externally-managed install_data
[10.378s] running egg_info
[10.383s] writing ../../build/rover_mission/rover_mission.egg-info/PKG-INFO
[10.385s] writing dependency_links to ../../build/rover_mission/rover_mission.egg-info/dependency_links.txt
[10.386s] writing entry points to ../../build/rover_mission/rover_mission.egg-info/entry_points.txt
[10.390s] writing requirements to ../../build/rover_mission/rover_mission.egg-info/requires.txt
[10.391s] writing top-level names to ../../build/rover_mission/rover_mission.egg-info/top_level.txt
[10.409s] reading manifest file '../../build/rover_mission/rover_mission.egg-info/SOURCES.txt'
[10.422s] writing manifest file '../../build/rover_mission/rover_mission.egg-info/SOURCES.txt'
[10.423s] running build
[10.425s] running build_py
[10.427s] running install
[10.429s] running install_lib
[10.441s] running install_data
[10.460s] running install_egg_info
[10.483s] removing '/home/fatrat/ros2_ws/install/rover_mission/lib/python3.10/site-packages/rover_mission-0.0.0-py3.10.egg-info' (and everything under it)
[10.488s] Copying ../../build/rover_mission/rover_mission.egg-info to /home/fatrat/ros2_ws/install/rover_mission/lib/python3.10/site-packages/rover_mission-0.0.0-py3.10.egg-info
[10.503s] running install_scripts
[10.795s] writing list of installed files to '/home/fatrat/ros2_ws/build/rover_mission/install.log'
[11.073s] Invoked command in '/home/fatrat/ros2_ws/src/rover_mission' returned '0': PYTHONPATH=/home/fatrat/ros2_ws/build/rover_mission/prefix_override:/usr/lib/python3/dist-packages/colcon_core/task/python/colcon_distutils_commands:/home/fatrat/ros2_ws/install/rover_mission/lib/python3.10/site-packages:${PYTHONPATH} /usr/bin/python3 -W ignore:setup.py install is deprecated -W ignore:easy_install command is deprecated setup.py egg_info --egg-base ../../build/rover_mission build --build-base /home/fatrat/ros2_ws/build/rover_mission/build install --record /home/fatrat/ros2_ws/build/rover_mission/install.log --single-version-externally-managed install_data
