[7.941s] Invoking command in '/home/fatrat/ros2_ws/src/rover_mission': PYTHONPATH=/home/fatrat/ros2_ws/build/rover_mission/prefix_override:/usr/lib/python3/dist-packages/colcon_core/task/python/colcon_distutils_commands:/home/fatrat/ros2_ws/install/rover_mission/lib/python3.10/site-packages:${PYTHONPATH} /usr/bin/python3 -W ignore:setup.py install is deprecated -W ignore:easy_install command is deprecated setup.py egg_info --egg-base ../../build/rover_mission build --build-base /home/fatrat/ros2_ws/build/rover_mission/build install --record /home/fatrat/ros2_ws/build/rover_mission/install.log --single-version-externally-managed install_data
[9.933s] running egg_info
[9.937s] writing ../../build/rover_mission/rover_mission.egg-info/PKG-INFO
[9.941s] writing dependency_links to ../../build/rover_mission/rover_mission.egg-info/dependency_links.txt
[9.942s] writing entry points to ../../build/rover_mission/rover_mission.egg-info/entry_points.txt
[9.943s] writing requirements to ../../build/rover_mission/rover_mission.egg-info/requires.txt
[9.943s] writing top-level names to ../../build/rover_mission/rover_mission.egg-info/top_level.txt
[9.954s] reading manifest file '../../build/rover_mission/rover_mission.egg-info/SOURCES.txt'
[9.964s] writing manifest file '../../build/rover_mission/rover_mission.egg-info/SOURCES.txt'
[9.965s] running build
[9.967s] running build_py
[9.969s] running install
[9.971s] running install_lib
[9.984s] running install_data
[9.988s] running install_egg_info
[10.015s] removing '/home/fatrat/ros2_ws/install/rover_mission/lib/python3.10/site-packages/rover_mission-0.0.0-py3.10.egg-info' (and everything under it)
[10.018s] Copying ../../build/rover_mission/rover_mission.egg-info to /home/fatrat/ros2_ws/install/rover_mission/lib/python3.10/site-packages/rover_mission-0.0.0-py3.10.egg-info
[10.036s] running install_scripts
[10.189s] Installing mission_node script to /home/fatrat/ros2_ws/install/rover_mission/lib/rover_mission
[10.193s] writing list of installed files to '/home/fatrat/ros2_ws/build/rover_mission/install.log'
[10.513s] Invoked command in '/home/fatrat/ros2_ws/src/rover_mission' returned '0': PYTHONPATH=/home/fatrat/ros2_ws/build/rover_mission/prefix_override:/usr/lib/python3/dist-packages/colcon_core/task/python/colcon_distutils_commands:/home/fatrat/ros2_ws/install/rover_mission/lib/python3.10/site-packages:${PYTHONPATH} /usr/bin/python3 -W ignore:setup.py install is deprecated -W ignore:easy_install command is deprecated setup.py egg_info --egg-base ../../build/rover_mission build --build-base /home/fatrat/ros2_ws/build/rover_mission/build install --record /home/fatrat/ros2_ws/build/rover_mission/install.log --single-version-externally-managed install_data
