[8.057s] Invoking command in '/home/fatrat/ros2_ws/src/rover_control1': PYTHONPATH=/home/fatrat/ros2_ws/build/rover_control1/prefix_override:/usr/lib/python3/dist-packages/colcon_core/task/python/colcon_distutils_commands:/home/fatrat/ros2_ws/install/rover_control1/lib/python3.10/site-packages:${PYTHONPATH} /usr/bin/python3 -W ignore:setup.py install is deprecated -W ignore:easy_install command is deprecated setup.py egg_info --egg-base ../../build/rover_control1 build --build-base /home/fatrat/ros2_ws/build/rover_control1/build install --record /home/fatrat/ros2_ws/build/rover_control1/install.log --single-version-externally-managed install_data
[10.500s] running egg_info
[10.508s] writing ../../build/rover_control1/rover_control1.egg-info/PKG-INFO
[10.511s] writing dependency_links to ../../build/rover_control1/rover_control1.egg-info/dependency_links.txt
[10.517s] writing entry points to ../../build/rover_control1/rover_control1.egg-info/entry_points.txt
[10.518s] writing requirements to ../../build/rover_control1/rover_control1.egg-info/requires.txt
[10.521s] writing top-level names to ../../build/rover_control1/rover_control1.egg-info/top_level.txt
[10.536s] reading manifest file '../../build/rover_control1/rover_control1.egg-info/SOURCES.txt'
[10.545s] writing manifest file '../../build/rover_control1/rover_control1.egg-info/SOURCES.txt'
[10.546s] running build
[10.546s] running build_py
[10.548s] running install
[10.550s] running install_lib
[10.561s] running install_data
[10.562s] running install_egg_info
[10.588s] removing '/home/fatrat/ros2_ws/install/rover_control1/lib/python3.10/site-packages/rover_control1-0.0.0-py3.10.egg-info' (and everything under it)
[10.590s] Copying ../../build/rover_control1/rover_control1.egg-info to /home/fatrat/ros2_ws/install/rover_control1/lib/python3.10/site-packages/rover_control1-0.0.0-py3.10.egg-info
[10.601s] running install_scripts
[10.737s] Installing rover_driver script to /home/fatrat/ros2_ws/install/rover_control1/lib/rover_control1
[10.738s] writing list of installed files to '/home/fatrat/ros2_ws/build/rover_control1/install.log'
[12.449s] Invoked command in '/home/fatrat/ros2_ws/src/rover_control1' returned '0': PYTHONPATH=/home/fatrat/ros2_ws/build/rover_control1/prefix_override:/usr/lib/python3/dist-packages/colcon_core/task/python/colcon_distutils_commands:/home/fatrat/ros2_ws/install/rover_control1/lib/python3.10/site-packages:${PYTHONPATH} /usr/bin/python3 -W ignore:setup.py install is deprecated -W ignore:easy_install command is deprecated setup.py egg_info --egg-base ../../build/rover_control1 build --build-base /home/fatrat/ros2_ws/build/rover_control1/build install --record /home/fatrat/ros2_ws/build/rover_control1/install.log --single-version-externally-managed install_data
