[8.506s] Invoking command in '/home/fatrat/ros2_ws/src/rover_mission': PYTHONPATH=/home/fatrat/ros2_ws/build/rover_mission/prefix_override:/usr/lib/python3/dist-packages/colcon_core/task/python/colcon_distutils_commands:/home/fatrat/ros2_ws/install/rover_mission/lib/python3.10/site-packages:${PYTHONPATH} /usr/bin/python3 -W ignore:setup.py install is deprecated -W ignore:easy_install command is deprecated setup.py egg_info --egg-base ../../build/rover_mission build --build-base /home/fatrat/ros2_ws/build/rover_mission/build install --record /home/fatrat/ros2_ws/build/rover_mission/install.log --single-version-externally-managed install_data
[10.756s] running egg_info
[10.762s] writing ../../build/rover_mission/rover_mission.egg-info/PKG-INFO
[10.777s] writing dependency_links to ../../build/rover_mission/rover_mission.egg-info/dependency_links.txt
[10.788s] writing entry points to ../../build/rover_mission/rover_mission.egg-info/entry_points.txt
[10.806s] writing requirements to ../../build/rover_mission/rover_mission.egg-info/requires.txt
[10.808s] writing top-level names to ../../build/rover_mission/rover_mission.egg-info/top_level.txt
[10.831s] reading manifest file '../../build/rover_mission/rover_mission.egg-info/SOURCES.txt'
[10.843s] writing manifest file '../../build/rover_mission/rover_mission.egg-info/SOURCES.txt'
[10.864s] running build
[10.876s] running build_py
[10.878s] running install
[10.879s] running install_lib
[10.881s] running install_data
[10.911s] running install_egg_info
[10.913s] removing '/home/fatrat/ros2_ws/install/rover_mission/lib/python3.10/site-packages/rover_mission-0.0.0-py3.10.egg-info' (and everything under it)
[10.929s] Copying ../../build/rover_mission/rover_mission.egg-info to /home/fatrat/ros2_ws/install/rover_mission/lib/python3.10/site-packages/rover_mission-0.0.0-py3.10.egg-info
[10.933s] running install_scripts
[11.082s] writing list of installed files to '/home/fatrat/ros2_ws/build/rover_mission/install.log'
[12.666s] Invoked command in '/home/fatrat/ros2_ws/src/rover_mission' returned '0': PYTHONPATH=/home/fatrat/ros2_ws/build/rover_mission/prefix_override:/usr/lib/python3/dist-packages/colcon_core/task/python/colcon_distutils_commands:/home/fatrat/ros2_ws/install/rover_mission/lib/python3.10/site-packages:${PYTHONPATH} /usr/bin/python3 -W ignore:setup.py install is deprecated -W ignore:easy_install command is deprecated setup.py egg_info --egg-base ../../build/rover_mission build --build-base /home/fatrat/ros2_ws/build/rover_mission/build install --record /home/fatrat/ros2_ws/build/rover_mission/install.log --single-version-externally-managed install_data
