[4.767s] Invoking command in '/home/fatrat/ros2_ws/src/rover_vision': PYTHONPATH=/home/fatrat/ros2_ws/src/build/rover_vision/prefix_override:/usr/lib/python3/dist-packages/colcon_core/task/python/colcon_distutils_commands:/home/fatrat/ros2_ws/src/install/rover_vision/lib/python3.10/site-packages:${PYTHONPATH} /usr/bin/python3 -W ignore:setup.py install is deprecated -W ignore:easy_install command is deprecated setup.py egg_info --egg-base ../build/rover_vision build --build-base /home/fatrat/ros2_ws/src/build/rover_vision/build install --record /home/fatrat/ros2_ws/src/build/rover_vision/install.log --single-version-externally-managed install_data
[6.161s] running egg_info
[6.164s] writing ../build/rover_vision/rover_vision.egg-info/PKG-INFO
[6.165s] writing dependency_links to ../build/rover_vision/rover_vision.egg-info/dependency_links.txt
[6.166s] writing entry points to ../build/rover_vision/rover_vision.egg-info/entry_points.txt
[6.168s] writing requirements to ../build/rover_vision/rover_vision.egg-info/requires.txt
[6.168s] writing top-level names to ../build/rover_vision/rover_vision.egg-info/top_level.txt
[6.177s] reading manifest file '../build/rover_vision/rover_vision.egg-info/SOURCES.txt'
[6.217s] writing manifest file '../build/rover_vision/rover_vision.egg-info/SOURCES.txt'
[6.221s] running build
[6.223s] running build_py
[6.227s] copying rover_vision/vision_node.py -> /home/fatrat/ros2_ws/src/build/rover_vision/build/lib/rover_vision
[6.229s] running install
[6.230s] running install_lib
[6.233s] copying /home/fatrat/ros2_ws/src/build/rover_vision/build/lib/rover_vision/vision_node.py -> /home/fatrat/ros2_ws/src/install/rover_vision/lib/python3.10/site-packages/rover_vision
[6.237s] byte-compiling /home/fatrat/ros2_ws/src/install/rover_vision/lib/python3.10/site-packages/rover_vision/vision_node.py to vision_node.cpython-310.pyc
[6.241s] running install_data
[6.242s] running install_egg_info
[6.257s] removing '/home/fatrat/ros2_ws/src/install/rover_vision/lib/python3.10/site-packages/rover_vision-0.0.0-py3.10.egg-info' (and everything under it)
[6.260s] Copying ../build/rover_vision/rover_vision.egg-info to /home/fatrat/ros2_ws/src/install/rover_vision/lib/python3.10/site-packages/rover_vision-0.0.0-py3.10.egg-info
[6.267s] running install_scripts
[6.383s] Installing vision_node script to /home/fatrat/ros2_ws/src/install/rover_vision/lib/rover_vision
[6.387s] writing list of installed files to '/home/fatrat/ros2_ws/src/build/rover_vision/install.log'
[6.570s] Invoked command in '/home/fatrat/ros2_ws/src/rover_vision' returned '0': PYTHONPATH=/home/fatrat/ros2_ws/src/build/rover_vision/prefix_override:/usr/lib/python3/dist-packages/colcon_core/task/python/colcon_distutils_commands:/home/fatrat/ros2_ws/src/install/rover_vision/lib/python3.10/site-packages:${PYTHONPATH} /usr/bin/python3 -W ignore:setup.py install is deprecated -W ignore:easy_install command is deprecated setup.py egg_info --egg-base ../build/rover_vision build --build-base /home/fatrat/ros2_ws/src/build/rover_vision/build install --record /home/fatrat/ros2_ws/src/build/rover_vision/install.log --single-version-externally-managed install_data
