[3.780s] Invoking command in '/home/fatrat/ros2_ws/src/rover_navigation': PYTHONPATH=/home/fatrat/ros2_ws/build/rover_navigation/prefix_override:/usr/lib/python3/dist-packages/colcon_core/task/python/colcon_distutils_commands:/home/fatrat/ros2_ws/install/rover_navigation/lib/python3.10/site-packages:${PYTHONPATH} /usr/bin/python3 -W ignore:setup.py install is deprecated -W ignore:easy_install command is deprecated setup.py egg_info --egg-base ../../build/rover_navigation build --build-base /home/fatrat/ros2_ws/build/rover_navigation/build install --record /home/fatrat/ros2_ws/build/rover_navigation/install.log --single-version-externally-managed install_data
[5.201s] running egg_info
[5.207s] writing ../../build/rover_navigation/rover_navigation.egg-info/PKG-INFO
[5.209s] writing dependency_links to ../../build/rover_navigation/rover_navigation.egg-info/dependency_links.txt
[5.211s] writing entry points to ../../build/rover_navigation/rover_navigation.egg-info/entry_points.txt
[5.212s] writing requirements to ../../build/rover_navigation/rover_navigation.egg-info/requires.txt
[5.214s] writing top-level names to ../../build/rover_navigation/rover_navigation.egg-info/top_level.txt
[5.268s] reading manifest file '../../build/rover_navigation/rover_navigation.egg-info/SOURCES.txt'
[5.275s] writing manifest file '../../build/rover_navigation/rover_navigation.egg-info/SOURCES.txt'
[5.277s] running build
[5.278s] running build_py
[5.279s] copying rover_navigation/navigation_node.py -> /home/fatrat/ros2_ws/build/rover_navigation/build/lib/rover_navigation
[5.281s] running install
[5.284s] running install_lib
[5.290s] copying /home/fatrat/ros2_ws/build/rover_navigation/build/lib/rover_navigation/navigation_node.py -> /home/fatrat/ros2_ws/install/rover_navigation/lib/python3.10/site-packages/rover_navigation
[5.294s] byte-compiling /home/fatrat/ros2_ws/install/rover_navigation/lib/python3.10/site-packages/rover_navigation/navigation_node.py to navigation_node.cpython-310.pyc
[5.298s] running install_data
[5.299s] copying package.xml -> /home/fatrat/ros2_ws/install/rover_navigation/share/rover_navigation
[5.300s] running install_egg_info
[5.318s] removing '/home/fatrat/ros2_ws/install/rover_navigation/lib/python3.10/site-packages/rover_navigation-0.0.0-py3.10.egg-info' (and everything under it)
[5.322s] Copying ../../build/rover_navigation/rover_navigation.egg-info to /home/fatrat/ros2_ws/install/rover_navigation/lib/python3.10/site-packages/rover_navigation-0.0.0-py3.10.egg-info
[5.341s] running install_scripts
[5.448s] Installing navigation_node script to /home/fatrat/ros2_ws/install/rover_navigation/lib/rover_navigation
[5.450s] writing list of installed files to '/home/fatrat/ros2_ws/build/rover_navigation/install.log'
[5.601s] Invoked command in '/home/fatrat/ros2_ws/src/rover_navigation' returned '0': PYTHONPATH=/home/fatrat/ros2_ws/build/rover_navigation/prefix_override:/usr/lib/python3/dist-packages/colcon_core/task/python/colcon_distutils_commands:/home/fatrat/ros2_ws/install/rover_navigation/lib/python3.10/site-packages:${PYTHONPATH} /usr/bin/python3 -W ignore:setup.py install is deprecated -W ignore:easy_install command is deprecated setup.py egg_info --egg-base ../../build/rover_navigation build --build-base /home/fatrat/ros2_ws/build/rover_navigation/build install --record /home/fatrat/ros2_ws/build/rover_navigation/install.log --single-version-externally-managed install_data
