[8.411s] Invoking command in '/home/fatrat/ros2_ws/src/rover_mapping': PYTHONPATH=/home/fatrat/ros2_ws/build/rover_mapping/prefix_override:/usr/lib/python3/dist-packages/colcon_core/task/python/colcon_distutils_commands:/home/fatrat/ros2_ws/install/rover_mapping/lib/python3.10/site-packages:${PYTHONPATH} /usr/bin/python3 -W ignore:setup.py install is deprecated -W ignore:easy_install command is deprecated setup.py egg_info --egg-base ../../build/rover_mapping build --build-base /home/fatrat/ros2_ws/build/rover_mapping/build install --record /home/fatrat/ros2_ws/build/rover_mapping/install.log --single-version-externally-managed install_data
[10.264s] running egg_info
[10.274s] writing ../../build/rover_mapping/rover_mapping.egg-info/PKG-INFO
[10.280s] writing dependency_links to ../../build/rover_mapping/rover_mapping.egg-info/dependency_links.txt
[10.285s] writing entry points to ../../build/rover_mapping/rover_mapping.egg-info/entry_points.txt
[10.293s] writing requirements to ../../build/rover_mapping/rover_mapping.egg-info/requires.txt
[10.295s] writing top-level names to ../../build/rover_mapping/rover_mapping.egg-info/top_level.txt
[10.309s] reading manifest file '../../build/rover_mapping/rover_mapping.egg-info/SOURCES.txt'
[10.319s] writing manifest file '../../build/rover_mapping/rover_mapping.egg-info/SOURCES.txt'
[10.321s] running build
[10.323s] running build_py
[10.324s] running install
[10.328s] running install_lib
[10.339s] running install_data
[10.341s] running install_egg_info
[10.364s] removing '/home/fatrat/ros2_ws/install/rover_mapping/lib/python3.10/site-packages/rover_mapping-0.0.0-py3.10.egg-info' (and everything under it)
[10.367s] Copying ../../build/rover_mapping/rover_mapping.egg-info to /home/fatrat/ros2_ws/install/rover_mapping/lib/python3.10/site-packages/rover_mapping-0.0.0-py3.10.egg-info
[10.384s] running install_scripts
[10.529s] writing list of installed files to '/home/fatrat/ros2_ws/build/rover_mapping/install.log'
[12.233s] Invoked command in '/home/fatrat/ros2_ws/src/rover_mapping' returned '0': PYTHONPATH=/home/fatrat/ros2_ws/build/rover_mapping/prefix_override:/usr/lib/python3/dist-packages/colcon_core/task/python/colcon_distutils_commands:/home/fatrat/ros2_ws/install/rover_mapping/lib/python3.10/site-packages:${PYTHONPATH} /usr/bin/python3 -W ignore:setup.py install is deprecated -W ignore:easy_install command is deprecated setup.py egg_info --egg-base ../../build/rover_mapping build --build-base /home/fatrat/ros2_ws/build/rover_mapping/build install --record /home/fatrat/ros2_ws/build/rover_mapping/install.log --single-version-externally-managed install_data
