running develop
Removing /home/fatrat/ros2_ws/install/rover_arm/lib/python3.10/site-packages/rover-arm.egg-link (link to .)
Traceback (most recent call last):
  File "/home/fatrat/ros2_ws/src/rover_arm/setup.py", line 1, in <module>
    from setuptools import find_packages, setup
  File "/usr/lib/python3/dist-packages/setuptools/__init__.py", line 242, in <module>
    monkey.patch_all()
  File "/usr/lib/python3/dist-packages/setuptools/monkey.py", line 99, in patch_all
    patch_for_msvc_specialized_compiler()
  File "/usr/lib/python3/dist-packages/setuptools/monkey.py", line 136, in patch_for_msvc_specialized_compiler
    msvc = import_module('setuptools.msvc')
  File "/usr/lib/python3.10/importlib/__init__.py", line 126, in import_module
    return _bootstrap._gcd_import(name[level:], package, level)
  File "/usr/lib/python3/dist-packages/setuptools/msvc.py", line 22, in <module>
    import json
  File "/usr/lib/python3.10/json/__init__.py", line 106, in <module>
    from .decoder import JSONDecoder, JSONDecodeError
  File "/usr/lib/python3.10/json/decoder.py", line 5, in <module>
    from json import scanner
  File "/usr/lib/python3.10/json/scanner.py", line 11, in <module>
    NUMBER_RE = re.compile(
  File "/usr/lib/python3.10/re.py", line 251, in compile
    return _compile(pattern, flags)
  File "/usr/lib/python3.10/re.py", line 303, in _compile
    p = sre_compile.compile(pattern, flags)
  File "/usr/lib/python3.10/sre_compile.py", line 788, in compile
    p = sre_parse.parse(p, flags)
  File "/usr/lib/python3.10/sre_parse.py", line 955, in parse
    p = _parse_sub(source, state, flags & SRE_FLAG_VERBOSE, 0)
  File "/usr/lib/python3.10/sre_parse.py", line 444, in _parse_sub
    itemsappend(_parse(source, state, verbose, nested + 1,
  File "/usr/lib/python3.10/sre_parse.py", line 687, in _parse
    start = source.tell() - 1
  File "/usr/lib/python3.10/sre_parse.py", line 287, in tell
    def tell(self):
KeyboardInterrupt
