[7.558s] Invoking command in '/home/fatrat/ros2_ws/build/rover_navigation': PYTHONPATH=/home/fatrat/ros2_ws/build/rover_navigation/prefix_override:/usr/lib/python3/dist-packages/colcon_core/task/python/colcon_distutils_commands:/home/fatrat/ros2_ws/install/rover_navigation/lib/python3.10/site-packages:${PYTHONPATH} /usr/bin/python3 -W ignore:setup.py install is deprecated -W ignore:easy_install command is deprecated setup.py develop --editable --build-directory /home/fatrat/ros2_ws/build/rover_navigation/build --no-deps symlink_data
[9.515s] running develop
[11.003s] running egg_info
[11.005s] creating rover_navigation.egg-info
[11.007s] writing rover_navigation.egg-info/PKG-INFO
[11.008s] writing dependency_links to rover_navigation.egg-info/dependency_links.txt
[11.010s] writing entry points to rover_navigation.egg-info/entry_points.txt
[11.011s] writing requirements to rover_navigation.egg-info/requires.txt
[11.013s] writing top-level names to rover_navigation.egg-info/top_level.txt
[11.015s] writing manifest file 'rover_navigation.egg-info/SOURCES.txt'
[11.016s] reading manifest file 'rover_navigation.egg-info/SOURCES.txt'
[11.021s] writing manifest file 'rover_navigation.egg-info/SOURCES.txt'
[11.037s] running build_ext
[11.039s] Creating /home/fatrat/ros2_ws/install/rover_navigation/lib/python3.10/site-packages/rover-navigation.egg-link (link to .)
[11.063s] 
[11.065s] Installed /home/fatrat/ros2_ws/build/rover_navigation
[11.067s] running symlink_data
[11.069s] creating /home/fatrat/ros2_ws/install/rover_navigation/share/ament_index
[11.071s] creating /home/fatrat/ros2_ws/install/rover_navigation/share/ament_index/resource_index
[11.075s] creating /home/fatrat/ros2_ws/install/rover_navigation/share/ament_index/resource_index/packages
[11.080s] symbolically linking /home/fatrat/ros2_ws/build/rover_navigation/resource/rover_navigation -> /home/fatrat/ros2_ws/install/rover_navigation/share/ament_index/resource_index/packages
[11.083s] symbolically linking /home/fatrat/ros2_ws/build/rover_navigation/package.xml -> /home/fatrat/ros2_ws/install/rover_navigation/share/rover_navigation
[11.336s] Invoked command in '/home/fatrat/ros2_ws/build/rover_navigation' returned '0': PYTHONPATH=/home/fatrat/ros2_ws/build/rover_navigation/prefix_override:/usr/lib/python3/dist-packages/colcon_core/task/python/colcon_distutils_commands:/home/fatrat/ros2_ws/install/rover_navigation/lib/python3.10/site-packages:${PYTHONPATH} /usr/bin/python3 -W ignore:setup.py install is deprecated -W ignore:easy_install command is deprecated setup.py develop --editable --build-directory /home/fatrat/ros2_ws/build/rover_navigation/build --no-deps symlink_data
