[4.009s] Invoking command in '/home/fatrat/ros2_ws/src/rover_navigation': PYTHONPATH=/home/fatrat/ros2_ws/build/rover_navigation/prefix_override:/usr/lib/python3/dist-packages/colcon_core/task/python/colcon_distutils_commands:/home/fatrat/ros2_ws/install/rover_navigation/lib/python3.10/site-packages:${PYTHONPATH} /usr/bin/python3 -W ignore:setup.py install is deprecated -W ignore:easy_install command is deprecated setup.py egg_info --egg-base ../../build/rover_navigation build --build-base /home/fatrat/ros2_ws/build/rover_navigation/build install --record /home/fatrat/ros2_ws/build/rover_navigation/install.log --single-version-externally-managed install_data
[5.624s] running egg_info
[5.627s] writing ../../build/rover_navigation/rover_navigation.egg-info/PKG-INFO
[5.629s] writing dependency_links to ../../build/rover_navigation/rover_navigation.egg-info/dependency_links.txt
[5.630s] writing entry points to ../../build/rover_navigation/rover_navigation.egg-info/entry_points.txt
[5.631s] writing requirements to ../../build/rover_navigation/rover_navigation.egg-info/requires.txt
[5.632s] writing top-level names to ../../build/rover_navigation/rover_navigation.egg-info/top_level.txt
[5.646s] reading manifest file '../../build/rover_navigation/rover_navigation.egg-info/SOURCES.txt'
[5.653s] writing manifest file '../../build/rover_navigation/rover_navigation.egg-info/SOURCES.txt'
[5.653s] running build
[5.654s] running build_py
[5.655s] copying rover_navigation/navigation_node.py -> /home/fatrat/ros2_ws/build/rover_navigation/build/lib/rover_navigation
[5.656s] running install
[5.657s] running install_lib
[5.660s] copying /home/fatrat/ros2_ws/build/rover_navigation/build/lib/rover_navigation/navigation_node.py -> /home/fatrat/ros2_ws/install/rover_navigation/lib/python3.10/site-packages/rover_navigation
[5.664s] byte-compiling /home/fatrat/ros2_ws/install/rover_navigation/lib/python3.10/site-packages/rover_navigation/navigation_node.py to navigation_node.cpython-310.pyc
[5.668s] running install_data
[5.668s] running install_egg_info
[5.682s] removing '/home/fatrat/ros2_ws/install/rover_navigation/lib/python3.10/site-packages/rover_navigation-0.0.0-py3.10.egg-info' (and everything under it)
[5.683s] Copying ../../build/rover_navigation/rover_navigation.egg-info to /home/fatrat/ros2_ws/install/rover_navigation/lib/python3.10/site-packages/rover_navigation-0.0.0-py3.10.egg-info
[5.691s] running install_scripts
[5.796s] Installing navigation_node script to /home/fatrat/ros2_ws/install/rover_navigation/lib/rover_navigation
[5.799s] writing list of installed files to '/home/fatrat/ros2_ws/build/rover_navigation/install.log'
[5.966s] Invoked command in '/home/fatrat/ros2_ws/src/rover_navigation' returned '0': PYTHONPATH=/home/fatrat/ros2_ws/build/rover_navigation/prefix_override:/usr/lib/python3/dist-packages/colcon_core/task/python/colcon_distutils_commands:/home/fatrat/ros2_ws/install/rover_navigation/lib/python3.10/site-packages:${PYTHONPATH} /usr/bin/python3 -W ignore:setup.py install is deprecated -W ignore:easy_install command is deprecated setup.py egg_info --egg-base ../../build/rover_navigation build --build-base /home/fatrat/ros2_ws/build/rover_navigation/build install --record /home/fatrat/ros2_ws/build/rover_navigation/install.log --single-version-externally-managed install_data
