running egg_info
creating ../build/rover_mission/rover_mission.egg-info
writing ../build/rover_mission/rover_mission.egg-info/PKG-INFO
writing dependency_links to ../build/rover_mission/rover_mission.egg-info/dependency_links.txt
writing entry points to ../build/rover_mission/rover_mission.egg-info/entry_points.txt
writing requirements to ../build/rover_mission/rover_mission.egg-info/requires.txt
writing top-level names to ../build/rover_mission/rover_mission.egg-info/top_level.txt
writing manifest file '../build/rover_mission/rover_mission.egg-info/SOURCES.txt'
reading manifest file '../build/rover_mission/rover_mission.egg-info/SOURCES.txt'
writing manifest file '../build/rover_mission/rover_mission.egg-info/SOURCES.txt'
running build
running build_py
creating /home/fatrat/ros2_ws/src/build/rover_mission/build
creating /home/fatrat/ros2_ws/src/build/rover_mission/build/lib
creating /home/fatrat/ros2_ws/src/build/rover_mission/build/lib/rover_mission
copying rover_mission/__init__.py -> /home/fatrat/ros2_ws/src/build/rover_mission/build/lib/rover_mission
copying rover_mission/mission_node.py -> /home/fatrat/ros2_ws/src/build/rover_mission/build/lib/rover_mission
running install
running install_lib
creating /home/fatrat/ros2_ws/src/install/rover_mission/lib/python3.10/site-packages/rover_mission
copying /home/fatrat/ros2_ws/src/build/rover_mission/build/lib/rover_mission/__init__.py -> /home/fatrat/ros2_ws/src/install/rover_mission/lib/python3.10/site-packages/rover_mission
copying /home/fatrat/ros2_ws/src/build/rover_mission/build/lib/rover_mission/mission_node.py -> /home/fatrat/ros2_ws/src/install/rover_mission/lib/python3.10/site-packages/rover_mission
byte-compiling /home/fatrat/ros2_ws/src/install/rover_mission/lib/python3.10/site-packages/rover_mission/__init__.py to __init__.cpython-310.pyc
byte-compiling /home/fatrat/ros2_ws/src/install/rover_mission/lib/python3.10/site-packages/rover_mission/mission_node.py to mission_node.cpython-310.pyc
running install_data
creating /home/fatrat/ros2_ws/src/install/rover_mission/share/ament_index
creating /home/fatrat/ros2_ws/src/install/rover_mission/share/ament_index/resource_index
creating /home/fatrat/ros2_ws/src/install/rover_mission/share/ament_index/resource_index/packages
copying resource/rover_mission -> /home/fatrat/ros2_ws/src/install/rover_mission/share/ament_index/resource_index/packages
copying package.xml -> /home/fatrat/ros2_ws/src/install/rover_mission/share/rover_mission
running install_egg_info
Copying ../build/rover_mission/rover_mission.egg-info to /home/fatrat/ros2_ws/src/install/rover_mission/lib/python3.10/site-packages/rover_mission-0.0.0-py3.10.egg-info
running install_scripts
Installing mission_node script to /home/fatrat/ros2_ws/src/install/rover_mission/lib/rover_mission
writing list of installed files to '/home/fatrat/ros2_ws/src/build/rover_mission/install.log'
