[8.788s] Invoking command in '/home/fatrat/ros2_ws/src/rover_mission': PYTHONPATH=/home/fatrat/ros2_ws/src/build/rover_mission/prefix_override:/usr/lib/python3/dist-packages/colcon_core/task/python/colcon_distutils_commands:/home/fatrat/ros2_ws/src/install/rover_mission/lib/python3.10/site-packages:${PYTHONPATH} /usr/bin/python3 -W ignore:setup.py install is deprecated -W ignore:easy_install command is deprecated setup.py egg_info --egg-base ../build/rover_mission build --build-base /home/fatrat/ros2_ws/src/build/rover_mission/build install --record /home/fatrat/ros2_ws/src/build/rover_mission/install.log --single-version-externally-managed install_data
[10.781s] running egg_info
[10.783s] creating ../build/rover_mission/rover_mission.egg-info
[10.794s] writing ../build/rover_mission/rover_mission.egg-info/PKG-INFO
[10.795s] writing dependency_links to ../build/rover_mission/rover_mission.egg-info/dependency_links.txt
[10.796s] writing entry points to ../build/rover_mission/rover_mission.egg-info/entry_points.txt
[10.798s] writing requirements to ../build/rover_mission/rover_mission.egg-info/requires.txt
[10.800s] writing top-level names to ../build/rover_mission/rover_mission.egg-info/top_level.txt
[10.814s] writing manifest file '../build/rover_mission/rover_mission.egg-info/SOURCES.txt'
[10.819s] reading manifest file '../build/rover_mission/rover_mission.egg-info/SOURCES.txt'
[10.820s] writing manifest file '../build/rover_mission/rover_mission.egg-info/SOURCES.txt'
[10.824s] running build
[10.825s] running build_py
[10.830s] creating /home/fatrat/ros2_ws/src/build/rover_mission/build
[10.833s] creating /home/fatrat/ros2_ws/src/build/rover_mission/build/lib
[10.836s] creating /home/fatrat/ros2_ws/src/build/rover_mission/build/lib/rover_mission
[10.839s] copying rover_mission/__init__.py -> /home/fatrat/ros2_ws/src/build/rover_mission/build/lib/rover_mission
[10.843s] copying rover_mission/mission_node.py -> /home/fatrat/ros2_ws/src/build/rover_mission/build/lib/rover_mission
[10.848s] running install
[10.854s] running install_lib
[10.863s] creating /home/fatrat/ros2_ws/src/install/rover_mission/lib/python3.10/site-packages/rover_mission
[10.868s] copying /home/fatrat/ros2_ws/src/build/rover_mission/build/lib/rover_mission/__init__.py -> /home/fatrat/ros2_ws/src/install/rover_mission/lib/python3.10/site-packages/rover_mission
[10.873s] copying /home/fatrat/ros2_ws/src/build/rover_mission/build/lib/rover_mission/mission_node.py -> /home/fatrat/ros2_ws/src/install/rover_mission/lib/python3.10/site-packages/rover_mission
[10.881s] byte-compiling /home/fatrat/ros2_ws/src/install/rover_mission/lib/python3.10/site-packages/rover_mission/__init__.py to __init__.cpython-310.pyc
[10.886s] byte-compiling /home/fatrat/ros2_ws/src/install/rover_mission/lib/python3.10/site-packages/rover_mission/mission_node.py to mission_node.cpython-310.pyc
[10.898s] running install_data
[10.902s] creating /home/fatrat/ros2_ws/src/install/rover_mission/share/ament_index
[10.904s] creating /home/fatrat/ros2_ws/src/install/rover_mission/share/ament_index/resource_index
[10.906s] creating /home/fatrat/ros2_ws/src/install/rover_mission/share/ament_index/resource_index/packages
[10.909s] copying resource/rover_mission -> /home/fatrat/ros2_ws/src/install/rover_mission/share/ament_index/resource_index/packages
[10.913s] copying package.xml -> /home/fatrat/ros2_ws/src/install/rover_mission/share/rover_mission
[10.916s] running install_egg_info
[10.951s] Copying ../build/rover_mission/rover_mission.egg-info to /home/fatrat/ros2_ws/src/install/rover_mission/lib/python3.10/site-packages/rover_mission-0.0.0-py3.10.egg-info
[10.981s] running install_scripts
[11.215s] Installing mission_node script to /home/fatrat/ros2_ws/src/install/rover_mission/lib/rover_mission
[11.218s] writing list of installed files to '/home/fatrat/ros2_ws/src/build/rover_mission/install.log'
[12.861s] Invoked command in '/home/fatrat/ros2_ws/src/rover_mission' returned '0': PYTHONPATH=/home/fatrat/ros2_ws/src/build/rover_mission/prefix_override:/usr/lib/python3/dist-packages/colcon_core/task/python/colcon_distutils_commands:/home/fatrat/ros2_ws/src/install/rover_mission/lib/python3.10/site-packages:${PYTHONPATH} /usr/bin/python3 -W ignore:setup.py install is deprecated -W ignore:easy_install command is deprecated setup.py egg_info --egg-base ../build/rover_mission build --build-base /home/fatrat/ros2_ws/src/build/rover_mission/build install --record /home/fatrat/ros2_ws/src/build/rover_mission/install.log --single-version-externally-managed install_data
