[0.757s] DEBUG:colcon:Command line arguments: ['/usr/bin/colcon', 'build']
[0.757s] DEBUG:colcon:Parsed command line arguments: Namespace(log_base=None, log_level=None, verb_name='build', build_base='build', install_base='install', merge_install=False, symlink_install=False, test_result_base=None, continue_on_error=False, executor='parallel', parallel_workers=4, event_handlers=None, ignore_user_meta=False, metas=['./colcon.meta'], base_paths=['.'], packages_ignore=None, packages_ignore_regex=None, paths=None, packages_up_to=None, packages_up_to_regex=None, packages_above=None, packages_above_and_dependencies=None, packages_above_depth=None, packages_select_by_dep=None, packages_skip_by_dep=None, packages_skip_up_to=None, packages_select_build_failed=False, packages_skip_build_finished=False, packages_select_test_failures=False, packages_skip_test_passed=False, packages_select=None, packages_skip=None, packages_select_regex=None, packages_skip_regex=None, packages_start=None, packages_end=None, allow_overriding=[], cmake_args=None, cmake_target=None, cmake_target_skip_unavailable=False, cmake_clean_cache=False, cmake_clean_first=False, cmake_force_configure=False, ament_cmake_args=None, catkin_cmake_args=None, catkin_skip_building_tests=False, verb_parser=<colcon_defaults.argument_parser.defaults.DefaultArgumentsDecorator object at 0xffffba439570>, verb_extension=<colcon_core.verb.build.BuildVerb object at 0xffffba5cea40>, main=<bound method BuildVerb.main of <colcon_core.verb.build.BuildVerb object at 0xffffba5cea40>>)
[2.114s] Level 1:colcon.colcon_core.package_discovery:discover_packages(colcon_meta) check parameters
[2.115s] Level 1:colcon.colcon_core.package_discovery:discover_packages(recursive) check parameters
[2.115s] Level 1:colcon.colcon_core.package_discovery:discover_packages(ignore) check parameters
[2.115s] Level 1:colcon.colcon_core.package_discovery:discover_packages(path) check parameters
[2.115s] Level 1:colcon.colcon_core.package_discovery:discover_packages(colcon_meta) discover
[2.115s] Level 1:colcon.colcon_core.package_discovery:discover_packages(recursive) discover
[2.116s] INFO:colcon.colcon_core.package_discovery:Crawling recursively for packages in '/home/fatrat/ros2_ws'
[2.116s] Level 1:colcon.colcon_core.package_identification:_identify(.) by extensions ['ignore', 'ignore_ament_install']
[2.117s] Level 1:colcon.colcon_core.package_identification:_identify(.) by extension 'ignore'
[2.117s] Level 1:colcon.colcon_core.package_identification:_identify(.) by extension 'ignore_ament_install'
[2.117s] Level 1:colcon.colcon_core.package_identification:_identify(.) by extensions ['colcon_pkg']
[2.117s] Level 1:colcon.colcon_core.package_identification:_identify(.) by extension 'colcon_pkg'
[2.117s] Level 1:colcon.colcon_core.package_identification:_identify(.) by extensions ['colcon_meta']
[2.118s] Level 1:colcon.colcon_core.package_identification:_identify(.) by extension 'colcon_meta'
[2.118s] Level 1:colcon.colcon_core.package_identification:_identify(.) by extensions ['ros']
[2.118s] Level 1:colcon.colcon_core.package_identification:_identify(.) by extension 'ros'
[2.182s] Level 1:colcon.colcon_core.package_identification:_identify(.) by extensions ['cmake', 'python']
[2.182s] Level 1:colcon.colcon_core.package_identification:_identify(.) by extension 'cmake'
[2.182s] Level 1:colcon.colcon_core.package_identification:_identify(.) by extension 'python'
[2.183s] Level 1:colcon.colcon_core.package_identification:_identify(.) by extensions ['python_setup_py']
[2.183s] Level 1:colcon.colcon_core.package_identification:_identify(.) by extension 'python_setup_py'
[2.183s] Level 1:colcon.colcon_core.package_identification:_identify(build) by extensions ['ignore', 'ignore_ament_install']
[2.184s] Level 1:colcon.colcon_core.package_identification:_identify(build) by extension 'ignore'
[2.185s] Level 1:colcon.colcon_core.package_identification:_identify(build) ignored
[2.185s] Level 1:colcon.colcon_core.package_identification:_identify(install) by extensions ['ignore', 'ignore_ament_install']
[2.186s] Level 1:colcon.colcon_core.package_identification:_identify(install) by extension 'ignore'
[2.186s] Level 1:colcon.colcon_core.package_identification:_identify(install) ignored
[2.187s] Level 1:colcon.colcon_core.package_identification:_identify(log) by extensions ['ignore', 'ignore_ament_install']
[2.187s] Level 1:colcon.colcon_core.package_identification:_identify(log) by extension 'ignore'
[2.187s] Level 1:colcon.colcon_core.package_identification:_identify(log) ignored
[2.188s] Level 1:colcon.colcon_core.package_identification:_identify(src) by extensions ['ignore', 'ignore_ament_install']
[2.188s] Level 1:colcon.colcon_core.package_identification:_identify(src) by extension 'ignore'
[2.188s] Level 1:colcon.colcon_core.package_identification:_identify(src) by extension 'ignore_ament_install'
[2.189s] Level 1:colcon.colcon_core.package_identification:_identify(src) by extensions ['colcon_pkg']
[2.189s] Level 1:colcon.colcon_core.package_identification:_identify(src) by extension 'colcon_pkg'
[2.189s] Level 1:colcon.colcon_core.package_identification:_identify(src) by extensions ['colcon_meta']
[2.189s] Level 1:colcon.colcon_core.package_identification:_identify(src) by extension 'colcon_meta'
[2.189s] Level 1:colcon.colcon_core.package_identification:_identify(src) by extensions ['ros']
[2.190s] Level 1:colcon.colcon_core.package_identification:_identify(src) by extension 'ros'
[2.190s] Level 1:colcon.colcon_core.package_identification:_identify(src) by extensions ['cmake', 'python']
[2.190s] Level 1:colcon.colcon_core.package_identification:_identify(src) by extension 'cmake'
[2.190s] Level 1:colcon.colcon_core.package_identification:_identify(src) by extension 'python'
[2.191s] Level 1:colcon.colcon_core.package_identification:_identify(src) by extensions ['python_setup_py']
[2.191s] Level 1:colcon.colcon_core.package_identification:_identify(src) by extension 'python_setup_py'
[2.191s] Level 1:colcon.colcon_core.package_identification:_identify(src/build) by extensions ['ignore', 'ignore_ament_install']
[2.192s] Level 1:colcon.colcon_core.package_identification:_identify(src/build) by extension 'ignore'
[2.192s] Level 1:colcon.colcon_core.package_identification:_identify(src/build) ignored
[2.192s] Level 1:colcon.colcon_core.package_identification:_identify(src/install) by extensions ['ignore', 'ignore_ament_install']
[2.193s] Level 1:colcon.colcon_core.package_identification:_identify(src/install) by extension 'ignore'
[2.193s] Level 1:colcon.colcon_core.package_identification:_identify(src/install) ignored
[2.193s] Level 1:colcon.colcon_core.package_identification:_identify(src/log) by extensions ['ignore', 'ignore_ament_install']
[2.194s] Level 1:colcon.colcon_core.package_identification:_identify(src/log) by extension 'ignore'
[2.194s] Level 1:colcon.colcon_core.package_identification:_identify(src/log) ignored
[2.194s] Level 1:colcon.colcon_core.package_identification:_identify(src/rover_arm) by extensions ['ignore', 'ignore_ament_install']
[2.195s] Level 1:colcon.colcon_core.package_identification:_identify(src/rover_arm) by extension 'ignore'
[2.195s] Level 1:colcon.colcon_core.package_identification:_identify(src/rover_arm) by extension 'ignore_ament_install'
[2.195s] Level 1:colcon.colcon_core.package_identification:_identify(src/rover_arm) by extensions ['colcon_pkg']
[2.195s] Level 1:colcon.colcon_core.package_identification:_identify(src/rover_arm) by extension 'colcon_pkg'
[2.195s] Level 1:colcon.colcon_core.package_identification:_identify(src/rover_arm) by extensions ['colcon_meta']
[2.196s] Level 1:colcon.colcon_core.package_identification:_identify(src/rover_arm) by extension 'colcon_meta'
[2.196s] Level 1:colcon.colcon_core.package_identification:_identify(src/rover_arm) by extensions ['ros']
[2.196s] Level 1:colcon.colcon_core.package_identification:_identify(src/rover_arm) by extension 'ros'
[2.208s] DEBUG:colcon.colcon_core.package_identification:Package 'src/rover_arm' with type 'ros.ament_python' and name 'rover_arm'
[2.209s] Level 1:colcon.colcon_core.package_identification:_identify(src/rover_bringup) by extensions ['ignore', 'ignore_ament_install']
[2.210s] Level 1:colcon.colcon_core.package_identification:_identify(src/rover_bringup) by extension 'ignore'
[2.210s] Level 1:colcon.colcon_core.package_identification:_identify(src/rover_bringup) by extension 'ignore_ament_install'
[2.211s] Level 1:colcon.colcon_core.package_identification:_identify(src/rover_bringup) by extensions ['colcon_pkg']
[2.211s] Level 1:colcon.colcon_core.package_identification:_identify(src/rover_bringup) by extension 'colcon_pkg'
[2.211s] Level 1:colcon.colcon_core.package_identification:_identify(src/rover_bringup) by extensions ['colcon_meta']
[2.211s] Level 1:colcon.colcon_core.package_identification:_identify(src/rover_bringup) by extension 'colcon_meta'
[2.212s] Level 1:colcon.colcon_core.package_identification:_identify(src/rover_bringup) by extensions ['ros']
[2.212s] Level 1:colcon.colcon_core.package_identification:_identify(src/rover_bringup) by extension 'ros'
[2.215s] DEBUG:colcon.colcon_core.package_identification:Package 'src/rover_bringup' with type 'ros.ament_python' and name 'rover_bringup'
[2.215s] Level 1:colcon.colcon_core.package_identification:_identify(src/rover_control1) by extensions ['ignore', 'ignore_ament_install']
[2.216s] Level 1:colcon.colcon_core.package_identification:_identify(src/rover_control1) by extension 'ignore'
[2.216s] Level 1:colcon.colcon_core.package_identification:_identify(src/rover_control1) by extension 'ignore_ament_install'
[2.216s] Level 1:colcon.colcon_core.package_identification:_identify(src/rover_control1) by extensions ['colcon_pkg']
[2.216s] Level 1:colcon.colcon_core.package_identification:_identify(src/rover_control1) by extension 'colcon_pkg'
[2.217s] Level 1:colcon.colcon_core.package_identification:_identify(src/rover_control1) by extensions ['colcon_meta']
[2.217s] Level 1:colcon.colcon_core.package_identification:_identify(src/rover_control1) by extension 'colcon_meta'
[2.217s] Level 1:colcon.colcon_core.package_identification:_identify(src/rover_control1) by extensions ['ros']
[2.217s] Level 1:colcon.colcon_core.package_identification:_identify(src/rover_control1) by extension 'ros'
[2.221s] DEBUG:colcon.colcon_core.package_identification:Package 'src/rover_control1' with type 'ros.ament_python' and name 'rover_control1'
[2.221s] Level 1:colcon.colcon_core.package_identification:_identify(src/rover_mapping) by extensions ['ignore', 'ignore_ament_install']
[2.222s] Level 1:colcon.colcon_core.package_identification:_identify(src/rover_mapping) by extension 'ignore'
[2.222s] Level 1:colcon.colcon_core.package_identification:_identify(src/rover_mapping) by extension 'ignore_ament_install'
[2.222s] Level 1:colcon.colcon_core.package_identification:_identify(src/rover_mapping) by extensions ['colcon_pkg']
[2.222s] Level 1:colcon.colcon_core.package_identification:_identify(src/rover_mapping) by extension 'colcon_pkg'
[2.223s] Level 1:colcon.colcon_core.package_identification:_identify(src/rover_mapping) by extensions ['colcon_meta']
[2.223s] Level 1:colcon.colcon_core.package_identification:_identify(src/rover_mapping) by extension 'colcon_meta'
[2.223s] Level 1:colcon.colcon_core.package_identification:_identify(src/rover_mapping) by extensions ['ros']
[2.223s] Level 1:colcon.colcon_core.package_identification:_identify(src/rover_mapping) by extension 'ros'
[2.227s] DEBUG:colcon.colcon_core.package_identification:Package 'src/rover_mapping' with type 'ros.ament_python' and name 'rover_mapping'
[2.228s] Level 1:colcon.colcon_core.package_identification:_identify(src/rover_mission) by extensions ['ignore', 'ignore_ament_install']
[2.228s] Level 1:colcon.colcon_core.package_identification:_identify(src/rover_mission) by extension 'ignore'
[2.228s] Level 1:colcon.colcon_core.package_identification:_identify(src/rover_mission) by extension 'ignore_ament_install'
[2.228s] Level 1:colcon.colcon_core.package_identification:_identify(src/rover_mission) by extensions ['colcon_pkg']
[2.229s] Level 1:colcon.colcon_core.package_identification:_identify(src/rover_mission) by extension 'colcon_pkg'
[2.229s] Level 1:colcon.colcon_core.package_identification:_identify(src/rover_mission) by extensions ['colcon_meta']
[2.229s] Level 1:colcon.colcon_core.package_identification:_identify(src/rover_mission) by extension 'colcon_meta'
[2.229s] Level 1:colcon.colcon_core.package_identification:_identify(src/rover_mission) by extensions ['ros']
[2.229s] Level 1:colcon.colcon_core.package_identification:_identify(src/rover_mission) by extension 'ros'
[2.233s] DEBUG:colcon.colcon_core.package_identification:Package 'src/rover_mission' with type 'ros.ament_python' and name 'rover_mission'
[2.234s] Level 1:colcon.colcon_core.package_identification:_identify(src/rover_monitor) by extensions ['ignore', 'ignore_ament_install']
[2.234s] Level 1:colcon.colcon_core.package_identification:_identify(src/rover_monitor) by extension 'ignore'
[2.235s] Level 1:colcon.colcon_core.package_identification:_identify(src/rover_monitor) by extension 'ignore_ament_install'
[2.235s] Level 1:colcon.colcon_core.package_identification:_identify(src/rover_monitor) by extensions ['colcon_pkg']
[2.235s] Level 1:colcon.colcon_core.package_identification:_identify(src/rover_monitor) by extension 'colcon_pkg'
[2.235s] Level 1:colcon.colcon_core.package_identification:_identify(src/rover_monitor) by extensions ['colcon_meta']
[2.235s] Level 1:colcon.colcon_core.package_identification:_identify(src/rover_monitor) by extension 'colcon_meta'
[2.235s] Level 1:colcon.colcon_core.package_identification:_identify(src/rover_monitor) by extensions ['ros']
[2.236s] Level 1:colcon.colcon_core.package_identification:_identify(src/rover_monitor) by extension 'ros'
[2.239s] DEBUG:colcon.colcon_core.package_identification:Package 'src/rover_monitor' with type 'ros.ament_python' and name 'rover_monitor'
[2.240s] Level 1:colcon.colcon_core.package_identification:_identify(src/rover_vision) by extensions ['ignore', 'ignore_ament_install']
[2.240s] Level 1:colcon.colcon_core.package_identification:_identify(src/rover_vision) by extension 'ignore'
[2.241s] Level 1:colcon.colcon_core.package_identification:_identify(src/rover_vision) by extension 'ignore_ament_install'
[2.241s] Level 1:colcon.colcon_core.package_identification:_identify(src/rover_vision) by extensions ['colcon_pkg']
[2.241s] Level 1:colcon.colcon_core.package_identification:_identify(src/rover_vision) by extension 'colcon_pkg'
[2.241s] Level 1:colcon.colcon_core.package_identification:_identify(src/rover_vision) by extensions ['colcon_meta']
[2.241s] Level 1:colcon.colcon_core.package_identification:_identify(src/rover_vision) by extension 'colcon_meta'
[2.242s] Level 1:colcon.colcon_core.package_identification:_identify(src/rover_vision) by extensions ['ros']
[2.242s] Level 1:colcon.colcon_core.package_identification:_identify(src/rover_vision) by extension 'ros'
[2.245s] DEBUG:colcon.colcon_core.package_identification:Package 'src/rover_vision' with type 'ros.ament_python' and name 'rover_vision'
[2.245s] Level 1:colcon.colcon_core.package_discovery:discover_packages(recursive) using defaults
[2.246s] Level 1:colcon.colcon_core.package_discovery:discover_packages(ignore) discover
[2.246s] Level 1:colcon.colcon_core.package_discovery:discover_packages(ignore) using defaults
[2.246s] Level 1:colcon.colcon_core.package_discovery:discover_packages(path) discover
[2.246s] Level 1:colcon.colcon_core.package_discovery:discover_packages(path) using defaults
[2.428s] Level 1:colcon.colcon_core.package_discovery:discover_packages(prefix_path) check parameters
[2.429s] Level 1:colcon.colcon_core.package_discovery:discover_packages(prefix_path) discover
[2.446s] DEBUG:colcon.colcon_installed_package_information.package_discovery:Found 8 installed packages in /home/fatrat/ros2_ws/install
[2.457s] DEBUG:colcon.colcon_installed_package_information.package_discovery:Found 326 installed packages in /opt/ros/humble
[2.464s] Level 1:colcon.colcon_core.package_discovery:discover_packages(prefix_path) using defaults
[2.680s] Level 5:colcon.colcon_core.verb:set package 'rover_arm' build argument 'cmake_args' from command line to 'None'
[2.680s] Level 5:colcon.colcon_core.verb:set package 'rover_arm' build argument 'cmake_target' from command line to 'None'
[2.680s] Level 5:colcon.colcon_core.verb:set package 'rover_arm' build argument 'cmake_target_skip_unavailable' from command line to 'False'
[2.680s] Level 5:colcon.colcon_core.verb:set package 'rover_arm' build argument 'cmake_clean_cache' from command line to 'False'
[2.680s] Level 5:colcon.colcon_core.verb:set package 'rover_arm' build argument 'cmake_clean_first' from command line to 'False'
[2.680s] Level 5:colcon.colcon_core.verb:set package 'rover_arm' build argument 'cmake_force_configure' from command line to 'False'
[2.681s] Level 5:colcon.colcon_core.verb:set package 'rover_arm' build argument 'ament_cmake_args' from command line to 'None'
[2.681s] Level 5:colcon.colcon_core.verb:set package 'rover_arm' build argument 'catkin_cmake_args' from command line to 'None'
[2.681s] Level 5:colcon.colcon_core.verb:set package 'rover_arm' build argument 'catkin_skip_building_tests' from command line to 'False'
[2.681s] DEBUG:colcon.colcon_core.verb:Building package 'rover_arm' with the following arguments: {'ament_cmake_args': None, 'build_base': '/home/fatrat/ros2_ws/build/rover_arm', 'catkin_cmake_args': None, 'catkin_skip_building_tests': False, 'cmake_args': None, 'cmake_clean_cache': False, 'cmake_clean_first': False, 'cmake_force_configure': False, 'cmake_target': None, 'cmake_target_skip_unavailable': False, 'install_base': '/home/fatrat/ros2_ws/install/rover_arm', 'merge_install': False, 'path': '/home/fatrat/ros2_ws/src/rover_arm', 'symlink_install': False, 'test_result_base': None}
[2.682s] Level 5:colcon.colcon_core.verb:set package 'rover_bringup' build argument 'cmake_args' from command line to 'None'
[2.683s] Level 5:colcon.colcon_core.verb:set package 'rover_bringup' build argument 'cmake_target' from command line to 'None'
[2.683s] Level 5:colcon.colcon_core.verb:set package 'rover_bringup' build argument 'cmake_target_skip_unavailable' from command line to 'False'
[2.683s] Level 5:colcon.colcon_core.verb:set package 'rover_bringup' build argument 'cmake_clean_cache' from command line to 'False'
[2.683s] Level 5:colcon.colcon_core.verb:set package 'rover_bringup' build argument 'cmake_clean_first' from command line to 'False'
[2.683s] Level 5:colcon.colcon_core.verb:set package 'rover_bringup' build argument 'cmake_force_configure' from command line to 'False'
[2.683s] Level 5:colcon.colcon_core.verb:set package 'rover_bringup' build argument 'ament_cmake_args' from command line to 'None'
[2.683s] Level 5:colcon.colcon_core.verb:set package 'rover_bringup' build argument 'catkin_cmake_args' from command line to 'None'
[2.683s] Level 5:colcon.colcon_core.verb:set package 'rover_bringup' build argument 'catkin_skip_building_tests' from command line to 'False'
[2.683s] DEBUG:colcon.colcon_core.verb:Building package 'rover_bringup' with the following arguments: {'ament_cmake_args': None, 'build_base': '/home/fatrat/ros2_ws/build/rover_bringup', 'catkin_cmake_args': None, 'catkin_skip_building_tests': False, 'cmake_args': None, 'cmake_clean_cache': False, 'cmake_clean_first': False, 'cmake_force_configure': False, 'cmake_target': None, 'cmake_target_skip_unavailable': False, 'install_base': '/home/fatrat/ros2_ws/install/rover_bringup', 'merge_install': False, 'path': '/home/fatrat/ros2_ws/src/rover_bringup', 'symlink_install': False, 'test_result_base': None}
[2.685s] Level 5:colcon.colcon_core.verb:set package 'rover_control1' build argument 'cmake_args' from command line to 'None'
[2.685s] Level 5:colcon.colcon_core.verb:set package 'rover_control1' build argument 'cmake_target' from command line to 'None'
[2.685s] Level 5:colcon.colcon_core.verb:set package 'rover_control1' build argument 'cmake_target_skip_unavailable' from command line to 'False'
[2.685s] Level 5:colcon.colcon_core.verb:set package 'rover_control1' build argument 'cmake_clean_cache' from command line to 'False'
[2.685s] Level 5:colcon.colcon_core.verb:set package 'rover_control1' build argument 'cmake_clean_first' from command line to 'False'
[2.686s] Level 5:colcon.colcon_core.verb:set package 'rover_control1' build argument 'cmake_force_configure' from command line to 'False'
[2.686s] Level 5:colcon.colcon_core.verb:set package 'rover_control1' build argument 'ament_cmake_args' from command line to 'None'
[2.686s] Level 5:colcon.colcon_core.verb:set package 'rover_control1' build argument 'catkin_cmake_args' from command line to 'None'
[2.686s] Level 5:colcon.colcon_core.verb:set package 'rover_control1' build argument 'catkin_skip_building_tests' from command line to 'False'
[2.686s] DEBUG:colcon.colcon_core.verb:Building package 'rover_control1' with the following arguments: {'ament_cmake_args': None, 'build_base': '/home/fatrat/ros2_ws/build/rover_control1', 'catkin_cmake_args': None, 'catkin_skip_building_tests': False, 'cmake_args': None, 'cmake_clean_cache': False, 'cmake_clean_first': False, 'cmake_force_configure': False, 'cmake_target': None, 'cmake_target_skip_unavailable': False, 'install_base': '/home/fatrat/ros2_ws/install/rover_control1', 'merge_install': False, 'path': '/home/fatrat/ros2_ws/src/rover_control1', 'symlink_install': False, 'test_result_base': None}
[2.687s] Level 5:colcon.colcon_core.verb:set package 'rover_mapping' build argument 'cmake_args' from command line to 'None'
[2.688s] Level 5:colcon.colcon_core.verb:set package 'rover_mapping' build argument 'cmake_target' from command line to 'None'
[2.688s] Level 5:colcon.colcon_core.verb:set package 'rover_mapping' build argument 'cmake_target_skip_unavailable' from command line to 'False'
[2.688s] Level 5:colcon.colcon_core.verb:set package 'rover_mapping' build argument 'cmake_clean_cache' from command line to 'False'
[2.688s] Level 5:colcon.colcon_core.verb:set package 'rover_mapping' build argument 'cmake_clean_first' from command line to 'False'
[2.688s] Level 5:colcon.colcon_core.verb:set package 'rover_mapping' build argument 'cmake_force_configure' from command line to 'False'
[2.688s] Level 5:colcon.colcon_core.verb:set package 'rover_mapping' build argument 'ament_cmake_args' from command line to 'None'
[2.688s] Level 5:colcon.colcon_core.verb:set package 'rover_mapping' build argument 'catkin_cmake_args' from command line to 'None'
[2.688s] Level 5:colcon.colcon_core.verb:set package 'rover_mapping' build argument 'catkin_skip_building_tests' from command line to 'False'
[2.688s] DEBUG:colcon.colcon_core.verb:Building package 'rover_mapping' with the following arguments: {'ament_cmake_args': None, 'build_base': '/home/fatrat/ros2_ws/build/rover_mapping', 'catkin_cmake_args': None, 'catkin_skip_building_tests': False, 'cmake_args': None, 'cmake_clean_cache': False, 'cmake_clean_first': False, 'cmake_force_configure': False, 'cmake_target': None, 'cmake_target_skip_unavailable': False, 'install_base': '/home/fatrat/ros2_ws/install/rover_mapping', 'merge_install': False, 'path': '/home/fatrat/ros2_ws/src/rover_mapping', 'symlink_install': False, 'test_result_base': None}
[2.690s] Level 5:colcon.colcon_core.verb:set package 'rover_mission' build argument 'cmake_args' from command line to 'None'
[2.690s] Level 5:colcon.colcon_core.verb:set package 'rover_mission' build argument 'cmake_target' from command line to 'None'
[2.690s] Level 5:colcon.colcon_core.verb:set package 'rover_mission' build argument 'cmake_target_skip_unavailable' from command line to 'False'
[2.690s] Level 5:colcon.colcon_core.verb:set package 'rover_mission' build argument 'cmake_clean_cache' from command line to 'False'
[2.690s] Level 5:colcon.colcon_core.verb:set package 'rover_mission' build argument 'cmake_clean_first' from command line to 'False'
[2.691s] Level 5:colcon.colcon_core.verb:set package 'rover_mission' build argument 'cmake_force_configure' from command line to 'False'
[2.691s] Level 5:colcon.colcon_core.verb:set package 'rover_mission' build argument 'ament_cmake_args' from command line to 'None'
[2.691s] Level 5:colcon.colcon_core.verb:set package 'rover_mission' build argument 'catkin_cmake_args' from command line to 'None'
[2.691s] Level 5:colcon.colcon_core.verb:set package 'rover_mission' build argument 'catkin_skip_building_tests' from command line to 'False'
[2.691s] DEBUG:colcon.colcon_core.verb:Building package 'rover_mission' with the following arguments: {'ament_cmake_args': None, 'build_base': '/home/fatrat/ros2_ws/build/rover_mission', 'catkin_cmake_args': None, 'catkin_skip_building_tests': False, 'cmake_args': None, 'cmake_clean_cache': False, 'cmake_clean_first': False, 'cmake_force_configure': False, 'cmake_target': None, 'cmake_target_skip_unavailable': False, 'install_base': '/home/fatrat/ros2_ws/install/rover_mission', 'merge_install': False, 'path': '/home/fatrat/ros2_ws/src/rover_mission', 'symlink_install': False, 'test_result_base': None}
[2.692s] Level 5:colcon.colcon_core.verb:set package 'rover_monitor' build argument 'cmake_args' from command line to 'None'
[2.693s] Level 5:colcon.colcon_core.verb:set package 'rover_monitor' build argument 'cmake_target' from command line to 'None'
[2.693s] Level 5:colcon.colcon_core.verb:set package 'rover_monitor' build argument 'cmake_target_skip_unavailable' from command line to 'False'
[2.693s] Level 5:colcon.colcon_core.verb:set package 'rover_monitor' build argument 'cmake_clean_cache' from command line to 'False'
[2.693s] Level 5:colcon.colcon_core.verb:set package 'rover_monitor' build argument 'cmake_clean_first' from command line to 'False'
[2.693s] Level 5:colcon.colcon_core.verb:set package 'rover_monitor' build argument 'cmake_force_configure' from command line to 'False'
[2.693s] Level 5:colcon.colcon_core.verb:set package 'rover_monitor' build argument 'ament_cmake_args' from command line to 'None'
[2.693s] Level 5:colcon.colcon_core.verb:set package 'rover_monitor' build argument 'catkin_cmake_args' from command line to 'None'
[2.693s] Level 5:colcon.colcon_core.verb:set package 'rover_monitor' build argument 'catkin_skip_building_tests' from command line to 'False'
[2.693s] DEBUG:colcon.colcon_core.verb:Building package 'rover_monitor' with the following arguments: {'ament_cmake_args': None, 'build_base': '/home/fatrat/ros2_ws/build/rover_monitor', 'catkin_cmake_args': None, 'catkin_skip_building_tests': False, 'cmake_args': None, 'cmake_clean_cache': False, 'cmake_clean_first': False, 'cmake_force_configure': False, 'cmake_target': None, 'cmake_target_skip_unavailable': False, 'install_base': '/home/fatrat/ros2_ws/install/rover_monitor', 'merge_install': False, 'path': '/home/fatrat/ros2_ws/src/rover_monitor', 'symlink_install': False, 'test_result_base': None}
[2.695s] Level 5:colcon.colcon_core.verb:set package 'rover_vision' build argument 'cmake_args' from command line to 'None'
[2.695s] Level 5:colcon.colcon_core.verb:set package 'rover_vision' build argument 'cmake_target' from command line to 'None'
[2.695s] Level 5:colcon.colcon_core.verb:set package 'rover_vision' build argument 'cmake_target_skip_unavailable' from command line to 'False'
[2.695s] Level 5:colcon.colcon_core.verb:set package 'rover_vision' build argument 'cmake_clean_cache' from command line to 'False'
[2.695s] Level 5:colcon.colcon_core.verb:set package 'rover_vision' build argument 'cmake_clean_first' from command line to 'False'
[2.695s] Level 5:colcon.colcon_core.verb:set package 'rover_vision' build argument 'cmake_force_configure' from command line to 'False'
[2.696s] Level 5:colcon.colcon_core.verb:set package 'rover_vision' build argument 'ament_cmake_args' from command line to 'None'
[2.696s] Level 5:colcon.colcon_core.verb:set package 'rover_vision' build argument 'catkin_cmake_args' from command line to 'None'
[2.696s] Level 5:colcon.colcon_core.verb:set package 'rover_vision' build argument 'catkin_skip_building_tests' from command line to 'False'
[2.696s] DEBUG:colcon.colcon_core.verb:Building package 'rover_vision' with the following arguments: {'ament_cmake_args': None, 'build_base': '/home/fatrat/ros2_ws/build/rover_vision', 'catkin_cmake_args': None, 'catkin_skip_building_tests': False, 'cmake_args': None, 'cmake_clean_cache': False, 'cmake_clean_first': False, 'cmake_force_configure': False, 'cmake_target': None, 'cmake_target_skip_unavailable': False, 'install_base': '/home/fatrat/ros2_ws/install/rover_vision', 'merge_install': False, 'path': '/home/fatrat/ros2_ws/src/rover_vision', 'symlink_install': False, 'test_result_base': None}
[2.696s] INFO:colcon.colcon_core.executor:Executing jobs using 'parallel' executor
[2.700s] DEBUG:colcon.colcon_parallel_executor.executor.parallel:run_until_complete
[2.701s] INFO:colcon.colcon_ros.task.ament_python.build:Building ROS package in '/home/fatrat/ros2_ws/src/rover_arm' with build type 'ament_python'
[2.702s] Level 1:colcon.colcon_core.shell:create_environment_hook('rover_arm', 'ament_prefix_path')
[2.727s] INFO:colcon.colcon_core.plugin_system:Skipping extension 'colcon_core.shell.bat': Not used on non-Windows systems
[2.728s] INFO:colcon.colcon_core.shell:Creating environment hook '/home/fatrat/ros2_ws/install/rover_arm/share/rover_arm/hook/ament_prefix_path.ps1'
[2.734s] INFO:colcon.colcon_core.shell:Creating environment descriptor '/home/fatrat/ros2_ws/install/rover_arm/share/rover_arm/hook/ament_prefix_path.dsv'
[2.738s] INFO:colcon.colcon_core.shell:Creating environment hook '/home/fatrat/ros2_ws/install/rover_arm/share/rover_arm/hook/ament_prefix_path.sh'
[2.743s] INFO:colcon.colcon_core.shell:Skip shell extension 'powershell' for command environment: Not usable outside of PowerShell
[2.743s] DEBUG:colcon.colcon_core.shell:Skip shell extension 'dsv' for command environment
[2.768s] INFO:colcon.colcon_ros.task.ament_python.build:Building ROS package in '/home/fatrat/ros2_ws/src/rover_bringup' with build type 'ament_python'
[2.768s] Level 1:colcon.colcon_core.shell:create_environment_hook('rover_bringup', 'ament_prefix_path')
[2.770s] INFO:colcon.colcon_core.shell:Creating environment hook '/home/fatrat/ros2_ws/install/rover_bringup/share/rover_bringup/hook/ament_prefix_path.ps1'
[2.772s] INFO:colcon.colcon_core.shell:Creating environment descriptor '/home/fatrat/ros2_ws/install/rover_bringup/share/rover_bringup/hook/ament_prefix_path.dsv'
[2.775s] INFO:colcon.colcon_core.shell:Creating environment hook '/home/fatrat/ros2_ws/install/rover_bringup/share/rover_bringup/hook/ament_prefix_path.sh'
[2.778s] INFO:colcon.colcon_core.shell:Skip shell extension 'powershell' for command environment: Not usable outside of PowerShell
[2.778s] DEBUG:colcon.colcon_core.shell:Skip shell extension 'dsv' for command environment
[2.805s] INFO:colcon.colcon_ros.task.ament_python.build:Building ROS package in '/home/fatrat/ros2_ws/src/rover_control1' with build type 'ament_python'
[2.806s] Level 1:colcon.colcon_core.shell:create_environment_hook('rover_control1', 'ament_prefix_path')
[2.808s] INFO:colcon.colcon_core.shell:Creating environment hook '/home/fatrat/ros2_ws/install/rover_control1/share/rover_control1/hook/ament_prefix_path.ps1'
[2.811s] INFO:colcon.colcon_core.shell:Creating environment descriptor '/home/fatrat/ros2_ws/install/rover_control1/share/rover_control1/hook/ament_prefix_path.dsv'
[2.813s] INFO:colcon.colcon_core.shell:Creating environment hook '/home/fatrat/ros2_ws/install/rover_control1/share/rover_control1/hook/ament_prefix_path.sh'
[2.816s] INFO:colcon.colcon_core.shell:Skip shell extension 'powershell' for command environment: Not usable outside of PowerShell
[2.817s] DEBUG:colcon.colcon_core.shell:Skip shell extension 'dsv' for command environment
[2.842s] INFO:colcon.colcon_ros.task.ament_python.build:Building ROS package in '/home/fatrat/ros2_ws/src/rover_mapping' with build type 'ament_python'
[2.843s] Level 1:colcon.colcon_core.shell:create_environment_hook('rover_mapping', 'ament_prefix_path')
[2.844s] INFO:colcon.colcon_core.shell:Creating environment hook '/home/fatrat/ros2_ws/install/rover_mapping/share/rover_mapping/hook/ament_prefix_path.ps1'
[2.846s] INFO:colcon.colcon_core.shell:Creating environment descriptor '/home/fatrat/ros2_ws/install/rover_mapping/share/rover_mapping/hook/ament_prefix_path.dsv'
[2.848s] INFO:colcon.colcon_core.shell:Creating environment hook '/home/fatrat/ros2_ws/install/rover_mapping/share/rover_mapping/hook/ament_prefix_path.sh'
[2.853s] INFO:colcon.colcon_core.shell:Skip shell extension 'powershell' for command environment: Not usable outside of PowerShell
[2.854s] DEBUG:colcon.colcon_core.shell:Skip shell extension 'dsv' for command environment
[4.230s] INFO:colcon.colcon_core.task.python.build:Building Python package in '/home/fatrat/ros2_ws/src/rover_arm'
[4.231s] INFO:colcon.colcon_core.shell:Skip shell extension 'powershell' for command environment: Not usable outside of PowerShell
[4.232s] DEBUG:colcon.colcon_core.shell:Skip shell extension 'dsv' for command environment
[5.630s] INFO:colcon.colcon_core.task.python.build:Building Python package in '/home/fatrat/ros2_ws/src/rover_bringup'
[5.638s] INFO:colcon.colcon_core.shell:Skip shell extension 'powershell' for command environment: Not usable outside of PowerShell
[5.638s] DEBUG:colcon.colcon_core.shell:Skip shell extension 'dsv' for command environment
[7.014s] INFO:colcon.colcon_core.task.python.build:Building Python package in '/home/fatrat/ros2_ws/src/rover_control1'
[7.015s] INFO:colcon.colcon_core.shell:Skip shell extension 'powershell' for command environment: Not usable outside of PowerShell
[7.015s] DEBUG:colcon.colcon_core.shell:Skip shell extension 'dsv' for command environment
[8.373s] INFO:colcon.colcon_core.task.python.build:Building Python package in '/home/fatrat/ros2_ws/src/rover_mapping'
[8.374s] INFO:colcon.colcon_core.shell:Skip shell extension 'powershell' for command environment: Not usable outside of PowerShell
[8.374s] DEBUG:colcon.colcon_core.shell:Skip shell extension 'dsv' for command environment
[11.871s] DEBUG:colcon.colcon_core.event_handler.log_command:Invoking command in '/home/fatrat/ros2_ws/src/rover_arm': PYTHONPATH=/home/fatrat/ros2_ws/build/rover_arm/prefix_override:/usr/lib/python3/dist-packages/colcon_core/task/python/colcon_distutils_commands:/home/fatrat/ros2_ws/install/rover_arm/lib/python3.10/site-packages:${PYTHONPATH} /usr/bin/python3 -W ignore:setup.py install is deprecated -W ignore:easy_install command is deprecated setup.py egg_info --egg-base ../../build/rover_arm build --build-base /home/fatrat/ros2_ws/build/rover_arm/build install --record /home/fatrat/ros2_ws/build/rover_arm/install.log --single-version-externally-managed install_data
[11.945s] DEBUG:colcon.colcon_core.event_handler.log_command:Invoking command in '/home/fatrat/ros2_ws/src/rover_control1': PYTHONPATH=/home/fatrat/ros2_ws/build/rover_control1/prefix_override:/usr/lib/python3/dist-packages/colcon_core/task/python/colcon_distutils_commands:/home/fatrat/ros2_ws/install/rover_control1/lib/python3.10/site-packages:${PYTHONPATH} /usr/bin/python3 -W ignore:setup.py install is deprecated -W ignore:easy_install command is deprecated setup.py egg_info --egg-base ../../build/rover_control1 build --build-base /home/fatrat/ros2_ws/build/rover_control1/build install --record /home/fatrat/ros2_ws/build/rover_control1/install.log --single-version-externally-managed install_data
[12.004s] DEBUG:colcon.colcon_core.event_handler.log_command:Invoking command in '/home/fatrat/ros2_ws/src/rover_bringup': PYTHONPATH=/home/fatrat/ros2_ws/build/rover_bringup/prefix_override:/usr/lib/python3/dist-packages/colcon_core/task/python/colcon_distutils_commands:/home/fatrat/ros2_ws/install/rover_bringup/lib/python3.10/site-packages:${PYTHONPATH} /usr/bin/python3 -W ignore:setup.py install is deprecated -W ignore:easy_install command is deprecated setup.py egg_info --egg-base ../../build/rover_bringup build --build-base /home/fatrat/ros2_ws/build/rover_bringup/build install --record /home/fatrat/ros2_ws/build/rover_bringup/install.log --single-version-externally-managed install_data
[12.039s] DEBUG:colcon.colcon_core.event_handler.log_command:Invoking command in '/home/fatrat/ros2_ws/src/rover_mapping': PYTHONPATH=/home/fatrat/ros2_ws/build/rover_mapping/prefix_override:/usr/lib/python3/dist-packages/colcon_core/task/python/colcon_distutils_commands:/home/fatrat/ros2_ws/install/rover_mapping/lib/python3.10/site-packages:${PYTHONPATH} /usr/bin/python3 -W ignore:setup.py install is deprecated -W ignore:easy_install command is deprecated setup.py egg_info --egg-base ../../build/rover_mapping build --build-base /home/fatrat/ros2_ws/build/rover_mapping/build install --record /home/fatrat/ros2_ws/build/rover_mapping/install.log --single-version-externally-managed install_data
[14.689s] DEBUG:colcon.colcon_core.event_handler.log_command:Invoked command in '/home/fatrat/ros2_ws/src/rover_mapping' returned '0': PYTHONPATH=/home/fatrat/ros2_ws/build/rover_mapping/prefix_override:/usr/lib/python3/dist-packages/colcon_core/task/python/colcon_distutils_commands:/home/fatrat/ros2_ws/install/rover_mapping/lib/python3.10/site-packages:${PYTHONPATH} /usr/bin/python3 -W ignore:setup.py install is deprecated -W ignore:easy_install command is deprecated setup.py egg_info --egg-base ../../build/rover_mapping build --build-base /home/fatrat/ros2_ws/build/rover_mapping/build install --record /home/fatrat/ros2_ws/build/rover_mapping/install.log --single-version-externally-managed install_data
[14.750s] Level 1:colcon.colcon_core.environment:checking '/home/fatrat/ros2_ws/install/rover_mapping' for CMake module files
[14.755s] Level 1:colcon.colcon_core.environment:checking '/home/fatrat/ros2_ws/install/rover_mapping' for CMake config files
[14.760s] Level 1:colcon.colcon_core.environment:checking '/home/fatrat/ros2_ws/install/rover_mapping/lib'
[14.762s] Level 1:colcon.colcon_core.environment:checking '/home/fatrat/ros2_ws/install/rover_mapping/bin'
[14.771s] Level 1:colcon.colcon_core.environment:checking '/home/fatrat/ros2_ws/install/rover_mapping/lib/pkgconfig/rover_mapping.pc'
[14.773s] Level 1:colcon.colcon_core.environment:checking '/home/fatrat/ros2_ws/install/rover_mapping/lib/python3.10/site-packages'
[14.774s] Level 1:colcon.colcon_core.shell:create_environment_hook('rover_mapping', 'pythonpath')
[14.776s] INFO:colcon.colcon_core.shell:Creating environment hook '/home/fatrat/ros2_ws/install/rover_mapping/share/rover_mapping/hook/pythonpath.ps1'
[14.799s] INFO:colcon.colcon_core.shell:Creating environment descriptor '/home/fatrat/ros2_ws/install/rover_mapping/share/rover_mapping/hook/pythonpath.dsv'
[14.807s] INFO:colcon.colcon_core.shell:Creating environment hook '/home/fatrat/ros2_ws/install/rover_mapping/share/rover_mapping/hook/pythonpath.sh'
[14.854s] Level 1:colcon.colcon_core.environment:checking '/home/fatrat/ros2_ws/install/rover_mapping/bin'
[14.862s] Level 1:colcon.colcon_core.environment:create_environment_scripts_only(rover_mapping)
[14.870s] INFO:colcon.colcon_core.shell:Creating package script '/home/fatrat/ros2_ws/install/rover_mapping/share/rover_mapping/package.ps1'
[14.892s] INFO:colcon.colcon_core.shell:Creating package descriptor '/home/fatrat/ros2_ws/install/rover_mapping/share/rover_mapping/package.dsv'
[14.902s] INFO:colcon.colcon_core.shell:Creating package script '/home/fatrat/ros2_ws/install/rover_mapping/share/rover_mapping/package.sh'
[14.918s] INFO:colcon.colcon_core.shell:Creating package script '/home/fatrat/ros2_ws/install/rover_mapping/share/rover_mapping/package.bash'
[14.937s] INFO:colcon.colcon_core.shell:Creating package script '/home/fatrat/ros2_ws/install/rover_mapping/share/rover_mapping/package.zsh'
[14.954s] Level 1:colcon.colcon_core.environment:create_file_with_runtime_dependencies(/home/fatrat/ros2_ws/install/rover_mapping/share/colcon-core/packages/rover_mapping)
[14.958s] INFO:colcon.colcon_ros.task.ament_python.build:Building ROS package in '/home/fatrat/ros2_ws/src/rover_mission' with build type 'ament_python'
[14.959s] Level 1:colcon.colcon_core.shell:create_environment_hook('rover_mission', 'ament_prefix_path')
[14.960s] INFO:colcon.colcon_core.shell:Creating environment hook '/home/fatrat/ros2_ws/install/rover_mission/share/rover_mission/hook/ament_prefix_path.ps1'
[14.963s] INFO:colcon.colcon_core.shell:Creating environment descriptor '/home/fatrat/ros2_ws/install/rover_mission/share/rover_mission/hook/ament_prefix_path.dsv'
[14.966s] INFO:colcon.colcon_core.shell:Creating environment hook '/home/fatrat/ros2_ws/install/rover_mission/share/rover_mission/hook/ament_prefix_path.sh'
[14.971s] INFO:colcon.colcon_core.shell:Skip shell extension 'powershell' for command environment: Not usable outside of PowerShell
[14.972s] DEBUG:colcon.colcon_core.shell:Skip shell extension 'dsv' for command environment
[15.019s] Level 1:colcon.colcon_core.environment:checking '/home/fatrat/ros2_ws/install/rover_bringup' for CMake module files
[15.023s] DEBUG:colcon.colcon_core.event_handler.log_command:Invoked command in '/home/fatrat/ros2_ws/src/rover_bringup' returned '0': PYTHONPATH=/home/fatrat/ros2_ws/build/rover_bringup/prefix_override:/usr/lib/python3/dist-packages/colcon_core/task/python/colcon_distutils_commands:/home/fatrat/ros2_ws/install/rover_bringup/lib/python3.10/site-packages:${PYTHONPATH} /usr/bin/python3 -W ignore:setup.py install is deprecated -W ignore:easy_install command is deprecated setup.py egg_info --egg-base ../../build/rover_bringup build --build-base /home/fatrat/ros2_ws/build/rover_bringup/build install --record /home/fatrat/ros2_ws/build/rover_bringup/install.log --single-version-externally-managed install_data
[15.026s] Level 1:colcon.colcon_core.environment:checking '/home/fatrat/ros2_ws/install/rover_bringup' for CMake config files
[15.034s] Level 1:colcon.colcon_core.environment:checking '/home/fatrat/ros2_ws/install/rover_bringup/lib'
[15.035s] Level 1:colcon.colcon_core.environment:checking '/home/fatrat/ros2_ws/install/rover_bringup/bin'
[15.035s] Level 1:colcon.colcon_core.environment:checking '/home/fatrat/ros2_ws/install/rover_bringup/lib/pkgconfig/rover_bringup.pc'
[15.037s] Level 1:colcon.colcon_core.environment:checking '/home/fatrat/ros2_ws/install/rover_bringup/lib/python3.10/site-packages'
[15.038s] Level 1:colcon.colcon_core.shell:create_environment_hook('rover_bringup', 'pythonpath')
[15.040s] INFO:colcon.colcon_core.shell:Creating environment hook '/home/fatrat/ros2_ws/install/rover_bringup/share/rover_bringup/hook/pythonpath.ps1'
[15.044s] INFO:colcon.colcon_core.shell:Creating environment descriptor '/home/fatrat/ros2_ws/install/rover_bringup/share/rover_bringup/hook/pythonpath.dsv'
[15.048s] INFO:colcon.colcon_core.shell:Creating environment hook '/home/fatrat/ros2_ws/install/rover_bringup/share/rover_bringup/hook/pythonpath.sh'
[15.055s] Level 1:colcon.colcon_core.environment:checking '/home/fatrat/ros2_ws/install/rover_bringup/bin'
[15.056s] Level 1:colcon.colcon_core.environment:create_environment_scripts_only(rover_bringup)
[15.058s] INFO:colcon.colcon_core.shell:Creating package script '/home/fatrat/ros2_ws/install/rover_bringup/share/rover_bringup/package.ps1'
[15.064s] INFO:colcon.colcon_core.shell:Creating package descriptor '/home/fatrat/ros2_ws/install/rover_bringup/share/rover_bringup/package.dsv'
[15.070s] INFO:colcon.colcon_core.shell:Creating package script '/home/fatrat/ros2_ws/install/rover_bringup/share/rover_bringup/package.sh'
[15.074s] INFO:colcon.colcon_core.shell:Creating package script '/home/fatrat/ros2_ws/install/rover_bringup/share/rover_bringup/package.bash'
[15.078s] INFO:colcon.colcon_core.shell:Creating package script '/home/fatrat/ros2_ws/install/rover_bringup/share/rover_bringup/package.zsh'
[15.081s] Level 1:colcon.colcon_core.environment:create_file_with_runtime_dependencies(/home/fatrat/ros2_ws/install/rover_bringup/share/colcon-core/packages/rover_bringup)
[15.084s] Level 1:colcon.colcon_core.environment:checking '/home/fatrat/ros2_ws/install/rover_control1' for CMake module files
[15.091s] DEBUG:colcon.colcon_core.event_handler.log_command:Invoked command in '/home/fatrat/ros2_ws/src/rover_control1' returned '0': PYTHONPATH=/home/fatrat/ros2_ws/build/rover_control1/prefix_override:/usr/lib/python3/dist-packages/colcon_core/task/python/colcon_distutils_commands:/home/fatrat/ros2_ws/install/rover_control1/lib/python3.10/site-packages:${PYTHONPATH} /usr/bin/python3 -W ignore:setup.py install is deprecated -W ignore:easy_install command is deprecated setup.py egg_info --egg-base ../../build/rover_control1 build --build-base /home/fatrat/ros2_ws/build/rover_control1/build install --record /home/fatrat/ros2_ws/build/rover_control1/install.log --single-version-externally-managed install_data
[15.092s] Level 1:colcon.colcon_core.environment:checking '/home/fatrat/ros2_ws/install/rover_control1' for CMake config files
[15.099s] Level 1:colcon.colcon_core.environment:checking '/home/fatrat/ros2_ws/install/rover_control1/lib'
[15.100s] Level 1:colcon.colcon_core.environment:checking '/home/fatrat/ros2_ws/install/rover_control1/bin'
[15.101s] Level 1:colcon.colcon_core.environment:checking '/home/fatrat/ros2_ws/install/rover_control1/lib/pkgconfig/rover_control1.pc'
[15.104s] Level 1:colcon.colcon_core.environment:checking '/home/fatrat/ros2_ws/install/rover_control1/lib/python3.10/site-packages'
[15.105s] Level 1:colcon.colcon_core.shell:create_environment_hook('rover_control1', 'pythonpath')
[15.107s] INFO:colcon.colcon_core.shell:Creating environment hook '/home/fatrat/ros2_ws/install/rover_control1/share/rover_control1/hook/pythonpath.ps1'
[15.112s] INFO:colcon.colcon_core.shell:Creating environment descriptor '/home/fatrat/ros2_ws/install/rover_control1/share/rover_control1/hook/pythonpath.dsv'
[15.117s] INFO:colcon.colcon_core.shell:Creating environment hook '/home/fatrat/ros2_ws/install/rover_control1/share/rover_control1/hook/pythonpath.sh'
[15.124s] Level 1:colcon.colcon_core.environment:checking '/home/fatrat/ros2_ws/install/rover_control1/bin'
[15.125s] Level 1:colcon.colcon_core.environment:create_environment_scripts_only(rover_control1)
[15.127s] INFO:colcon.colcon_core.shell:Creating package script '/home/fatrat/ros2_ws/install/rover_control1/share/rover_control1/package.ps1'
[15.132s] INFO:colcon.colcon_core.shell:Creating package descriptor '/home/fatrat/ros2_ws/install/rover_control1/share/rover_control1/package.dsv'
[15.137s] INFO:colcon.colcon_core.shell:Creating package script '/home/fatrat/ros2_ws/install/rover_control1/share/rover_control1/package.sh'
[15.140s] INFO:colcon.colcon_core.shell:Creating package script '/home/fatrat/ros2_ws/install/rover_control1/share/rover_control1/package.bash'
[15.143s] INFO:colcon.colcon_core.shell:Creating package script '/home/fatrat/ros2_ws/install/rover_control1/share/rover_control1/package.zsh'
[15.147s] Level 1:colcon.colcon_core.environment:create_file_with_runtime_dependencies(/home/fatrat/ros2_ws/install/rover_control1/share/colcon-core/packages/rover_control1)
[15.153s] INFO:colcon.colcon_ros.task.ament_python.build:Building ROS package in '/home/fatrat/ros2_ws/src/rover_monitor' with build type 'ament_python'
[15.154s] Level 1:colcon.colcon_core.shell:create_environment_hook('rover_monitor', 'ament_prefix_path')
[15.156s] INFO:colcon.colcon_core.shell:Creating environment hook '/home/fatrat/ros2_ws/install/rover_monitor/share/rover_monitor/hook/ament_prefix_path.ps1'
[15.160s] INFO:colcon.colcon_core.shell:Creating environment descriptor '/home/fatrat/ros2_ws/install/rover_monitor/share/rover_monitor/hook/ament_prefix_path.dsv'
[15.162s] INFO:colcon.colcon_core.shell:Creating environment hook '/home/fatrat/ros2_ws/install/rover_monitor/share/rover_monitor/hook/ament_prefix_path.sh'
[15.166s] INFO:colcon.colcon_core.shell:Skip shell extension 'powershell' for command environment: Not usable outside of PowerShell
[15.166s] DEBUG:colcon.colcon_core.shell:Skip shell extension 'dsv' for command environment
[15.196s] INFO:colcon.colcon_ros.task.ament_python.build:Building ROS package in '/home/fatrat/ros2_ws/src/rover_vision' with build type 'ament_python'
[15.196s] Level 1:colcon.colcon_core.shell:create_environment_hook('rover_vision', 'ament_prefix_path')
[15.198s] INFO:colcon.colcon_core.shell:Creating environment hook '/home/fatrat/ros2_ws/install/rover_vision/share/rover_vision/hook/ament_prefix_path.ps1'
[15.202s] INFO:colcon.colcon_core.shell:Creating environment descriptor '/home/fatrat/ros2_ws/install/rover_vision/share/rover_vision/hook/ament_prefix_path.dsv'
[15.206s] INFO:colcon.colcon_core.shell:Creating environment hook '/home/fatrat/ros2_ws/install/rover_vision/share/rover_vision/hook/ament_prefix_path.sh'
[15.209s] INFO:colcon.colcon_core.shell:Skip shell extension 'powershell' for command environment: Not usable outside of PowerShell
[15.210s] DEBUG:colcon.colcon_core.shell:Skip shell extension 'dsv' for command environment
[16.605s] INFO:colcon.colcon_core.task.python.build:Building Python package in '/home/fatrat/ros2_ws/src/rover_mission'
[16.606s] INFO:colcon.colcon_core.shell:Skip shell extension 'powershell' for command environment: Not usable outside of PowerShell
[16.606s] DEBUG:colcon.colcon_core.shell:Skip shell extension 'dsv' for command environment
[16.636s] Level 1:colcon.colcon_core.environment:checking '/home/fatrat/ros2_ws/install/rover_arm' for CMake module files
[16.637s] DEBUG:colcon.colcon_core.event_handler.log_command:Invoked command in '/home/fatrat/ros2_ws/src/rover_arm' returned '0': PYTHONPATH=/home/fatrat/ros2_ws/build/rover_arm/prefix_override:/usr/lib/python3/dist-packages/colcon_core/task/python/colcon_distutils_commands:/home/fatrat/ros2_ws/install/rover_arm/lib/python3.10/site-packages:${PYTHONPATH} /usr/bin/python3 -W ignore:setup.py install is deprecated -W ignore:easy_install command is deprecated setup.py egg_info --egg-base ../../build/rover_arm build --build-base /home/fatrat/ros2_ws/build/rover_arm/build install --record /home/fatrat/ros2_ws/build/rover_arm/install.log --single-version-externally-managed install_data
[16.640s] Level 1:colcon.colcon_core.environment:checking '/home/fatrat/ros2_ws/install/rover_arm' for CMake config files
[16.643s] Level 1:colcon.colcon_core.environment:checking '/home/fatrat/ros2_ws/install/rover_arm/lib'
[16.644s] Level 1:colcon.colcon_core.environment:checking '/home/fatrat/ros2_ws/install/rover_arm/bin'
[16.644s] Level 1:colcon.colcon_core.environment:checking '/home/fatrat/ros2_ws/install/rover_arm/lib/pkgconfig/rover_arm.pc'
[16.645s] Level 1:colcon.colcon_core.environment:checking '/home/fatrat/ros2_ws/install/rover_arm/lib/python3.10/site-packages'
[16.645s] Level 1:colcon.colcon_core.shell:create_environment_hook('rover_arm', 'pythonpath')
[16.646s] INFO:colcon.colcon_core.shell:Creating environment hook '/home/fatrat/ros2_ws/install/rover_arm/share/rover_arm/hook/pythonpath.ps1'
[16.648s] INFO:colcon.colcon_core.shell:Creating environment descriptor '/home/fatrat/ros2_ws/install/rover_arm/share/rover_arm/hook/pythonpath.dsv'
[16.650s] INFO:colcon.colcon_core.shell:Creating environment hook '/home/fatrat/ros2_ws/install/rover_arm/share/rover_arm/hook/pythonpath.sh'
[16.654s] Level 1:colcon.colcon_core.environment:checking '/home/fatrat/ros2_ws/install/rover_arm/bin'
[16.654s] Level 1:colcon.colcon_core.environment:create_environment_scripts_only(rover_arm)
[16.655s] INFO:colcon.colcon_core.shell:Creating package script '/home/fatrat/ros2_ws/install/rover_arm/share/rover_arm/package.ps1'
[16.658s] INFO:colcon.colcon_core.shell:Creating package descriptor '/home/fatrat/ros2_ws/install/rover_arm/share/rover_arm/package.dsv'
[16.660s] INFO:colcon.colcon_core.shell:Creating package script '/home/fatrat/ros2_ws/install/rover_arm/share/rover_arm/package.sh'
[16.663s] INFO:colcon.colcon_core.shell:Creating package script '/home/fatrat/ros2_ws/install/rover_arm/share/rover_arm/package.bash'
[16.665s] INFO:colcon.colcon_core.shell:Creating package script '/home/fatrat/ros2_ws/install/rover_arm/share/rover_arm/package.zsh'
[16.667s] Level 1:colcon.colcon_core.environment:create_file_with_runtime_dependencies(/home/fatrat/ros2_ws/install/rover_arm/share/colcon-core/packages/rover_arm)
[18.004s] INFO:colcon.colcon_core.task.python.build:Building Python package in '/home/fatrat/ros2_ws/src/rover_monitor'
[18.005s] INFO:colcon.colcon_core.shell:Skip shell extension 'powershell' for command environment: Not usable outside of PowerShell
[18.006s] DEBUG:colcon.colcon_core.shell:Skip shell extension 'dsv' for command environment
[19.365s] INFO:colcon.colcon_core.task.python.build:Building Python package in '/home/fatrat/ros2_ws/src/rover_vision'
[19.366s] INFO:colcon.colcon_core.shell:Skip shell extension 'powershell' for command environment: Not usable outside of PowerShell
[19.366s] DEBUG:colcon.colcon_core.shell:Skip shell extension 'dsv' for command environment
[21.808s] DEBUG:colcon.colcon_core.event_handler.log_command:Invoking command in '/home/fatrat/ros2_ws/src/rover_mission': PYTHONPATH=/home/fatrat/ros2_ws/build/rover_mission/prefix_override:/usr/lib/python3/dist-packages/colcon_core/task/python/colcon_distutils_commands:/home/fatrat/ros2_ws/install/rover_mission/lib/python3.10/site-packages:${PYTHONPATH} /usr/bin/python3 -W ignore:setup.py install is deprecated -W ignore:easy_install command is deprecated setup.py egg_info --egg-base ../../build/rover_mission build --build-base /home/fatrat/ros2_ws/build/rover_mission/build install --record /home/fatrat/ros2_ws/build/rover_mission/install.log --single-version-externally-managed install_data
[21.835s] DEBUG:colcon.colcon_core.event_handler.log_command:Invoking command in '/home/fatrat/ros2_ws/src/rover_monitor': PYTHONPATH=/home/fatrat/ros2_ws/build/rover_monitor/prefix_override:/usr/lib/python3/dist-packages/colcon_core/task/python/colcon_distutils_commands:/home/fatrat/ros2_ws/install/rover_monitor/lib/python3.10/site-packages:${PYTHONPATH} /usr/bin/python3 -W ignore:setup.py install is deprecated -W ignore:easy_install command is deprecated setup.py egg_info --egg-base ../../build/rover_monitor build --build-base /home/fatrat/ros2_ws/build/rover_monitor/build install --record /home/fatrat/ros2_ws/build/rover_monitor/install.log --single-version-externally-managed install_data
[22.042s] DEBUG:colcon.colcon_core.event_handler.log_command:Invoking command in '/home/fatrat/ros2_ws/src/rover_vision': PYTHONPATH=/home/fatrat/ros2_ws/build/rover_vision/prefix_override:/usr/lib/python3/dist-packages/colcon_core/task/python/colcon_distutils_commands:/home/fatrat/ros2_ws/install/rover_vision/lib/python3.10/site-packages:${PYTHONPATH} /usr/bin/python3 -W ignore:setup.py install is deprecated -W ignore:easy_install command is deprecated setup.py egg_info --egg-base ../../build/rover_vision build --build-base /home/fatrat/ros2_ws/build/rover_vision/build install --record /home/fatrat/ros2_ws/build/rover_vision/install.log --single-version-externally-managed install_data
[24.063s] Level 1:colcon.colcon_core.environment:checking '/home/fatrat/ros2_ws/install/rover_monitor' for CMake module files
[24.071s] Level 1:colcon.colcon_core.environment:checking '/home/fatrat/ros2_ws/install/rover_monitor' for CMake config files
[24.065s] DEBUG:colcon.colcon_core.event_handler.log_command:Invoked command in '/home/fatrat/ros2_ws/src/rover_monitor' returned '0': PYTHONPATH=/home/fatrat/ros2_ws/build/rover_monitor/prefix_override:/usr/lib/python3/dist-packages/colcon_core/task/python/colcon_distutils_commands:/home/fatrat/ros2_ws/install/rover_monitor/lib/python3.10/site-packages:${PYTHONPATH} /usr/bin/python3 -W ignore:setup.py install is deprecated -W ignore:easy_install command is deprecated setup.py egg_info --egg-base ../../build/rover_monitor build --build-base /home/fatrat/ros2_ws/build/rover_monitor/build install --record /home/fatrat/ros2_ws/build/rover_monitor/install.log --single-version-externally-managed install_data
[24.082s] Level 1:colcon.colcon_core.environment:checking '/home/fatrat/ros2_ws/install/rover_monitor/lib'
[24.083s] Level 1:colcon.colcon_core.environment:checking '/home/fatrat/ros2_ws/install/rover_monitor/bin'
[24.084s] Level 1:colcon.colcon_core.environment:checking '/home/fatrat/ros2_ws/install/rover_monitor/lib/pkgconfig/rover_monitor.pc'
[24.086s] Level 1:colcon.colcon_core.environment:checking '/home/fatrat/ros2_ws/install/rover_monitor/lib/python3.10/site-packages'
[24.087s] Level 1:colcon.colcon_core.shell:create_environment_hook('rover_monitor', 'pythonpath')
[24.090s] INFO:colcon.colcon_core.shell:Creating environment hook '/home/fatrat/ros2_ws/install/rover_monitor/share/rover_monitor/hook/pythonpath.ps1'
[24.094s] INFO:colcon.colcon_core.shell:Creating environment descriptor '/home/fatrat/ros2_ws/install/rover_monitor/share/rover_monitor/hook/pythonpath.dsv'
[24.097s] INFO:colcon.colcon_core.shell:Creating environment hook '/home/fatrat/ros2_ws/install/rover_monitor/share/rover_monitor/hook/pythonpath.sh'
[24.104s] Level 1:colcon.colcon_core.environment:checking '/home/fatrat/ros2_ws/install/rover_monitor/bin'
[24.118s] Level 1:colcon.colcon_core.environment:create_environment_scripts_only(rover_monitor)
[24.120s] INFO:colcon.colcon_core.shell:Creating package script '/home/fatrat/ros2_ws/install/rover_monitor/share/rover_monitor/package.ps1'
[24.127s] INFO:colcon.colcon_core.shell:Creating package descriptor '/home/fatrat/ros2_ws/install/rover_monitor/share/rover_monitor/package.dsv'
[24.132s] INFO:colcon.colcon_core.shell:Creating package script '/home/fatrat/ros2_ws/install/rover_monitor/share/rover_monitor/package.sh'
[24.136s] INFO:colcon.colcon_core.shell:Creating package script '/home/fatrat/ros2_ws/install/rover_monitor/share/rover_monitor/package.bash'
[24.143s] INFO:colcon.colcon_core.shell:Creating package script '/home/fatrat/ros2_ws/install/rover_monitor/share/rover_monitor/package.zsh'
[24.154s] Level 1:colcon.colcon_core.environment:create_file_with_runtime_dependencies(/home/fatrat/ros2_ws/install/rover_monitor/share/colcon-core/packages/rover_monitor)
[24.206s] Level 1:colcon.colcon_core.environment:checking '/home/fatrat/ros2_ws/install/rover_mission' for CMake module files
[24.210s] Level 1:colcon.colcon_core.environment:checking '/home/fatrat/ros2_ws/install/rover_mission' for CMake config files
[24.212s] DEBUG:colcon.colcon_core.event_handler.log_command:Invoked command in '/home/fatrat/ros2_ws/src/rover_mission' returned '0': PYTHONPATH=/home/fatrat/ros2_ws/build/rover_mission/prefix_override:/usr/lib/python3/dist-packages/colcon_core/task/python/colcon_distutils_commands:/home/fatrat/ros2_ws/install/rover_mission/lib/python3.10/site-packages:${PYTHONPATH} /usr/bin/python3 -W ignore:setup.py install is deprecated -W ignore:easy_install command is deprecated setup.py egg_info --egg-base ../../build/rover_mission build --build-base /home/fatrat/ros2_ws/build/rover_mission/build install --record /home/fatrat/ros2_ws/build/rover_mission/install.log --single-version-externally-managed install_data
[24.217s] Level 1:colcon.colcon_core.environment:checking '/home/fatrat/ros2_ws/install/rover_mission/lib'
[24.219s] Level 1:colcon.colcon_core.environment:checking '/home/fatrat/ros2_ws/install/rover_mission/bin'
[24.220s] Level 1:colcon.colcon_core.environment:checking '/home/fatrat/ros2_ws/install/rover_mission/lib/pkgconfig/rover_mission.pc'
[24.221s] Level 1:colcon.colcon_core.environment:checking '/home/fatrat/ros2_ws/install/rover_mission/lib/python3.10/site-packages'
[24.222s] Level 1:colcon.colcon_core.shell:create_environment_hook('rover_mission', 'pythonpath')
[24.223s] INFO:colcon.colcon_core.shell:Creating environment hook '/home/fatrat/ros2_ws/install/rover_mission/share/rover_mission/hook/pythonpath.ps1'
[24.227s] INFO:colcon.colcon_core.shell:Creating environment descriptor '/home/fatrat/ros2_ws/install/rover_mission/share/rover_mission/hook/pythonpath.dsv'
[24.229s] INFO:colcon.colcon_core.shell:Creating environment hook '/home/fatrat/ros2_ws/install/rover_mission/share/rover_mission/hook/pythonpath.sh'
[24.234s] Level 1:colcon.colcon_core.environment:checking '/home/fatrat/ros2_ws/install/rover_mission/bin'
[24.234s] Level 1:colcon.colcon_core.environment:create_environment_scripts_only(rover_mission)
[24.236s] INFO:colcon.colcon_core.shell:Creating package script '/home/fatrat/ros2_ws/install/rover_mission/share/rover_mission/package.ps1'
[24.242s] INFO:colcon.colcon_core.shell:Creating package descriptor '/home/fatrat/ros2_ws/install/rover_mission/share/rover_mission/package.dsv'
[24.244s] INFO:colcon.colcon_core.shell:Creating package script '/home/fatrat/ros2_ws/install/rover_mission/share/rover_mission/package.sh'
[24.248s] INFO:colcon.colcon_core.shell:Creating package script '/home/fatrat/ros2_ws/install/rover_mission/share/rover_mission/package.bash'
[24.250s] INFO:colcon.colcon_core.shell:Creating package script '/home/fatrat/ros2_ws/install/rover_mission/share/rover_mission/package.zsh'
[24.253s] Level 1:colcon.colcon_core.environment:create_file_with_runtime_dependencies(/home/fatrat/ros2_ws/install/rover_mission/share/colcon-core/packages/rover_mission)
[24.468s] Level 1:colcon.colcon_core.environment:checking '/home/fatrat/ros2_ws/install/rover_vision' for CMake module files
[24.470s] DEBUG:colcon.colcon_core.event_handler.log_command:Invoked command in '/home/fatrat/ros2_ws/src/rover_vision' returned '0': PYTHONPATH=/home/fatrat/ros2_ws/build/rover_vision/prefix_override:/usr/lib/python3/dist-packages/colcon_core/task/python/colcon_distutils_commands:/home/fatrat/ros2_ws/install/rover_vision/lib/python3.10/site-packages:${PYTHONPATH} /usr/bin/python3 -W ignore:setup.py install is deprecated -W ignore:easy_install command is deprecated setup.py egg_info --egg-base ../../build/rover_vision build --build-base /home/fatrat/ros2_ws/build/rover_vision/build install --record /home/fatrat/ros2_ws/build/rover_vision/install.log --single-version-externally-managed install_data
[24.472s] Level 1:colcon.colcon_core.environment:checking '/home/fatrat/ros2_ws/install/rover_vision' for CMake config files
[24.475s] Level 1:colcon.colcon_core.environment:checking '/home/fatrat/ros2_ws/install/rover_vision/lib'
[24.475s] Level 1:colcon.colcon_core.environment:checking '/home/fatrat/ros2_ws/install/rover_vision/bin'
[24.476s] Level 1:colcon.colcon_core.environment:checking '/home/fatrat/ros2_ws/install/rover_vision/lib/pkgconfig/rover_vision.pc'
[24.477s] Level 1:colcon.colcon_core.environment:checking '/home/fatrat/ros2_ws/install/rover_vision/lib/python3.10/site-packages'
[24.477s] Level 1:colcon.colcon_core.shell:create_environment_hook('rover_vision', 'pythonpath')
[24.479s] INFO:colcon.colcon_core.shell:Creating environment hook '/home/fatrat/ros2_ws/install/rover_vision/share/rover_vision/hook/pythonpath.ps1'
[24.483s] INFO:colcon.colcon_core.shell:Creating environment descriptor '/home/fatrat/ros2_ws/install/rover_vision/share/rover_vision/hook/pythonpath.dsv'
[24.485s] INFO:colcon.colcon_core.shell:Creating environment hook '/home/fatrat/ros2_ws/install/rover_vision/share/rover_vision/hook/pythonpath.sh'
[24.489s] Level 1:colcon.colcon_core.environment:checking '/home/fatrat/ros2_ws/install/rover_vision/bin'
[24.489s] Level 1:colcon.colcon_core.environment:create_environment_scripts_only(rover_vision)
[24.490s] INFO:colcon.colcon_core.shell:Creating package script '/home/fatrat/ros2_ws/install/rover_vision/share/rover_vision/package.ps1'
[24.493s] INFO:colcon.colcon_core.shell:Creating package descriptor '/home/fatrat/ros2_ws/install/rover_vision/share/rover_vision/package.dsv'
[24.495s] INFO:colcon.colcon_core.shell:Creating package script '/home/fatrat/ros2_ws/install/rover_vision/share/rover_vision/package.sh'
[24.498s] INFO:colcon.colcon_core.shell:Creating package script '/home/fatrat/ros2_ws/install/rover_vision/share/rover_vision/package.bash'
[24.500s] INFO:colcon.colcon_core.shell:Creating package script '/home/fatrat/ros2_ws/install/rover_vision/share/rover_vision/package.zsh'
[24.502s] Level 1:colcon.colcon_core.environment:create_file_with_runtime_dependencies(/home/fatrat/ros2_ws/install/rover_vision/share/colcon-core/packages/rover_vision)
[24.503s] DEBUG:colcon.colcon_parallel_executor.executor.parallel:closing loop
[24.505s] DEBUG:colcon.colcon_parallel_executor.executor.parallel:loop closed
[24.505s] DEBUG:colcon.colcon_parallel_executor.executor.parallel:run_until_complete finished with '0'
[24.506s] DEBUG:colcon.colcon_core.event_reactor:joining thread
[24.542s] INFO:colcon.colcon_core.plugin_system:Skipping extension 'colcon_notification.desktop_notification.terminal_notifier': Not used on non-Darwin systems
[24.543s] INFO:colcon.colcon_core.plugin_system:Skipping extension 'colcon_notification.desktop_notification.win32': Not used on non-Windows systems
[24.543s] INFO:colcon.colcon_notification.desktop_notification:Sending desktop notification using 'notify2'
[24.664s] DEBUG:colcon.colcon_core.event_reactor:joined thread
[24.665s] INFO:colcon.colcon_core.shell:Creating prefix script '/home/fatrat/ros2_ws/install/local_setup.ps1'
[24.673s] INFO:colcon.colcon_core.shell:Creating prefix util module '/home/fatrat/ros2_ws/install/_local_setup_util_ps1.py'
[24.682s] INFO:colcon.colcon_core.shell:Creating prefix chain script '/home/fatrat/ros2_ws/install/setup.ps1'
[24.695s] INFO:colcon.colcon_core.shell:Creating prefix script '/home/fatrat/ros2_ws/install/local_setup.sh'
[24.702s] INFO:colcon.colcon_core.shell:Creating prefix util module '/home/fatrat/ros2_ws/install/_local_setup_util_sh.py'
[24.707s] INFO:colcon.colcon_core.shell:Creating prefix chain script '/home/fatrat/ros2_ws/install/setup.sh'
[24.776s] INFO:colcon.colcon_core.shell:Creating prefix script '/home/fatrat/ros2_ws/install/local_setup.bash'
[24.781s] INFO:colcon.colcon_core.shell:Creating prefix chain script '/home/fatrat/ros2_ws/install/setup.bash'
[24.792s] INFO:colcon.colcon_core.shell:Creating prefix script '/home/fatrat/ros2_ws/install/local_setup.zsh'
[24.800s] INFO:colcon.colcon_core.shell:Creating prefix chain script '/home/fatrat/ros2_ws/install/setup.zsh'
