[3.647s] Invoking command in '/home/fatrat/ros2_ws/src/rover_vision': PYTHONPATH=/home/fatrat/ros2_ws/build/rover_vision/prefix_override:/usr/lib/python3/dist-packages/colcon_core/task/python/colcon_distutils_commands:/home/fatrat/ros2_ws/install/rover_vision/lib/python3.10/site-packages:${PYTHONPATH} /usr/bin/python3 -W ignore:setup.py install is deprecated -W ignore:easy_install command is deprecated setup.py egg_info --egg-base ../../build/rover_vision build --build-base /home/fatrat/ros2_ws/build/rover_vision/build install --record /home/fatrat/ros2_ws/build/rover_vision/install.log --single-version-externally-managed install_data
[4.928s] running egg_info
[4.931s] writing ../../build/rover_vision/rover_vision.egg-info/PKG-INFO
[4.932s] writing dependency_links to ../../build/rover_vision/rover_vision.egg-info/dependency_links.txt
[4.933s] writing entry points to ../../build/rover_vision/rover_vision.egg-info/entry_points.txt
[4.934s] writing requirements to ../../build/rover_vision/rover_vision.egg-info/requires.txt
[4.935s] writing top-level names to ../../build/rover_vision/rover_vision.egg-info/top_level.txt
[4.942s] reading manifest file '../../build/rover_vision/rover_vision.egg-info/SOURCES.txt'
[4.947s] writing manifest file '../../build/rover_vision/rover_vision.egg-info/SOURCES.txt'
[4.947s] running build
[4.947s] running build_py
[4.949s] running install
[4.950s] running install_lib
[4.956s] running install_data
[4.956s] running install_egg_info
[4.968s] removing '/home/fatrat/ros2_ws/install/rover_vision/lib/python3.10/site-packages/rover_vision-0.0.0-py3.10.egg-info' (and everything under it)
[4.970s] Copying ../../build/rover_vision/rover_vision.egg-info to /home/fatrat/ros2_ws/install/rover_vision/lib/python3.10/site-packages/rover_vision-0.0.0-py3.10.egg-info
[4.975s] running install_scripts
[5.061s] Installing vision_node script to /home/fatrat/ros2_ws/install/rover_vision/lib/rover_vision
[5.063s] writing list of installed files to '/home/fatrat/ros2_ws/build/rover_vision/install.log'
[5.205s] Invoked command in '/home/fatrat/ros2_ws/src/rover_vision' returned '0': PYTHONPATH=/home/fatrat/ros2_ws/build/rover_vision/prefix_override:/usr/lib/python3/dist-packages/colcon_core/task/python/colcon_distutils_commands:/home/fatrat/ros2_ws/install/rover_vision/lib/python3.10/site-packages:${PYTHONPATH} /usr/bin/python3 -W ignore:setup.py install is deprecated -W ignore:easy_install command is deprecated setup.py egg_info --egg-base ../../build/rover_vision build --build-base /home/fatrat/ros2_ws/build/rover_vision/build install --record /home/fatrat/ros2_ws/build/rover_vision/install.log --single-version-externally-managed install_data
