[3.699s] Invoking command in '/home/fatrat/ros2_ws/src/rover_navigation': PYTHONPATH=/home/fatrat/ros2_ws/build/rover_navigation/prefix_override:/usr/lib/python3/dist-packages/colcon_core/task/python/colcon_distutils_commands:/home/fatrat/ros2_ws/install/rover_navigation/lib/python3.10/site-packages:${PYTHONPATH} /usr/bin/python3 -W ignore:setup.py install is deprecated -W ignore:easy_install command is deprecated setup.py egg_info --egg-base ../../build/rover_navigation build --build-base /home/fatrat/ros2_ws/build/rover_navigation/build install --record /home/fatrat/ros2_ws/build/rover_navigation/install.log --single-version-externally-managed install_data
[5.145s] running egg_info
[5.150s] writing ../../build/rover_navigation/rover_navigation.egg-info/PKG-INFO
[5.152s] writing dependency_links to ../../build/rover_navigation/rover_navigation.egg-info/dependency_links.txt
[5.155s] writing entry points to ../../build/rover_navigation/rover_navigation.egg-info/entry_points.txt
[5.158s] writing requirements to ../../build/rover_navigation/rover_navigation.egg-info/requires.txt
[5.159s] writing top-level names to ../../build/rover_navigation/rover_navigation.egg-info/top_level.txt
[5.173s] reading manifest file '../../build/rover_navigation/rover_navigation.egg-info/SOURCES.txt'
[5.181s] writing manifest file '../../build/rover_navigation/rover_navigation.egg-info/SOURCES.txt'
[5.183s] running build
[5.184s] running build_py
[5.186s] running install
[5.206s] running install_lib
[5.207s] running install_data
[5.209s] running install_egg_info
[5.223s] removing '/home/fatrat/ros2_ws/install/rover_navigation/lib/python3.10/site-packages/rover_navigation-0.0.0-py3.10.egg-info' (and everything under it)
[5.226s] Copying ../../build/rover_navigation/rover_navigation.egg-info to /home/fatrat/ros2_ws/install/rover_navigation/lib/python3.10/site-packages/rover_navigation-0.0.0-py3.10.egg-info
[5.236s] running install_scripts
[5.357s] writing list of installed files to '/home/fatrat/ros2_ws/build/rover_navigation/install.log'
[5.521s] Invoked command in '/home/fatrat/ros2_ws/src/rover_navigation' returned '0': PYTHONPATH=/home/fatrat/ros2_ws/build/rover_navigation/prefix_override:/usr/lib/python3/dist-packages/colcon_core/task/python/colcon_distutils_commands:/home/fatrat/ros2_ws/install/rover_navigation/lib/python3.10/site-packages:${PYTHONPATH} /usr/bin/python3 -W ignore:setup.py install is deprecated -W ignore:easy_install command is deprecated setup.py egg_info --egg-base ../../build/rover_navigation build --build-base /home/fatrat/ros2_ws/build/rover_navigation/build install --record /home/fatrat/ros2_ws/build/rover_navigation/install.log --single-version-externally-managed install_data
