running egg_info
writing ../../build/rover_control1/rover_control1.egg-info/PKG-INFO
writing dependency_links to ../../build/rover_control1/rover_control1.egg-info/dependency_links.txt
writing entry points to ../../build/rover_control1/rover_control1.egg-info/entry_points.txt
writing requirements to ../../build/rover_control1/rover_control1.egg-info/requires.txt
writing top-level names to ../../build/rover_control1/rover_control1.egg-info/top_level.txt
reading manifest file '../../build/rover_control1/rover_control1.egg-info/SOURCES.txt'
writing manifest file '../../build/rover_control1/rover_control1.egg-info/SOURCES.txt'
running build
running build_py
copying rover_control1/rover_driver.py -> /home/fatrat/ros2_ws/build/rover_control1/build/lib/rover_control1
running install
running install_lib
creating /home/fatrat/ros2_ws/install/rover_control1/lib/python3.10/site-packages/rover_control1
copying /home/fatrat/ros2_ws/build/rover_control1/build/lib/rover_control1/__init__.py -> /home/fatrat/ros2_ws/install/rover_control1/lib/python3.10/site-packages/rover_control1
copying /home/fatrat/ros2_ws/build/rover_control1/build/lib/rover_control1/rover_driver.py -> /home/fatrat/ros2_ws/install/rover_control1/lib/python3.10/site-packages/rover_control1
byte-compiling /home/fatrat/ros2_ws/install/rover_control1/lib/python3.10/site-packages/rover_control1/__init__.py to __init__.cpython-310.pyc
byte-compiling /home/fatrat/ros2_ws/install/rover_control1/lib/python3.10/site-packages/rover_control1/rover_driver.py to rover_driver.cpython-310.pyc
running install_data
running install_egg_info
Copying ../../build/rover_control1/rover_control1.egg-info to /home/fatrat/ros2_ws/install/rover_control1/lib/python3.10/site-packages/rover_control1-0.0.0-py3.10.egg-info
running install_scripts
Installing rover_driver script to /home/fatrat/ros2_ws/install/rover_control1/lib/rover_control1
writing list of installed files to '/home/fatrat/ros2_ws/build/rover_control1/install.log'
