running egg_info
creating ../build/rover_arm/rover_arm.egg-info
writing ../build/rover_arm/rover_arm.egg-info/PKG-INFO
writing dependency_links to ../build/rover_arm/rover_arm.egg-info/dependency_links.txt
writing entry points to ../build/rover_arm/rover_arm.egg-info/entry_points.txt
writing requirements to ../build/rover_arm/rover_arm.egg-info/requires.txt
writing top-level names to ../build/rover_arm/rover_arm.egg-info/top_level.txt
writing manifest file '../build/rover_arm/rover_arm.egg-info/SOURCES.txt'
reading manifest file '../build/rover_arm/rover_arm.egg-info/SOURCES.txt'
writing manifest file '../build/rover_arm/rover_arm.egg-info/SOURCES.txt'
running build
running build_py
creating /home/fatrat/ros2_ws/src/build/rover_arm/build
creating /home/fatrat/ros2_ws/src/build/rover_arm/build/lib
creating /home/fatrat/ros2_ws/src/build/rover_arm/build/lib/rover_arm
copying rover_arm/__init__.py -> /home/fatrat/ros2_ws/src/build/rover_arm/build/lib/rover_arm
running install
running install_lib
creating /home/fatrat/ros2_ws/src/install/rover_arm/lib/python3.10/site-packages/rover_arm
copying /home/fatrat/ros2_ws/src/build/rover_arm/build/lib/rover_arm/__init__.py -> /home/fatrat/ros2_ws/src/install/rover_arm/lib/python3.10/site-packages/rover_arm
byte-compiling /home/fatrat/ros2_ws/src/install/rover_arm/lib/python3.10/site-packages/rover_arm/__init__.py to __init__.cpython-310.pyc
running install_data
creating /home/fatrat/ros2_ws/src/install/rover_arm/share/ament_index
creating /home/fatrat/ros2_ws/src/install/rover_arm/share/ament_index/resource_index
creating /home/fatrat/ros2_ws/src/install/rover_arm/share/ament_index/resource_index/packages
copying resource/rover_arm -> /home/fatrat/ros2_ws/src/install/rover_arm/share/ament_index/resource_index/packages
copying package.xml -> /home/fatrat/ros2_ws/src/install/rover_arm/share/rover_arm
running install_egg_info
Copying ../build/rover_arm/rover_arm.egg-info to /home/fatrat/ros2_ws/src/install/rover_arm/lib/python3.10/site-packages/rover_arm-0.0.0-py3.10.egg-info
running install_scripts
writing list of installed files to '/home/fatrat/ros2_ws/src/build/rover_arm/install.log'
