[8.858s] Invoking command in '/home/fatrat/ros2_ws/src/rover_arm': PYTHONPATH=/home/fatrat/ros2_ws/src/build/rover_arm/prefix_override:/usr/lib/python3/dist-packages/colcon_core/task/python/colcon_distutils_commands:/home/fatrat/ros2_ws/src/install/rover_arm/lib/python3.10/site-packages:${PYTHONPATH} /usr/bin/python3 -W ignore:setup.py install is deprecated -W ignore:easy_install command is deprecated setup.py egg_info --egg-base ../build/rover_arm build --build-base /home/fatrat/ros2_ws/src/build/rover_arm/build install --record /home/fatrat/ros2_ws/src/build/rover_arm/install.log --single-version-externally-managed install_data
[10.816s] running egg_info
[10.820s] creating ../build/rover_arm/rover_arm.egg-info
[10.820s] writing ../build/rover_arm/rover_arm.egg-info/PKG-INFO
[10.823s] writing dependency_links to ../build/rover_arm/rover_arm.egg-info/dependency_links.txt
[10.825s] writing entry points to ../build/rover_arm/rover_arm.egg-info/entry_points.txt
[10.826s] writing requirements to ../build/rover_arm/rover_arm.egg-info/requires.txt
[10.837s] writing top-level names to ../build/rover_arm/rover_arm.egg-info/top_level.txt
[10.840s] writing manifest file '../build/rover_arm/rover_arm.egg-info/SOURCES.txt'
[10.844s] reading manifest file '../build/rover_arm/rover_arm.egg-info/SOURCES.txt'
[10.854s] writing manifest file '../build/rover_arm/rover_arm.egg-info/SOURCES.txt'
[10.855s] running build
[10.856s] running build_py
[10.859s] creating /home/fatrat/ros2_ws/src/build/rover_arm/build
[10.859s] creating /home/fatrat/ros2_ws/src/build/rover_arm/build/lib
[10.861s] creating /home/fatrat/ros2_ws/src/build/rover_arm/build/lib/rover_arm
[10.862s] copying rover_arm/__init__.py -> /home/fatrat/ros2_ws/src/build/rover_arm/build/lib/rover_arm
[10.873s] running install
[10.879s] running install_lib
[10.883s] creating /home/fatrat/ros2_ws/src/install/rover_arm/lib/python3.10/site-packages/rover_arm
[10.883s] copying /home/fatrat/ros2_ws/src/build/rover_arm/build/lib/rover_arm/__init__.py -> /home/fatrat/ros2_ws/src/install/rover_arm/lib/python3.10/site-packages/rover_arm
[10.884s] byte-compiling /home/fatrat/ros2_ws/src/install/rover_arm/lib/python3.10/site-packages/rover_arm/__init__.py to __init__.cpython-310.pyc
[10.885s] running install_data
[10.885s] creating /home/fatrat/ros2_ws/src/install/rover_arm/share/ament_index
[10.886s] creating /home/fatrat/ros2_ws/src/install/rover_arm/share/ament_index/resource_index
[10.887s] creating /home/fatrat/ros2_ws/src/install/rover_arm/share/ament_index/resource_index/packages
[10.888s] copying resource/rover_arm -> /home/fatrat/ros2_ws/src/install/rover_arm/share/ament_index/resource_index/packages
[10.889s] copying package.xml -> /home/fatrat/ros2_ws/src/install/rover_arm/share/rover_arm
[10.890s] running install_egg_info
[10.905s] Copying ../build/rover_arm/rover_arm.egg-info to /home/fatrat/ros2_ws/src/install/rover_arm/lib/python3.10/site-packages/rover_arm-0.0.0-py3.10.egg-info
[10.924s] running install_scripts
[11.082s] writing list of installed files to '/home/fatrat/ros2_ws/src/build/rover_arm/install.log'
[11.504s] Invoked command in '/home/fatrat/ros2_ws/src/rover_arm' returned '0': PYTHONPATH=/home/fatrat/ros2_ws/src/build/rover_arm/prefix_override:/usr/lib/python3/dist-packages/colcon_core/task/python/colcon_distutils_commands:/home/fatrat/ros2_ws/src/install/rover_arm/lib/python3.10/site-packages:${PYTHONPATH} /usr/bin/python3 -W ignore:setup.py install is deprecated -W ignore:easy_install command is deprecated setup.py egg_info --egg-base ../build/rover_arm build --build-base /home/fatrat/ros2_ws/src/build/rover_arm/build install --record /home/fatrat/ros2_ws/src/build/rover_arm/install.log --single-version-externally-managed install_data
