[8.686s] Invoking command in '/home/fatrat/ros2_ws/src/rover_mapping': PYTHONPATH=/home/fatrat/ros2_ws/src/build/rover_mapping/prefix_override:/usr/lib/python3/dist-packages/colcon_core/task/python/colcon_distutils_commands:/home/fatrat/ros2_ws/src/install/rover_mapping/lib/python3.10/site-packages:${PYTHONPATH} /usr/bin/python3 -W ignore:setup.py install is deprecated -W ignore:easy_install command is deprecated setup.py egg_info --egg-base ../build/rover_mapping build --build-base /home/fatrat/ros2_ws/src/build/rover_mapping/build install --record /home/fatrat/ros2_ws/src/build/rover_mapping/install.log --single-version-externally-managed install_data
[10.715s] running egg_info
[10.718s] creating ../build/rover_mapping/rover_mapping.egg-info
[10.720s] writing ../build/rover_mapping/rover_mapping.egg-info/PKG-INFO
[10.722s] writing dependency_links to ../build/rover_mapping/rover_mapping.egg-info/dependency_links.txt
[10.723s] writing entry points to ../build/rover_mapping/rover_mapping.egg-info/entry_points.txt
[10.724s] writing requirements to ../build/rover_mapping/rover_mapping.egg-info/requires.txt
[10.725s] writing top-level names to ../build/rover_mapping/rover_mapping.egg-info/top_level.txt
[10.726s] writing manifest file '../build/rover_mapping/rover_mapping.egg-info/SOURCES.txt'
[10.738s] reading manifest file '../build/rover_mapping/rover_mapping.egg-info/SOURCES.txt'
[10.744s] writing manifest file '../build/rover_mapping/rover_mapping.egg-info/SOURCES.txt'
[10.746s] running build
[10.747s] running build_py
[10.756s] creating /home/fatrat/ros2_ws/src/build/rover_mapping/build
[10.757s] creating /home/fatrat/ros2_ws/src/build/rover_mapping/build/lib
[10.757s] creating /home/fatrat/ros2_ws/src/build/rover_mapping/build/lib/rover_mapping
[10.759s] copying rover_mapping/mapping_node.py -> /home/fatrat/ros2_ws/src/build/rover_mapping/build/lib/rover_mapping
[10.760s] copying rover_mapping/__init__.py -> /home/fatrat/ros2_ws/src/build/rover_mapping/build/lib/rover_mapping
[10.761s] running install
[10.762s] running install_lib
[10.763s] creating /home/fatrat/ros2_ws/src/install/rover_mapping/lib/python3.10/site-packages/rover_mapping
[10.764s] copying /home/fatrat/ros2_ws/src/build/rover_mapping/build/lib/rover_mapping/mapping_node.py -> /home/fatrat/ros2_ws/src/install/rover_mapping/lib/python3.10/site-packages/rover_mapping
[10.772s] copying /home/fatrat/ros2_ws/src/build/rover_mapping/build/lib/rover_mapping/__init__.py -> /home/fatrat/ros2_ws/src/install/rover_mapping/lib/python3.10/site-packages/rover_mapping
[10.776s] byte-compiling /home/fatrat/ros2_ws/src/install/rover_mapping/lib/python3.10/site-packages/rover_mapping/mapping_node.py to mapping_node.cpython-310.pyc
[10.779s] byte-compiling /home/fatrat/ros2_ws/src/install/rover_mapping/lib/python3.10/site-packages/rover_mapping/__init__.py to __init__.cpython-310.pyc
[10.793s] running install_data
[10.795s] creating /home/fatrat/ros2_ws/src/install/rover_mapping/share/ament_index
[10.796s] creating /home/fatrat/ros2_ws/src/install/rover_mapping/share/ament_index/resource_index
[10.796s] creating /home/fatrat/ros2_ws/src/install/rover_mapping/share/ament_index/resource_index/packages
[10.798s] copying resource/rover_mapping -> /home/fatrat/ros2_ws/src/install/rover_mapping/share/ament_index/resource_index/packages
[10.799s] copying package.xml -> /home/fatrat/ros2_ws/src/install/rover_mapping/share/rover_mapping
[10.800s] running install_egg_info
[10.810s] Copying ../build/rover_mapping/rover_mapping.egg-info to /home/fatrat/ros2_ws/src/install/rover_mapping/lib/python3.10/site-packages/rover_mapping-0.0.0-py3.10.egg-info
[10.823s] running install_scripts
[10.970s] Installing mapping_node script to /home/fatrat/ros2_ws/src/install/rover_mapping/lib/rover_mapping
[10.975s] writing list of installed files to '/home/fatrat/ros2_ws/src/build/rover_mapping/install.log'
[11.382s] Invoked command in '/home/fatrat/ros2_ws/src/rover_mapping' returned '0': PYTHONPATH=/home/fatrat/ros2_ws/src/build/rover_mapping/prefix_override:/usr/lib/python3/dist-packages/colcon_core/task/python/colcon_distutils_commands:/home/fatrat/ros2_ws/src/install/rover_mapping/lib/python3.10/site-packages:${PYTHONPATH} /usr/bin/python3 -W ignore:setup.py install is deprecated -W ignore:easy_install command is deprecated setup.py egg_info --egg-base ../build/rover_mapping build --build-base /home/fatrat/ros2_ws/src/build/rover_mapping/build install --record /home/fatrat/ros2_ws/src/build/rover_mapping/install.log --single-version-externally-managed install_data
