[8.607s] Invoking command in '/home/fatrat/ros2_ws/src/rover_arm': PYTHONPATH=/home/fatrat/ros2_ws/build/rover_arm/prefix_override:/usr/lib/python3/dist-packages/colcon_core/task/python/colcon_distutils_commands:/home/fatrat/ros2_ws/install/rover_arm/lib/python3.10/site-packages:${PYTHONPATH} /usr/bin/python3 -W ignore:setup.py install is deprecated -W ignore:easy_install command is deprecated setup.py egg_info --egg-base ../../build/rover_arm build --build-base /home/fatrat/ros2_ws/build/rover_arm/build install --record /home/fatrat/ros2_ws/build/rover_arm/install.log --single-version-externally-managed install_data
[10.449s] running egg_info
[10.452s] writing ../../build/rover_arm/rover_arm.egg-info/PKG-INFO
[10.454s] writing dependency_links to ../../build/rover_arm/rover_arm.egg-info/dependency_links.txt
[10.456s] writing entry points to ../../build/rover_arm/rover_arm.egg-info/entry_points.txt
[10.458s] writing requirements to ../../build/rover_arm/rover_arm.egg-info/requires.txt
[10.459s] writing top-level names to ../../build/rover_arm/rover_arm.egg-info/top_level.txt
[10.470s] reading manifest file '../../build/rover_arm/rover_arm.egg-info/SOURCES.txt'
[10.478s] writing manifest file '../../build/rover_arm/rover_arm.egg-info/SOURCES.txt'
[10.481s] running build
[10.484s] running build_py
[10.493s] running install
[10.495s] running install_lib
[10.508s] running install_data
[10.509s] running install_egg_info
[10.529s] removing '/home/fatrat/ros2_ws/install/rover_arm/lib/python3.10/site-packages/rover_arm-0.0.0-py3.10.egg-info' (and everything under it)
[10.537s] Copying ../../build/rover_arm/rover_arm.egg-info to /home/fatrat/ros2_ws/install/rover_arm/lib/python3.10/site-packages/rover_arm-0.0.0-py3.10.egg-info
[10.546s] running install_scripts
[10.673s] writing list of installed files to '/home/fatrat/ros2_ws/build/rover_arm/install.log'
[11.056s] Invoked command in '/home/fatrat/ros2_ws/src/rover_arm' returned '0': PYTHONPATH=/home/fatrat/ros2_ws/build/rover_arm/prefix_override:/usr/lib/python3/dist-packages/colcon_core/task/python/colcon_distutils_commands:/home/fatrat/ros2_ws/install/rover_arm/lib/python3.10/site-packages:${PYTHONPATH} /usr/bin/python3 -W ignore:setup.py install is deprecated -W ignore:easy_install command is deprecated setup.py egg_info --egg-base ../../build/rover_arm build --build-base /home/fatrat/ros2_ws/build/rover_arm/build install --record /home/fatrat/ros2_ws/build/rover_arm/install.log --single-version-externally-managed install_data
