[0.437s] DEBUG:colcon:Command line arguments: ['/usr/bin/colcon', 'build', '--symlink-install']
[0.438s] DEBUG:colcon:Parsed command line arguments: Namespace(log_base=None, log_level=None, verb_name='build', build_base='build', install_base='install', merge_install=False, symlink_install=True, test_result_base=None, continue_on_error=False, executor='parallel', parallel_workers=4, event_handlers=None, ignore_user_meta=False, metas=['./colcon.meta'], base_paths=['.'], packages_ignore=None, packages_ignore_regex=None, paths=None, packages_up_to=None, packages_up_to_regex=None, packages_above=None, packages_above_and_dependencies=None, packages_above_depth=None, packages_select_by_dep=None, packages_skip_by_dep=None, packages_skip_up_to=None, packages_select_build_failed=False, packages_skip_build_finished=False, packages_select_test_failures=False, packages_skip_test_passed=False, packages_select=None, packages_skip=None, packages_select_regex=None, packages_skip_regex=None, packages_start=None, packages_end=None, allow_overriding=[], cmake_args=None, cmake_target=None, cmake_target_skip_unavailable=False, cmake_clean_cache=False, cmake_clean_first=False, cmake_force_configure=False, ament_cmake_args=None, catkin_cmake_args=None, catkin_skip_building_tests=False, verb_parser=<colcon_defaults.argument_parser.defaults.DefaultArgumentsDecorator object at 0xffffa97e7220>, verb_extension=<colcon_core.verb.build.BuildVerb object at 0xffffa99cc610>, main=<bound method BuildVerb.main of <colcon_core.verb.build.BuildVerb object at 0xffffa99cc610>>)
[1.216s] Level 1:colcon.colcon_core.package_discovery:discover_packages(colcon_meta) check parameters
[1.217s] Level 1:colcon.colcon_core.package_discovery:discover_packages(recursive) check parameters
[1.217s] Level 1:colcon.colcon_core.package_discovery:discover_packages(ignore) check parameters
[1.217s] Level 1:colcon.colcon_core.package_discovery:discover_packages(path) check parameters
[1.217s] Level 1:colcon.colcon_core.package_discovery:discover_packages(colcon_meta) discover
[1.217s] Level 1:colcon.colcon_core.package_discovery:discover_packages(recursive) discover
[1.218s] INFO:colcon.colcon_core.package_discovery:Crawling recursively for packages in '/home/fatrat/ros2_ws'
[1.218s] Level 1:colcon.colcon_core.package_identification:_identify(.) by extensions ['ignore', 'ignore_ament_install']
[1.218s] Level 1:colcon.colcon_core.package_identification:_identify(.) by extension 'ignore'
[1.219s] Level 1:colcon.colcon_core.package_identification:_identify(.) by extension 'ignore_ament_install'
[1.219s] Level 1:colcon.colcon_core.package_identification:_identify(.) by extensions ['colcon_pkg']
[1.219s] Level 1:colcon.colcon_core.package_identification:_identify(.) by extension 'colcon_pkg'
[1.219s] Level 1:colcon.colcon_core.package_identification:_identify(.) by extensions ['colcon_meta']
[1.219s] Level 1:colcon.colcon_core.package_identification:_identify(.) by extension 'colcon_meta'
[1.219s] Level 1:colcon.colcon_core.package_identification:_identify(.) by extensions ['ros']
[1.219s] Level 1:colcon.colcon_core.package_identification:_identify(.) by extension 'ros'
[1.268s] Level 1:colcon.colcon_core.package_identification:_identify(.) by extensions ['cmake', 'python']
[1.268s] Level 1:colcon.colcon_core.package_identification:_identify(.) by extension 'cmake'
[1.268s] Level 1:colcon.colcon_core.package_identification:_identify(.) by extension 'python'
[1.269s] Level 1:colcon.colcon_core.package_identification:_identify(.) by extensions ['python_setup_py']
[1.269s] Level 1:colcon.colcon_core.package_identification:_identify(.) by extension 'python_setup_py'
[1.269s] Level 1:colcon.colcon_core.package_identification:_identify(build) by extensions ['ignore', 'ignore_ament_install']
[1.270s] Level 1:colcon.colcon_core.package_identification:_identify(build) by extension 'ignore'
[1.270s] Level 1:colcon.colcon_core.package_identification:_identify(build) ignored
[1.270s] Level 1:colcon.colcon_core.package_identification:_identify(install) by extensions ['ignore', 'ignore_ament_install']
[1.271s] Level 1:colcon.colcon_core.package_identification:_identify(install) by extension 'ignore'
[1.271s] Level 1:colcon.colcon_core.package_identification:_identify(install) ignored
[1.271s] Level 1:colcon.colcon_core.package_identification:_identify(log) by extensions ['ignore', 'ignore_ament_install']
[1.272s] Level 1:colcon.colcon_core.package_identification:_identify(log) by extension 'ignore'
[1.272s] Level 1:colcon.colcon_core.package_identification:_identify(log) ignored
[1.272s] Level 1:colcon.colcon_core.package_identification:_identify(src) by extensions ['ignore', 'ignore_ament_install']
[1.273s] Level 1:colcon.colcon_core.package_identification:_identify(src) by extension 'ignore'
[1.273s] Level 1:colcon.colcon_core.package_identification:_identify(src) by extension 'ignore_ament_install'
[1.273s] Level 1:colcon.colcon_core.package_identification:_identify(src) by extensions ['colcon_pkg']
[1.273s] Level 1:colcon.colcon_core.package_identification:_identify(src) by extension 'colcon_pkg'
[1.273s] Level 1:colcon.colcon_core.package_identification:_identify(src) by extensions ['colcon_meta']
[1.273s] Level 1:colcon.colcon_core.package_identification:_identify(src) by extension 'colcon_meta'
[1.274s] Level 1:colcon.colcon_core.package_identification:_identify(src) by extensions ['ros']
[1.274s] Level 1:colcon.colcon_core.package_identification:_identify(src) by extension 'ros'
[1.274s] Level 1:colcon.colcon_core.package_identification:_identify(src) by extensions ['cmake', 'python']
[1.274s] Level 1:colcon.colcon_core.package_identification:_identify(src) by extension 'cmake'
[1.274s] Level 1:colcon.colcon_core.package_identification:_identify(src) by extension 'python'
[1.274s] Level 1:colcon.colcon_core.package_identification:_identify(src) by extensions ['python_setup_py']
[1.275s] Level 1:colcon.colcon_core.package_identification:_identify(src) by extension 'python_setup_py'
[1.275s] Level 1:colcon.colcon_core.package_identification:_identify(src/rover_control1) by extensions ['ignore', 'ignore_ament_install']
[1.275s] Level 1:colcon.colcon_core.package_identification:_identify(src/rover_control1) by extension 'ignore'
[1.275s] Level 1:colcon.colcon_core.package_identification:_identify(src/rover_control1) by extension 'ignore_ament_install'
[1.276s] Level 1:colcon.colcon_core.package_identification:_identify(src/rover_control1) by extensions ['colcon_pkg']
[1.276s] Level 1:colcon.colcon_core.package_identification:_identify(src/rover_control1) by extension 'colcon_pkg'
[1.276s] Level 1:colcon.colcon_core.package_identification:_identify(src/rover_control1) by extensions ['colcon_meta']
[1.276s] Level 1:colcon.colcon_core.package_identification:_identify(src/rover_control1) by extension 'colcon_meta'
[1.276s] Level 1:colcon.colcon_core.package_identification:_identify(src/rover_control1) by extensions ['ros']
[1.277s] Level 1:colcon.colcon_core.package_identification:_identify(src/rover_control1) by extension 'ros'
[1.285s] DEBUG:colcon.colcon_core.package_identification:Package 'src/rover_control1' with type 'ros.ament_python' and name 'rover_control1'
[1.285s] Level 1:colcon.colcon_core.package_identification:_identify(src/rover_mapping) by extensions ['ignore', 'ignore_ament_install']
[1.286s] Level 1:colcon.colcon_core.package_identification:_identify(src/rover_mapping) by extension 'ignore'
[1.286s] Level 1:colcon.colcon_core.package_identification:_identify(src/rover_mapping) by extension 'ignore_ament_install'
[1.286s] Level 1:colcon.colcon_core.package_identification:_identify(src/rover_mapping) by extensions ['colcon_pkg']
[1.286s] Level 1:colcon.colcon_core.package_identification:_identify(src/rover_mapping) by extension 'colcon_pkg'
[1.287s] Level 1:colcon.colcon_core.package_identification:_identify(src/rover_mapping) by extensions ['colcon_meta']
[1.287s] Level 1:colcon.colcon_core.package_identification:_identify(src/rover_mapping) by extension 'colcon_meta'
[1.287s] Level 1:colcon.colcon_core.package_identification:_identify(src/rover_mapping) by extensions ['ros']
[1.287s] Level 1:colcon.colcon_core.package_identification:_identify(src/rover_mapping) by extension 'ros'
[1.289s] DEBUG:colcon.colcon_core.package_identification:Package 'src/rover_mapping' with type 'ros.ament_python' and name 'rover_mapping'
[1.290s] Level 1:colcon.colcon_core.package_identification:_identify(src/rover_navigation) by extensions ['ignore', 'ignore_ament_install']
[1.290s] Level 1:colcon.colcon_core.package_identification:_identify(src/rover_navigation) by extension 'ignore'
[1.290s] Level 1:colcon.colcon_core.package_identification:_identify(src/rover_navigation) by extension 'ignore_ament_install'
[1.291s] Level 1:colcon.colcon_core.package_identification:_identify(src/rover_navigation) by extensions ['colcon_pkg']
[1.291s] Level 1:colcon.colcon_core.package_identification:_identify(src/rover_navigation) by extension 'colcon_pkg'
[1.291s] Level 1:colcon.colcon_core.package_identification:_identify(src/rover_navigation) by extensions ['colcon_meta']
[1.291s] Level 1:colcon.colcon_core.package_identification:_identify(src/rover_navigation) by extension 'colcon_meta'
[1.291s] Level 1:colcon.colcon_core.package_identification:_identify(src/rover_navigation) by extensions ['ros']
[1.291s] Level 1:colcon.colcon_core.package_identification:_identify(src/rover_navigation) by extension 'ros'
[1.293s] DEBUG:colcon.colcon_core.package_identification:Package 'src/rover_navigation' with type 'ros.ament_python' and name 'rover_navigation'
[1.294s] Level 1:colcon.colcon_core.package_identification:_identify(src/rover_vision) by extensions ['ignore', 'ignore_ament_install']
[1.294s] Level 1:colcon.colcon_core.package_identification:_identify(src/rover_vision) by extension 'ignore'
[1.295s] Level 1:colcon.colcon_core.package_identification:_identify(src/rover_vision) by extension 'ignore_ament_install'
[1.295s] Level 1:colcon.colcon_core.package_identification:_identify(src/rover_vision) by extensions ['colcon_pkg']
[1.295s] Level 1:colcon.colcon_core.package_identification:_identify(src/rover_vision) by extension 'colcon_pkg'
[1.295s] Level 1:colcon.colcon_core.package_identification:_identify(src/rover_vision) by extensions ['colcon_meta']
[1.295s] Level 1:colcon.colcon_core.package_identification:_identify(src/rover_vision) by extension 'colcon_meta'
[1.295s] Level 1:colcon.colcon_core.package_identification:_identify(src/rover_vision) by extensions ['ros']
[1.296s] Level 1:colcon.colcon_core.package_identification:_identify(src/rover_vision) by extension 'ros'
[1.298s] DEBUG:colcon.colcon_core.package_identification:Package 'src/rover_vision' with type 'ros.ament_python' and name 'rover_vision'
[1.298s] Level 1:colcon.colcon_core.package_discovery:discover_packages(recursive) using defaults
[1.298s] Level 1:colcon.colcon_core.package_discovery:discover_packages(ignore) discover
[1.299s] Level 1:colcon.colcon_core.package_discovery:discover_packages(ignore) using defaults
[1.299s] Level 1:colcon.colcon_core.package_discovery:discover_packages(path) discover
[1.299s] Level 1:colcon.colcon_core.package_discovery:discover_packages(path) using defaults
[1.377s] Level 1:colcon.colcon_core.package_discovery:discover_packages(prefix_path) check parameters
[1.377s] Level 1:colcon.colcon_core.package_discovery:discover_packages(prefix_path) discover
[1.385s] DEBUG:colcon.colcon_installed_package_information.package_discovery:Found 4 installed packages in /home/fatrat/ros2_ws/install
[1.396s] DEBUG:colcon.colcon_installed_package_information.package_discovery:Found 320 installed packages in /opt/ros/humble
[1.446s] Level 1:colcon.colcon_core.package_discovery:discover_packages(prefix_path) using defaults
[1.636s] Level 5:colcon.colcon_core.verb:set package 'rover_control1' build argument 'cmake_args' from command line to 'None'
[1.636s] Level 5:colcon.colcon_core.verb:set package 'rover_control1' build argument 'cmake_target' from command line to 'None'
[1.636s] Level 5:colcon.colcon_core.verb:set package 'rover_control1' build argument 'cmake_target_skip_unavailable' from command line to 'False'
[1.636s] Level 5:colcon.colcon_core.verb:set package 'rover_control1' build argument 'cmake_clean_cache' from command line to 'False'
[1.637s] Level 5:colcon.colcon_core.verb:set package 'rover_control1' build argument 'cmake_clean_first' from command line to 'False'
[1.637s] Level 5:colcon.colcon_core.verb:set package 'rover_control1' build argument 'cmake_force_configure' from command line to 'False'
[1.637s] Level 5:colcon.colcon_core.verb:set package 'rover_control1' build argument 'ament_cmake_args' from command line to 'None'
[1.637s] Level 5:colcon.colcon_core.verb:set package 'rover_control1' build argument 'catkin_cmake_args' from command line to 'None'
[1.637s] Level 5:colcon.colcon_core.verb:set package 'rover_control1' build argument 'catkin_skip_building_tests' from command line to 'False'
[1.637s] DEBUG:colcon.colcon_core.verb:Building package 'rover_control1' with the following arguments: {'ament_cmake_args': None, 'build_base': '/home/fatrat/ros2_ws/build/rover_control1', 'catkin_cmake_args': None, 'catkin_skip_building_tests': False, 'cmake_args': None, 'cmake_clean_cache': False, 'cmake_clean_first': False, 'cmake_force_configure': False, 'cmake_target': None, 'cmake_target_skip_unavailable': False, 'install_base': '/home/fatrat/ros2_ws/install/rover_control1', 'merge_install': False, 'path': '/home/fatrat/ros2_ws/src/rover_control1', 'symlink_install': True, 'test_result_base': None}
[1.639s] Level 5:colcon.colcon_core.verb:set package 'rover_mapping' build argument 'cmake_args' from command line to 'None'
[1.639s] Level 5:colcon.colcon_core.verb:set package 'rover_mapping' build argument 'cmake_target' from command line to 'None'
[1.639s] Level 5:colcon.colcon_core.verb:set package 'rover_mapping' build argument 'cmake_target_skip_unavailable' from command line to 'False'
[1.639s] Level 5:colcon.colcon_core.verb:set package 'rover_mapping' build argument 'cmake_clean_cache' from command line to 'False'
[1.639s] Level 5:colcon.colcon_core.verb:set package 'rover_mapping' build argument 'cmake_clean_first' from command line to 'False'
[1.639s] Level 5:colcon.colcon_core.verb:set package 'rover_mapping' build argument 'cmake_force_configure' from command line to 'False'
[1.639s] Level 5:colcon.colcon_core.verb:set package 'rover_mapping' build argument 'ament_cmake_args' from command line to 'None'
[1.639s] Level 5:colcon.colcon_core.verb:set package 'rover_mapping' build argument 'catkin_cmake_args' from command line to 'None'
[1.639s] Level 5:colcon.colcon_core.verb:set package 'rover_mapping' build argument 'catkin_skip_building_tests' from command line to 'False'
[1.640s] DEBUG:colcon.colcon_core.verb:Building package 'rover_mapping' with the following arguments: {'ament_cmake_args': None, 'build_base': '/home/fatrat/ros2_ws/build/rover_mapping', 'catkin_cmake_args': None, 'catkin_skip_building_tests': False, 'cmake_args': None, 'cmake_clean_cache': False, 'cmake_clean_first': False, 'cmake_force_configure': False, 'cmake_target': None, 'cmake_target_skip_unavailable': False, 'install_base': '/home/fatrat/ros2_ws/install/rover_mapping', 'merge_install': False, 'path': '/home/fatrat/ros2_ws/src/rover_mapping', 'symlink_install': True, 'test_result_base': None}
[1.641s] Level 5:colcon.colcon_core.verb:set package 'rover_navigation' build argument 'cmake_args' from command line to 'None'
[1.641s] Level 5:colcon.colcon_core.verb:set package 'rover_navigation' build argument 'cmake_target' from command line to 'None'
[1.641s] Level 5:colcon.colcon_core.verb:set package 'rover_navigation' build argument 'cmake_target_skip_unavailable' from command line to 'False'
[1.641s] Level 5:colcon.colcon_core.verb:set package 'rover_navigation' build argument 'cmake_clean_cache' from command line to 'False'
[1.641s] Level 5:colcon.colcon_core.verb:set package 'rover_navigation' build argument 'cmake_clean_first' from command line to 'False'
[1.642s] Level 5:colcon.colcon_core.verb:set package 'rover_navigation' build argument 'cmake_force_configure' from command line to 'False'
[1.642s] Level 5:colcon.colcon_core.verb:set package 'rover_navigation' build argument 'ament_cmake_args' from command line to 'None'
[1.642s] Level 5:colcon.colcon_core.verb:set package 'rover_navigation' build argument 'catkin_cmake_args' from command line to 'None'
[1.642s] Level 5:colcon.colcon_core.verb:set package 'rover_navigation' build argument 'catkin_skip_building_tests' from command line to 'False'
[1.642s] DEBUG:colcon.colcon_core.verb:Building package 'rover_navigation' with the following arguments: {'ament_cmake_args': None, 'build_base': '/home/fatrat/ros2_ws/build/rover_navigation', 'catkin_cmake_args': None, 'catkin_skip_building_tests': False, 'cmake_args': None, 'cmake_clean_cache': False, 'cmake_clean_first': False, 'cmake_force_configure': False, 'cmake_target': None, 'cmake_target_skip_unavailable': False, 'install_base': '/home/fatrat/ros2_ws/install/rover_navigation', 'merge_install': False, 'path': '/home/fatrat/ros2_ws/src/rover_navigation', 'symlink_install': True, 'test_result_base': None}
[1.643s] Level 5:colcon.colcon_core.verb:set package 'rover_vision' build argument 'cmake_args' from command line to 'None'
[1.643s] Level 5:colcon.colcon_core.verb:set package 'rover_vision' build argument 'cmake_target' from command line to 'None'
[1.644s] Level 5:colcon.colcon_core.verb:set package 'rover_vision' build argument 'cmake_target_skip_unavailable' from command line to 'False'
[1.644s] Level 5:colcon.colcon_core.verb:set package 'rover_vision' build argument 'cmake_clean_cache' from command line to 'False'
[1.644s] Level 5:colcon.colcon_core.verb:set package 'rover_vision' build argument 'cmake_clean_first' from command line to 'False'
[1.644s] Level 5:colcon.colcon_core.verb:set package 'rover_vision' build argument 'cmake_force_configure' from command line to 'False'
[1.644s] Level 5:colcon.colcon_core.verb:set package 'rover_vision' build argument 'ament_cmake_args' from command line to 'None'
[1.644s] Level 5:colcon.colcon_core.verb:set package 'rover_vision' build argument 'catkin_cmake_args' from command line to 'None'
[1.644s] Level 5:colcon.colcon_core.verb:set package 'rover_vision' build argument 'catkin_skip_building_tests' from command line to 'False'
[1.644s] DEBUG:colcon.colcon_core.verb:Building package 'rover_vision' with the following arguments: {'ament_cmake_args': None, 'build_base': '/home/fatrat/ros2_ws/build/rover_vision', 'catkin_cmake_args': None, 'catkin_skip_building_tests': False, 'cmake_args': None, 'cmake_clean_cache': False, 'cmake_clean_first': False, 'cmake_force_configure': False, 'cmake_target': None, 'cmake_target_skip_unavailable': False, 'install_base': '/home/fatrat/ros2_ws/install/rover_vision', 'merge_install': False, 'path': '/home/fatrat/ros2_ws/src/rover_vision', 'symlink_install': True, 'test_result_base': None}
[1.645s] INFO:colcon.colcon_core.executor:Executing jobs using 'parallel' executor
[1.648s] DEBUG:colcon.colcon_parallel_executor.executor.parallel:run_until_complete
[1.649s] INFO:colcon.colcon_ros.task.ament_python.build:Building ROS package in '/home/fatrat/ros2_ws/src/rover_control1' with build type 'ament_python'
[1.649s] Level 1:colcon.colcon_core.shell:create_environment_hook('rover_control1', 'ament_prefix_path')
[1.658s] INFO:colcon.colcon_core.plugin_system:Skipping extension 'colcon_core.shell.bat': Not used on non-Windows systems
[1.659s] INFO:colcon.colcon_core.shell:Creating environment hook '/home/fatrat/ros2_ws/install/rover_control1/share/rover_control1/hook/ament_prefix_path.ps1'
[1.663s] INFO:colcon.colcon_core.shell:Creating environment descriptor '/home/fatrat/ros2_ws/install/rover_control1/share/rover_control1/hook/ament_prefix_path.dsv'
[1.666s] INFO:colcon.colcon_core.shell:Creating environment hook '/home/fatrat/ros2_ws/install/rover_control1/share/rover_control1/hook/ament_prefix_path.sh'
[1.671s] INFO:colcon.colcon_core.shell:Skip shell extension 'powershell' for command environment: Not usable outside of PowerShell
[1.671s] DEBUG:colcon.colcon_core.shell:Skip shell extension 'dsv' for command environment
[1.691s] INFO:colcon.colcon_ros.task.ament_python.build:Building ROS package in '/home/fatrat/ros2_ws/src/rover_mapping' with build type 'ament_python'
[1.692s] Level 1:colcon.colcon_core.shell:create_environment_hook('rover_mapping', 'ament_prefix_path')
[1.693s] INFO:colcon.colcon_core.shell:Creating environment hook '/home/fatrat/ros2_ws/install/rover_mapping/share/rover_mapping/hook/ament_prefix_path.ps1'
[1.696s] INFO:colcon.colcon_core.shell:Creating environment descriptor '/home/fatrat/ros2_ws/install/rover_mapping/share/rover_mapping/hook/ament_prefix_path.dsv'
[1.698s] INFO:colcon.colcon_core.shell:Creating environment hook '/home/fatrat/ros2_ws/install/rover_mapping/share/rover_mapping/hook/ament_prefix_path.sh'
[1.702s] INFO:colcon.colcon_core.shell:Skip shell extension 'powershell' for command environment: Not usable outside of PowerShell
[1.702s] DEBUG:colcon.colcon_core.shell:Skip shell extension 'dsv' for command environment
[1.723s] INFO:colcon.colcon_ros.task.ament_python.build:Building ROS package in '/home/fatrat/ros2_ws/src/rover_navigation' with build type 'ament_python'
[1.723s] Level 1:colcon.colcon_core.shell:create_environment_hook('rover_navigation', 'ament_prefix_path')
[1.725s] INFO:colcon.colcon_core.shell:Creating environment hook '/home/fatrat/ros2_ws/install/rover_navigation/share/rover_navigation/hook/ament_prefix_path.ps1'
[1.728s] INFO:colcon.colcon_core.shell:Creating environment descriptor '/home/fatrat/ros2_ws/install/rover_navigation/share/rover_navigation/hook/ament_prefix_path.dsv'
[1.730s] INFO:colcon.colcon_core.shell:Creating environment hook '/home/fatrat/ros2_ws/install/rover_navigation/share/rover_navigation/hook/ament_prefix_path.sh'
[1.735s] INFO:colcon.colcon_core.shell:Skip shell extension 'powershell' for command environment: Not usable outside of PowerShell
[1.736s] DEBUG:colcon.colcon_core.shell:Skip shell extension 'dsv' for command environment
[1.757s] INFO:colcon.colcon_ros.task.ament_python.build:Building ROS package in '/home/fatrat/ros2_ws/src/rover_vision' with build type 'ament_python'
[1.758s] Level 1:colcon.colcon_core.shell:create_environment_hook('rover_vision', 'ament_prefix_path')
[1.759s] INFO:colcon.colcon_core.shell:Creating environment hook '/home/fatrat/ros2_ws/install/rover_vision/share/rover_vision/hook/ament_prefix_path.ps1'
[1.762s] INFO:colcon.colcon_core.shell:Creating environment descriptor '/home/fatrat/ros2_ws/install/rover_vision/share/rover_vision/hook/ament_prefix_path.dsv'
[1.766s] INFO:colcon.colcon_core.shell:Creating environment hook '/home/fatrat/ros2_ws/install/rover_vision/share/rover_vision/hook/ament_prefix_path.sh'
[1.770s] INFO:colcon.colcon_core.shell:Skip shell extension 'powershell' for command environment: Not usable outside of PowerShell
[1.770s] DEBUG:colcon.colcon_core.shell:Skip shell extension 'dsv' for command environment
[2.994s] INFO:colcon.colcon_core.task.python.build:Building Python package in '/home/fatrat/ros2_ws/src/rover_control1'
[2.995s] INFO:colcon.colcon_core.shell:Skip shell extension 'powershell' for command environment: Not usable outside of PowerShell
[2.995s] DEBUG:colcon.colcon_core.shell:Skip shell extension 'dsv' for command environment
[4.187s] INFO:colcon.colcon_core.task.python.build:Building Python package in '/home/fatrat/ros2_ws/src/rover_mapping'
[4.188s] INFO:colcon.colcon_core.shell:Skip shell extension 'powershell' for command environment: Not usable outside of PowerShell
[4.188s] DEBUG:colcon.colcon_core.shell:Skip shell extension 'dsv' for command environment
[5.381s] INFO:colcon.colcon_core.task.python.build:Building Python package in '/home/fatrat/ros2_ws/src/rover_navigation'
[5.382s] INFO:colcon.colcon_core.shell:Skip shell extension 'powershell' for command environment: Not usable outside of PowerShell
[5.383s] DEBUG:colcon.colcon_core.shell:Skip shell extension 'dsv' for command environment
[6.590s] INFO:colcon.colcon_core.task.python.build:Building Python package in '/home/fatrat/ros2_ws/src/rover_vision'
[6.592s] INFO:colcon.colcon_core.shell:Skip shell extension 'powershell' for command environment: Not usable outside of PowerShell
[6.592s] DEBUG:colcon.colcon_core.shell:Skip shell extension 'dsv' for command environment
[8.977s] DEBUG:colcon.colcon_core.event_handler.log_command:Invoking command in '/home/fatrat/ros2_ws/build/rover_control1': PYTHONPATH=/home/fatrat/ros2_ws/build/rover_control1/prefix_override:/usr/lib/python3/dist-packages/colcon_core/task/python/colcon_distutils_commands:/home/fatrat/ros2_ws/install/rover_control1/lib/python3.10/site-packages:${PYTHONPATH} /usr/bin/python3 -W ignore:setup.py install is deprecated -W ignore:easy_install command is deprecated setup.py develop --editable --build-directory /home/fatrat/ros2_ws/build/rover_control1/build --no-deps symlink_data
[9.143s] DEBUG:colcon.colcon_core.event_handler.log_command:Invoking command in '/home/fatrat/ros2_ws/build/rover_mapping': PYTHONPATH=/home/fatrat/ros2_ws/build/rover_mapping/prefix_override:/usr/lib/python3/dist-packages/colcon_core/task/python/colcon_distutils_commands:/home/fatrat/ros2_ws/install/rover_mapping/lib/python3.10/site-packages:${PYTHONPATH} /usr/bin/python3 -W ignore:setup.py install is deprecated -W ignore:easy_install command is deprecated setup.py develop --editable --build-directory /home/fatrat/ros2_ws/build/rover_mapping/build --no-deps symlink_data
[9.291s] DEBUG:colcon.colcon_core.event_handler.log_command:Invoking command in '/home/fatrat/ros2_ws/build/rover_vision': PYTHONPATH=/home/fatrat/ros2_ws/build/rover_vision/prefix_override:/usr/lib/python3/dist-packages/colcon_core/task/python/colcon_distutils_commands:/home/fatrat/ros2_ws/install/rover_vision/lib/python3.10/site-packages:${PYTHONPATH} /usr/bin/python3 -W ignore:setup.py install is deprecated -W ignore:easy_install command is deprecated setup.py develop --editable --build-directory /home/fatrat/ros2_ws/build/rover_vision/build --no-deps symlink_data
[9.321s] DEBUG:colcon.colcon_core.event_handler.log_command:Invoking command in '/home/fatrat/ros2_ws/build/rover_navigation': PYTHONPATH=/home/fatrat/ros2_ws/build/rover_navigation/prefix_override:/usr/lib/python3/dist-packages/colcon_core/task/python/colcon_distutils_commands:/home/fatrat/ros2_ws/install/rover_navigation/lib/python3.10/site-packages:${PYTHONPATH} /usr/bin/python3 -W ignore:setup.py install is deprecated -W ignore:easy_install command is deprecated setup.py develop --editable --build-directory /home/fatrat/ros2_ws/build/rover_navigation/build --no-deps symlink_data
[12.528s] Level 1:colcon.colcon_core.shell:create_environment_hook('rover_control1', 'pythonpath_develop')
[12.529s] INFO:colcon.colcon_core.shell:Creating environment hook '/home/fatrat/ros2_ws/build/rover_control1/share/rover_control1/hook/pythonpath_develop.ps1'
[12.534s] DEBUG:colcon.colcon_core.event_handler.log_command:Invoked command in '/home/fatrat/ros2_ws/build/rover_control1' returned '0': PYTHONPATH=/home/fatrat/ros2_ws/build/rover_control1/prefix_override:/usr/lib/python3/dist-packages/colcon_core/task/python/colcon_distutils_commands:/home/fatrat/ros2_ws/install/rover_control1/lib/python3.10/site-packages:${PYTHONPATH} /usr/bin/python3 -W ignore:setup.py install is deprecated -W ignore:easy_install command is deprecated setup.py develop --editable --build-directory /home/fatrat/ros2_ws/build/rover_control1/build --no-deps symlink_data
[12.534s] INFO:colcon.colcon_core.shell:Creating environment descriptor '/home/fatrat/ros2_ws/build/rover_control1/share/rover_control1/hook/pythonpath_develop.dsv'
[12.537s] INFO:colcon.colcon_core.shell:Creating environment hook '/home/fatrat/ros2_ws/build/rover_control1/share/rover_control1/hook/pythonpath_develop.sh'
[12.555s] Level 1:colcon.colcon_core.environment:checking '/home/fatrat/ros2_ws/install/rover_control1' for CMake module files
[12.558s] Level 1:colcon.colcon_core.environment:checking '/home/fatrat/ros2_ws/install/rover_control1' for CMake config files
[12.562s] Level 1:colcon.colcon_core.environment:checking '/home/fatrat/ros2_ws/install/rover_control1/lib'
[12.563s] Level 1:colcon.colcon_core.environment:checking '/home/fatrat/ros2_ws/install/rover_control1/bin'
[12.564s] Level 1:colcon.colcon_core.environment:checking '/home/fatrat/ros2_ws/install/rover_control1/lib/pkgconfig/rover_control1.pc'
[12.567s] Level 1:colcon.colcon_core.environment:checking '/home/fatrat/ros2_ws/install/rover_control1/lib/python3.10/site-packages'
[12.567s] Level 1:colcon.colcon_core.shell:create_environment_hook('rover_control1', 'pythonpath')
[12.569s] INFO:colcon.colcon_core.shell:Creating environment hook '/home/fatrat/ros2_ws/install/rover_control1/share/rover_control1/hook/pythonpath.ps1'
[12.572s] INFO:colcon.colcon_core.shell:Creating environment descriptor '/home/fatrat/ros2_ws/install/rover_control1/share/rover_control1/hook/pythonpath.dsv'
[12.574s] INFO:colcon.colcon_core.shell:Creating environment hook '/home/fatrat/ros2_ws/install/rover_control1/share/rover_control1/hook/pythonpath.sh'
[12.581s] Level 1:colcon.colcon_core.environment:checking '/home/fatrat/ros2_ws/install/rover_control1/bin'
[12.585s] Level 1:colcon.colcon_core.environment:create_environment_scripts_only(rover_control1)
[12.587s] INFO:colcon.colcon_core.shell:Creating package script '/home/fatrat/ros2_ws/install/rover_control1/share/rover_control1/package.ps1'
[12.593s] INFO:colcon.colcon_core.shell:Creating package descriptor '/home/fatrat/ros2_ws/install/rover_control1/share/rover_control1/package.dsv'
[12.599s] INFO:colcon.colcon_core.shell:Creating package script '/home/fatrat/ros2_ws/install/rover_control1/share/rover_control1/package.sh'
[12.607s] INFO:colcon.colcon_core.shell:Creating package script '/home/fatrat/ros2_ws/install/rover_control1/share/rover_control1/package.bash'
[12.614s] INFO:colcon.colcon_core.shell:Creating package script '/home/fatrat/ros2_ws/install/rover_control1/share/rover_control1/package.zsh'
[12.633s] Level 1:colcon.colcon_core.environment:create_file_with_runtime_dependencies(/home/fatrat/ros2_ws/install/rover_control1/share/colcon-core/packages/rover_control1)
[12.911s] Level 1:colcon.colcon_core.shell:create_environment_hook('rover_vision', 'pythonpath_develop')
[12.914s] INFO:colcon.colcon_core.shell:Creating environment hook '/home/fatrat/ros2_ws/build/rover_vision/share/rover_vision/hook/pythonpath_develop.ps1'
[12.919s] DEBUG:colcon.colcon_core.event_handler.log_command:Invoked command in '/home/fatrat/ros2_ws/build/rover_vision' returned '0': PYTHONPATH=/home/fatrat/ros2_ws/build/rover_vision/prefix_override:/usr/lib/python3/dist-packages/colcon_core/task/python/colcon_distutils_commands:/home/fatrat/ros2_ws/install/rover_vision/lib/python3.10/site-packages:${PYTHONPATH} /usr/bin/python3 -W ignore:setup.py install is deprecated -W ignore:easy_install command is deprecated setup.py develop --editable --build-directory /home/fatrat/ros2_ws/build/rover_vision/build --no-deps symlink_data
[12.929s] INFO:colcon.colcon_core.shell:Creating environment descriptor '/home/fatrat/ros2_ws/build/rover_vision/share/rover_vision/hook/pythonpath_develop.dsv'
[12.936s] INFO:colcon.colcon_core.shell:Creating environment hook '/home/fatrat/ros2_ws/build/rover_vision/share/rover_vision/hook/pythonpath_develop.sh'
[12.944s] Level 1:colcon.colcon_core.environment:checking '/home/fatrat/ros2_ws/install/rover_vision' for CMake module files
[12.949s] Level 1:colcon.colcon_core.environment:checking '/home/fatrat/ros2_ws/install/rover_vision' for CMake config files
[12.958s] Level 1:colcon.colcon_core.environment:checking '/home/fatrat/ros2_ws/install/rover_vision/lib'
[12.959s] Level 1:colcon.colcon_core.environment:checking '/home/fatrat/ros2_ws/install/rover_vision/bin'
[12.961s] Level 1:colcon.colcon_core.environment:checking '/home/fatrat/ros2_ws/install/rover_vision/lib/pkgconfig/rover_vision.pc'
[12.964s] Level 1:colcon.colcon_core.environment:checking '/home/fatrat/ros2_ws/install/rover_vision/lib/python3.10/site-packages'
[12.965s] Level 1:colcon.colcon_core.shell:create_environment_hook('rover_vision', 'pythonpath')
[12.970s] INFO:colcon.colcon_core.shell:Creating environment hook '/home/fatrat/ros2_ws/install/rover_vision/share/rover_vision/hook/pythonpath.ps1'
[12.976s] INFO:colcon.colcon_core.shell:Creating environment descriptor '/home/fatrat/ros2_ws/install/rover_vision/share/rover_vision/hook/pythonpath.dsv'
[12.980s] INFO:colcon.colcon_core.shell:Creating environment hook '/home/fatrat/ros2_ws/install/rover_vision/share/rover_vision/hook/pythonpath.sh'
[12.987s] Level 1:colcon.colcon_core.environment:checking '/home/fatrat/ros2_ws/install/rover_vision/bin'
[12.988s] Level 1:colcon.colcon_core.environment:create_environment_scripts_only(rover_vision)
[12.990s] INFO:colcon.colcon_core.shell:Creating package script '/home/fatrat/ros2_ws/install/rover_vision/share/rover_vision/package.ps1'
[12.994s] INFO:colcon.colcon_core.shell:Creating package descriptor '/home/fatrat/ros2_ws/install/rover_vision/share/rover_vision/package.dsv'
[13.000s] INFO:colcon.colcon_core.shell:Creating package script '/home/fatrat/ros2_ws/install/rover_vision/share/rover_vision/package.sh'
[13.008s] INFO:colcon.colcon_core.shell:Creating package script '/home/fatrat/ros2_ws/install/rover_vision/share/rover_vision/package.bash'
[13.012s] INFO:colcon.colcon_core.shell:Creating package script '/home/fatrat/ros2_ws/install/rover_vision/share/rover_vision/package.zsh'
[13.017s] Level 1:colcon.colcon_core.environment:create_file_with_runtime_dependencies(/home/fatrat/ros2_ws/install/rover_vision/share/colcon-core/packages/rover_vision)
[13.027s] Level 1:colcon.colcon_core.shell:create_environment_hook('rover_mapping', 'pythonpath_develop')
[13.029s] INFO:colcon.colcon_core.shell:Creating environment hook '/home/fatrat/ros2_ws/build/rover_mapping/share/rover_mapping/hook/pythonpath_develop.ps1'
[13.034s] INFO:colcon.colcon_core.shell:Creating environment descriptor '/home/fatrat/ros2_ws/build/rover_mapping/share/rover_mapping/hook/pythonpath_develop.dsv'
[13.038s] INFO:colcon.colcon_core.shell:Creating environment hook '/home/fatrat/ros2_ws/build/rover_mapping/share/rover_mapping/hook/pythonpath_develop.sh'
[13.041s] DEBUG:colcon.colcon_core.event_handler.log_command:Invoked command in '/home/fatrat/ros2_ws/build/rover_mapping' returned '0': PYTHONPATH=/home/fatrat/ros2_ws/build/rover_mapping/prefix_override:/usr/lib/python3/dist-packages/colcon_core/task/python/colcon_distutils_commands:/home/fatrat/ros2_ws/install/rover_mapping/lib/python3.10/site-packages:${PYTHONPATH} /usr/bin/python3 -W ignore:setup.py install is deprecated -W ignore:easy_install command is deprecated setup.py develop --editable --build-directory /home/fatrat/ros2_ws/build/rover_mapping/build --no-deps symlink_data
[13.045s] Level 1:colcon.colcon_core.environment:checking '/home/fatrat/ros2_ws/install/rover_mapping' for CMake module files
[13.050s] Level 1:colcon.colcon_core.environment:checking '/home/fatrat/ros2_ws/install/rover_mapping' for CMake config files
[13.055s] Level 1:colcon.colcon_core.environment:checking '/home/fatrat/ros2_ws/install/rover_mapping/lib'
[13.056s] Level 1:colcon.colcon_core.environment:checking '/home/fatrat/ros2_ws/install/rover_mapping/bin'
[13.057s] Level 1:colcon.colcon_core.environment:checking '/home/fatrat/ros2_ws/install/rover_mapping/lib/pkgconfig/rover_mapping.pc'
[13.058s] Level 1:colcon.colcon_core.environment:checking '/home/fatrat/ros2_ws/install/rover_mapping/lib/python3.10/site-packages'
[13.058s] Level 1:colcon.colcon_core.shell:create_environment_hook('rover_mapping', 'pythonpath')
[13.059s] INFO:colcon.colcon_core.shell:Creating environment hook '/home/fatrat/ros2_ws/install/rover_mapping/share/rover_mapping/hook/pythonpath.ps1'
[13.063s] INFO:colcon.colcon_core.shell:Creating environment descriptor '/home/fatrat/ros2_ws/install/rover_mapping/share/rover_mapping/hook/pythonpath.dsv'
[13.065s] INFO:colcon.colcon_core.shell:Creating environment hook '/home/fatrat/ros2_ws/install/rover_mapping/share/rover_mapping/hook/pythonpath.sh'
[13.068s] Level 1:colcon.colcon_core.environment:checking '/home/fatrat/ros2_ws/install/rover_mapping/bin'
[13.069s] Level 1:colcon.colcon_core.environment:create_environment_scripts_only(rover_mapping)
[13.070s] INFO:colcon.colcon_core.shell:Creating package script '/home/fatrat/ros2_ws/install/rover_mapping/share/rover_mapping/package.ps1'
[13.073s] INFO:colcon.colcon_core.shell:Creating package descriptor '/home/fatrat/ros2_ws/install/rover_mapping/share/rover_mapping/package.dsv'
[13.075s] INFO:colcon.colcon_core.shell:Creating package script '/home/fatrat/ros2_ws/install/rover_mapping/share/rover_mapping/package.sh'
[13.078s] INFO:colcon.colcon_core.shell:Creating package script '/home/fatrat/ros2_ws/install/rover_mapping/share/rover_mapping/package.bash'
[13.080s] INFO:colcon.colcon_core.shell:Creating package script '/home/fatrat/ros2_ws/install/rover_mapping/share/rover_mapping/package.zsh'
[13.083s] Level 1:colcon.colcon_core.environment:create_file_with_runtime_dependencies(/home/fatrat/ros2_ws/install/rover_mapping/share/colcon-core/packages/rover_mapping)
[13.087s] Level 1:colcon.colcon_core.shell:create_environment_hook('rover_navigation', 'pythonpath_develop')
[13.089s] INFO:colcon.colcon_core.shell:Creating environment hook '/home/fatrat/ros2_ws/build/rover_navigation/share/rover_navigation/hook/pythonpath_develop.ps1'
[13.091s] INFO:colcon.colcon_core.shell:Creating environment descriptor '/home/fatrat/ros2_ws/build/rover_navigation/share/rover_navigation/hook/pythonpath_develop.dsv'
[13.093s] DEBUG:colcon.colcon_core.event_handler.log_command:Invoked command in '/home/fatrat/ros2_ws/build/rover_navigation' returned '0': PYTHONPATH=/home/fatrat/ros2_ws/build/rover_navigation/prefix_override:/usr/lib/python3/dist-packages/colcon_core/task/python/colcon_distutils_commands:/home/fatrat/ros2_ws/install/rover_navigation/lib/python3.10/site-packages:${PYTHONPATH} /usr/bin/python3 -W ignore:setup.py install is deprecated -W ignore:easy_install command is deprecated setup.py develop --editable --build-directory /home/fatrat/ros2_ws/build/rover_navigation/build --no-deps symlink_data
[13.095s] INFO:colcon.colcon_core.shell:Creating environment hook '/home/fatrat/ros2_ws/build/rover_navigation/share/rover_navigation/hook/pythonpath_develop.sh'
[13.099s] Level 1:colcon.colcon_core.environment:checking '/home/fatrat/ros2_ws/install/rover_navigation' for CMake module files
[13.103s] Level 1:colcon.colcon_core.environment:checking '/home/fatrat/ros2_ws/install/rover_navigation' for CMake config files
[13.107s] Level 1:colcon.colcon_core.environment:checking '/home/fatrat/ros2_ws/install/rover_navigation/lib'
[13.107s] Level 1:colcon.colcon_core.environment:checking '/home/fatrat/ros2_ws/install/rover_navigation/bin'
[13.108s] Level 1:colcon.colcon_core.environment:checking '/home/fatrat/ros2_ws/install/rover_navigation/lib/pkgconfig/rover_navigation.pc'
[13.109s] Level 1:colcon.colcon_core.environment:checking '/home/fatrat/ros2_ws/install/rover_navigation/lib/python3.10/site-packages'
[13.109s] Level 1:colcon.colcon_core.shell:create_environment_hook('rover_navigation', 'pythonpath')
[13.110s] INFO:colcon.colcon_core.shell:Creating environment hook '/home/fatrat/ros2_ws/install/rover_navigation/share/rover_navigation/hook/pythonpath.ps1'
[13.112s] INFO:colcon.colcon_core.shell:Creating environment descriptor '/home/fatrat/ros2_ws/install/rover_navigation/share/rover_navigation/hook/pythonpath.dsv'
[13.115s] INFO:colcon.colcon_core.shell:Creating environment hook '/home/fatrat/ros2_ws/install/rover_navigation/share/rover_navigation/hook/pythonpath.sh'
[13.119s] Level 1:colcon.colcon_core.environment:checking '/home/fatrat/ros2_ws/install/rover_navigation/bin'
[13.120s] Level 1:colcon.colcon_core.environment:create_environment_scripts_only(rover_navigation)
[13.121s] INFO:colcon.colcon_core.shell:Creating package script '/home/fatrat/ros2_ws/install/rover_navigation/share/rover_navigation/package.ps1'
[13.123s] INFO:colcon.colcon_core.shell:Creating package descriptor '/home/fatrat/ros2_ws/install/rover_navigation/share/rover_navigation/package.dsv'
[13.126s] INFO:colcon.colcon_core.shell:Creating package script '/home/fatrat/ros2_ws/install/rover_navigation/share/rover_navigation/package.sh'
[13.129s] INFO:colcon.colcon_core.shell:Creating package script '/home/fatrat/ros2_ws/install/rover_navigation/share/rover_navigation/package.bash'
[13.130s] INFO:colcon.colcon_core.shell:Creating package script '/home/fatrat/ros2_ws/install/rover_navigation/share/rover_navigation/package.zsh'
[13.132s] Level 1:colcon.colcon_core.environment:create_file_with_runtime_dependencies(/home/fatrat/ros2_ws/install/rover_navigation/share/colcon-core/packages/rover_navigation)
[13.133s] DEBUG:colcon.colcon_parallel_executor.executor.parallel:closing loop
[13.135s] DEBUG:colcon.colcon_parallel_executor.executor.parallel:loop closed
[13.135s] DEBUG:colcon.colcon_parallel_executor.executor.parallel:run_until_complete finished with '0'
[13.136s] DEBUG:colcon.colcon_core.event_reactor:joining thread
[13.158s] INFO:colcon.colcon_core.plugin_system:Skipping extension 'colcon_notification.desktop_notification.terminal_notifier': Not used on non-Darwin systems
[13.158s] INFO:colcon.colcon_core.plugin_system:Skipping extension 'colcon_notification.desktop_notification.win32': Not used on non-Windows systems
[13.158s] INFO:colcon.colcon_notification.desktop_notification:Sending desktop notification using 'notify2'
[13.216s] DEBUG:colcon.colcon_core.event_reactor:joined thread
[13.217s] INFO:colcon.colcon_core.shell:Creating prefix script '/home/fatrat/ros2_ws/install/local_setup.ps1'
[13.222s] INFO:colcon.colcon_core.shell:Creating prefix util module '/home/fatrat/ros2_ws/install/_local_setup_util_ps1.py'
[13.228s] INFO:colcon.colcon_core.shell:Creating prefix chain script '/home/fatrat/ros2_ws/install/setup.ps1'
[13.234s] INFO:colcon.colcon_core.shell:Creating prefix script '/home/fatrat/ros2_ws/install/local_setup.sh'
[13.238s] INFO:colcon.colcon_core.shell:Creating prefix util module '/home/fatrat/ros2_ws/install/_local_setup_util_sh.py'
[13.242s] INFO:colcon.colcon_core.shell:Creating prefix chain script '/home/fatrat/ros2_ws/install/setup.sh'
[13.248s] INFO:colcon.colcon_core.shell:Creating prefix script '/home/fatrat/ros2_ws/install/local_setup.bash'
[13.251s] INFO:colcon.colcon_core.shell:Creating prefix chain script '/home/fatrat/ros2_ws/install/setup.bash'
[13.257s] INFO:colcon.colcon_core.shell:Creating prefix script '/home/fatrat/ros2_ws/install/local_setup.zsh'
[13.261s] INFO:colcon.colcon_core.shell:Creating prefix chain script '/home/fatrat/ros2_ws/install/setup.zsh'
