[9.148s] Invoking command in '/home/fatrat/ros2_ws/src/rover_bringup': PYTHONPATH=/home/fatrat/ros2_ws/build/rover_bringup/prefix_override:/usr/lib/python3/dist-packages/colcon_core/task/python/colcon_distutils_commands:/home/fatrat/ros2_ws/install/rover_bringup/lib/python3.10/site-packages:${PYTHONPATH} /usr/bin/python3 -W ignore:setup.py install is deprecated -W ignore:easy_install command is deprecated setup.py egg_info --egg-base ../../build/rover_bringup build --build-base /home/fatrat/ros2_ws/build/rover_bringup/build install --record /home/fatrat/ros2_ws/build/rover_bringup/install.log --single-version-externally-managed install_data
[11.309s] running egg_info
[11.332s] writing ../../build/rover_bringup/rover_bringup.egg-info/PKG-INFO
[11.336s] writing dependency_links to ../../build/rover_bringup/rover_bringup.egg-info/dependency_links.txt
[11.339s] writing entry points to ../../build/rover_bringup/rover_bringup.egg-info/entry_points.txt
[11.340s] writing requirements to ../../build/rover_bringup/rover_bringup.egg-info/requires.txt
[11.341s] writing top-level names to ../../build/rover_bringup/rover_bringup.egg-info/top_level.txt
[11.353s] reading manifest file '../../build/rover_bringup/rover_bringup.egg-info/SOURCES.txt'
[11.359s] writing manifest file '../../build/rover_bringup/rover_bringup.egg-info/SOURCES.txt'
[11.360s] running build
[11.361s] running build_py
[11.362s] running install
[11.363s] running install_lib
[11.369s] running install_data
[11.371s] copying launch/rover.launch.py -> /home/fatrat/ros2_ws/install/rover_bringup/share/rover_bringup/launch
[11.372s] running install_egg_info
[11.390s] removing '/home/fatrat/ros2_ws/install/rover_bringup/lib/python3.10/site-packages/rover_bringup-0.0.0-py3.10.egg-info' (and everything under it)
[11.393s] Copying ../../build/rover_bringup/rover_bringup.egg-info to /home/fatrat/ros2_ws/install/rover_bringup/lib/python3.10/site-packages/rover_bringup-0.0.0-py3.10.egg-info
[11.406s] running install_scripts
[11.524s] writing list of installed files to '/home/fatrat/ros2_ws/build/rover_bringup/install.log'
[13.275s] Invoked command in '/home/fatrat/ros2_ws/src/rover_bringup' returned '0': PYTHONPATH=/home/fatrat/ros2_ws/build/rover_bringup/prefix_override:/usr/lib/python3/dist-packages/colcon_core/task/python/colcon_distutils_commands:/home/fatrat/ros2_ws/install/rover_bringup/lib/python3.10/site-packages:${PYTHONPATH} /usr/bin/python3 -W ignore:setup.py install is deprecated -W ignore:easy_install command is deprecated setup.py egg_info --egg-base ../../build/rover_bringup build --build-base /home/fatrat/ros2_ws/build/rover_bringup/build install --record /home/fatrat/ros2_ws/build/rover_bringup/install.log --single-version-externally-managed install_data
