[7.969s] Invoking command in '/home/fatrat/ros2_ws/build/rover_control1': PYTHONPATH=/home/fatrat/ros2_ws/build/rover_control1/prefix_override:/usr/lib/python3/dist-packages/colcon_core/task/python/colcon_distutils_commands:/home/fatrat/ros2_ws/install/rover_control1/lib/python3.10/site-packages:${PYTHONPATH} /usr/bin/python3 -W ignore:setup.py install is deprecated -W ignore:easy_install command is deprecated setup.py develop --uninstall --editable --build-directory /home/fatrat/ros2_ws/build/rover_control1/build
[10.021s] running develop
[11.379s] Removing /home/fatrat/ros2_ws/install/rover_control1/lib/python3.10/site-packages/rover-control1.egg-link (link to .)
[13.375s] Invoked command in '/home/fatrat/ros2_ws/build/rover_control1' returned '0': PYTHONPATH=/home/fatrat/ros2_ws/build/rover_control1/prefix_override:/usr/lib/python3/dist-packages/colcon_core/task/python/colcon_distutils_commands:/home/fatrat/ros2_ws/install/rover_control1/lib/python3.10/site-packages:${PYTHONPATH} /usr/bin/python3 -W ignore:setup.py install is deprecated -W ignore:easy_install command is deprecated setup.py develop --uninstall --editable --build-directory /home/fatrat/ros2_ws/build/rover_control1/build
[13.387s] Invoking command in '/home/fatrat/ros2_ws/src/rover_control1': PYTHONPATH=/home/fatrat/ros2_ws/build/rover_control1/prefix_override:/usr/lib/python3/dist-packages/colcon_core/task/python/colcon_distutils_commands:/home/fatrat/ros2_ws/install/rover_control1/lib/python3.10/site-packages:${PYTHONPATH} /usr/bin/python3 -W ignore:setup.py install is deprecated -W ignore:easy_install command is deprecated setup.py egg_info --egg-base ../../build/rover_control1 build --build-base /home/fatrat/ros2_ws/build/rover_control1/build install --record /home/fatrat/ros2_ws/build/rover_control1/install.log --single-version-externally-managed install_data --force
[15.187s] running egg_info
[15.191s] writing ../../build/rover_control1/rover_control1.egg-info/PKG-INFO
[15.194s] writing dependency_links to ../../build/rover_control1/rover_control1.egg-info/dependency_links.txt
[15.195s] writing entry points to ../../build/rover_control1/rover_control1.egg-info/entry_points.txt
[15.197s] writing requirements to ../../build/rover_control1/rover_control1.egg-info/requires.txt
[15.198s] writing top-level names to ../../build/rover_control1/rover_control1.egg-info/top_level.txt
[15.215s] reading manifest file '../../build/rover_control1/rover_control1.egg-info/SOURCES.txt'
[15.224s] writing manifest file '../../build/rover_control1/rover_control1.egg-info/SOURCES.txt'
[15.229s] running build
[15.230s] running build_py
[15.234s] copying rover_control1/rover_driver.py -> /home/fatrat/ros2_ws/build/rover_control1/build/lib/rover_control1
[15.235s] running install
[15.239s] running install_lib
[15.245s] creating /home/fatrat/ros2_ws/install/rover_control1/lib/python3.10/site-packages/rover_control1
[15.247s] copying /home/fatrat/ros2_ws/build/rover_control1/build/lib/rover_control1/__init__.py -> /home/fatrat/ros2_ws/install/rover_control1/lib/python3.10/site-packages/rover_control1
[15.250s] copying /home/fatrat/ros2_ws/build/rover_control1/build/lib/rover_control1/rover_driver.py -> /home/fatrat/ros2_ws/install/rover_control1/lib/python3.10/site-packages/rover_control1
[15.265s] byte-compiling /home/fatrat/ros2_ws/install/rover_control1/lib/python3.10/site-packages/rover_control1/__init__.py to __init__.cpython-310.pyc
[15.271s] byte-compiling /home/fatrat/ros2_ws/install/rover_control1/lib/python3.10/site-packages/rover_control1/rover_driver.py to rover_driver.cpython-310.pyc
[15.277s] running install_data
[15.278s] copying resource/rover_control1 -> /home/fatrat/ros2_ws/install/rover_control1/share/ament_index/resource_index/packages
[15.285s] copying package.xml -> /home/fatrat/ros2_ws/install/rover_control1/share/rover_control1
[15.288s] running install_egg_info
[15.303s] Copying ../../build/rover_control1/rover_control1.egg-info to /home/fatrat/ros2_ws/install/rover_control1/lib/python3.10/site-packages/rover_control1-0.0.0-py3.10.egg-info
[15.317s] running install_scripts
[15.449s] Installing rover_driver script to /home/fatrat/ros2_ws/install/rover_control1/lib/rover_control1
[15.452s] writing list of installed files to '/home/fatrat/ros2_ws/build/rover_control1/install.log'
[15.741s] Invoked command in '/home/fatrat/ros2_ws/src/rover_control1' returned '0': PYTHONPATH=/home/fatrat/ros2_ws/build/rover_control1/prefix_override:/usr/lib/python3/dist-packages/colcon_core/task/python/colcon_distutils_commands:/home/fatrat/ros2_ws/install/rover_control1/lib/python3.10/site-packages:${PYTHONPATH} /usr/bin/python3 -W ignore:setup.py install is deprecated -W ignore:easy_install command is deprecated setup.py egg_info --egg-base ../../build/rover_control1 build --build-base /home/fatrat/ros2_ws/build/rover_control1/build install --record /home/fatrat/ros2_ws/build/rover_control1/install.log --single-version-externally-managed install_data --force
