[5.503s] Invoking command in '/home/fatrat/ros2_ws/src/rover_mission': PYTHONPATH=/home/fatrat/ros2_ws/build/rover_mission/prefix_override:/usr/lib/python3/dist-packages/colcon_core/task/python/colcon_distutils_commands:/home/fatrat/ros2_ws/install/rover_mission/lib/python3.10/site-packages:${PYTHONPATH} /usr/bin/python3 -W ignore:setup.py install is deprecated -W ignore:easy_install command is deprecated setup.py egg_info --egg-base ../../build/rover_mission build --build-base /home/fatrat/ros2_ws/build/rover_mission/build install --record /home/fatrat/ros2_ws/build/rover_mission/install.log --single-version-externally-managed install_data
[7.238s] running egg_info
[7.242s] writing ../../build/rover_mission/rover_mission.egg-info/PKG-INFO
[7.244s] writing dependency_links to ../../build/rover_mission/rover_mission.egg-info/dependency_links.txt
[7.245s] writing entry points to ../../build/rover_mission/rover_mission.egg-info/entry_points.txt
[7.247s] writing requirements to ../../build/rover_mission/rover_mission.egg-info/requires.txt
[7.248s] writing top-level names to ../../build/rover_mission/rover_mission.egg-info/top_level.txt
[7.259s] reading manifest file '../../build/rover_mission/rover_mission.egg-info/SOURCES.txt'
[7.265s] writing manifest file '../../build/rover_mission/rover_mission.egg-info/SOURCES.txt'
[7.266s] running build
[7.266s] running build_py
[7.267s] running install
[7.269s] running install_lib
[7.276s] running install_data
[7.277s] running install_egg_info
[7.293s] removing '/home/fatrat/ros2_ws/install/rover_mission/lib/python3.10/site-packages/rover_mission-0.0.0-py3.10.egg-info' (and everything under it)
[7.295s] Copying ../../build/rover_mission/rover_mission.egg-info to /home/fatrat/ros2_ws/install/rover_mission/lib/python3.10/site-packages/rover_mission-0.0.0-py3.10.egg-info
[7.304s] running install_scripts
[7.417s] Installing mission_node script to /home/fatrat/ros2_ws/install/rover_mission/lib/rover_mission
[7.420s] writing list of installed files to '/home/fatrat/ros2_ws/build/rover_mission/install.log'
[7.599s] Invoked command in '/home/fatrat/ros2_ws/src/rover_mission' returned '0': PYTHONPATH=/home/fatrat/ros2_ws/build/rover_mission/prefix_override:/usr/lib/python3/dist-packages/colcon_core/task/python/colcon_distutils_commands:/home/fatrat/ros2_ws/install/rover_mission/lib/python3.10/site-packages:${PYTHONPATH} /usr/bin/python3 -W ignore:setup.py install is deprecated -W ignore:easy_install command is deprecated setup.py egg_info --egg-base ../../build/rover_mission build --build-base /home/fatrat/ros2_ws/build/rover_mission/build install --record /home/fatrat/ros2_ws/build/rover_mission/install.log --single-version-externally-managed install_data
