[5.587s] Invoking command in '/home/fatrat/ros2_ws/src/rover_vision': PYTHONPATH=/home/fatrat/ros2_ws/build/rover_vision/prefix_override:/usr/lib/python3/dist-packages/colcon_core/task/python/colcon_distutils_commands:/home/fatrat/ros2_ws/install/rover_vision/lib/python3.10/site-packages:${PYTHONPATH} /usr/bin/python3 -W ignore:setup.py install is deprecated -W ignore:easy_install command is deprecated setup.py egg_info --egg-base ../../build/rover_vision build --build-base /home/fatrat/ros2_ws/build/rover_vision/build install --record /home/fatrat/ros2_ws/build/rover_vision/install.log --single-version-externally-managed install_data
[7.098s] running egg_info
[7.102s] writing ../../build/rover_vision/rover_vision.egg-info/PKG-INFO
[7.103s] writing dependency_links to ../../build/rover_vision/rover_vision.egg-info/dependency_links.txt
[7.104s] writing entry points to ../../build/rover_vision/rover_vision.egg-info/entry_points.txt
[7.106s] writing requirements to ../../build/rover_vision/rover_vision.egg-info/requires.txt
[7.107s] writing top-level names to ../../build/rover_vision/rover_vision.egg-info/top_level.txt
[7.116s] reading manifest file '../../build/rover_vision/rover_vision.egg-info/SOURCES.txt'
[7.126s] writing manifest file '../../build/rover_vision/rover_vision.egg-info/SOURCES.txt'
[7.129s] running build
[7.130s] running build_py
[7.131s] running install
[7.132s] running install_lib
[7.136s] running install_data
[7.137s] running install_egg_info
[7.151s] removing '/home/fatrat/ros2_ws/install/rover_vision/lib/python3.10/site-packages/rover_vision-0.0.0-py3.10.egg-info' (and everything under it)
[7.154s] Copying ../../build/rover_vision/rover_vision.egg-info to /home/fatrat/ros2_ws/install/rover_vision/lib/python3.10/site-packages/rover_vision-0.0.0-py3.10.egg-info
[7.161s] running install_scripts
[7.264s] Installing vision_node script to /home/fatrat/ros2_ws/install/rover_vision/lib/rover_vision
[7.266s] writing list of installed files to '/home/fatrat/ros2_ws/build/rover_vision/install.log'
[7.485s] Invoked command in '/home/fatrat/ros2_ws/src/rover_vision' returned '0': PYTHONPATH=/home/fatrat/ros2_ws/build/rover_vision/prefix_override:/usr/lib/python3/dist-packages/colcon_core/task/python/colcon_distutils_commands:/home/fatrat/ros2_ws/install/rover_vision/lib/python3.10/site-packages:${PYTHONPATH} /usr/bin/python3 -W ignore:setup.py install is deprecated -W ignore:easy_install command is deprecated setup.py egg_info --egg-base ../../build/rover_vision build --build-base /home/fatrat/ros2_ws/build/rover_vision/build install --record /home/fatrat/ros2_ws/build/rover_vision/install.log --single-version-externally-managed install_data
