[8.739s] Invoking command in '/home/fatrat/ros2_ws/src/rover_mission': PYTHONPATH=/home/fatrat/ros2_ws/build/rover_mission/prefix_override:/usr/lib/python3/dist-packages/colcon_core/task/python/colcon_distutils_commands:/home/fatrat/ros2_ws/install/rover_mission/lib/python3.10/site-packages:${PYTHONPATH} /usr/bin/python3 -W ignore:setup.py install is deprecated -W ignore:easy_install command is deprecated setup.py egg_info --egg-base ../../build/rover_mission build --build-base /home/fatrat/ros2_ws/build/rover_mission/build install --record /home/fatrat/ros2_ws/build/rover_mission/install.log --single-version-externally-managed install_data
[10.947s] running egg_info
[10.954s] writing ../../build/rover_mission/rover_mission.egg-info/PKG-INFO
[10.957s] writing dependency_links to ../../build/rover_mission/rover_mission.egg-info/dependency_links.txt
[10.959s] writing entry points to ../../build/rover_mission/rover_mission.egg-info/entry_points.txt
[10.963s] writing requirements to ../../build/rover_mission/rover_mission.egg-info/requires.txt
[10.964s] writing top-level names to ../../build/rover_mission/rover_mission.egg-info/top_level.txt
[10.986s] reading manifest file '../../build/rover_mission/rover_mission.egg-info/SOURCES.txt'
[10.989s] writing manifest file '../../build/rover_mission/rover_mission.egg-info/SOURCES.txt'
[10.991s] running build
[10.992s] running build_py
[10.994s] running install
[10.996s] running install_lib
[11.007s] running install_data
[11.009s] running install_egg_info
[11.034s] removing '/home/fatrat/ros2_ws/install/rover_mission/lib/python3.10/site-packages/rover_mission-0.0.0-py3.10.egg-info' (and everything under it)
[11.037s] Copying ../../build/rover_mission/rover_mission.egg-info to /home/fatrat/ros2_ws/install/rover_mission/lib/python3.10/site-packages/rover_mission-0.0.0-py3.10.egg-info
[11.057s] running install_scripts
[11.197s] Installing mission_node script to /home/fatrat/ros2_ws/install/rover_mission/lib/rover_mission
[11.199s] writing list of installed files to '/home/fatrat/ros2_ws/build/rover_mission/install.log'
[12.687s] Invoked command in '/home/fatrat/ros2_ws/src/rover_mission' returned '0': PYTHONPATH=/home/fatrat/ros2_ws/build/rover_mission/prefix_override:/usr/lib/python3/dist-packages/colcon_core/task/python/colcon_distutils_commands:/home/fatrat/ros2_ws/install/rover_mission/lib/python3.10/site-packages:${PYTHONPATH} /usr/bin/python3 -W ignore:setup.py install is deprecated -W ignore:easy_install command is deprecated setup.py egg_info --egg-base ../../build/rover_mission build --build-base /home/fatrat/ros2_ws/build/rover_mission/build install --record /home/fatrat/ros2_ws/build/rover_mission/install.log --single-version-externally-managed install_data
